------- A NEW BATTLE BEGINS ------
---    Olive vs. Chief   ---
----------------------------------
Olive - Power: 42 | Wrestle: 18 | Speed: 15 | Stamina: 58 | Appeal:13 | Region: North | Power Bonus: North | Wrestle Bonus: North
Chief - Power: 21 | Wrestle: 13 | Speed: 4 | Stamina: 52 | Appeal:6 | Region: East | Power Bonus: East | Wrestle Bonus: East
----------------------------------
Olive pinches for 47 damage.
Chief's wrestle skill mitigates 19 damage.
Olive hit Chief for 28. Chief has 128 hp left.

Chief pinches for 25 damage.
Olive's wrestle skill mitigates 22 damage.
Chief hit Olive for 3. Olive has 171 hp left.

Olive pinches for 47 damage.
Chief's wrestle skill mitigates 19 damage.
Olive hit Chief for 28. Chief has 100 hp left.

Chief pinches for 27 damage.
Olive's wrestle skill mitigates 23 damage.
Chief hit Olive for 4. Olive has 167 hp left.

Olive pinches for 47 damage.
Chief's wrestle skill mitigates 16 damage.
Olive hit Chief for 31. Chief has 69 hp left.

Chief pinches for 24 damage.
Olive's wrestle skill mitigates 21 damage.
Chief hit Olive for 3. Olive has 164 hp left.

Olive pinches for 45 damage.
Chief's wrestle skill mitigates 19 damage.
Olive hit Chief for 26. Chief has 43 hp left.

Chief pinches for 26 damage.
Olive's wrestle skill mitigates 21 damage.
Chief hit Olive for 5. Olive has 159 hp left.

Olive pinches for 47 damage.
Chief's wrestle skill mitigates 19 damage.
Olive hit Chief for 28. Chief has 15 hp left.

Chief pinches for 27 damage.
Olive's wrestle skill mitigates 21 damage.
Chief hit Olive for 6. Olive has 153 hp left.

Olive pinches for 46 damage.
Chief's wrestle skill mitigates 17 damage.
Olive hit Chief for 29. Chief has 0 hp left.

After 6 turns, the battle has ended: winner = Olive, loser = Chief
************
------- A NEW BATTLE BEGINS ------
---    Kani 296 vs. Shadow   ---
----------------------------------
Kani 296 - Power: 22 | Wrestle: 33 | Speed: 18 | Stamina: 46 | Appeal:10 | Region: West | Power Bonus: West | Wrestle Bonus: West
Shadow - Power: 42 | Wrestle: 14 | Speed: 13 | Stamina: 38 | Appeal:5 | Region: East | Power Bonus: South | Wrestle Bonus: East
----------------------------------
Kani 296 pinches for 28 damage.
Shadow's wrestle skill mitigates 20 damage.
Kani 296 hit Shadow for 8. Shadow has 106 hp left.

Shadow pinches for 46 damage.
Kani 296's wrestle skill mitigates 36 damage.
Shadow hit Kani 296 for 10. Kani 296 has 128 hp left.

Kani 296 pinches for 27 damage.
Shadow's wrestle skill mitigates 19 damage.
Kani 296 hit Shadow for 8. Shadow has 98 hp left.

Shadow pinches for 47 damage.
Kani 296's wrestle skill mitigates 38 damage.
Shadow hit Kani 296 for 9. Kani 296 has 119 hp left.

Kani 296 pinches for 26 damage.
Shadow's wrestle skill mitigates 19 damage.
Kani 296 hit Shadow for 7. Shadow has 91 hp left.

Shadow pinches for 48 damage.
Kani 296's wrestle skill mitigates 37 damage.
Shadow hit Kani 296 for 11. Kani 296 has 108 hp left.

Kani 296 pinches for 26 damage.
Shadow's wrestle skill mitigates 19 damage.
Kani 296 hit Shadow for 7. Shadow has 84 hp left.

Shadow pinches for 47 damage.
Kani 296's wrestle skill mitigates 37 damage.
Shadow hit Kani 296 for 10. Kani 296 has 98 hp left.

Kani 296 pinches for 27 damage.
Shadow's wrestle skill mitigates 18 damage.
Kani 296 hit Shadow for 9. Shadow has 75 hp left.

Shadow pinches for 45 damage.
Kani 296's wrestle skill mitigates 36 damage.
Shadow hit Kani 296 for 9. Kani 296 has 89 hp left.

Kani 296 pinches for 28 damage.
Shadow's wrestle skill mitigates 18 damage.
Kani 296 hit Shadow for 10. Shadow has 65 hp left.

Shadow pinches for 47 damage.
Kani 296's wrestle skill mitigates 35 damage.
Shadow hit Kani 296 for 12. Kani 296 has 77 hp left.

Kani 296 just used his special move 3 and attacked for 71 damage
Shadow's wrestle skill mitigates 18 damage.
Kani 296 hit Shadow for 53. Shadow has 12 hp left.

Shadow pinches for 45 damage.
Kani 296's wrestle skill mitigates 38 damage.
Shadow hit Kani 296 for 7. Kani 296 has 70 hp left.

Kani 296 pinches for 27 damage.
Shadow's wrestle skill mitigates 19 damage.
Kani 296 hit Shadow for 8. Shadow has 4 hp left.

Shadow pinches for 47 damage.
Kani 296's wrestle skill mitigates 34 damage.
Shadow hit Kani 296 for 13. Kani 296 has 57 hp left.

Kani 296 pinches for 28 damage.
Shadow's wrestle skill mitigates 6 damage.
Kani 296 hit Shadow for 22. Shadow has 0 hp left.

After 9 turns, the battle has ended: winner = Kani 296, loser = Shadow
************
------- A NEW BATTLE BEGINS ------
---    Kani 247 vs. LilBit   ---
----------------------------------
Kani 247 - Power: 11 | Wrestle: 12 | Speed: 16 | Stamina: 28 | Appeal:12 | Region: East | Power Bonus: South | Wrestle Bonus: East
LilBit - Power: 46 | Wrestle: 8 | Speed: 3 | Stamina: 35 | Appeal:4 | Region: West | Power Bonus: East | Wrestle Bonus: West
----------------------------------
Kani 247 pinches for 17 damage.
LilBit's wrestle skill mitigates 14 damage.
Kani 247 hit LilBit for 3. LilBit has 102 hp left.

LilBit pinches for 62 damage.
Kani 247's wrestle skill mitigates 18 damage.
LilBit hit Kani 247 for 44. Kani 247 has 40 hp left.

Kani 247 pinches for 17 damage.
LilBit's wrestle skill mitigates 13 damage.
Kani 247 hit LilBit for 4. LilBit has 98 hp left.

LilBit pinches for 61 damage.
Kani 247's wrestle skill mitigates 15 damage.
LilBit hit Kani 247 for 46. Kani 247 has 0 hp left.

After 2 turns, the battle has ended: winner = LilBit, loser = Kani 247
************
------- A NEW BATTLE BEGINS ------
---    Ugly Scum Sucker vs. Tevye Junior   ---
----------------------------------
Ugly Scum Sucker - Power: 13 | Wrestle: 8 | Speed: 30 | Stamina: 28 | Appeal:6 | Region: East | Power Bonus: East | Wrestle Bonus: West
Tevye Junior - Power: 70 | Wrestle: 25 | Speed: 19 | Stamina: 46 | Appeal:15 | Region: West | Power Bonus: East | Wrestle Bonus: West
----------------------------------
Ugly Scum Sucker pinches for 17 damage.
Tevye Junior's wrestle skill mitigates 29 damage.
Ugly Scum Sucker's attack didn't inflict any damage, but blocking the attack has caused Tevye Junior to fatigue.

Tevye Junior pinches for 91 damage.
Ugly Scum Sucker's wrestle skill mitigates 17 damage.
Tevye Junior hit Ugly Scum Sucker for 74. Ugly Scum Sucker has 10 hp left.

Ugly Scum Sucker pinches for 17 damage.
Tevye Junior's wrestle skill mitigates 30 damage.
Ugly Scum Sucker's attack didn't inflict any damage, but blocking the attack has caused Tevye Junior to fatigue.

Tevye Junior pinches for 87 damage.
Ugly Scum Sucker's wrestle skill mitigates 13 damage.
Tevye Junior hit Ugly Scum Sucker for 74. Ugly Scum Sucker has 0 hp left.

After 2 turns, the battle has ended: winner = Tevye Junior, loser = Ugly Scum Sucker
************
------- A NEW BATTLE BEGINS ------
---    Buchi vs. George Clawney   ---
----------------------------------
Buchi - Power: 17 | Wrestle: 19 | Speed: 17 | Stamina: 20 | Appeal:5 | Region: South | Power Bonus: East | Wrestle Bonus: North
George Clawney - Power: 61 | Wrestle: 20 | Speed: 12 | Stamina: 76 | Appeal:4 | Region: South | Power Bonus: East | Wrestle Bonus: West
----------------------------------
Buchi pinches for 22 damage.
George Clawney's wrestle skill mitigates 24 damage.
Buchi's attack didn't inflict any damage, but blocking the attack has caused George Clawney to fatigue.

George Clawney pinches for 67 damage.
Buchi's wrestle skill mitigates 25 damage.
George Clawney hit Buchi for 42. Buchi has 18 hp left.

Buchi pinches for 22 damage.
George Clawney's wrestle skill mitigates 23 damage.
Buchi's attack didn't inflict any damage, but blocking the attack has caused George Clawney to fatigue.

George Clawney pinches for 65 damage.
Buchi's wrestle skill mitigates 22 damage.
George Clawney hit Buchi for 43. Buchi has 0 hp left.

After 2 turns, the battle has ended: winner = George Clawney, loser = Buchi
************
------- A NEW BATTLE BEGINS ------
---    ğ‚ğ‡ğˆğ™ğ˜ğ†ğ‘ğ€ğŒ vs. Surf and Turf   ---
----------------------------------
ğ‚ğ‡ğˆğ™ğ˜ğ†ğ‘ğ€ğŒ - Power: 17 | Wrestle: 14 | Speed: 14 | Stamina: 43 | Appeal:21 | Region: West | Power Bonus: East | Wrestle Bonus: North
Surf and Turf - Power: 31 | Wrestle: 5 | Speed: 11 | Stamina: 20 | Appeal:11 | Region: North | Power Bonus: West | Wrestle Bonus: North
----------------------------------
ğ‚ğ‡ğˆğ™ğ˜ğ†ğ‘ğ€ğŒ pinches for 20 damage.
Surf and Turf's wrestle skill mitigates 10 damage.
ğ‚ğ‡ğˆğ™ğ˜ğ†ğ‘ğ€ğŒ hit Surf and Turf for 10. Surf and Turf has 50 hp left.

Surf and Turf pinches for 44 damage.
ğ‚ğ‡ğˆğ™ğ˜ğ†ğ‘ğ€ğŒ's wrestle skill mitigates 21 damage.
Surf and Turf hit ğ‚ğ‡ğˆğ™ğ˜ğ†ğ‘ğ€ğŒ for 23. ğ‚ğ‡ğˆğ™ğ˜ğ†ğ‘ğ€ğŒ has 106 hp left.

ğ‚ğ‡ğˆğ™ğ˜ğ†ğ‘ğ€ğŒ pinches for 21 damage.
Surf and Turf's wrestle skill mitigates 10 damage.
ğ‚ğ‡ğˆğ™ğ˜ğ†ğ‘ğ€ğŒ hit Surf and Turf for 11. Surf and Turf has 39 hp left.

Surf and Turf pinches for 43 damage.
ğ‚ğ‡ğˆğ™ğ˜ğ†ğ‘ğ€ğŒ's wrestle skill mitigates 25 damage.
Surf and Turf hit ğ‚ğ‡ğˆğ™ğ˜ğ†ğ‘ğ€ğŒ for 18. ğ‚ğ‡ğˆğ™ğ˜ğ†ğ‘ğ€ğŒ has 88 hp left.

ğ‚ğ‡ğˆğ™ğ˜ğ†ğ‘ğ€ğŒ pinches for 21 damage.
Surf and Turf's wrestle skill mitigates 11 damage.
ğ‚ğ‡ğˆğ™ğ˜ğ†ğ‘ğ€ğŒ hit Surf and Turf for 10. Surf and Turf has 29 hp left.

Surf and Turf pinches for 41 damage.
ğ‚ğ‡ğˆğ™ğ˜ğ†ğ‘ğ€ğŒ's wrestle skill mitigates 21 damage.
Surf and Turf hit ğ‚ğ‡ğˆğ™ğ˜ğ†ğ‘ğ€ğŒ for 20. ğ‚ğ‡ğˆğ™ğ˜ğ†ğ‘ğ€ğŒ has 68 hp left.

ğ‚ğ‡ğˆğ™ğ˜ğ†ğ‘ğ€ğŒ pinches for 23 damage.
Surf and Turf's wrestle skill mitigates 8 damage.
ğ‚ğ‡ğˆğ™ğ˜ğ†ğ‘ğ€ğŒ hit Surf and Turf for 15. Surf and Turf has 14 hp left.

Surf and Turf pinches for 39 damage.
ğ‚ğ‡ğˆğ™ğ˜ğ†ğ‘ğ€ğŒ's wrestle skill mitigates 23 damage.
Surf and Turf hit ğ‚ğ‡ğˆğ™ğ˜ğ†ğ‘ğ€ğŒ for 16. ğ‚ğ‡ğˆğ™ğ˜ğ†ğ‘ğ€ğŒ has 52 hp left.

ğ‚ğ‡ğˆğ™ğ˜ğ†ğ‘ğ€ğŒ pinches for 22 damage.
Surf and Turf's wrestle skill mitigates 8 damage.
ğ‚ğ‡ğˆğ™ğ˜ğ†ğ‘ğ€ğŒ hit Surf and Turf for 14. Surf and Turf has 0 hp left.

After 5 turns, the battle has ended: winner = ğ‚ğ‡ğˆğ™ğ˜ğ†ğ‘ğ€ğŒ, loser = Surf and Turf
************
------- A NEW BATTLE BEGINS ------
---    OtisObsidian vs. Peyote   ---
----------------------------------
OtisObsidian - Power: 46 | Wrestle: 20 | Speed: 9 | Stamina: 52 | Appeal:3 | Region: South | Power Bonus: East | Wrestle Bonus: West
Peyote - Power: 15 | Wrestle: 65 | Speed: 23 | Stamina: 50 | Appeal:13 | Region: East | Power Bonus: East | Wrestle Bonus: North
----------------------------------
Peyote pinches for 19 damage.
OtisObsidian's wrestle skill mitigates 24 damage.
Peyote's attack didn't inflict any damage, but blocking the attack has caused OtisObsidian to fatigue.

OtisObsidian pinches for 62 damage.
Peyote's wrestle skill mitigates 70 damage.
OtisObsidian's attack didn't inflict any damage, but blocking the attack has caused Peyote to fatigue.

Peyote pinches for 19 damage.
OtisObsidian's wrestle skill mitigates 25 damage.
Peyote's attack didn't inflict any damage, but blocking the attack has caused OtisObsidian to fatigue.

OtisObsidian pinches for 60 damage.
Peyote's wrestle skill mitigates 67 damage.
OtisObsidian's attack didn't inflict any damage, but blocking the attack has caused Peyote to fatigue.

Peyote is unable to attack due to fatigue
Peyote was fatigued and could not attack. OtisObsidian took the chance to rest and is no longer as fatigued.

OtisObsidian pinches for 62 damage.
Peyote's wrestle skill mitigates 22 damage.
OtisObsidian hit Peyote for 40. Peyote has 110 hp left.

Peyote pinches for 19 damage.
OtisObsidian's wrestle skill mitigates 26 damage.
Peyote's attack didn't inflict any damage, but blocking the attack has caused OtisObsidian to fatigue.

OtisObsidian pinches for 63 damage.
Peyote's wrestle skill mitigates 65 damage.
OtisObsidian's attack didn't inflict any damage, but blocking the attack has caused Peyote to fatigue.

Peyote is unable to attack due to fatigue
Peyote was fatigued and could not attack. OtisObsidian took the chance to rest and is no longer as fatigued.

OtisObsidian pinches for 63 damage.
Peyote's wrestle skill mitigates 22 damage.
OtisObsidian hit Peyote for 41. Peyote has 69 hp left.

Peyote pinches for 20 damage.
OtisObsidian's wrestle skill mitigates 23 damage.
Peyote's attack didn't inflict any damage, but blocking the attack has caused OtisObsidian to fatigue.

OtisObsidian pinches for 60 damage.
Peyote's wrestle skill mitigates 62 damage.
OtisObsidian's attack didn't inflict any damage, but blocking the attack has caused Peyote to fatigue.

Peyote is unable to attack due to fatigue
Peyote was fatigued and could not attack. OtisObsidian took the chance to rest and is no longer as fatigued.

OtisObsidian pinches for 61 damage.
Peyote's wrestle skill mitigates 19 damage.
OtisObsidian hit Peyote for 42. Peyote has 27 hp left.

Peyote pinches for 20 damage.
OtisObsidian's wrestle skill mitigates 22 damage.
Peyote's attack didn't inflict any damage, but blocking the attack has caused OtisObsidian to fatigue.

OtisObsidian pinches for 63 damage.
Peyote's wrestle skill mitigates 58 damage.
OtisObsidian hit Peyote for 5. Peyote has 22 hp left.

Peyote just used his special move 2 and attacked for 86 damage
OtisObsidian's wrestle skill mitigates 8 damage.
Peyote hit OtisObsidian for 78. OtisObsidian has 78 hp left.

OtisObsidian pinches for 63 damage.
Peyote's wrestle skill mitigates 73 damage.
OtisObsidian's attack didn't inflict any damage, but blocking the attack has caused Peyote to fatigue.

Peyote is unable to attack due to fatigue
Peyote was fatigued and could not attack. OtisObsidian took the chance to rest and is no longer as fatigued.

OtisObsidian pinches for 61 damage.
Peyote's wrestle skill mitigates 25 damage.
OtisObsidian hit Peyote for 36. Peyote has 0 hp left.

After 10 turns, the battle has ended: winner = OtisObsidian, loser = Peyote
************
------- A NEW BATTLE BEGINS ------
---    I'm Shellfish vs. Gorgeous Green   ---
----------------------------------
I'm Shellfish - Power: 20 | Wrestle: 32 | Speed: 25 | Stamina: 41 | Appeal:14 | Region: North | Power Bonus: North | Wrestle Bonus: West
Gorgeous Green - Power: 32 | Wrestle: 11 | Speed: 68 | Stamina: 61 | Appeal:17 | Region: North | Power Bonus: North | Wrestle Bonus: North
----------------------------------
Gorgeous Green pinches for 43 damage.
I'm Shellfish's wrestle skill mitigates 38 damage.
Gorgeous Green hit I'm Shellfish for 5. I'm Shellfish has 118 hp left.

I'm Shellfish pinches for 29 damage.
Gorgeous Green's wrestle skill mitigates 21 damage.
I'm Shellfish hit Gorgeous Green for 8. Gorgeous Green has 175 hp left.

Gorgeous Green pinches for 46 damage.
I'm Shellfish's wrestle skill mitigates 36 damage.
Gorgeous Green hit I'm Shellfish for 10. I'm Shellfish has 108 hp left.

I'm Shellfish pinches for 30 damage.
Gorgeous Green's wrestle skill mitigates 17 damage.
I'm Shellfish hit Gorgeous Green for 13. Gorgeous Green has 162 hp left.

Gorgeous Green just used his special move 5 and attacked for 114 damage
I'm Shellfish's wrestle skill mitigates 36 damage.
Gorgeous Green hit I'm Shellfish for 78. I'm Shellfish has 30 hp left.

I'm Shellfish pinches for 29 damage.
Gorgeous Green's wrestle skill mitigates 18 damage.
I'm Shellfish hit Gorgeous Green for 11. Gorgeous Green has 151 hp left.

Gorgeous Green just used his special move 5 and attacked for 112 damage
I'm Shellfish's wrestle skill mitigates 36 damage.
Gorgeous Green hit I'm Shellfish for 76. I'm Shellfish has 0 hp left.

After 4 turns, the battle has ended: winner = Gorgeous Green, loser = I'm Shellfish
************
------- A NEW BATTLE BEGINS ------
---    Gorgeous Green vs. OtisObsidian   ---
----------------------------------
Gorgeous Green - Power: 32 | Wrestle: 11 | Speed: 68 | Stamina: 61 | Appeal:17 | Region: North | Power Bonus: North | Wrestle Bonus: North
OtisObsidian - Power: 46 | Wrestle: 20 | Speed: 9 | Stamina: 52 | Appeal:3 | Region: South | Power Bonus: East | Wrestle Bonus: West
----------------------------------
Gorgeous Green pinches for 38 damage.
OtisObsidian's wrestle skill mitigates 25 damage.
Gorgeous Green hit OtisObsidian for 13. OtisObsidian has 143 hp left.

OtisObsidian pinches for 49 damage.
Gorgeous Green's wrestle skill mitigates 17 damage.
OtisObsidian hit Gorgeous Green for 32. Gorgeous Green has 151 hp left.

Gorgeous Green pinches for 37 damage.
OtisObsidian's wrestle skill mitigates 26 damage.
Gorgeous Green hit OtisObsidian for 11. OtisObsidian has 132 hp left.

OtisObsidian pinches for 50 damage.
Gorgeous Green's wrestle skill mitigates 15 damage.
OtisObsidian hit Gorgeous Green for 35. Gorgeous Green has 116 hp left.

Gorgeous Green just used his special move 5 and attacked for 104 damage
OtisObsidian's wrestle skill mitigates 23 damage.
Gorgeous Green hit OtisObsidian for 81. OtisObsidian has 51 hp left.

OtisObsidian pinches for 50 damage.
Gorgeous Green's wrestle skill mitigates 14 damage.
OtisObsidian hit Gorgeous Green for 36. Gorgeous Green has 80 hp left.

Gorgeous Green just used his special move 5 and attacked for 104 damage
OtisObsidian's wrestle skill mitigates 25 damage.
Gorgeous Green hit OtisObsidian for 79. OtisObsidian has 0 hp left.

After 4 turns, the battle has ended: winner = Gorgeous Green, loser = OtisObsidian
************
------- A NEW BATTLE BEGINS ------
---    ğ‚ğ‡ğˆğ™ğ˜ğ†ğ‘ğ€ğŒ vs. George Clawney   ---
----------------------------------
ğ‚ğ‡ğˆğ™ğ˜ğ†ğ‘ğ€ğŒ - Power: 17 | Wrestle: 14 | Speed: 14 | Stamina: 43 | Appeal:21 | Region: West | Power Bonus: East | Wrestle Bonus: North
George Clawney - Power: 61 | Wrestle: 20 | Speed: 12 | Stamina: 76 | Appeal:4 | Region: South | Power Bonus: East | Wrestle Bonus: West
----------------------------------
ğ‚ğ‡ğˆğ™ğ˜ğ†ğ‘ğ€ğŒ pinches for 22 damage.
George Clawney's wrestle skill mitigates 31 damage.
ğ‚ğ‡ğˆğ™ğ˜ğ†ğ‘ğ€ğŒ's attack didn't inflict any damage, but blocking the attack has caused George Clawney to fatigue.

George Clawney pinches for 65 damage.
ğ‚ğ‡ğˆğ™ğ˜ğ†ğ‘ğ€ğŒ's wrestle skill mitigates 17 damage.
George Clawney hit ğ‚ğ‡ğˆğ™ğ˜ğ†ğ‘ğ€ğŒ for 48. ğ‚ğ‡ğˆğ™ğ˜ğ†ğ‘ğ€ğŒ has 81 hp left.

ğ‚ğ‡ğˆğ™ğ˜ğ†ğ‘ğ€ğŒ pinches for 20 damage.
George Clawney's wrestle skill mitigates 30 damage.
ğ‚ğ‡ğˆğ™ğ˜ğ†ğ‘ğ€ğŒ's attack didn't inflict any damage, but blocking the attack has caused George Clawney to fatigue.

George Clawney pinches for 67 damage.
ğ‚ğ‡ğˆğ™ğ˜ğ†ğ‘ğ€ğŒ's wrestle skill mitigates 20 damage.
George Clawney hit ğ‚ğ‡ğˆğ™ğ˜ğ†ğ‘ğ€ğŒ for 47. ğ‚ğ‡ğˆğ™ğ˜ğ†ğ‘ğ€ğŒ has 34 hp left.

ğ‚ğ‡ğˆğ™ğ˜ğ†ğ‘ğ€ğŒ pinches for 21 damage.
George Clawney's wrestle skill mitigates 30 damage.
ğ‚ğ‡ğˆğ™ğ˜ğ†ğ‘ğ€ğŒ's attack didn't inflict any damage, but blocking the attack has caused George Clawney to fatigue.

George Clawney pinches for 66 damage.
ğ‚ğ‡ğˆğ™ğ˜ğ†ğ‘ğ€ğŒ's wrestle skill mitigates 20 damage.
George Clawney hit ğ‚ğ‡ğˆğ™ğ˜ğ†ğ‘ğ€ğŒ for 46. ğ‚ğ‡ğˆğ™ğ˜ğ†ğ‘ğ€ğŒ has 0 hp left.

After 3 turns, the battle has ended: winner = George Clawney, loser = ğ‚ğ‡ğˆğ™ğ˜ğ†ğ‘ğ€ğŒ
************
------- A NEW BATTLE BEGINS ------
---    Tevye Junior vs. LilBit   ---
----------------------------------
Tevye Junior - Power: 70 | Wrestle: 25 | Speed: 19 | Stamina: 46 | Appeal:15 | Region: West | Power Bonus: East | Wrestle Bonus: West
LilBit - Power: 46 | Wrestle: 8 | Speed: 3 | Stamina: 35 | Appeal:4 | Region: West | Power Bonus: East | Wrestle Bonus: West
----------------------------------
Tevye Junior pinches for 74 damage.
LilBit's wrestle skill mitigates 16 damage.
Tevye Junior hit LilBit for 58. LilBit has 47 hp left.

LilBit pinches for 51 damage.
Tevye Junior's wrestle skill mitigates 35 damage.
LilBit hit Tevye Junior for 16. Tevye Junior has 122 hp left.

Tevye Junior pinches for 70 damage.
LilBit's wrestle skill mitigates 17 damage.
Tevye Junior hit LilBit for 53. LilBit has 0 hp left.

After 2 turns, the battle has ended: winner = Tevye Junior, loser = LilBit
************
------- A NEW BATTLE BEGINS ------
---    Kani 296 vs. Olive   ---
----------------------------------
Kani 296 - Power: 22 | Wrestle: 33 | Speed: 18 | Stamina: 46 | Appeal:10 | Region: West | Power Bonus: West | Wrestle Bonus: West
Olive - Power: 42 | Wrestle: 18 | Speed: 15 | Stamina: 58 | Appeal:13 | Region: North | Power Bonus: North | Wrestle Bonus: North
----------------------------------
Kani 296 pinches for 26 damage.
Olive's wrestle skill mitigates 21 damage.
Kani 296 hit Olive for 5. Olive has 169 hp left.

Olive pinches for 48 damage.
Kani 296's wrestle skill mitigates 36 damage.
Olive hit Kani 296 for 12. Kani 296 has 126 hp left.

Kani 296 pinches for 27 damage.
Olive's wrestle skill mitigates 23 damage.
Kani 296 hit Olive for 4. Olive has 165 hp left.

Olive pinches for 48 damage.
Kani 296's wrestle skill mitigates 36 damage.
Olive hit Kani 296 for 12. Kani 296 has 114 hp left.

Kani 296 pinches for 25 damage.
Olive's wrestle skill mitigates 24 damage.
Kani 296 hit Olive for 1. Olive has 164 hp left.

Olive pinches for 47 damage.
Kani 296's wrestle skill mitigates 36 damage.
Olive hit Kani 296 for 11. Kani 296 has 103 hp left.

Kani 296 pinches for 27 damage.
Olive's wrestle skill mitigates 24 damage.
Kani 296 hit Olive for 3. Olive has 161 hp left.

Olive pinches for 45 damage.
Kani 296's wrestle skill mitigates 38 damage.
Olive hit Kani 296 for 7. Kani 296 has 96 hp left.

Kani 296 pinches for 28 damage.
Olive's wrestle skill mitigates 23 damage.
Kani 296 hit Olive for 5. Olive has 156 hp left.

Olive pinches for 45 damage.
Kani 296's wrestle skill mitigates 36 damage.
Olive hit Kani 296 for 9. Kani 296 has 87 hp left.

Kani 296 pinches for 28 damage.
Olive's wrestle skill mitigates 24 damage.
Kani 296 hit Olive for 4. Olive has 152 hp left.

Olive pinches for 47 damage.
Kani 296's wrestle skill mitigates 37 damage.
Olive hit Kani 296 for 10. Kani 296 has 77 hp left.

Kani 296 just used his special move 3 and attacked for 71 damage
Olive's wrestle skill mitigates 21 damage.
Kani 296 hit Olive for 50. Olive has 102 hp left.

Olive pinches for 45 damage.
Kani 296's wrestle skill mitigates 39 damage.
Olive hit Kani 296 for 6. Kani 296 has 71 hp left.

Kani 296 pinches for 26 damage.
Olive's wrestle skill mitigates 19 damage.
Kani 296 hit Olive for 7. Olive has 95 hp left.

Olive just used his special move 3 and attacked for 106 damage
Kani 296's wrestle skill mitigates 35 damage.
Olive hit Kani 296 for 71. Kani 296 has 0 hp left.

After 8 turns, the battle has ended: winner = Olive, loser = Kani 296
************
------- A NEW BATTLE BEGINS ------
---    Olive vs. Tevye Junior   ---
----------------------------------
Olive - Power: 42 | Wrestle: 18 | Speed: 15 | Stamina: 58 | Appeal:13 | Region: North | Power Bonus: North | Wrestle Bonus: North
Tevye Junior - Power: 70 | Wrestle: 25 | Speed: 19 | Stamina: 46 | Appeal:15 | Region: West | Power Bonus: East | Wrestle Bonus: West
----------------------------------
Tevye Junior pinches for 73 damage.
Olive's wrestle skill mitigates 23 damage.
Tevye Junior hit Olive for 50. Olive has 124 hp left.

Olive pinches for 47 damage.
Tevye Junior's wrestle skill mitigates 29 damage.
Olive hit Tevye Junior for 18. Tevye Junior has 120 hp left.

Tevye Junior pinches for 70 damage.
Olive's wrestle skill mitigates 23 damage.
Tevye Junior hit Olive for 47. Olive has 77 hp left.

Olive pinches for 47 damage.
Tevye Junior's wrestle skill mitigates 28 damage.
Olive hit Tevye Junior for 19. Tevye Junior has 101 hp left.

Tevye Junior pinches for 66 damage.
Olive's wrestle skill mitigates 24 damage.
Tevye Junior hit Olive for 42. Olive has 35 hp left.

Olive pinches for 47 damage.
Tevye Junior's wrestle skill mitigates 28 damage.
Olive hit Tevye Junior for 19. Tevye Junior has 82 hp left.

Tevye Junior pinches for 66 damage.
Olive's wrestle skill mitigates 21 damage.
Tevye Junior hit Olive for 45. Olive has 0 hp left.

After 4 turns, the battle has ended: winner = Tevye Junior, loser = Olive
************
------- A NEW BATTLE BEGINS ------
---    George Clawney vs. Gorgeous Green   ---
----------------------------------
George Clawney - Power: 61 | Wrestle: 20 | Speed: 12 | Stamina: 76 | Appeal:4 | Region: South | Power Bonus: East | Wrestle Bonus: West
Gorgeous Green - Power: 32 | Wrestle: 11 | Speed: 68 | Stamina: 61 | Appeal:17 | Region: North | Power Bonus: North | Wrestle Bonus: North
----------------------------------
Gorgeous Green pinches for 37 damage.
George Clawney's wrestle skill mitigates 25 damage.
Gorgeous Green hit George Clawney for 12. George Clawney has 216 hp left.

George Clawney pinches for 66 damage.
Gorgeous Green's wrestle skill mitigates 14 damage.
George Clawney hit Gorgeous Green for 52. Gorgeous Green has 131 hp left.

Gorgeous Green pinches for 36 damage.
George Clawney's wrestle skill mitigates 24 damage.
Gorgeous Green hit George Clawney for 12. George Clawney has 204 hp left.

George Clawney pinches for 67 damage.
Gorgeous Green's wrestle skill mitigates 14 damage.
George Clawney hit Gorgeous Green for 53. Gorgeous Green has 78 hp left.

Gorgeous Green just used his special move 5 and attacked for 103 damage
George Clawney's wrestle skill mitigates 24 damage.
Gorgeous Green hit George Clawney for 79. George Clawney has 125 hp left.

George Clawney pinches for 65 damage.
Gorgeous Green's wrestle skill mitigates 17 damage.
George Clawney hit Gorgeous Green for 48. Gorgeous Green has 30 hp left.

Gorgeous Green just used his special move 5 and attacked for 103 damage
George Clawney's wrestle skill mitigates 24 damage.
Gorgeous Green hit George Clawney for 79. George Clawney has 46 hp left.

George Clawney pinches for 66 damage.
Gorgeous Green's wrestle skill mitigates 17 damage.
George Clawney hit Gorgeous Green for 49. Gorgeous Green has 0 hp left.

After 4 turns, the battle has ended: winner = George Clawney, loser = Gorgeous Green
************
------- A NEW BATTLE BEGINS ------
---    George Clawney vs. Tevye Junior   ---
----------------------------------
George Clawney - Power: 61 | Wrestle: 20 | Speed: 12 | Stamina: 76 | Appeal:4 | Region: South | Power Bonus: East | Wrestle Bonus: West
Tevye Junior - Power: 70 | Wrestle: 25 | Speed: 19 | Stamina: 46 | Appeal:15 | Region: West | Power Bonus: East | Wrestle Bonus: West
----------------------------------
Tevye Junior pinches for 76 damage.
George Clawney's wrestle skill mitigates 28 damage.
Tevye Junior hit George Clawney for 48. George Clawney has 180 hp left.

George Clawney pinches for 65 damage.
Tevye Junior's wrestle skill mitigates 30 damage.
George Clawney hit Tevye Junior for 35. Tevye Junior has 103 hp left.

Tevye Junior pinches for 70 damage.
George Clawney's wrestle skill mitigates 31 damage.
Tevye Junior hit George Clawney for 39. George Clawney has 141 hp left.

George Clawney pinches for 64 damage.
Tevye Junior's wrestle skill mitigates 31 damage.
George Clawney hit Tevye Junior for 33. Tevye Junior has 70 hp left.

Tevye Junior pinches for 66 damage.
George Clawney's wrestle skill mitigates 28 damage.
Tevye Junior hit George Clawney for 38. George Clawney has 103 hp left.

George Clawney pinches for 67 damage.
Tevye Junior's wrestle skill mitigates 31 damage.
George Clawney hit Tevye Junior for 36. Tevye Junior has 34 hp left.

Tevye Junior pinches for 65 damage.
George Clawney's wrestle skill mitigates 31 damage.
Tevye Junior hit George Clawney for 34. George Clawney has 69 hp left.

George Clawney pinches for 64 damage.
Tevye Junior's wrestle skill mitigates 31 damage.
George Clawney hit Tevye Junior for 33. Tevye Junior has 1 hp left.

Tevye Junior pinches for 62 damage.
George Clawney's wrestle skill mitigates 31 damage.
Tevye Junior hit George Clawney for 31. George Clawney has 38 hp left.

George Clawney pinches for 67 damage.
Tevye Junior's wrestle skill mitigates 28 damage.
George Clawney hit Tevye Junior for 39. Tevye Junior has 0 hp left.

After 5 turns, the battle has ended: winner = George Clawney, loser = Tevye Junior
************
