------- A NEW BATTLE BEGINS ------
---    Kani 128 vs. Kani 149   ---
----------------------------------
Kani 128 - Power: 5 | Wrestle: 14 | Speed: 12 | Stamina: 12 | Appeal:2 | Region: East | Power Bonus: South | Wrestle Bonus: East
Kani 149 - Power: 43 | Wrestle: 7 | Speed: 17 | Stamina: 17 | Appeal:12 | Region: East | Power Bonus: South | Wrestle Bonus: East
----------------------------------
Kani 149 pinches for 48 damage.
Kani 128's wrestle skill mitigates 21 damage.
Kani 149 hit Kani 128 for 27. Kani 128 has 9 hp left.

Kani 128 pinches for 11 damage.
Kani 149's wrestle skill mitigates 13 damage.
Kani 128's attack didn't inflict any damage, but blocking the attack has caused Kani 149 to fatigue.

Kani 149 pinches for 41 damage.
Kani 128's wrestle skill mitigates 25 damage.
Kani 149 hit Kani 128 for 16. Kani 128 has 0 hp left.

After 2 turns, the battle has ended: winner = Kani 149, loser = Kani 128
************
------- A NEW BATTLE BEGINS ------
---    Pickle Rick vs. Perfect Cherry Blossom   ---
----------------------------------
Pickle Rick - Power: 24 | Wrestle: 26 | Speed: 18 | Stamina: 26 | Appeal:2 | Region: West | Power Bonus: West | Wrestle Bonus: West
Perfect Cherry Blossom - Power: 35 | Wrestle: 40 | Speed: 15 | Stamina: 63 | Appeal:8 | Region: South | Power Bonus: South | Wrestle Bonus: East
----------------------------------
Pickle Rick pinches for 29 damage.
Perfect Cherry Blossom's wrestle skill mitigates 44 damage.
Pickle Rick's attack didn't inflict any damage, but blocking the attack has caused Perfect Cherry Blossom to fatigue.

Perfect Cherry Blossom pinches for 40 damage.
Pickle Rick's wrestle skill mitigates 29 damage.
Perfect Cherry Blossom hit Pickle Rick for 11. Pickle Rick has 67 hp left.

Pickle Rick pinches for 28 damage.
Perfect Cherry Blossom's wrestle skill mitigates 46 damage.
Pickle Rick's attack didn't inflict any damage, but blocking the attack has caused Perfect Cherry Blossom to fatigue.

Perfect Cherry Blossom pinches for 39 damage.
Pickle Rick's wrestle skill mitigates 29 damage.
Perfect Cherry Blossom hit Pickle Rick for 10. Pickle Rick has 57 hp left.

Pickle Rick pinches for 30 damage.
Perfect Cherry Blossom's wrestle skill mitigates 46 damage.
Pickle Rick's attack didn't inflict any damage, but blocking the attack has caused Perfect Cherry Blossom to fatigue.

Perfect Cherry Blossom pinches for 41 damage.
Pickle Rick's wrestle skill mitigates 31 damage.
Perfect Cherry Blossom hit Pickle Rick for 10. Pickle Rick has 47 hp left.

Pickle Rick pinches for 30 damage.
Perfect Cherry Blossom's wrestle skill mitigates 44 damage.
Pickle Rick's attack didn't inflict any damage, but blocking the attack has caused Perfect Cherry Blossom to fatigue.

Perfect Cherry Blossom pinches for 40 damage.
Pickle Rick's wrestle skill mitigates 31 damage.
Perfect Cherry Blossom hit Pickle Rick for 9. Pickle Rick has 38 hp left.

Pickle Rick pinches for 28 damage.
Perfect Cherry Blossom's wrestle skill mitigates 43 damage.
Pickle Rick's attack didn't inflict any damage, but blocking the attack has caused Perfect Cherry Blossom to fatigue.

Perfect Cherry Blossom is unable to attack due to fatigue
Perfect Cherry Blossom was fatigued and could not attack. Pickle Rick took the chance to rest and is no longer as fatigued.

Pickle Rick pinches for 28 damage.
Perfect Cherry Blossom's wrestle skill mitigates 14 damage.
Pickle Rick hit Perfect Cherry Blossom for 14. Perfect Cherry Blossom has 175 hp left.

Perfect Cherry Blossom pinches for 38 damage.
Pickle Rick's wrestle skill mitigates 29 damage.
Perfect Cherry Blossom hit Pickle Rick for 9. Pickle Rick has 29 hp left.

Pickle Rick just used his special move 2 and attacked for 53 damage
Perfect Cherry Blossom's wrestle skill mitigates 42 damage.
Pickle Rick hit Perfect Cherry Blossom for 11. Perfect Cherry Blossom has 164 hp left.

Perfect Cherry Blossom pinches for 38 damage.
Pickle Rick's wrestle skill mitigates 38 damage.
Perfect Cherry Blossom's attack didn't inflict any damage, but blocking the attack has caused Pickle Rick to fatigue.

Pickle Rick is unable to attack due to fatigue
Pickle Rick was fatigued and could not attack. Perfect Cherry Blossom took the chance to rest and is no longer as fatigued.

Perfect Cherry Blossom pinches for 38 damage.
Pickle Rick's wrestle skill mitigates 10 damage.
Perfect Cherry Blossom hit Pickle Rick for 28. Pickle Rick has 1 hp left.

Pickle Rick pinches for 29 damage.
Perfect Cherry Blossom's wrestle skill mitigates 41 damage.
Pickle Rick's attack didn't inflict any damage, but blocking the attack has caused Perfect Cherry Blossom to fatigue.

Perfect Cherry Blossom just used his special move 3 and attacked for 102 damage
Pickle Rick's wrestle skill mitigates 37 damage.
Perfect Cherry Blossom hit Pickle Rick for 65. Pickle Rick has 0 hp left.

After 9 turns, the battle has ended: winner = Perfect Cherry Blossom, loser = Pickle Rick
************
------- A NEW BATTLE BEGINS ------
---    Amnesia vs. Kani 197   ---
----------------------------------
Amnesia - Power: 29 | Wrestle: 14 | Speed: 12 | Stamina: 38 | Appeal:4 | Region: East | Power Bonus: East | Wrestle Bonus: South
Kani 197 - Power: 22 | Wrestle: 28 | Speed: 18 | Stamina: 40 | Appeal:3 | Region: East | Power Bonus: East | Wrestle Bonus: West
----------------------------------
Kani 197 pinches for 33 damage.
Amnesia's wrestle skill mitigates 20 damage.
Kani 197 hit Amnesia for 13. Amnesia has 101 hp left.

Amnesia pinches for 40 damage.
Kani 197's wrestle skill mitigates 31 damage.
Amnesia hit Kani 197 for 9. Kani 197 has 111 hp left.

Kani 197 pinches for 32 damage.
Amnesia's wrestle skill mitigates 19 damage.
Kani 197 hit Amnesia for 13. Amnesia has 88 hp left.

Amnesia pinches for 40 damage.
Kani 197's wrestle skill mitigates 32 damage.
Amnesia hit Kani 197 for 8. Kani 197 has 103 hp left.

Kani 197 pinches for 31 damage.
Amnesia's wrestle skill mitigates 19 damage.
Kani 197 hit Amnesia for 12. Amnesia has 76 hp left.

Amnesia pinches for 40 damage.
Kani 197's wrestle skill mitigates 33 damage.
Amnesia hit Kani 197 for 7. Kani 197 has 96 hp left.

Kani 197 pinches for 33 damage.
Amnesia's wrestle skill mitigates 18 damage.
Kani 197 hit Amnesia for 15. Amnesia has 61 hp left.

Amnesia pinches for 42 damage.
Kani 197's wrestle skill mitigates 31 damage.
Amnesia hit Kani 197 for 11. Kani 197 has 85 hp left.

Kani 197 pinches for 31 damage.
Amnesia's wrestle skill mitigates 20 damage.
Kani 197 hit Amnesia for 11. Amnesia has 50 hp left.

Amnesia pinches for 39 damage.
Kani 197's wrestle skill mitigates 33 damage.
Amnesia hit Kani 197 for 6. Kani 197 has 79 hp left.

Kani 197 pinches for 32 damage.
Amnesia's wrestle skill mitigates 17 damage.
Kani 197 hit Amnesia for 15. Amnesia has 35 hp left.

Amnesia pinches for 39 damage.
Kani 197's wrestle skill mitigates 33 damage.
Amnesia hit Kani 197 for 6. Kani 197 has 73 hp left.

Kani 197 just used his special move 2 and attacked for 61 damage
Amnesia's wrestle skill mitigates 20 damage.
Kani 197 hit Amnesia for 41. Amnesia has 0 hp left.

After 7 turns, the battle has ended: winner = Kani 197, loser = Amnesia
************
------- A NEW BATTLE BEGINS ------
---    Kani 168 vs. Chief   ---
----------------------------------
Kani 168 - Power: 33 | Wrestle: 27 | Speed: 12 | Stamina: 22 | Appeal:7 | Region: West | Power Bonus: South | Wrestle Bonus: North
Chief - Power: 43 | Wrestle: 36 | Speed: 6 | Stamina: 31 | Appeal:2 | Region: East | Power Bonus: East | Wrestle Bonus: East
----------------------------------
Kani 168 pinches for 36 damage.
Chief's wrestle skill mitigates 40 damage.
Kani 168's attack didn't inflict any damage, but blocking the attack has caused Chief to fatigue.

Chief pinches for 46 damage.
Kani 168's wrestle skill mitigates 31 damage.
Chief hit Kani 168 for 15. Kani 168 has 51 hp left.

Kani 168 pinches for 37 damage.
Chief's wrestle skill mitigates 42 damage.
Kani 168's attack didn't inflict any damage, but blocking the attack has caused Chief to fatigue.

Chief pinches for 46 damage.
Kani 168's wrestle skill mitigates 30 damage.
Chief hit Kani 168 for 16. Kani 168 has 35 hp left.

Kani 168 pinches for 34 damage.
Chief's wrestle skill mitigates 41 damage.
Kani 168's attack didn't inflict any damage, but blocking the attack has caused Chief to fatigue.

Chief is unable to attack due to fatigue
Chief was fatigued and could not attack. Kani 168 took the chance to rest and is no longer as fatigued.

Kani 168 pinches for 36 damage.
Chief's wrestle skill mitigates 14 damage.
Kani 168 hit Chief for 22. Chief has 71 hp left.

Chief pinches for 45 damage.
Kani 168's wrestle skill mitigates 31 damage.
Chief hit Kani 168 for 14. Kani 168 has 21 hp left.

Kani 168 pinches for 37 damage.
Chief's wrestle skill mitigates 41 damage.
Kani 168's attack didn't inflict any damage, but blocking the attack has caused Chief to fatigue.

Chief pinches for 44 damage.
Kani 168's wrestle skill mitigates 33 damage.
Chief hit Kani 168 for 11. Kani 168 has 10 hp left.

Kani 168 pinches for 35 damage.
Chief's wrestle skill mitigates 40 damage.
Kani 168's attack didn't inflict any damage, but blocking the attack has caused Chief to fatigue.

Chief is unable to attack due to fatigue
Chief was fatigued and could not attack. Kani 168 took the chance to rest and is no longer as fatigued.

Kani 168 pinches for 39 damage.
Chief's wrestle skill mitigates 12 damage.
Kani 168 hit Chief for 27. Chief has 44 hp left.

Chief pinches for 46 damage.
Kani 168's wrestle skill mitigates 32 damage.
Chief hit Kani 168 for 14. Kani 168 has 0 hp left.

After 7 turns, the battle has ended: winner = Chief, loser = Kani 168
************
------- A NEW BATTLE BEGINS ------
---    d_rum vs. Purplue   ---
----------------------------------
d_rum - Power: 14 | Wrestle: 8 | Speed: 9 | Stamina: 18 | Appeal:5 | Region: North | Power Bonus: West | Wrestle Bonus: North
Purplue - Power: 38 | Wrestle: 35 | Speed: 21 | Stamina: 62 | Appeal:15 | Region: South | Power Bonus: South | Wrestle Bonus: South
----------------------------------
Purplue pinches for 42 damage.
d_rum's wrestle skill mitigates 12 damage.
Purplue hit d_rum for 30. d_rum has 24 hp left.

d_rum pinches for 19 damage.
Purplue's wrestle skill mitigates 40 damage.
d_rum's attack didn't inflict any damage, but blocking the attack has caused Purplue to fatigue.

Purplue pinches for 43 damage.
d_rum's wrestle skill mitigates 12 damage.
Purplue hit d_rum for 31. d_rum has 0 hp left.

After 2 turns, the battle has ended: winner = Purplue, loser = d_rum
************
------- A NEW BATTLE BEGINS ------
---    Mr. Deep vs. Pinchy   ---
----------------------------------
Mr. Deep - Power: 10 | Wrestle: 40 | Speed: 12 | Stamina: 44 | Appeal:1 | Region: East | Power Bonus: East | Wrestle Bonus: East
Pinchy - Power: 20 | Wrestle: 21 | Speed: 15 | Stamina: 39 | Appeal:7 | Region: East | Power Bonus: East | Wrestle Bonus: East
----------------------------------
Pinchy pinches for 31 damage.
Mr. Deep's wrestle skill mitigates 56 damage.
Pinchy's attack didn't inflict any damage, but blocking the attack has caused Mr. Deep to fatigue.

Mr. Deep pinches for 18 damage.
Pinchy's wrestle skill mitigates 31 damage.
Mr. Deep's attack didn't inflict any damage, but blocking the attack has caused Pinchy to fatigue.

Pinchy pinches for 30 damage.
Mr. Deep's wrestle skill mitigates 57 damage.
Pinchy's attack didn't inflict any damage, but blocking the attack has caused Mr. Deep to fatigue.

Mr. Deep pinches for 15 damage.
Pinchy's wrestle skill mitigates 32 damage.
Mr. Deep's attack didn't inflict any damage, but blocking the attack has caused Pinchy to fatigue.

Pinchy pinches for 30 damage.
Mr. Deep's wrestle skill mitigates 57 damage.
Pinchy's attack didn't inflict any damage, but blocking the attack has caused Mr. Deep to fatigue.

Mr. Deep pinches for 18 damage.
Pinchy's wrestle skill mitigates 31 damage.
Mr. Deep's attack didn't inflict any damage, but blocking the attack has caused Pinchy to fatigue.

Pinchy pinches for 30 damage.
Mr. Deep's wrestle skill mitigates 55 damage.
Pinchy's attack didn't inflict any damage, but blocking the attack has caused Mr. Deep to fatigue.

Mr. Deep pinches for 15 damage.
Pinchy's wrestle skill mitigates 32 damage.
Mr. Deep's attack didn't inflict any damage, but blocking the attack has caused Pinchy to fatigue.

Pinchy pinches for 29 damage.
Mr. Deep's wrestle skill mitigates 18 damage.
Pinchy hit Mr. Deep for 11. Mr. Deep has 121 hp left.

Mr. Deep pinches for 16 damage.
Pinchy's wrestle skill mitigates 30 damage.
Mr. Deep's attack didn't inflict any damage, but blocking the attack has caused Pinchy to fatigue.

Pinchy pinches for 29 damage.
Mr. Deep's wrestle skill mitigates 53 damage.
Pinchy's attack didn't inflict any damage, but blocking the attack has caused Mr. Deep to fatigue.

Mr. Deep pinches for 18 damage.
Pinchy's wrestle skill mitigates 30 damage.
Mr. Deep's attack didn't inflict any damage, but blocking the attack has caused Pinchy to fatigue.

Pinchy is unable to attack due to fatigue
Pinchy was fatigued and could not attack. Mr. Deep took the chance to rest and is no longer as fatigued.

Mr. Deep pinches for 15 damage.
Pinchy's wrestle skill mitigates 10 damage.
Mr. Deep hit Pinchy for 5. Pinchy has 112 hp left.

Pinchy pinches for 30 damage.
Mr. Deep's wrestle skill mitigates 51 damage.
Pinchy's attack didn't inflict any damage, but blocking the attack has caused Mr. Deep to fatigue.

Mr. Deep pinches for 18 damage.
Pinchy's wrestle skill mitigates 30 damage.
Mr. Deep's attack didn't inflict any damage, but blocking the attack has caused Pinchy to fatigue.

Pinchy just used his special move 4 and attacked for 36 damage
Mr. Deep's wrestle skill mitigates 15 damage.
Pinchy hit Mr. Deep for 21. Mr. Deep has 100 hp left.

Mr. Deep pinches for 15 damage.
Pinchy's wrestle skill mitigates 25 damage.
Mr. Deep's attack didn't inflict any damage, but blocking the attack has caused Pinchy to fatigue.

Pinchy pinches for 30 damage.
Mr. Deep's wrestle skill mitigates 15 damage.
Pinchy hit Mr. Deep for 15. Mr. Deep has 85 hp left.

Mr. Deep just used his special move 2 and attacked for 58 damage
Pinchy's wrestle skill mitigates 25 damage.
Mr. Deep hit Pinchy for 33. Pinchy has 79 hp left.

Pinchy is unable to attack due to fatigue
Pinchy was fatigued and could not attack. Mr. Deep took the chance to rest and is no longer as fatigued.

Mr. Deep pinches for 18 damage.
Pinchy's wrestle skill mitigates 7 damage.
Mr. Deep hit Pinchy for 11. Pinchy has 68 hp left.

Pinchy pinches for 31 damage.
Mr. Deep's wrestle skill mitigates 65 damage.
Pinchy's attack didn't inflict any damage, but blocking the attack has caused Mr. Deep to fatigue.

Mr. Deep pinches for 17 damage.
Pinchy's wrestle skill mitigates 25 damage.
Mr. Deep's attack didn't inflict any damage, but blocking the attack has caused Pinchy to fatigue.

Pinchy pinches for 29 damage.
Mr. Deep's wrestle skill mitigates 58 damage.
Pinchy's attack didn't inflict any damage, but blocking the attack has caused Mr. Deep to fatigue.

Mr. Deep pinches for 17 damage.
Pinchy's wrestle skill mitigates 22 damage.
Mr. Deep's attack didn't inflict any damage, but blocking the attack has caused Pinchy to fatigue.

Pinchy pinches for 28 damage.
Mr. Deep's wrestle skill mitigates 53 damage.
Pinchy's attack didn't inflict any damage, but blocking the attack has caused Mr. Deep to fatigue.

Mr. Deep is unable to attack due to fatigue
Mr. Deep was fatigued and could not attack. Pinchy took the chance to rest and is no longer as fatigued.

Pinchy pinches for 30 damage.
Mr. Deep's wrestle skill mitigates 17 damage.
Pinchy hit Mr. Deep for 13. Mr. Deep has 72 hp left.

Mr. Deep pinches for 16 damage.
Pinchy's wrestle skill mitigates 23 damage.
Mr. Deep's attack didn't inflict any damage, but blocking the attack has caused Pinchy to fatigue.

Pinchy is unable to attack due to fatigue
Pinchy was fatigued and could not attack. Mr. Deep took the chance to rest and is no longer as fatigued.

Mr. Deep pinches for 18 damage.
Pinchy's wrestle skill mitigates 6 damage.
Mr. Deep hit Pinchy for 12. Pinchy has 56 hp left.

Pinchy pinches for 29 damage.
Mr. Deep's wrestle skill mitigates 57 damage.
Pinchy's attack didn't inflict any damage, but blocking the attack has caused Mr. Deep to fatigue.

Mr. Deep pinches for 16 damage.
Pinchy's wrestle skill mitigates 17 damage.
Mr. Deep's attack didn't inflict any damage, but blocking the attack has caused Pinchy to fatigue.

Pinchy pinches for 28 damage.
Mr. Deep's wrestle skill mitigates 43 damage.
Pinchy's attack didn't inflict any damage, but blocking the attack has caused Mr. Deep to fatigue.

Mr. Deep is unable to attack due to fatigue
Mr. Deep was fatigued and could not attack. Pinchy took the chance to rest and is no longer as fatigued.

Pinchy is unable to attack due to fatigue
Pinchy was fatigued and could not attack. Mr. Deep took the chance to rest and is no longer as fatigued.

Mr. Deep pinches for 18 damage.
Pinchy's wrestle skill mitigates 6 damage.
Mr. Deep hit Pinchy for 12. Pinchy has 44 hp left.

Pinchy just used his special move 4 and attacked for 36 damage
Mr. Deep's wrestle skill mitigates 16 damage.
Pinchy hit Mr. Deep for 20. Mr. Deep has 52 hp left.

Mr. Deep pinches for 18 damage.
Pinchy's wrestle skill mitigates 15 damage.
Mr. Deep hit Pinchy for 3. Pinchy has 41 hp left.

Pinchy pinches for 28 damage.
Mr. Deep's wrestle skill mitigates 53 damage.
Pinchy's attack didn't inflict any damage, but blocking the attack has caused Mr. Deep to fatigue.

Mr. Deep is unable to attack due to fatigue
Mr. Deep was fatigued and could not attack. Pinchy took the chance to rest and is no longer as fatigued.

Pinchy pinches for 31 damage.
Mr. Deep's wrestle skill mitigates 12 damage.
Pinchy hit Mr. Deep for 19. Mr. Deep has 33 hp left.

Mr. Deep pinches for 15 damage.
Pinchy's wrestle skill mitigates 17 damage.
Mr. Deep's attack didn't inflict any damage, but blocking the attack has caused Pinchy to fatigue.

Pinchy is unable to attack due to fatigue
Pinchy was fatigued and could not attack. Mr. Deep took the chance to rest and is no longer as fatigued.

Mr. Deep just used his special move 2 and attacked for 58 damage
Pinchy's wrestle skill mitigates 5 damage.
Mr. Deep hit Pinchy for 53. Pinchy has 0 hp left.

After 23 turns, the battle has ended: winner = Mr. Deep, loser = Pinchy
************
------- A NEW BATTLE BEGINS ------
---    Tevye vs. Solomon   ---
----------------------------------
Tevye - Power: 34 | Wrestle: 26 | Speed: 9 | Stamina: 26 | Appeal:2 | Region: East | Power Bonus: East | Wrestle Bonus: East
Solomon - Power: 57 | Wrestle: 10 | Speed: 4 | Stamina: 38 | Appeal:4 | Region: West | Power Bonus: North | Wrestle Bonus: East
----------------------------------
Tevye pinches for 39 damage.
Solomon's wrestle skill mitigates 16 damage.
Tevye hit Solomon for 23. Solomon has 91 hp left.

Solomon pinches for 60 damage.
Tevye's wrestle skill mitigates 32 damage.
Solomon hit Tevye for 28. Tevye has 50 hp left.

Tevye pinches for 38 damage.
Solomon's wrestle skill mitigates 17 damage.
Tevye hit Solomon for 21. Solomon has 70 hp left.

Solomon pinches for 57 damage.
Tevye's wrestle skill mitigates 31 damage.
Solomon hit Tevye for 26. Tevye has 24 hp left.

Tevye pinches for 37 damage.
Solomon's wrestle skill mitigates 20 damage.
Tevye hit Solomon for 17. Solomon has 53 hp left.

Solomon pinches for 55 damage.
Tevye's wrestle skill mitigates 30 damage.
Solomon hit Tevye for 25. Tevye has 0 hp left.

After 3 turns, the battle has ended: winner = Solomon, loser = Tevye
************
------- A NEW BATTLE BEGINS ------
---    Sebastian vs. AmyAmethyst   ---
----------------------------------
Sebastian - Power: 41 | Wrestle: 21 | Speed: 14 | Stamina: 32 | Appeal:7 | Region: North | Power Bonus: North | Wrestle Bonus: West
AmyAmethyst - Power: 33 | Wrestle: 38 | Speed: 24 | Stamina: 72 | Appeal:10 | Region: South | Power Bonus: South | Wrestle Bonus: South
----------------------------------
AmyAmethyst pinches for 36 damage.
Sebastian's wrestle skill mitigates 25 damage.
AmyAmethyst hit Sebastian for 11. Sebastian has 85 hp left.

Sebastian pinches for 47 damage.
AmyAmethyst's wrestle skill mitigates 43 damage.
Sebastian hit AmyAmethyst for 4. AmyAmethyst has 212 hp left.

AmyAmethyst pinches for 39 damage.
Sebastian's wrestle skill mitigates 24 damage.
AmyAmethyst hit Sebastian for 15. Sebastian has 70 hp left.

Sebastian pinches for 47 damage.
AmyAmethyst's wrestle skill mitigates 41 damage.
Sebastian hit AmyAmethyst for 6. AmyAmethyst has 206 hp left.

AmyAmethyst pinches for 39 damage.
Sebastian's wrestle skill mitigates 27 damage.
AmyAmethyst hit Sebastian for 12. Sebastian has 58 hp left.

Sebastian pinches for 47 damage.
AmyAmethyst's wrestle skill mitigates 42 damage.
Sebastian hit AmyAmethyst for 5. AmyAmethyst has 201 hp left.

AmyAmethyst pinches for 38 damage.
Sebastian's wrestle skill mitigates 27 damage.
AmyAmethyst hit Sebastian for 11. Sebastian has 47 hp left.

Sebastian pinches for 44 damage.
AmyAmethyst's wrestle skill mitigates 44 damage.
Sebastian's attack didn't inflict any damage, but blocking the attack has caused AmyAmethyst to fatigue.

AmyAmethyst pinches for 39 damage.
Sebastian's wrestle skill mitigates 26 damage.
AmyAmethyst hit Sebastian for 13. Sebastian has 34 hp left.

Sebastian pinches for 47 damage.
AmyAmethyst's wrestle skill mitigates 43 damage.
Sebastian hit AmyAmethyst for 4. AmyAmethyst has 197 hp left.

AmyAmethyst just used his special move 3 and attacked for 108 damage
Sebastian's wrestle skill mitigates 26 damage.
AmyAmethyst hit Sebastian for 82. Sebastian has 0 hp left.

After 6 turns, the battle has ended: winner = AmyAmethyst, loser = Sebastian
************
------- A NEW BATTLE BEGINS ------
---    AmyAmethyst vs. Solomon   ---
----------------------------------
AmyAmethyst - Power: 33 | Wrestle: 38 | Speed: 24 | Stamina: 72 | Appeal:10 | Region: South | Power Bonus: South | Wrestle Bonus: South
Solomon - Power: 57 | Wrestle: 10 | Speed: 4 | Stamina: 38 | Appeal:4 | Region: West | Power Bonus: North | Wrestle Bonus: East
----------------------------------
AmyAmethyst pinches for 36 damage.
Solomon's wrestle skill mitigates 15 damage.
AmyAmethyst hit Solomon for 21. Solomon has 93 hp left.

Solomon pinches for 62 damage.
AmyAmethyst's wrestle skill mitigates 41 damage.
Solomon hit AmyAmethyst for 21. AmyAmethyst has 195 hp left.

AmyAmethyst pinches for 37 damage.
Solomon's wrestle skill mitigates 14 damage.
AmyAmethyst hit Solomon for 23. Solomon has 70 hp left.

Solomon pinches for 57 damage.
AmyAmethyst's wrestle skill mitigates 44 damage.
Solomon hit AmyAmethyst for 13. AmyAmethyst has 182 hp left.

AmyAmethyst pinches for 39 damage.
Solomon's wrestle skill mitigates 14 damage.
AmyAmethyst hit Solomon for 25. Solomon has 45 hp left.

Solomon pinches for 58 damage.
AmyAmethyst's wrestle skill mitigates 43 damage.
Solomon hit AmyAmethyst for 15. AmyAmethyst has 167 hp left.

AmyAmethyst pinches for 37 damage.
Solomon's wrestle skill mitigates 16 damage.
AmyAmethyst hit Solomon for 21. Solomon has 24 hp left.

Solomon pinches for 55 damage.
AmyAmethyst's wrestle skill mitigates 43 damage.
Solomon hit AmyAmethyst for 12. AmyAmethyst has 155 hp left.

AmyAmethyst pinches for 37 damage.
Solomon's wrestle skill mitigates 16 damage.
AmyAmethyst hit Solomon for 21. Solomon has 3 hp left.

Solomon pinches for 56 damage.
AmyAmethyst's wrestle skill mitigates 42 damage.
Solomon hit AmyAmethyst for 14. AmyAmethyst has 141 hp left.

AmyAmethyst just used his special move 3 and attacked for 109 damage
Solomon's wrestle skill mitigates 13 damage.
AmyAmethyst hit Solomon for 96. Solomon has 0 hp left.

After 6 turns, the battle has ended: winner = AmyAmethyst, loser = Solomon
************
------- A NEW BATTLE BEGINS ------
---    Mr. Deep vs. Purplue   ---
----------------------------------
Mr. Deep - Power: 10 | Wrestle: 40 | Speed: 12 | Stamina: 44 | Appeal:1 | Region: East | Power Bonus: East | Wrestle Bonus: East
Purplue - Power: 38 | Wrestle: 35 | Speed: 21 | Stamina: 62 | Appeal:15 | Region: South | Power Bonus: South | Wrestle Bonus: South
----------------------------------
Purplue pinches for 43 damage.
Mr. Deep's wrestle skill mitigates 43 damage.
Purplue's attack didn't inflict any damage, but blocking the attack has caused Mr. Deep to fatigue.

Mr. Deep pinches for 15 damage.
Purplue's wrestle skill mitigates 40 damage.
Mr. Deep's attack didn't inflict any damage, but blocking the attack has caused Purplue to fatigue.

Purplue pinches for 44 damage.
Mr. Deep's wrestle skill mitigates 43 damage.
Purplue hit Mr. Deep for 1. Mr. Deep has 131 hp left.

Mr. Deep pinches for 14 damage.
Purplue's wrestle skill mitigates 39 damage.
Mr. Deep's attack didn't inflict any damage, but blocking the attack has caused Purplue to fatigue.

Purplue pinches for 44 damage.
Mr. Deep's wrestle skill mitigates 44 damage.
Purplue's attack didn't inflict any damage, but blocking the attack has caused Mr. Deep to fatigue.

Mr. Deep pinches for 14 damage.
Purplue's wrestle skill mitigates 40 damage.
Mr. Deep's attack didn't inflict any damage, but blocking the attack has caused Purplue to fatigue.

Purplue pinches for 41 damage.
Mr. Deep's wrestle skill mitigates 44 damage.
Purplue's attack didn't inflict any damage, but blocking the attack has caused Mr. Deep to fatigue.

Mr. Deep pinches for 13 damage.
Purplue's wrestle skill mitigates 41 damage.
Mr. Deep's attack didn't inflict any damage, but blocking the attack has caused Purplue to fatigue.

Purplue pinches for 42 damage.
Mr. Deep's wrestle skill mitigates 14 damage.
Purplue hit Mr. Deep for 28. Mr. Deep has 103 hp left.

Mr. Deep pinches for 13 damage.
Purplue's wrestle skill mitigates 41 damage.
Mr. Deep's attack didn't inflict any damage, but blocking the attack has caused Purplue to fatigue.

Purplue just used his special move 2 and attacked for 77 damage
Mr. Deep's wrestle skill mitigates 44 damage.
Purplue hit Mr. Deep for 33. Mr. Deep has 70 hp left.

Mr. Deep pinches for 13 damage.
Purplue's wrestle skill mitigates 46 damage.
Mr. Deep's attack didn't inflict any damage, but blocking the attack has caused Purplue to fatigue.

Purplue pinches for 43 damage.
Mr. Deep's wrestle skill mitigates 42 damage.
Purplue hit Mr. Deep for 1. Mr. Deep has 69 hp left.

Mr. Deep pinches for 16 damage.
Purplue's wrestle skill mitigates 49 damage.
Mr. Deep's attack didn't inflict any damage, but blocking the attack has caused Purplue to fatigue.

Purplue is unable to attack due to fatigue
Purplue was fatigued and could not attack. Mr. Deep took the chance to rest and is no longer as fatigued.

Mr. Deep pinches for 14 damage.
Purplue's wrestle skill mitigates 15 damage.
Mr. Deep's attack didn't inflict any damage, but blocking the attack has caused Purplue to fatigue.

Purplue pinches for 43 damage.
Mr. Deep's wrestle skill mitigates 39 damage.
Purplue hit Mr. Deep for 4. Mr. Deep has 65 hp left.

Mr. Deep pinches for 16 damage.
Purplue's wrestle skill mitigates 40 damage.
Mr. Deep's attack didn't inflict any damage, but blocking the attack has caused Purplue to fatigue.

Purplue pinches for 42 damage.
Mr. Deep's wrestle skill mitigates 38 damage.
Purplue hit Mr. Deep for 4. Mr. Deep has 61 hp left.

Mr. Deep just used his special move 2 and attacked for 53 damage
Purplue's wrestle skill mitigates 37 damage.
Mr. Deep hit Purplue for 16. Purplue has 170 hp left.

Purplue pinches for 44 damage.
Mr. Deep's wrestle skill mitigates 45 damage.
Purplue's attack didn't inflict any damage, but blocking the attack has caused Mr. Deep to fatigue.

Mr. Deep is unable to attack due to fatigue
Mr. Deep was fatigued and could not attack. Purplue took the chance to rest and is no longer as fatigued.

Purplue pinches for 44 damage.
Mr. Deep's wrestle skill mitigates 16 damage.
Purplue hit Mr. Deep for 28. Mr. Deep has 33 hp left.

Mr. Deep pinches for 13 damage.
Purplue's wrestle skill mitigates 42 damage.
Mr. Deep's attack didn't inflict any damage, but blocking the attack has caused Purplue to fatigue.

Purplue is unable to attack due to fatigue
Purplue was fatigued and could not attack. Mr. Deep took the chance to rest and is no longer as fatigued.

Mr. Deep pinches for 14 damage.
Purplue's wrestle skill mitigates 15 damage.
Mr. Deep's attack didn't inflict any damage, but blocking the attack has caused Purplue to fatigue.

Purplue just used his special move 2 and attacked for 77 damage
Mr. Deep's wrestle skill mitigates 42 damage.
Purplue hit Mr. Deep for 35. Mr. Deep has 0 hp left.

After 14 turns, the battle has ended: winner = Purplue, loser = Mr. Deep
************
------- A NEW BATTLE BEGINS ------
---    Chief vs. Kani 197   ---
----------------------------------
Chief - Power: 43 | Wrestle: 36 | Speed: 6 | Stamina: 31 | Appeal:2 | Region: East | Power Bonus: East | Wrestle Bonus: East
Kani 197 - Power: 22 | Wrestle: 28 | Speed: 18 | Stamina: 40 | Appeal:3 | Region: East | Power Bonus: East | Wrestle Bonus: West
----------------------------------
Kani 197 pinches for 32 damage.
Chief's wrestle skill mitigates 50 damage.
Kani 197's attack didn't inflict any damage, but blocking the attack has caused Chief to fatigue.

Chief pinches for 57 damage.
Kani 197's wrestle skill mitigates 31 damage.
Chief hit Kani 197 for 26. Kani 197 has 94 hp left.

Kani 197 pinches for 30 damage.
Chief's wrestle skill mitigates 51 damage.
Kani 197's attack didn't inflict any damage, but blocking the attack has caused Chief to fatigue.

Chief pinches for 55 damage.
Kani 197's wrestle skill mitigates 34 damage.
Chief hit Kani 197 for 21. Kani 197 has 73 hp left.

Kani 197 pinches for 32 damage.
Chief's wrestle skill mitigates 48 damage.
Kani 197's attack didn't inflict any damage, but blocking the attack has caused Chief to fatigue.

Chief is unable to attack due to fatigue
Chief was fatigued and could not attack. Kani 197 took the chance to rest and is no longer as fatigued.

Kani 197 pinches for 33 damage.
Chief's wrestle skill mitigates 17 damage.
Kani 197 hit Chief for 16. Chief has 77 hp left.

Chief pinches for 56 damage.
Kani 197's wrestle skill mitigates 32 damage.
Chief hit Kani 197 for 24. Kani 197 has 49 hp left.

Kani 197 pinches for 32 damage.
Chief's wrestle skill mitigates 52 damage.
Kani 197's attack didn't inflict any damage, but blocking the attack has caused Chief to fatigue.

Chief pinches for 55 damage.
Kani 197's wrestle skill mitigates 33 damage.
Chief hit Kani 197 for 22. Kani 197 has 27 hp left.

Kani 197 pinches for 30 damage.
Chief's wrestle skill mitigates 47 damage.
Kani 197's attack didn't inflict any damage, but blocking the attack has caused Chief to fatigue.

Chief is unable to attack due to fatigue
Chief was fatigued and could not attack. Kani 197 took the chance to rest and is no longer as fatigued.

Kani 197 just used his special move 2 and attacked for 58 damage
Chief's wrestle skill mitigates 15 damage.
Kani 197 hit Chief for 43. Chief has 34 hp left.

Chief pinches for 53 damage.
Kani 197's wrestle skill mitigates 39 damage.
Chief hit Kani 197 for 14. Kani 197 has 13 hp left.

Kani 197 pinches for 30 damage.
Chief's wrestle skill mitigates 46 damage.
Kani 197's attack didn't inflict any damage, but blocking the attack has caused Chief to fatigue.

Chief pinches for 56 damage.
Kani 197's wrestle skill mitigates 39 damage.
Chief hit Kani 197 for 17. Kani 197 has 0 hp left.

After 8 turns, the battle has ended: winner = Chief, loser = Kani 197
************
------- A NEW BATTLE BEGINS ------
---    Perfect Cherry Blossom vs. Kani 149   ---
----------------------------------
Perfect Cherry Blossom - Power: 35 | Wrestle: 40 | Speed: 15 | Stamina: 63 | Appeal:8 | Region: South | Power Bonus: South | Wrestle Bonus: East
Kani 149 - Power: 43 | Wrestle: 7 | Speed: 17 | Stamina: 17 | Appeal:12 | Region: East | Power Bonus: South | Wrestle Bonus: East
----------------------------------
Kani 149 pinches for 56 damage.
Perfect Cherry Blossom's wrestle skill mitigates 53 damage.
Kani 149 hit Perfect Cherry Blossom for 3. Perfect Cherry Blossom has 186 hp left.

Perfect Cherry Blossom pinches for 41 damage.
Kani 149's wrestle skill mitigates 12 damage.
Perfect Cherry Blossom hit Kani 149 for 29. Kani 149 has 22 hp left.

Kani 149 pinches for 52 damage.
Perfect Cherry Blossom's wrestle skill mitigates 56 damage.
Kani 149's attack didn't inflict any damage, but blocking the attack has caused Perfect Cherry Blossom to fatigue.

Perfect Cherry Blossom pinches for 38 damage.
Kani 149's wrestle skill mitigates 13 damage.
Perfect Cherry Blossom hit Kani 149 for 25. Kani 149 has 0 hp left.

After 2 turns, the battle has ended: winner = Perfect Cherry Blossom, loser = Kani 149
************
------- A NEW BATTLE BEGINS ------
---    Perfect Cherry Blossom vs. Chief   ---
----------------------------------
Perfect Cherry Blossom - Power: 35 | Wrestle: 40 | Speed: 15 | Stamina: 63 | Appeal:8 | Region: South | Power Bonus: South | Wrestle Bonus: East
Chief - Power: 43 | Wrestle: 36 | Speed: 6 | Stamina: 31 | Appeal:2 | Region: East | Power Bonus: East | Wrestle Bonus: East
----------------------------------
Perfect Cherry Blossom pinches for 40 damage.
Chief's wrestle skill mitigates 39 damage.
Perfect Cherry Blossom hit Chief for 1. Chief has 92 hp left.

Chief pinches for 47 damage.
Perfect Cherry Blossom's wrestle skill mitigates 56 damage.
Chief's attack didn't inflict any damage, but blocking the attack has caused Perfect Cherry Blossom to fatigue.

Perfect Cherry Blossom pinches for 39 damage.
Chief's wrestle skill mitigates 42 damage.
Perfect Cherry Blossom's attack didn't inflict any damage, but blocking the attack has caused Chief to fatigue.

Chief pinches for 45 damage.
Perfect Cherry Blossom's wrestle skill mitigates 56 damage.
Chief's attack didn't inflict any damage, but blocking the attack has caused Perfect Cherry Blossom to fatigue.

Perfect Cherry Blossom pinches for 41 damage.
Chief's wrestle skill mitigates 40 damage.
Perfect Cherry Blossom hit Chief for 1. Chief has 91 hp left.

Chief pinches for 46 damage.
Perfect Cherry Blossom's wrestle skill mitigates 55 damage.
Chief's attack didn't inflict any damage, but blocking the attack has caused Perfect Cherry Blossom to fatigue.

Perfect Cherry Blossom pinches for 41 damage.
Chief's wrestle skill mitigates 41 damage.
Perfect Cherry Blossom's attack didn't inflict any damage, but blocking the attack has caused Chief to fatigue.

Chief is unable to attack due to fatigue
Chief was fatigued and could not attack. Perfect Cherry Blossom took the chance to rest and is no longer as fatigued.

Perfect Cherry Blossom pinches for 39 damage.
Chief's wrestle skill mitigates 13 damage.
Perfect Cherry Blossom hit Chief for 26. Chief has 65 hp left.

Chief pinches for 43 damage.
Perfect Cherry Blossom's wrestle skill mitigates 53 damage.
Chief's attack didn't inflict any damage, but blocking the attack has caused Perfect Cherry Blossom to fatigue.

Perfect Cherry Blossom is unable to attack due to fatigue
Perfect Cherry Blossom was fatigued and could not attack. Chief took the chance to rest and is no longer as fatigued.

Chief pinches for 47 damage.
Perfect Cherry Blossom's wrestle skill mitigates 17 damage.
Chief hit Perfect Cherry Blossom for 30. Perfect Cherry Blossom has 159 hp left.

Perfect Cherry Blossom pinches for 41 damage.
Chief's wrestle skill mitigates 37 damage.
Perfect Cherry Blossom hit Chief for 4. Chief has 61 hp left.

Chief pinches for 47 damage.
Perfect Cherry Blossom's wrestle skill mitigates 50 damage.
Chief's attack didn't inflict any damage, but blocking the attack has caused Perfect Cherry Blossom to fatigue.

Perfect Cherry Blossom pinches for 39 damage.
Chief's wrestle skill mitigates 35 damage.
Perfect Cherry Blossom hit Chief for 4. Chief has 57 hp left.

Chief pinches for 45 damage.
Perfect Cherry Blossom's wrestle skill mitigates 50 damage.
Chief's attack didn't inflict any damage, but blocking the attack has caused Perfect Cherry Blossom to fatigue.

Perfect Cherry Blossom is unable to attack due to fatigue
Perfect Cherry Blossom was fatigued and could not attack. Chief took the chance to rest and is no longer as fatigued.

Chief pinches for 46 damage.
Perfect Cherry Blossom's wrestle skill mitigates 15 damage.
Chief hit Perfect Cherry Blossom for 31. Perfect Cherry Blossom has 128 hp left.

Perfect Cherry Blossom just used his special move 3 and attacked for 103 damage
Chief's wrestle skill mitigates 35 damage.
Perfect Cherry Blossom hit Chief for 68. Chief has 0 hp left.

After 10 turns, the battle has ended: winner = Perfect Cherry Blossom, loser = Chief
************
------- A NEW BATTLE BEGINS ------
---    Purplue vs. AmyAmethyst   ---
----------------------------------
Purplue - Power: 38 | Wrestle: 35 | Speed: 21 | Stamina: 62 | Appeal:15 | Region: South | Power Bonus: South | Wrestle Bonus: South
AmyAmethyst - Power: 33 | Wrestle: 38 | Speed: 24 | Stamina: 72 | Appeal:10 | Region: South | Power Bonus: South | Wrestle Bonus: South
----------------------------------
AmyAmethyst pinches for 45 damage.
Purplue's wrestle skill mitigates 48 damage.
AmyAmethyst's attack didn't inflict any damage, but blocking the attack has caused Purplue to fatigue.

Purplue pinches for 51 damage.
AmyAmethyst's wrestle skill mitigates 53 damage.
Purplue's attack didn't inflict any damage, but blocking the attack has caused AmyAmethyst to fatigue.

AmyAmethyst pinches for 47 damage.
Purplue's wrestle skill mitigates 48 damage.
AmyAmethyst's attack didn't inflict any damage, but blocking the attack has caused Purplue to fatigue.

Purplue pinches for 51 damage.
AmyAmethyst's wrestle skill mitigates 53 damage.
Purplue's attack didn't inflict any damage, but blocking the attack has caused AmyAmethyst to fatigue.

AmyAmethyst pinches for 47 damage.
Purplue's wrestle skill mitigates 50 damage.
AmyAmethyst's attack didn't inflict any damage, but blocking the attack has caused Purplue to fatigue.

Purplue pinches for 52 damage.
AmyAmethyst's wrestle skill mitigates 52 damage.
Purplue's attack didn't inflict any damage, but blocking the attack has caused AmyAmethyst to fatigue.

AmyAmethyst is unable to attack due to fatigue
AmyAmethyst was fatigued and could not attack. Purplue took the chance to rest and is no longer as fatigued.

Purplue pinches for 53 damage.
AmyAmethyst's wrestle skill mitigates 17 damage.
Purplue hit AmyAmethyst for 36. AmyAmethyst has 180 hp left.

AmyAmethyst pinches for 47 damage.
Purplue's wrestle skill mitigates 17 damage.
AmyAmethyst hit Purplue for 30. Purplue has 156 hp left.

Purplue pinches for 51 damage.
AmyAmethyst's wrestle skill mitigates 51 damage.
Purplue's attack didn't inflict any damage, but blocking the attack has caused AmyAmethyst to fatigue.

AmyAmethyst pinches for 44 damage.
Purplue's wrestle skill mitigates 48 damage.
AmyAmethyst's attack didn't inflict any damage, but blocking the attack has caused Purplue to fatigue.

Purplue just used his special move 2 and attacked for 88 damage
AmyAmethyst's wrestle skill mitigates 51 damage.
Purplue hit AmyAmethyst for 37. AmyAmethyst has 143 hp left.

AmyAmethyst just used his special move 3 and attacked for 119 damage
Purplue's wrestle skill mitigates 58 damage.
AmyAmethyst hit Purplue for 61. Purplue has 95 hp left.

Purplue pinches for 52 damage.
AmyAmethyst's wrestle skill mitigates 51 damage.
Purplue hit AmyAmethyst for 1. AmyAmethyst has 142 hp left.

AmyAmethyst pinches for 44 damage.
Purplue's wrestle skill mitigates 50 damage.
AmyAmethyst's attack didn't inflict any damage, but blocking the attack has caused Purplue to fatigue.

Purplue pinches for 50 damage.
AmyAmethyst's wrestle skill mitigates 48 damage.
Purplue hit AmyAmethyst for 2. AmyAmethyst has 140 hp left.

AmyAmethyst pinches for 47 damage.
Purplue's wrestle skill mitigates 16 damage.
AmyAmethyst hit Purplue for 31. Purplue has 64 hp left.

Purplue pinches for 51 damage.
AmyAmethyst's wrestle skill mitigates 50 damage.
Purplue hit AmyAmethyst for 1. AmyAmethyst has 139 hp left.

AmyAmethyst pinches for 45 damage.
Purplue's wrestle skill mitigates 51 damage.
AmyAmethyst's attack didn't inflict any damage, but blocking the attack has caused Purplue to fatigue.

Purplue pinches for 53 damage.
AmyAmethyst's wrestle skill mitigates 43 damage.
Purplue hit AmyAmethyst for 10. AmyAmethyst has 129 hp left.

AmyAmethyst pinches for 45 damage.
Purplue's wrestle skill mitigates 53 damage.
AmyAmethyst's attack didn't inflict any damage, but blocking the attack has caused Purplue to fatigue.

Purplue pinches for 51 damage.
AmyAmethyst's wrestle skill mitigates 40 damage.
Purplue hit AmyAmethyst for 11. AmyAmethyst has 118 hp left.

AmyAmethyst pinches for 47 damage.
Purplue's wrestle skill mitigates 46 damage.
AmyAmethyst hit Purplue for 1. Purplue has 63 hp left.

Purplue just used his special move 2 and attacked for 85 damage
AmyAmethyst's wrestle skill mitigates 37 damage.
Purplue hit AmyAmethyst for 48. AmyAmethyst has 70 hp left.

AmyAmethyst is unable to attack due to fatigue
AmyAmethyst was fatigued and could not attack. Purplue took the chance to rest and is no longer as fatigued.

Purplue pinches for 52 damage.
AmyAmethyst's wrestle skill mitigates 11 damage.
Purplue hit AmyAmethyst for 41. AmyAmethyst has 29 hp left.

AmyAmethyst just used his special move 3 and attacked for 117 damage
Purplue's wrestle skill mitigates 62 damage.
AmyAmethyst hit Purplue for 55. Purplue has 8 hp left.

Purplue pinches for 51 damage.
AmyAmethyst's wrestle skill mitigates 52 damage.
Purplue's attack didn't inflict any damage, but blocking the attack has caused AmyAmethyst to fatigue.

AmyAmethyst pinches for 44 damage.
Purplue's wrestle skill mitigates 57 damage.
AmyAmethyst's attack didn't inflict any damage, but blocking the attack has caused Purplue to fatigue.

Purplue pinches for 53 damage.
AmyAmethyst's wrestle skill mitigates 48 damage.
Purplue hit AmyAmethyst for 5. AmyAmethyst has 24 hp left.

AmyAmethyst pinches for 47 damage.
Purplue's wrestle skill mitigates 57 damage.
AmyAmethyst's attack didn't inflict any damage, but blocking the attack has caused Purplue to fatigue.

Purplue is unable to attack due to fatigue
Purplue was fatigued and could not attack. AmyAmethyst took the chance to rest and is no longer as fatigued.

AmyAmethyst pinches for 46 damage.
Purplue's wrestle skill mitigates 17 damage.
AmyAmethyst hit Purplue for 29. Purplue has 0 hp left.

After 17 turns, the battle has ended: winner = AmyAmethyst, loser = Purplue
************
------- A NEW BATTLE BEGINS ------
---    AmyAmethyst vs. Perfect Cherry Blossom   ---
----------------------------------
AmyAmethyst - Power: 33 | Wrestle: 38 | Speed: 24 | Stamina: 72 | Appeal:10 | Region: South | Power Bonus: South | Wrestle Bonus: South
Perfect Cherry Blossom - Power: 35 | Wrestle: 40 | Speed: 15 | Stamina: 63 | Appeal:8 | Region: South | Power Bonus: South | Wrestle Bonus: East
----------------------------------
AmyAmethyst pinches for 45 damage.
Perfect Cherry Blossom's wrestle skill mitigates 43 damage.
AmyAmethyst hit Perfect Cherry Blossom for 2. Perfect Cherry Blossom has 187 hp left.

Perfect Cherry Blossom pinches for 49 damage.
AmyAmethyst's wrestle skill mitigates 55 damage.
Perfect Cherry Blossom's attack didn't inflict any damage, but blocking the attack has caused AmyAmethyst to fatigue.

AmyAmethyst pinches for 45 damage.
Perfect Cherry Blossom's wrestle skill mitigates 43 damage.
AmyAmethyst hit Perfect Cherry Blossom for 2. Perfect Cherry Blossom has 185 hp left.

Perfect Cherry Blossom pinches for 49 damage.
AmyAmethyst's wrestle skill mitigates 55 damage.
Perfect Cherry Blossom's attack didn't inflict any damage, but blocking the attack has caused AmyAmethyst to fatigue.

AmyAmethyst pinches for 47 damage.
Perfect Cherry Blossom's wrestle skill mitigates 44 damage.
AmyAmethyst hit Perfect Cherry Blossom for 3. Perfect Cherry Blossom has 182 hp left.

Perfect Cherry Blossom pinches for 46 damage.
AmyAmethyst's wrestle skill mitigates 53 damage.
Perfect Cherry Blossom's attack didn't inflict any damage, but blocking the attack has caused AmyAmethyst to fatigue.

AmyAmethyst is unable to attack due to fatigue
AmyAmethyst was fatigued and could not attack. Perfect Cherry Blossom took the chance to rest and is no longer as fatigued.

Perfect Cherry Blossom pinches for 49 damage.
AmyAmethyst's wrestle skill mitigates 17 damage.
Perfect Cherry Blossom hit AmyAmethyst for 32. AmyAmethyst has 184 hp left.

AmyAmethyst pinches for 47 damage.
Perfect Cherry Blossom's wrestle skill mitigates 43 damage.
AmyAmethyst hit Perfect Cherry Blossom for 4. Perfect Cherry Blossom has 178 hp left.

Perfect Cherry Blossom pinches for 48 damage.
AmyAmethyst's wrestle skill mitigates 51 damage.
Perfect Cherry Blossom's attack didn't inflict any damage, but blocking the attack has caused AmyAmethyst to fatigue.

AmyAmethyst pinches for 47 damage.
Perfect Cherry Blossom's wrestle skill mitigates 42 damage.
AmyAmethyst hit Perfect Cherry Blossom for 5. Perfect Cherry Blossom has 173 hp left.

Perfect Cherry Blossom pinches for 48 damage.
AmyAmethyst's wrestle skill mitigates 52 damage.
Perfect Cherry Blossom's attack didn't inflict any damage, but blocking the attack has caused AmyAmethyst to fatigue.

AmyAmethyst just used his special move 3 and attacked for 117 damage
Perfect Cherry Blossom's wrestle skill mitigates 39 damage.
AmyAmethyst hit Perfect Cherry Blossom for 78. Perfect Cherry Blossom has 95 hp left.

Perfect Cherry Blossom pinches for 47 damage.
AmyAmethyst's wrestle skill mitigates 52 damage.
Perfect Cherry Blossom's attack didn't inflict any damage, but blocking the attack has caused AmyAmethyst to fatigue.

AmyAmethyst pinches for 44 damage.
Perfect Cherry Blossom's wrestle skill mitigates 39 damage.
AmyAmethyst hit Perfect Cherry Blossom for 5. Perfect Cherry Blossom has 90 hp left.

Perfect Cherry Blossom just used his special move 3 and attacked for 109 damage
AmyAmethyst's wrestle skill mitigates 52 damage.
Perfect Cherry Blossom hit AmyAmethyst for 57. AmyAmethyst has 127 hp left.

AmyAmethyst pinches for 46 damage.
Perfect Cherry Blossom's wrestle skill mitigates 42 damage.
AmyAmethyst hit Perfect Cherry Blossom for 4. Perfect Cherry Blossom has 86 hp left.

Perfect Cherry Blossom pinches for 47 damage.
AmyAmethyst's wrestle skill mitigates 46 damage.
Perfect Cherry Blossom hit AmyAmethyst for 1. AmyAmethyst has 126 hp left.

AmyAmethyst pinches for 45 damage.
Perfect Cherry Blossom's wrestle skill mitigates 39 damage.
AmyAmethyst hit Perfect Cherry Blossom for 6. Perfect Cherry Blossom has 80 hp left.

Perfect Cherry Blossom pinches for 46 damage.
AmyAmethyst's wrestle skill mitigates 45 damage.
Perfect Cherry Blossom hit AmyAmethyst for 1. AmyAmethyst has 125 hp left.

AmyAmethyst pinches for 45 damage.
Perfect Cherry Blossom's wrestle skill mitigates 36 damage.
AmyAmethyst hit Perfect Cherry Blossom for 9. Perfect Cherry Blossom has 71 hp left.

Perfect Cherry Blossom pinches for 47 damage.
AmyAmethyst's wrestle skill mitigates 40 damage.
Perfect Cherry Blossom hit AmyAmethyst for 7. AmyAmethyst has 118 hp left.

AmyAmethyst pinches for 44 damage.
Perfect Cherry Blossom's wrestle skill mitigates 34 damage.
AmyAmethyst hit Perfect Cherry Blossom for 10. Perfect Cherry Blossom has 61 hp left.

Perfect Cherry Blossom pinches for 48 damage.
AmyAmethyst's wrestle skill mitigates 37 damage.
Perfect Cherry Blossom hit AmyAmethyst for 11. AmyAmethyst has 107 hp left.

AmyAmethyst is unable to attack due to fatigue
AmyAmethyst was fatigued and could not attack. Perfect Cherry Blossom took the chance to rest and is no longer as fatigued.

Perfect Cherry Blossom pinches for 48 damage.
AmyAmethyst's wrestle skill mitigates 11 damage.
Perfect Cherry Blossom hit AmyAmethyst for 37. AmyAmethyst has 70 hp left.

AmyAmethyst just used his special move 3 and attacked for 117 damage
Perfect Cherry Blossom's wrestle skill mitigates 9 damage.
AmyAmethyst hit Perfect Cherry Blossom for 108. Perfect Cherry Blossom has 0 hp left.

After 14 turns, the battle has ended: winner = AmyAmethyst, loser = Perfect Cherry Blossom
************
