------- A NEW BATTLE BEGINS ------
--- Kani 100 vs. Pickle Rick ---
Kani 100: Power: 28 - Wrestle: 10 - Stamina: 28 - Appeal: 17 - Speed: 17
Kani 100 has a damage multiplier of 1 and a defense buff of 1.5
Pickle Rick: Power: 30 - Wrestle: 24 - Stamina: 30 - Appeal: 10 - Speed: 10
Pickle Rick has a damage multiplier of 1 and a defense buff of 1
----------------------------------
Kani 100 attacks first
Kani 100 - P: 28 - W: 10 HP: 28 Spd: 17
Pickle Rick - P: 30 - W: 24 HP: 30 Spd: 10
Kani 100 attacks for 32
Pickle Rick has blocked 30 damage
Pickle Rick has taken 2. He has 28 health left.
Pickle Rick attacks for 31
Kani 100 has blocked 10 damage
Kani 100 has taken 21. He has 7 health left.
Kani 100 - P: 28 - W: 10 HP: 7 Spd: 17
Pickle Rick - P: 30 - W: 24 HP: 28 Spd: 10
Kani 100 attacks for 30
Pickle Rick has blocked 30 damage
Pickle Rick attacks for 30
Kani 100 has blocked 16 damage
Kani 100 has taken 14. He has 0 health left.
*** The battle has ended ***
** The winner is Pickle Rick **
****************************
------- A NEW BATTLE BEGINS ------
--- Kani 149 vs. Blurple ---
Kani 149: Power: 27 - Wrestle: 21 - Stamina: 16 - Appeal: 16 - Speed: 16
Kani 149 has a damage multiplier of 1 and a defense buff of 1.5
Blurple: Power: 45 - Wrestle: 24 - Stamina: 25 - Appeal: 22 - Speed: 22
Blurple has a damage multiplier of 1 and a defense buff of 1.5
----------------------------------
Blurple attacks first
Blurple - P: 45 - W: 24 HP: 25 Spd: 22
Kani 149 - P: 27 - W: 21 HP: 16 Spd: 16
Blurple attacks for 49
Kani 149 has blocked 30 damage
Kani 149 has taken 19. He has 0 health left.
*** The battle has ended ***
** The winner is Blurple **
****************************
------- A NEW BATTLE BEGINS ------
--- Amnesia vs. Stone Galapagos ---
Amnesia: Power: 58 - Wrestle: 7 - Stamina: 36 - Appeal: 37 - Speed: 37
Amnesia has a damage multiplier of 1 and a defense buff of 1.5
Stone Galapagos: Power: 37 - Wrestle: 36 - Stamina: 35 - Appeal: 22 - Speed: 22
Stone Galapagos has a damage multiplier of 1.5 and a defense buff of 1
----------------------------------
Amnesia attacks first
Amnesia - P: 58 - W: 7 HP: 36 Spd: 37
Stone Galapagos - P: 37 - W: 36 HP: 35 Spd: 22
Amnesia attacks for 60
Stone Galapagos has blocked 37 damage
Stone Galapagos has taken 23. He has 12 health left.
Stone Galapagos attacks for 43
Amnesia has blocked 13 damage
Amnesia has taken 30. He has 6 health left.
Amnesia - P: 58 - W: 7 HP: 6 Spd: 37
Stone Galapagos - P: 37 - W: 36 HP: 12 Spd: 22
Amnesia attacks for 61
Stone Galapagos has blocked 39 damage
Stone Galapagos has taken 22. He has 0 health left.
*** The battle has ended ***
** The winner is Amnesia **
****************************
------- A NEW BATTLE BEGINS ------
--- Kani 118 vs. Kani 128 ---
Kani 118: Power: 18 - Wrestle: 50 - Stamina: 16 - Appeal: 13 - Speed: 13
Kani 118 has a damage multiplier of 1.5 and a defense buff of 1
Kani 128: Power: 6 - Wrestle: 63 - Stamina: 14 - Appeal: 18 - Speed: 18
Kani 128 has a damage multiplier of 1.5 and a defense buff of 1
----------------------------------
Kani 128 attacks first
Kani 128 - P: 6 - W: 63 HP: 14 Spd: 18
Kani 118 - P: 18 - W: 50 HP: 16 Spd: 13
Kani 128 attacks for 6
Kani 118 has blocked 53 damage
Kani 118 attacks for 25
Kani 128 has blocked 65 damage
Kani 128 - P: 6 - W: 62.37 HP: 14 Spd: 18
Kani 118 - P: 18 - W: 49.88 HP: 16 Spd: 13
Kani 128 attacks for 6
Kani 118 has blocked 51 damage
Kani 118 attacks for 21
Kani 128 has blocked 67 damage
Kani 128 - P: 6 - W: 61.75 HP: 14 Spd: 18
Kani 118 - P: 18 - W: 49.760000000000005 HP: 16 Spd: 13
Kani 128 attacks for 10
Kani 118 has blocked 50 damage
Kani 118 attacks for 18
Kani 128 has blocked 66 damage
Kani 128 - P: 6 - W: 61.13 HP: 14 Spd: 18
Kani 118 - P: 18 - W: 49.64000000000001 HP: 16 Spd: 13
Kani 128 attacks for 13
Kani 118 has blocked 54 damage
Kani 118 attacks for 18
Kani 128 has blocked 64 damage
Kani 128 - P: 6 - W: 60.52 HP: 14 Spd: 18
Kani 118 - P: 18 - W: 49.52000000000001 HP: 16 Spd: 13
Kani 128 attacks for 12
Kani 118 has blocked 51 damage
Kani 118 attacks for 25
Kani 128 has blocked 64 damage
Stalemate penalty: Kani 118 - wrestle: 47.40000000000001 | Kani 128 - wrestle: 57.910000000000004 
Kani 128 - P: 6 - W: 57.910000000000004 HP: 14 Spd: 18
Kani 118 - P: 18 - W: 47.40000000000001 HP: 16 Spd: 13
Kani 128 has used his spcieal move and attacks for 69.91
Kani 118 has blocked 51 damage
Kani 118 has taken 18.909999999999997. He has 0 health left.
*** The battle has ended ***
** The winner is Kani 128 **
****************************
------- A NEW BATTLE BEGINS ------
--- Buchi vs. Black Lotus ---
Buchi: Power: 21 - Wrestle: 14 - Stamina: 19 - Appeal: 19 - Speed: 19
Buchi has a damage multiplier of 1 and a defense buff of 1
Black Lotus: Power: 19 - Wrestle: 44 - Stamina: 23 - Appeal: 19 - Speed: 19
Black Lotus has a damage multiplier of 1.5 and a defense buff of 1
----------------------------------
Black Lotus attacks first
Black Lotus - P: 19 - W: 44 HP: 23 Spd: 19
Buchi - P: 21 - W: 14 HP: 19 Spd: 19
Black Lotus attacks for 19
Buchi has blocked 20 damage
Buchi attacks for 25
Black Lotus has blocked 50 damage
Black Lotus - P: 19 - W: 43.89 HP: 23 Spd: 19
Buchi - P: 21 - W: 13.72 HP: 19 Spd: 19
Black Lotus attacks for 20
Buchi has blocked 17 damage
Buchi has taken 3. He has 16 health left.
Buchi attacks for 21
Black Lotus has blocked 46 damage
Black Lotus - P: 19 - W: 43.78 HP: 23 Spd: 19
Buchi - P: 21 - W: 13.72 HP: 16 Spd: 19
Black Lotus attacks for 20
Buchi has blocked 17 damage
Buchi has taken 3. He has 13 health left.
Buchi attacks for 27
Black Lotus has blocked 46 damage
Black Lotus - P: 19 - W: 43.67 HP: 23 Spd: 19
Buchi - P: 21 - W: 13.72 HP: 13 Spd: 19
Black Lotus attacks for 19
Buchi has blocked 13 damage
Buchi has taken 6. He has 7 health left.
Buchi attacks for 26
Black Lotus has blocked 46 damage
Black Lotus - P: 19 - W: 43.56 HP: 23 Spd: 19
Buchi - P: 21 - W: 13.72 HP: 7 Spd: 19
Black Lotus attacks for 20
Buchi has blocked 14 damage
Buchi has taken 6. He has 1 health left.
Buchi attacks for 25
Black Lotus has blocked 46 damage
Stalemate penalty: Buchi - wrestle: 13.72 | Black Lotus - wrestle: 41.45 
Black Lotus - P: 19 - W: 41.45 HP: 23 Spd: 19
Buchi - P: 21 - W: 13.72 HP: 1 Spd: 19
Black Lotus has used his spcieal move and attacks for 61.45
Buchi has blocked 13 damage
Buchi has taken 48.45. He has 0 health left.
*** The battle has ended ***
** The winner is Black Lotus **
****************************
------- A NEW BATTLE BEGINS ------
--- Kani 158 vs. Toothless ---
Kani 158: Power: 23 - Wrestle: 20 - Stamina: 21 - Appeal: 19 - Speed: 19
Kani 158 has a damage multiplier of 1 and a defense buff of 1
Toothless: Power: 14 - Wrestle: 57 - Stamina: 17 - Appeal: 10 - Speed: 10
Toothless has a damage multiplier of 1.5 and a defense buff of 1
----------------------------------
Kani 158 attacks first
Kani 158 - P: 23 - W: 20 HP: 21 Spd: 19
Toothless - P: 14 - W: 57 HP: 17 Spd: 10
Kani 158 attacks for 25
Toothless has blocked 60 damage
Toothless attacks for 23
Kani 158 has blocked 20 damage
Kani 158 has taken 3. He has 18 health left.
Kani 158 - P: 23 - W: 20 HP: 18 Spd: 19
Toothless - P: 14 - W: 56.43 HP: 17 Spd: 10
Kani 158 attacks for 27
Toothless has blocked 58 damage
Toothless attacks for 17
Kani 158 has blocked 24 damage
Kani 158 - P: 23 - W: 19.95 HP: 18 Spd: 19
Toothless - P: 14 - W: 55.87 HP: 17 Spd: 10
Kani 158 attacks for 25
Toothless has blocked 55 damage
Toothless attacks for 14
Kani 158 has blocked 23 damage
Kani 158 - P: 23 - W: 19.9 HP: 18 Spd: 19
Toothless - P: 14 - W: 55.309999999999995 HP: 17 Spd: 10
Kani 158 attacks for 28
Toothless has blocked 60 damage
Toothless attacks for 14
Kani 158 has blocked 20 damage
Kani 158 - P: 23 - W: 19.849999999999998 HP: 18 Spd: 19
Toothless - P: 14 - W: 54.76 HP: 17 Spd: 10
Kani 158 attacks for 27
Toothless has blocked 60 damage
Toothless attacks for 15
Kani 158 has blocked 22 damage
Stalemate penalty: Kani 158 - wrestle: 19.799999999999997 | Toothless - wrestle: 52.21 
Kani 158 - P: 23 - W: 19.799999999999997 HP: 18 Spd: 19
Toothless - P: 14 - W: 52.21 HP: 17 Spd: 10
Kani 158 has used his special move and attacks for 41
Toothless has blocked 55 damage
Toothless attacks for 15
Kani 158 has blocked 25 damage
Stalemate penalty: Kani 158 - wrestle: 18.749999999999996 | Toothless - wrestle: 48.69 
Kani 158 - P: 23 - W: 18.749999999999996 HP: 18 Spd: 19
Toothless - P: 14 - W: 48.69 HP: 17 Spd: 10
Kani 158 attacks for 25
Toothless has blocked 53 damage
Toothless attacks for 20
Kani 158 has blocked 18 damage
Kani 158 has taken 2. He has 16 health left.
Stalemate penalty: Kani 158 - wrestle: 17.749999999999996 | Toothless - wrestle: 45.199999999999996 
Kani 158 - P: 23 - W: 17.749999999999996 HP: 16 Spd: 19
Toothless - P: 14 - W: 45.199999999999996 HP: 17 Spd: 10
Kani 158 attacks for 27
Toothless has blocked 46 damage
Toothless attacks for 20
Kani 158 has blocked 17 damage
Kani 158 has taken 3. He has 13 health left.
Stalemate penalty: Kani 158 - wrestle: 16.749999999999996 | Toothless - wrestle: 41.74999999999999 
Kani 158 - P: 23 - W: 16.749999999999996 HP: 13 Spd: 19
Toothless - P: 14 - W: 41.74999999999999 HP: 17 Spd: 10
Kani 158 attacks for 24
Toothless has blocked 46 damage
Toothless attacks for 18
Kani 158 has blocked 22 damage
Stalemate penalty: Kani 158 - wrestle: 15.709999999999997 | Toothless - wrestle: 38.32999999999999 
Kani 158 - P: 23 - W: 15.709999999999997 HP: 13 Spd: 19
Toothless - P: 14 - W: 38.32999999999999 HP: 17 Spd: 10
Kani 158 attacks for 26
Toothless has blocked 44 damage
Toothless attacks for 14
Kani 158 has blocked 19 damage
Stalemate penalty: Kani 158 - wrestle: 14.669999999999998 | Toothless - wrestle: 34.94999999999999 
Kani 158 - P: 23 - W: 14.669999999999998 HP: 13 Spd: 19
Toothless - P: 14 - W: 34.94999999999999 HP: 17 Spd: 10
Kani 158 attacks for 25
Toothless has blocked 37 damage
Toothless has used his special move and attacks for 48.59999999999999
Kani 158 has blocked 16 damage
Kani 158 has taken 32.59999999999999. He has 0 health left.
*** The battle has ended ***
** The winner is Toothless **
****************************
------- A NEW BATTLE BEGINS ------
--- Sebastian vs. Mr. Deep ---
Sebastian: Power: 18 - Wrestle: 24 - Stamina: 13 - Appeal: 17 - Speed: 17
Sebastian has a damage multiplier of 1 and a defense buff of 1
Mr. Deep: Power: 28 - Wrestle: 46 - Stamina: 32 - Appeal: 16 - Speed: 16
Mr. Deep has a damage multiplier of 1 and a defense buff of 1
----------------------------------
Sebastian attacks first
Sebastian - P: 18 - W: 24 HP: 13 Spd: 17
Mr. Deep - P: 28 - W: 46 HP: 32 Spd: 16
Sebastian attacks for 19
Mr. Deep has blocked 46 damage
Mr. Deep attacks for 29
Sebastian has blocked 28 damage
Sebastian has taken 1. He has 12 health left.
Sebastian - P: 18 - W: 24 HP: 12 Spd: 17
Mr. Deep - P: 28 - W: 45.88 HP: 32 Spd: 16
Sebastian attacks for 22
Mr. Deep has blocked 46 damage
Mr. Deep attacks for 34
Sebastian has blocked 24 damage
Sebastian has taken 10. He has 2 health left.
Sebastian - P: 18 - W: 24 HP: 2 Spd: 17
Mr. Deep - P: 28 - W: 45.77 HP: 32 Spd: 16
Sebastian attacks for 22
Mr. Deep has blocked 49 damage
Mr. Deep attacks for 28
Sebastian has blocked 28 damage
Sebastian - P: 18 - W: 24 HP: 2 Spd: 17
Mr. Deep - P: 28 - W: 45.660000000000004 HP: 32 Spd: 16
Sebastian attacks for 23
Mr. Deep has blocked 49 damage
Mr. Deep attacks for 34
Sebastian has blocked 24 damage
Sebastian has taken 10. He has 0 health left.
*** The battle has ended ***
** The winner is Mr. Deep **
****************************
------- A NEW BATTLE BEGINS ------
--- Skani vs. RogerRuby ---
Skani: Power: 24 - Wrestle: 7 - Stamina: 15 - Appeal: 23 - Speed: 23
Skani has a damage multiplier of 1.5 and a defense buff of 1
RogerRuby: Power: 7 - Wrestle: 47 - Stamina: 29 - Appeal: 20 - Speed: 20
RogerRuby has a damage multiplier of 1 and a defense buff of 1
----------------------------------
Skani attacks first
Skani - P: 24 - W: 7 HP: 15 Spd: 23
RogerRuby - P: 7 - W: 47 HP: 29 Spd: 20
Skani attacks for 31
RogerRuby has blocked 53 damage
RogerRuby attacks for 11
Skani has blocked 8 damage
Skani has taken 3. He has 12 health left.
Skani - P: 24 - W: 7 HP: 12 Spd: 23
RogerRuby - P: 7 - W: 46.53 HP: 29 Spd: 20
Skani attacks for 30
RogerRuby has blocked 51 damage
RogerRuby attacks for 12
Skani has blocked 10 damage
Skani has taken 2. He has 10 health left.
Skani - P: 24 - W: 7 HP: 10 Spd: 23
RogerRuby - P: 7 - W: 46.06 HP: 29 Spd: 20
Skani attacks for 24
RogerRuby has blocked 50 damage
RogerRuby attacks for 11
Skani has blocked 7 damage
Skani has taken 4. He has 6 health left.
Skani - P: 24 - W: 7 HP: 6 Spd: 23
RogerRuby - P: 7 - W: 45.940000000000005 HP: 29 Spd: 20
Skani attacks for 27
RogerRuby has blocked 50 damage
RogerRuby attacks for 8
Skani has blocked 8 damage
Skani - P: 24 - W: 7 HP: 6 Spd: 23
RogerRuby - P: 7 - W: 45.830000000000005 HP: 29 Spd: 20
Skani has used his special move and attacks for 32
RogerRuby has blocked 47 damage
RogerRuby attacks for 11
Skani has blocked 10 damage
Skani has taken 1. He has 5 health left.
Stalemate penalty: Skani - wrestle: 7 | RogerRuby - wrestle: 43.720000000000006 
Skani - P: 24 - W: 7 HP: 5 Spd: 23
RogerRuby - P: 7 - W: 43.720000000000006 HP: 29 Spd: 20
Skani attacks for 27
RogerRuby has blocked 47 damage
RogerRuby has used his special move and attacks for 52.61000000000001
Skani has blocked 8 damage
Skani has taken 44.61000000000001. He has 0 health left.
*** The battle has ended ***
** The winner is RogerRuby **
****************************
------- A NEW BATTLE BEGINS ------
--- RogerRuby vs. Mr. Deep ---
RogerRuby: Power: 7 - Wrestle: 47 - Stamina: 29 - Appeal: 20 - Speed: 20
RogerRuby has a damage multiplier of 1.5 and a defense buff of 1.5
Mr. Deep: Power: 28 - Wrestle: 46 - Stamina: 32 - Appeal: 16 - Speed: 16
Mr. Deep has a damage multiplier of 1.5 and a defense buff of 1.5
----------------------------------
RogerRuby attacks first
RogerRuby - P: 7 - W: 47 HP: 29 Spd: 20
Mr. Deep - P: 28 - W: 46 HP: 32 Spd: 16
RogerRuby attacks for 14
Mr. Deep has blocked 53 damage
Mr. Deep attacks for 29
RogerRuby has blocked 51 damage
RogerRuby - P: 7 - W: 46.53 HP: 29 Spd: 20
Mr. Deep - P: 28 - W: 45.88 HP: 32 Spd: 16
RogerRuby attacks for 16
Mr. Deep has blocked 48 damage
Mr. Deep attacks for 29
RogerRuby has blocked 46 damage
RogerRuby - P: 7 - W: 46.06 HP: 29 Spd: 20
Mr. Deep - P: 28 - W: 45.77 HP: 32 Spd: 16
RogerRuby attacks for 10
Mr. Deep has blocked 53 damage
Mr. Deep attacks for 29
RogerRuby has blocked 47 damage
RogerRuby - P: 7 - W: 45.6 HP: 29 Spd: 20
Mr. Deep - P: 28 - W: 45.660000000000004 HP: 32 Spd: 16
RogerRuby attacks for 10
Mr. Deep has blocked 54 damage
Mr. Deep attacks for 32
RogerRuby has blocked 53 damage
RogerRuby - P: 7 - W: 45.14 HP: 29 Spd: 20
Mr. Deep - P: 28 - W: 45.550000000000004 HP: 32 Spd: 16
RogerRuby attacks for 10
Mr. Deep has blocked 53 damage
Mr. Deep attacks for 28
RogerRuby has blocked 51 damage
Stalemate penalty: RogerRuby - wrestle: 42.69 | Mr. Deep - wrestle: 43.440000000000005 
RogerRuby - P: 7 - W: 42.69 HP: 29 Spd: 20
Mr. Deep - P: 28 - W: 43.440000000000005 HP: 32 Spd: 16
RogerRuby has used his special move and attacks for 49.69
Mr. Deep has blocked 46 damage
Mr. Deep has taken 3.6899999999999977. He has 28.310000000000002 health left.
Mr. Deep attacks for 29
RogerRuby has blocked 50 damage
Stalemate penalty: RogerRuby - wrestle: 40.26 | Mr. Deep - wrestle: 41.440000000000005 
RogerRuby - P: 7 - W: 40.26 HP: 29 Spd: 20
Mr. Deep - P: 28 - W: 41.440000000000005 HP: 28.310000000000002 Spd: 16
RogerRuby attacks for 11
Mr. Deep has blocked 45 damage
Mr. Deep has used his special move and attacks for 70.34
RogerRuby has blocked 43 damage
RogerRuby has taken 27.340000000000003. He has 1.6599999999999966 health left.
Stalemate penalty: RogerRuby - wrestle: 38.26 | Mr. Deep - wrestle: 39.34 
RogerRuby - P: 7 - W: 38.26 HP: 1.6599999999999966 Spd: 20
Mr. Deep - P: 28 - W: 39.34 HP: 28.310000000000002 Spd: 16
RogerRuby attacks for 11
Mr. Deep has blocked 40 damage
Mr. Deep attacks for 29
RogerRuby has blocked 38 damage
Stalemate penalty: RogerRuby - wrestle: 35.11 | Mr. Deep - wrestle: 36.24 
RogerRuby - P: 7 - W: 35.11 HP: 1.6599999999999966 Spd: 20
Mr. Deep - P: 28 - W: 36.24 HP: 28.310000000000002 Spd: 16
RogerRuby attacks for 8
Mr. Deep has blocked 39 damage
Mr. Deep attacks for 35
RogerRuby has blocked 42 damage
Stalemate penalty: RogerRuby - wrestle: 31.060000000000002 | Mr. Deep - wrestle: 33.15 
RogerRuby - P: 7 - W: 31.060000000000002 HP: 1.6599999999999966 Spd: 20
Mr. Deep - P: 28 - W: 33.15 HP: 28.310000000000002 Spd: 16
RogerRuby attacks for 13
Mr. Deep has blocked 34 damage
Mr. Deep attacks for 31
RogerRuby has blocked 32 damage
Stalemate penalty: RogerRuby - wrestle: 27.820000000000004 | Mr. Deep - wrestle: 30.07 
RogerRuby - P: 7 - W: 27.820000000000004 HP: 1.6599999999999966 Spd: 20
Mr. Deep - P: 28 - W: 30.07 HP: 28.310000000000002 Spd: 16
RogerRuby attacks for 10
Mr. Deep has blocked 37 damage
Mr. Deep attacks for 34
RogerRuby has blocked 29 damage
RogerRuby has taken 5. He has 0 health left.
*** The battle has ended ***
** The winner is Mr. Deep **
****************************
------- A NEW BATTLE BEGINS ------
--- Toothless vs. Black Lotus ---
Toothless: Power: 14 - Wrestle: 57 - Stamina: 17 - Appeal: 10 - Speed: 10
Toothless has a damage multiplier of 1.5 and a defense buff of 1
Black Lotus: Power: 19 - Wrestle: 44 - Stamina: 23 - Appeal: 19 - Speed: 19
Black Lotus has a damage multiplier of 1 and a defense buff of 1.5
----------------------------------
Black Lotus attacks first
Black Lotus - P: 19 - W: 44 HP: 23 Spd: 19
Toothless - P: 14 - W: 57 HP: 17 Spd: 10
Black Lotus attacks for 23
Toothless has blocked 60 damage
Toothless attacks for 15
Black Lotus has blocked 53 damage
Black Lotus - P: 19 - W: 43.89 HP: 23 Spd: 19
Toothless - P: 14 - W: 56.43 HP: 17 Spd: 10
Black Lotus attacks for 19
Toothless has blocked 59 damage
Toothless attacks for 20
Black Lotus has blocked 49 damage
Black Lotus - P: 19 - W: 43.78 HP: 23 Spd: 19
Toothless - P: 14 - W: 55.87 HP: 17 Spd: 10
Black Lotus attacks for 24
Toothless has blocked 55 damage
Toothless attacks for 18
Black Lotus has blocked 43 damage
Black Lotus - P: 19 - W: 43.67 HP: 23 Spd: 19
Toothless - P: 14 - W: 55.309999999999995 HP: 17 Spd: 10
Black Lotus attacks for 22
Toothless has blocked 61 damage
Toothless attacks for 20
Black Lotus has blocked 43 damage
Black Lotus - P: 19 - W: 43.56 HP: 23 Spd: 19
Toothless - P: 14 - W: 54.76 HP: 17 Spd: 10
Black Lotus attacks for 23
Toothless has blocked 57 damage
Toothless attacks for 17
Black Lotus has blocked 52 damage
Stalemate penalty: Toothless - wrestle: 52.21 | Black Lotus - wrestle: 41.45 
Black Lotus - P: 19 - W: 41.45 HP: 23 Spd: 19
Toothless - P: 14 - W: 52.21 HP: 17 Spd: 10
Black Lotus has used his spcieal move and attacks for 66.45
Toothless has blocked 52 damage
Toothless has taken 14.450000000000003. He has 2.549999999999997 health left.
Toothless attacks for 20
Black Lotus has blocked 44 damage
Stalemate penalty: Toothless - wrestle: 49.21 | Black Lotus - wrestle: 39.35 
Black Lotus - P: 19 - W: 39.35 HP: 23 Spd: 19
Toothless - P: 14 - W: 49.21 HP: 2.549999999999997 Spd: 10
Black Lotus attacks for 24
Toothless has blocked 52 damage
Toothless attacks for 14
Black Lotus has blocked 40 damage
Stalemate penalty: Toothless - wrestle: 45.72 | Black Lotus - wrestle: 37.25 
Black Lotus - P: 19 - W: 37.25 HP: 23 Spd: 19
Toothless - P: 14 - W: 45.72 HP: 2.549999999999997 Spd: 10
Black Lotus attacks for 23
Toothless has blocked 49 damage
Toothless attacks for 15
Black Lotus has blocked 41 damage
Stalemate penalty: Toothless - wrestle: 42.26 | Black Lotus - wrestle: 35.16 
Black Lotus - P: 19 - W: 35.16 HP: 23 Spd: 19
Toothless - P: 14 - W: 42.26 HP: 2.549999999999997 Spd: 10
Black Lotus attacks for 19
Toothless has blocked 48 damage
Toothless attacks for 23
Black Lotus has blocked 38 damage
Stalemate penalty: Toothless - wrestle: 38.839999999999996 | Black Lotus - wrestle: 32.06999999999999 
Black Lotus - P: 19 - W: 32.06999999999999 HP: 23 Spd: 19
Toothless - P: 14 - W: 38.839999999999996 HP: 2.549999999999997 Spd: 10
Black Lotus attacks for 23
Toothless has blocked 44 damage
Toothless attacks for 21
Black Lotus has blocked 32 damage
Stalemate penalty: Toothless - wrestle: 35.059999999999995 | Black Lotus - wrestle: 28.989999999999995 
Black Lotus - P: 19 - W: 28.989999999999995 HP: 23 Spd: 19
Toothless - P: 14 - W: 35.059999999999995 HP: 2.549999999999997 Spd: 10
Black Lotus attacks for 19
Toothless has blocked 37 damage
Toothless has used his spcieal move and attacks for 52.35999999999999
Black Lotus has blocked 33 damage
Black Lotus has taken 19.359999999999992. He has 3.6400000000000077 health left.
Stalemate penalty: Toothless - wrestle: 31.359999999999992 | Black Lotus - wrestle: 25.989999999999995 
Black Lotus - P: 19 - W: 25.989999999999995 HP: 3.6400000000000077 Spd: 19
Toothless - P: 14 - W: 31.359999999999992 HP: 2.549999999999997 Spd: 10
Black Lotus attacks for 25
Toothless has blocked 34 damage
Toothless attacks for 15
Black Lotus has blocked 33 damage
Stalemate penalty: Toothless - wrestle: 28.049999999999994 | Black Lotus - wrestle: 22.929999999999996 
Black Lotus - P: 19 - W: 22.929999999999996 HP: 3.6400000000000077 Spd: 19
Toothless - P: 14 - W: 28.049999999999994 HP: 2.549999999999997 Spd: 10
Black Lotus has used his spcieal move and attacks for 44.92999999999999
Toothless has blocked 28 damage
Toothless has taken 16.929999999999993. He has 0 health left.
*** The battle has ended ***
** The winner is Black Lotus **
****************************
------- A NEW BATTLE BEGINS ------
--- Kani 128 vs. Amnesia ---
Kani 128: Power: 6 - Wrestle: 63 - Stamina: 14 - Appeal: 18 - Speed: 18
Kani 128 has a damage multiplier of 1 and a defense buff of 1.5
Amnesia: Power: 58 - Wrestle: 7 - Stamina: 36 - Appeal: 37 - Speed: 37
Amnesia has a damage multiplier of 1.5 and a defense buff of 1
----------------------------------
Amnesia attacks first
Amnesia - P: 58 - W: 7 HP: 36 Spd: 37
Kani 128 - P: 6 - W: 63 HP: 14 Spd: 18
Amnesia attacks for 59
Kani 128 has blocked 64 damage
Kani 128 attacks for 11
Amnesia has blocked 7 damage
Amnesia has taken 4. He has 32 health left.
Amnesia - P: 58 - W: 7 HP: 32 Spd: 37
Kani 128 - P: 6 - W: 61.11 HP: 14 Spd: 18
Amnesia attacks for 58
Kani 128 has blocked 68 damage
Kani 128 attacks for 12
Amnesia has blocked 11 damage
Amnesia has taken 1. He has 31 health left.
Amnesia - P: 58 - W: 7 HP: 31 Spd: 37
Kani 128 - P: 6 - W: 59.28 HP: 14 Spd: 18
Amnesia has used his spcieal move and attacks for 116
Kani 128 has blocked 60 damage
Kani 128 has taken 56. He has 0 health left.
*** The battle has ended ***
** The winner is Amnesia **
****************************
------- A NEW BATTLE BEGINS ------
--- Blurple vs. Pickle Rick ---
Blurple: Power: 45 - Wrestle: 24 - Stamina: 25 - Appeal: 22 - Speed: 22
Blurple has a damage multiplier of 1 and a defense buff of 1
Pickle Rick: Power: 30 - Wrestle: 24 - Stamina: 30 - Appeal: 10 - Speed: 10
Pickle Rick has a damage multiplier of 1 and a defense buff of 1
----------------------------------
Blurple attacks first
Blurple - P: 45 - W: 24 HP: 25 Spd: 22
Pickle Rick - P: 30 - W: 24 HP: 30 Spd: 10
Blurple attacks for 45
Pickle Rick has blocked 27 damage
Pickle Rick has taken 18. He has 12 health left.
Pickle Rick attacks for 31
Blurple has blocked 26 damage
Blurple has taken 5. He has 20 health left.
Blurple - P: 45 - W: 24 HP: 20 Spd: 22
Pickle Rick - P: 30 - W: 24 HP: 12 Spd: 10
Blurple attacks for 48
Pickle Rick has blocked 27 damage
Pickle Rick has taken 21. He has 0 health left.
*** The battle has ended ***
** The winner is Blurple **
****************************
------- A NEW BATTLE BEGINS ------
--- Blurple vs. Amnesia ---
Blurple: Power: 45 - Wrestle: 24 - Stamina: 25 - Appeal: 22 - Speed: 22
Blurple has a damage multiplier of 1 and a defense buff of 1.5
Amnesia: Power: 58 - Wrestle: 7 - Stamina: 36 - Appeal: 37 - Speed: 37
Amnesia has a damage multiplier of 1.5 and a defense buff of 1
----------------------------------
Amnesia attacks first
Amnesia - P: 58 - W: 7 HP: 36 Spd: 37
Blurple - P: 45 - W: 24 HP: 25 Spd: 22
Amnesia attacks for 61
Blurple has blocked 31 damage
Blurple has taken 30. He has 0 health left.
*** The battle has ended ***
** The winner is Amnesia **
****************************
------- A NEW BATTLE BEGINS ------
--- Black Lotus vs. Mr. Deep ---
Black Lotus: Power: 19 - Wrestle: 44 - Stamina: 23 - Appeal: 19 - Speed: 19
Black Lotus has a damage multiplier of 1 and a defense buff of 1
Mr. Deep: Power: 28 - Wrestle: 46 - Stamina: 32 - Appeal: 16 - Speed: 16
Mr. Deep has a damage multiplier of 1 and a defense buff of 1
----------------------------------
Black Lotus attacks first
Black Lotus - P: 19 - W: 44 HP: 23 Spd: 19
Mr. Deep - P: 28 - W: 46 HP: 32 Spd: 16
Black Lotus attacks for 21
Mr. Deep has blocked 51 damage
Mr. Deep attacks for 28
Black Lotus has blocked 49 damage
Black Lotus - P: 19 - W: 43.56 HP: 23 Spd: 19
Mr. Deep - P: 28 - W: 45.88 HP: 32 Spd: 16
Black Lotus attacks for 20
Mr. Deep has blocked 45 damage
Mr. Deep attacks for 30
Black Lotus has blocked 45 damage
Black Lotus - P: 19 - W: 43.120000000000005 HP: 23 Spd: 19
Mr. Deep - P: 28 - W: 45.77 HP: 32 Spd: 16
Black Lotus attacks for 25
Mr. Deep has blocked 46 damage
Mr. Deep attacks for 32
Black Lotus has blocked 46 damage
Black Lotus - P: 19 - W: 42.690000000000005 HP: 23 Spd: 19
Mr. Deep - P: 28 - W: 45.660000000000004 HP: 32 Spd: 16
Black Lotus attacks for 24
Mr. Deep has blocked 51 damage
Mr. Deep attacks for 34
Black Lotus has blocked 46 damage
Black Lotus - P: 19 - W: 42.260000000000005 HP: 23 Spd: 19
Mr. Deep - P: 28 - W: 45.550000000000004 HP: 32 Spd: 16
Black Lotus attacks for 22
Mr. Deep has blocked 50 damage
Mr. Deep attacks for 33
Black Lotus has blocked 46 damage
Stalemate penalty: Black Lotus - wrestle: 39.84 | Mr. Deep - wrestle: 43.440000000000005 
Black Lotus - P: 19 - W: 39.84 HP: 23 Spd: 19
Mr. Deep - P: 28 - W: 43.440000000000005 HP: 32 Spd: 16
Black Lotus has used his special move and attacks for 61.84
Mr. Deep has blocked 48 damage
Mr. Deep has taken 13.840000000000003. He has 18.159999999999997 health left.
Mr. Deep attacks for 30
Black Lotus has blocked 43 damage
Stalemate penalty: Black Lotus - wrestle: 37.440000000000005 | Mr. Deep - wrestle: 41.440000000000005 
Black Lotus - P: 19 - W: 37.440000000000005 HP: 23 Spd: 19
Mr. Deep - P: 28 - W: 41.440000000000005 HP: 18.159999999999997 Spd: 16
Black Lotus attacks for 24
Mr. Deep has blocked 47 damage
Mr. Deep has used his special move and attacks for 70.34
Black Lotus has blocked 39 damage
Black Lotus has taken 31.340000000000003. He has 0 health left.
*** The battle has ended ***
** The winner is Mr. Deep **
****************************
------- A NEW BATTLE BEGINS ------
--- Mr. Deep vs. Amnesia ---
Mr. Deep: Power: 28 - Wrestle: 46 - Stamina: 32 - Appeal: 16 - Speed: 16
Mr. Deep has a damage multiplier of 1.5 and a defense buff of 1.5
Amnesia: Power: 58 - Wrestle: 7 - Stamina: 36 - Appeal: 37 - Speed: 37
Amnesia has a damage multiplier of 1.5 and a defense buff of 1
----------------------------------
Amnesia attacks first
Amnesia - P: 58 - W: 7 HP: 36 Spd: 37
Mr. Deep - P: 28 - W: 46 HP: 32 Spd: 16
Amnesia attacks for 67
Mr. Deep has blocked 47 damage
Mr. Deep has taken 20. He has 12 health left.
Mr. Deep attacks for 32
Amnesia has blocked 12 damage
Amnesia has taken 20. He has 16 health left.
Amnesia - P: 58 - W: 7 HP: 16 Spd: 37
Mr. Deep - P: 28 - W: 46 HP: 12 Spd: 16
Amnesia attacks for 62
Mr. Deep has blocked 55 damage
Mr. Deep has taken 7. He has 5 health left.
Mr. Deep attacks for 35
Amnesia has blocked 11 damage
Amnesia has taken 24. He has 0 health left.
*** The battle has ended ***
** The winner is Mr. Deep **
****************************
