------- A NEW BATTLE BEGINS ------
---    Kani 262 vs. Snappier   ---
----------------------------------
Kani 262 - Power: 10 | Wrestle: 5 | Speed: 11 | Stamina: 6 | Appeal:4 | Region: West | Power Bonus: South | Wrestle Bonus: North
Snappier - Power: 28 | Wrestle: 29 | Speed: 23 | Stamina: 27 | Appeal:3 | Region: West | Power Bonus: South | Wrestle Bonus: North
----------------------------------
Snappier pinches for 34 damage.
Kani 262's wrestle skill mitigates 8 damage.
Snappier hit Kani 262 for 26. Kani 262 has 0 hp left.

After 1 turns, the battle has ended: winner = Snappier, loser = Kani 262
************
------- A NEW BATTLE BEGINS ------
---    Kani 232 vs. Purplue   ---
----------------------------------
Kani 232 - Power: 5 | Wrestle: 8 | Speed: 14 | Stamina: 6 | Appeal:7 | Region: North | Power Bonus: North | Wrestle Bonus: North
Purplue - Power: 31 | Wrestle: 28 | Speed: 7 | Stamina: 36 | Appeal:12 | Region: South | Power Bonus: South | Wrestle Bonus: South
----------------------------------
Kani 232 pinches for 11 damage.
Purplue's wrestle skill mitigates 34 damage.
Kani 232's attack didn't inflict any damage, but blocking the attack has caused Purplue to fatigue.

Purplue pinches for 36 damage.
Kani 232's wrestle skill mitigates 11 damage.
Purplue hit Kani 232 for 25. Kani 232 has 0 hp left.

After 1 turns, the battle has ended: winner = Purplue, loser = Kani 232
************
------- A NEW BATTLE BEGINS ------
---    Wut vs. Solomon   ---
----------------------------------
Wut - Power: 19 | Wrestle: 30 | Speed: 24 | Stamina: 26 | Appeal:8 | Region: North | Power Bonus: South | Wrestle Bonus: North
Solomon - Power: 40 | Wrestle: 9 | Speed: 4 | Stamina: 11 | Appeal:3 | Region: West | Power Bonus: North | Wrestle Bonus: East
----------------------------------
Wut pinches for 25 damage.
Solomon's wrestle skill mitigates 13 damage.
Wut hit Solomon for 12. Solomon has 21 hp left.

Solomon pinches for 54 damage.
Wut's wrestle skill mitigates 36 damage.
Solomon hit Wut for 18. Wut has 60 hp left.

Wut pinches for 25 damage.
Solomon's wrestle skill mitigates 15 damage.
Wut hit Solomon for 10. Solomon has 11 hp left.

Solomon pinches for 45 damage.
Wut's wrestle skill mitigates 33 damage.
Solomon hit Wut for 12. Wut has 48 hp left.

Wut pinches for 22 damage.
Solomon's wrestle skill mitigates 13 damage.
Wut hit Solomon for 9. Solomon has 2 hp left.

Solomon pinches for 40 damage.
Wut's wrestle skill mitigates 35 damage.
Solomon hit Wut for 5. Wut has 43 hp left.

Wut pinches for 25 damage.
Solomon's wrestle skill mitigates 13 damage.
Wut hit Solomon for 12. Solomon has 0 hp left.

After 4 turns, the battle has ended: winner = Wut, loser = Solomon
************
------- A NEW BATTLE BEGINS ------
---    Kani 207 vs. Phantom   ---
----------------------------------
Kani 207 - Power: 19 | Wrestle: 14 | Speed: 13 | Stamina: 15 | Appeal:64 | Region: West | Power Bonus: East | Wrestle Bonus: North
Phantom - Power: 22 | Wrestle: 24 | Speed: 37 | Stamina: 36 | Appeal:10 | Region: West | Power Bonus: East | Wrestle Bonus: North
----------------------------------
Phantom pinches for 27 damage.
Kani 207's wrestle skill mitigates 17 damage.
Phantom hit Kani 207 for 10. Kani 207 has 35 hp left.

Kani 207 pinches for 23 damage.
Phantom's wrestle skill mitigates 30 damage.
Kani 207's attack didn't inflict any damage, but blocking the attack has caused Phantom to fatigue.

Phantom pinches for 25 damage.
Kani 207's wrestle skill mitigates 17 damage.
Phantom hit Kani 207 for 8. Kani 207 has 27 hp left.

Kani 207 pinches for 25 damage.
Phantom's wrestle skill mitigates 29 damage.
Kani 207's attack didn't inflict any damage, but blocking the attack has caused Phantom to fatigue.

Phantom pinches for 28 damage.
Kani 207's wrestle skill mitigates 19 damage.
Phantom hit Kani 207 for 9. Kani 207 has 18 hp left.

Kani 207 pinches for 22 damage.
Phantom's wrestle skill mitigates 27 damage.
Kani 207's attack didn't inflict any damage, but blocking the attack has caused Phantom to fatigue.

Phantom just used his special move 5 and attacked for 65 damage
Kani 207's wrestle skill mitigates 20 damage.
Phantom hit Kani 207 for 45. Kani 207 has 0 hp left.

After 4 turns, the battle has ended: winner = Phantom, loser = Kani 207
************
------- A NEW BATTLE BEGINS ------
---    Kani 202 vs. Sebastian   ---
----------------------------------
Kani 202 - Power: 7 | Wrestle: 6 | Speed: 13 | Stamina: 2 | Appeal:9 | Region: East | Power Bonus: East | Wrestle Bonus: East
Sebastian - Power: 26 | Wrestle: 19 | Speed: 13 | Stamina: 55 | Appeal:7 | Region: North | Power Bonus: North | Wrestle Bonus: West
----------------------------------
Sebastian pinches for 31 damage.
Kani 202's wrestle skill mitigates 11 damage.
Sebastian hit Kani 202 for 20. Kani 202 has 0 hp left.

After 1 turns, the battle has ended: winner = Sebastian, loser = Kani 202
************
------- A NEW BATTLE BEGINS ------
---    Chief vs. Goutweed   ---
----------------------------------
Chief - Power: 14 | Wrestle: 24 | Speed: 4 | Stamina: 36 | Appeal:4 | Region: East | Power Bonus: East | Wrestle Bonus: East
Goutweed - Power: 33 | Wrestle: 43 | Speed: 10 | Stamina: 48 | Appeal:3 | Region: West | Power Bonus: South | Wrestle Bonus: North
----------------------------------
Goutweed pinches for 39 damage.
Chief's wrestle skill mitigates 27 damage.
Goutweed hit Chief for 12. Chief has 96 hp left.

Chief pinches for 20 damage.
Goutweed's wrestle skill mitigates 47 damage.
Chief's attack didn't inflict any damage, but blocking the attack has caused Goutweed to fatigue.

Goutweed pinches for 39 damage.
Chief's wrestle skill mitigates 30 damage.
Goutweed hit Chief for 9. Chief has 87 hp left.

Chief pinches for 19 damage.
Goutweed's wrestle skill mitigates 46 damage.
Chief's attack didn't inflict any damage, but blocking the attack has caused Goutweed to fatigue.

Goutweed pinches for 39 damage.
Chief's wrestle skill mitigates 30 damage.
Goutweed hit Chief for 9. Chief has 78 hp left.

Chief pinches for 17 damage.
Goutweed's wrestle skill mitigates 47 damage.
Chief's attack didn't inflict any damage, but blocking the attack has caused Goutweed to fatigue.

Goutweed pinches for 36 damage.
Chief's wrestle skill mitigates 30 damage.
Goutweed hit Chief for 6. Chief has 72 hp left.

Chief pinches for 18 damage.
Goutweed's wrestle skill mitigates 46 damage.
Chief's attack didn't inflict any damage, but blocking the attack has caused Goutweed to fatigue.

Goutweed pinches for 38 damage.
Chief's wrestle skill mitigates 27 damage.
Goutweed hit Chief for 11. Chief has 61 hp left.

Chief pinches for 20 damage.
Goutweed's wrestle skill mitigates 49 damage.
Chief's attack didn't inflict any damage, but blocking the attack has caused Goutweed to fatigue.

Goutweed pinches for 36 damage.
Chief's wrestle skill mitigates 27 damage.
Goutweed hit Chief for 9. Chief has 52 hp left.

Chief pinches for 17 damage.
Goutweed's wrestle skill mitigates 46 damage.
Chief's attack didn't inflict any damage, but blocking the attack has caused Goutweed to fatigue.

Goutweed pinches for 39 damage.
Chief's wrestle skill mitigates 25 damage.
Goutweed hit Chief for 14. Chief has 38 hp left.

Chief pinches for 17 damage.
Goutweed's wrestle skill mitigates 45 damage.
Chief's attack didn't inflict any damage, but blocking the attack has caused Goutweed to fatigue.

Goutweed is unable to attack due to fatigue
Goutweed was fatigued and could not attack. Chief took the chance to rest and is no longer as fatigued.

Chief pinches for 20 damage.
Goutweed's wrestle skill mitigates 13 damage.
Chief hit Goutweed for 7. Goutweed has 137 hp left.

Goutweed pinches for 38 damage.
Chief's wrestle skill mitigates 29 damage.
Goutweed hit Chief for 9. Chief has 29 hp left.

Chief pinches for 17 damage.
Goutweed's wrestle skill mitigates 41 damage.
Chief's attack didn't inflict any damage, but blocking the attack has caused Goutweed to fatigue.

Goutweed pinches for 39 damage.
Chief's wrestle skill mitigates 8 damage.
Goutweed hit Chief for 31. Chief has 0 hp left.

After 10 turns, the battle has ended: winner = Goutweed, loser = Chief
************
------- A NEW BATTLE BEGINS ------
---    Dagon vs. Electra   ---
----------------------------------
Dagon - Power: 39 | Wrestle: 40 | Speed: 6 | Stamina: 32 | Appeal:4 | Region: East | Power Bonus: North | Wrestle Bonus: East
Electra - Power: 31 | Wrestle: 14 | Speed: 17 | Stamina: 28 | Appeal:18 | Region: South | Power Bonus: East | Wrestle Bonus: South
----------------------------------
Electra pinches for 43 damage.
Dagon's wrestle skill mitigates 43 damage.
Electra's attack didn't inflict any damage, but blocking the attack has caused Dagon to fatigue.

Dagon pinches for 45 damage.
Electra's wrestle skill mitigates 17 damage.
Dagon hit Electra for 28. Electra has 56 hp left.

Electra pinches for 42 damage.
Dagon's wrestle skill mitigates 44 damage.
Electra's attack didn't inflict any damage, but blocking the attack has caused Dagon to fatigue.

Dagon pinches for 45 damage.
Electra's wrestle skill mitigates 19 damage.
Dagon hit Electra for 26. Electra has 30 hp left.

Electra pinches for 42 damage.
Dagon's wrestle skill mitigates 43 damage.
Electra's attack didn't inflict any damage, but blocking the attack has caused Dagon to fatigue.

Dagon pinches for 45 damage.
Electra's wrestle skill mitigates 20 damage.
Dagon hit Electra for 25. Electra has 5 hp left.

Electra pinches for 42 damage.
Dagon's wrestle skill mitigates 44 damage.
Electra's attack didn't inflict any damage, but blocking the attack has caused Dagon to fatigue.

Dagon is unable to attack due to fatigue
Dagon was fatigued and could not attack. Electra took the chance to rest and is no longer as fatigued.

Electra pinches for 41 damage.
Dagon's wrestle skill mitigates 14 damage.
Electra hit Dagon for 27. Dagon has 69 hp left.

Dagon pinches for 42 damage.
Electra's wrestle skill mitigates 17 damage.
Dagon hit Electra for 25. Electra has 0 hp left.

After 5 turns, the battle has ended: winner = Dagon, loser = Electra
************
------- A NEW BATTLE BEGINS ------
---    Kani 234 vs. AmyAmethyst   ---
----------------------------------
Kani 234 - Power: 28 | Wrestle: 14 | Speed: 12 | Stamina: 19 | Appeal:10 | Region: North | Power Bonus: North | Wrestle Bonus: North
AmyAmethyst - Power: 31 | Wrestle: 31 | Speed: 39 | Stamina: 34 | Appeal:10 | Region: South | Power Bonus: South | Wrestle Bonus: South
----------------------------------
AmyAmethyst pinches for 35 damage.
Kani 234's wrestle skill mitigates 20 damage.
AmyAmethyst hit Kani 234 for 15. Kani 234 has 42 hp left.

Kani 234 pinches for 31 damage.
AmyAmethyst's wrestle skill mitigates 36 damage.
Kani 234's attack didn't inflict any damage, but blocking the attack has caused AmyAmethyst to fatigue.

AmyAmethyst pinches for 37 damage.
Kani 234's wrestle skill mitigates 19 damage.
AmyAmethyst hit Kani 234 for 18. Kani 234 has 24 hp left.

Kani 234 pinches for 31 damage.
AmyAmethyst's wrestle skill mitigates 36 damage.
Kani 234's attack didn't inflict any damage, but blocking the attack has caused AmyAmethyst to fatigue.

AmyAmethyst pinches for 34 damage.
Kani 234's wrestle skill mitigates 19 damage.
AmyAmethyst hit Kani 234 for 15. Kani 234 has 9 hp left.

Kani 234 pinches for 32 damage.
AmyAmethyst's wrestle skill mitigates 37 damage.
Kani 234's attack didn't inflict any damage, but blocking the attack has caused AmyAmethyst to fatigue.

AmyAmethyst just used his special move 5 and attacked for 74 damage
Kani 234's wrestle skill mitigates 20 damage.
AmyAmethyst hit Kani 234 for 54. Kani 234 has 0 hp left.

After 4 turns, the battle has ended: winner = AmyAmethyst, loser = Kani 234
************
------- A NEW BATTLE BEGINS ------
---    AmyAmethyst vs. Dagon   ---
----------------------------------
AmyAmethyst - Power: 31 | Wrestle: 31 | Speed: 39 | Stamina: 34 | Appeal:10 | Region: South | Power Bonus: South | Wrestle Bonus: South
Dagon - Power: 39 | Wrestle: 40 | Speed: 6 | Stamina: 32 | Appeal:4 | Region: East | Power Bonus: North | Wrestle Bonus: East
----------------------------------
AmyAmethyst pinches for 37 damage.
Dagon's wrestle skill mitigates 46 damage.
AmyAmethyst's attack didn't inflict any damage, but blocking the attack has caused Dagon to fatigue.

Dagon pinches for 43 damage.
AmyAmethyst's wrestle skill mitigates 35 damage.
Dagon hit AmyAmethyst for 8. AmyAmethyst has 94 hp left.

AmyAmethyst pinches for 37 damage.
Dagon's wrestle skill mitigates 43 damage.
AmyAmethyst's attack didn't inflict any damage, but blocking the attack has caused Dagon to fatigue.

Dagon pinches for 43 damage.
AmyAmethyst's wrestle skill mitigates 36 damage.
Dagon hit AmyAmethyst for 7. AmyAmethyst has 87 hp left.

AmyAmethyst pinches for 36 damage.
Dagon's wrestle skill mitigates 45 damage.
AmyAmethyst's attack didn't inflict any damage, but blocking the attack has caused Dagon to fatigue.

Dagon is unable to attack due to fatigue
Dagon was fatigued and could not attack. AmyAmethyst took the chance to rest and is no longer as fatigued.

AmyAmethyst just used his special move 5 and attacked for 73 damage
Dagon's wrestle skill mitigates 14 damage.
AmyAmethyst hit Dagon for 59. Dagon has 37 hp left.

Dagon pinches for 45 damage.
AmyAmethyst's wrestle skill mitigates 37 damage.
Dagon hit AmyAmethyst for 8. AmyAmethyst has 79 hp left.

AmyAmethyst pinches for 37 damage.
Dagon's wrestle skill mitigates 46 damage.
AmyAmethyst's attack didn't inflict any damage, but blocking the attack has caused Dagon to fatigue.

Dagon pinches for 44 damage.
AmyAmethyst's wrestle skill mitigates 37 damage.
Dagon hit AmyAmethyst for 7. AmyAmethyst has 72 hp left.

AmyAmethyst pinches for 34 damage.
Dagon's wrestle skill mitigates 14 damage.
AmyAmethyst hit Dagon for 20. Dagon has 17 hp left.

Dagon pinches for 45 damage.
AmyAmethyst's wrestle skill mitigates 33 damage.
Dagon hit AmyAmethyst for 12. AmyAmethyst has 60 hp left.

AmyAmethyst just used his special move 5 and attacked for 75 damage
Dagon's wrestle skill mitigates 40 damage.
AmyAmethyst hit Dagon for 35. Dagon has 0 hp left.

After 7 turns, the battle has ended: winner = AmyAmethyst, loser = Dagon
************
------- A NEW BATTLE BEGINS ------
---    Goutweed vs. Sebastian   ---
----------------------------------
Goutweed - Power: 33 | Wrestle: 43 | Speed: 10 | Stamina: 48 | Appeal:3 | Region: West | Power Bonus: South | Wrestle Bonus: North
Sebastian - Power: 26 | Wrestle: 19 | Speed: 13 | Stamina: 55 | Appeal:7 | Region: North | Power Bonus: North | Wrestle Bonus: West
----------------------------------
Sebastian pinches for 30 damage.
Goutweed's wrestle skill mitigates 60 damage.
Sebastian's attack didn't inflict any damage, but blocking the attack has caused Goutweed to fatigue.

Goutweed pinches for 39 damage.
Sebastian's wrestle skill mitigates 28 damage.
Goutweed hit Sebastian for 11. Sebastian has 154 hp left.

Sebastian pinches for 29 damage.
Goutweed's wrestle skill mitigates 58 damage.
Sebastian's attack didn't inflict any damage, but blocking the attack has caused Goutweed to fatigue.

Goutweed pinches for 37 damage.
Sebastian's wrestle skill mitigates 31 damage.
Goutweed hit Sebastian for 6. Sebastian has 148 hp left.

Sebastian pinches for 31 damage.
Goutweed's wrestle skill mitigates 57 damage.
Sebastian's attack didn't inflict any damage, but blocking the attack has caused Goutweed to fatigue.

Goutweed pinches for 38 damage.
Sebastian's wrestle skill mitigates 28 damage.
Goutweed hit Sebastian for 10. Sebastian has 138 hp left.

Sebastian pinches for 29 damage.
Goutweed's wrestle skill mitigates 57 damage.
Sebastian's attack didn't inflict any damage, but blocking the attack has caused Goutweed to fatigue.

Goutweed pinches for 39 damage.
Sebastian's wrestle skill mitigates 30 damage.
Goutweed hit Sebastian for 9. Sebastian has 129 hp left.

Sebastian pinches for 31 damage.
Goutweed's wrestle skill mitigates 61 damage.
Sebastian's attack didn't inflict any damage, but blocking the attack has caused Goutweed to fatigue.

Goutweed is unable to attack due to fatigue
Goutweed was fatigued and could not attack. Sebastian took the chance to rest and is no longer as fatigued.

Sebastian pinches for 32 damage.
Goutweed's wrestle skill mitigates 19 damage.
Sebastian hit Goutweed for 13. Goutweed has 131 hp left.

Goutweed pinches for 37 damage.
Sebastian's wrestle skill mitigates 28 damage.
Goutweed hit Sebastian for 9. Sebastian has 120 hp left.

Sebastian pinches for 30 damage.
Goutweed's wrestle skill mitigates 53 damage.
Sebastian's attack didn't inflict any damage, but blocking the attack has caused Goutweed to fatigue.

Goutweed pinches for 36 damage.
Sebastian's wrestle skill mitigates 28 damage.
Goutweed hit Sebastian for 8. Sebastian has 112 hp left.

Sebastian pinches for 30 damage.
Goutweed's wrestle skill mitigates 53 damage.
Sebastian's attack didn't inflict any damage, but blocking the attack has caused Goutweed to fatigue.

Goutweed pinches for 36 damage.
Sebastian's wrestle skill mitigates 28 damage.
Goutweed hit Sebastian for 8. Sebastian has 104 hp left.

Sebastian just used his special move 3 and attacked for 84 damage
Goutweed's wrestle skill mitigates 15 damage.
Sebastian hit Goutweed for 69. Goutweed has 62 hp left.

Goutweed pinches for 37 damage.
Sebastian's wrestle skill mitigates 27 damage.
Goutweed hit Sebastian for 10. Sebastian has 94 hp left.

Sebastian pinches for 31 damage.
Goutweed's wrestle skill mitigates 46 damage.
Sebastian's attack didn't inflict any damage, but blocking the attack has caused Goutweed to fatigue.

Goutweed pinches for 38 damage.
Sebastian's wrestle skill mitigates 28 damage.
Goutweed hit Sebastian for 10. Sebastian has 84 hp left.

Sebastian pinches for 32 damage.
Goutweed's wrestle skill mitigates 42 damage.
Sebastian's attack didn't inflict any damage, but blocking the attack has caused Goutweed to fatigue.

Goutweed pinches for 39 damage.
Sebastian's wrestle skill mitigates 26 damage.
Goutweed hit Sebastian for 13. Sebastian has 71 hp left.

Sebastian pinches for 32 damage.
Goutweed's wrestle skill mitigates 38 damage.
Sebastian's attack didn't inflict any damage, but blocking the attack has caused Goutweed to fatigue.

Goutweed is unable to attack due to fatigue
Goutweed was fatigued and could not attack. Sebastian took the chance to rest and is no longer as fatigued.

Sebastian pinches for 31 damage.
Goutweed's wrestle skill mitigates 10 damage.
Sebastian hit Goutweed for 21. Goutweed has 41 hp left.

Goutweed just used his special move 3 and attacked for 84 damage
Sebastian's wrestle skill mitigates 28 damage.
Goutweed hit Sebastian for 56. Sebastian has 15 hp left.

Sebastian pinches for 30 damage.
Goutweed's wrestle skill mitigates 52 damage.
Sebastian's attack didn't inflict any damage, but blocking the attack has caused Goutweed to fatigue.

Goutweed pinches for 36 damage.
Sebastian's wrestle skill mitigates 22 damage.
Goutweed hit Sebastian for 14. Sebastian has 1 hp left.

Sebastian is unable to attack due to fatigue
Sebastian was fatigued and could not attack. Goutweed took the chance to rest and is no longer as fatigued.

Goutweed pinches for 36 damage.
Sebastian's wrestle skill mitigates 6 damage.
Goutweed hit Sebastian for 30. Sebastian has 0 hp left.

After 15 turns, the battle has ended: winner = Goutweed, loser = Sebastian
************
------- A NEW BATTLE BEGINS ------
---    Phantom vs. Wut   ---
----------------------------------
Phantom - Power: 22 | Wrestle: 24 | Speed: 37 | Stamina: 36 | Appeal:10 | Region: West | Power Bonus: East | Wrestle Bonus: North
Wut - Power: 19 | Wrestle: 30 | Speed: 24 | Stamina: 26 | Appeal:8 | Region: North | Power Bonus: South | Wrestle Bonus: North
----------------------------------
Phantom pinches for 28 damage.
Wut's wrestle skill mitigates 33 damage.
Phantom's attack didn't inflict any damage, but blocking the attack has caused Wut to fatigue.

Wut pinches for 25 damage.
Phantom's wrestle skill mitigates 36 damage.
Wut's attack didn't inflict any damage, but blocking the attack has caused Phantom to fatigue.

Phantom pinches for 27 damage.
Wut's wrestle skill mitigates 34 damage.
Phantom's attack didn't inflict any damage, but blocking the attack has caused Wut to fatigue.

Wut pinches for 22 damage.
Phantom's wrestle skill mitigates 36 damage.
Wut's attack didn't inflict any damage, but blocking the attack has caused Phantom to fatigue.

Phantom pinches for 26 damage.
Wut's wrestle skill mitigates 35 damage.
Phantom's attack didn't inflict any damage, but blocking the attack has caused Wut to fatigue.

Wut is unable to attack due to fatigue
Wut was fatigued and could not attack. Phantom took the chance to rest and is no longer as fatigued.

Phantom just used his special move 5 and attacked for 62 damage
Wut's wrestle skill mitigates 11 damage.
Phantom hit Wut for 51. Wut has 27 hp left.

Wut pinches for 25 damage.
Phantom's wrestle skill mitigates 37 damage.
Wut's attack didn't inflict any damage, but blocking the attack has caused Phantom to fatigue.

Phantom pinches for 28 damage.
Wut's wrestle skill mitigates 34 damage.
Phantom's attack didn't inflict any damage, but blocking the attack has caused Wut to fatigue.

Wut pinches for 22 damage.
Phantom's wrestle skill mitigates 35 damage.
Wut's attack didn't inflict any damage, but blocking the attack has caused Phantom to fatigue.

Phantom pinches for 27 damage.
Wut's wrestle skill mitigates 34 damage.
Phantom's attack didn't inflict any damage, but blocking the attack has caused Wut to fatigue.

Wut pinches for 25 damage.
Phantom's wrestle skill mitigates 36 damage.
Wut's attack didn't inflict any damage, but blocking the attack has caused Phantom to fatigue.

Phantom just used his special move 5 and attacked for 63 damage
Wut's wrestle skill mitigates 11 damage.
Phantom hit Wut for 52. Wut has 0 hp left.

After 7 turns, the battle has ended: winner = Phantom, loser = Wut
************
------- A NEW BATTLE BEGINS ------
---    Purplue vs. Snappier   ---
----------------------------------
Purplue - Power: 31 | Wrestle: 28 | Speed: 7 | Stamina: 36 | Appeal:12 | Region: South | Power Bonus: South | Wrestle Bonus: South
Snappier - Power: 28 | Wrestle: 29 | Speed: 23 | Stamina: 27 | Appeal:3 | Region: West | Power Bonus: South | Wrestle Bonus: North
----------------------------------
Snappier pinches for 40 damage.
Purplue's wrestle skill mitigates 32 damage.
Snappier hit Purplue for 8. Purplue has 100 hp left.

Purplue pinches for 34 damage.
Snappier's wrestle skill mitigates 34 damage.
Purplue's attack didn't inflict any damage, but blocking the attack has caused Snappier to fatigue.

Snappier pinches for 40 damage.
Purplue's wrestle skill mitigates 32 damage.
Snappier hit Purplue for 8. Purplue has 92 hp left.

Purplue pinches for 34 damage.
Snappier's wrestle skill mitigates 33 damage.
Purplue hit Snappier for 1. Snappier has 80 hp left.

Snappier pinches for 38 damage.
Purplue's wrestle skill mitigates 34 damage.
Snappier hit Purplue for 4. Purplue has 88 hp left.

Purplue pinches for 35 damage.
Snappier's wrestle skill mitigates 35 damage.
Purplue's attack didn't inflict any damage, but blocking the attack has caused Snappier to fatigue.

Snappier is unable to attack due to fatigue
Snappier was fatigued and could not attack. Purplue took the chance to rest and is no longer as fatigued.

Purplue pinches for 36 damage.
Snappier's wrestle skill mitigates 10 damage.
Purplue hit Snappier for 26. Snappier has 54 hp left.

Snappier pinches for 40 damage.
Purplue's wrestle skill mitigates 32 damage.
Snappier hit Purplue for 8. Purplue has 80 hp left.

Purplue pinches for 37 damage.
Snappier's wrestle skill mitigates 34 damage.
Purplue hit Snappier for 3. Snappier has 51 hp left.

Snappier pinches for 39 damage.
Purplue's wrestle skill mitigates 31 damage.
Snappier hit Purplue for 8. Purplue has 72 hp left.

Purplue pinches for 37 damage.
Snappier's wrestle skill mitigates 33 damage.
Purplue hit Snappier for 4. Snappier has 47 hp left.

Snappier just used his special move 3 and attacked for 65 damage
Purplue's wrestle skill mitigates 32 damage.
Snappier hit Purplue for 33. Purplue has 39 hp left.

Purplue pinches for 35 damage.
Snappier's wrestle skill mitigates 32 damage.
Purplue hit Snappier for 3. Snappier has 44 hp left.

Snappier pinches for 41 damage.
Purplue's wrestle skill mitigates 29 damage.
Snappier hit Purplue for 12. Purplue has 27 hp left.

Purplue pinches for 37 damage.
Snappier's wrestle skill mitigates 32 damage.
Purplue hit Snappier for 5. Snappier has 39 hp left.

Snappier pinches for 38 damage.
Purplue's wrestle skill mitigates 29 damage.
Snappier hit Purplue for 9. Purplue has 18 hp left.

Purplue pinches for 35 damage.
Snappier's wrestle skill mitigates 31 damage.
Purplue hit Snappier for 4. Snappier has 35 hp left.

Snappier pinches for 41 damage.
Purplue's wrestle skill mitigates 8 damage.
Snappier hit Purplue for 33. Purplue has 0 hp left.

After 10 turns, the battle has ended: winner = Snappier, loser = Purplue
************
------- A NEW BATTLE BEGINS ------
---    Snappier vs. Phantom   ---
----------------------------------
Snappier - Power: 28 | Wrestle: 29 | Speed: 23 | Stamina: 27 | Appeal:3 | Region: West | Power Bonus: South | Wrestle Bonus: North
Phantom - Power: 22 | Wrestle: 24 | Speed: 37 | Stamina: 36 | Appeal:10 | Region: West | Power Bonus: East | Wrestle Bonus: North
----------------------------------
Phantom pinches for 28 damage.
Snappier's wrestle skill mitigates 32 damage.
Phantom's attack didn't inflict any damage, but blocking the attack has caused Snappier to fatigue.

Snappier pinches for 34 damage.
Phantom's wrestle skill mitigates 27 damage.
Snappier hit Phantom for 7. Phantom has 101 hp left.

Phantom pinches for 28 damage.
Snappier's wrestle skill mitigates 33 damage.
Phantom's attack didn't inflict any damage, but blocking the attack has caused Snappier to fatigue.

Snappier pinches for 34 damage.
Phantom's wrestle skill mitigates 27 damage.
Snappier hit Phantom for 7. Phantom has 94 hp left.

Phantom pinches for 26 damage.
Snappier's wrestle skill mitigates 35 damage.
Phantom's attack didn't inflict any damage, but blocking the attack has caused Snappier to fatigue.

Snappier is unable to attack due to fatigue
Snappier was fatigued and could not attack. Phantom took the chance to rest and is no longer as fatigued.

Phantom just used his special move 5 and attacked for 65 damage
Snappier's wrestle skill mitigates 10 damage.
Phantom hit Snappier for 55. Snappier has 26 hp left.

Snappier pinches for 31 damage.
Phantom's wrestle skill mitigates 30 damage.
Snappier hit Phantom for 1. Phantom has 93 hp left.

Phantom pinches for 27 damage.
Snappier's wrestle skill mitigates 33 damage.
Phantom's attack didn't inflict any damage, but blocking the attack has caused Snappier to fatigue.

Snappier pinches for 33 damage.
Phantom's wrestle skill mitigates 30 damage.
Snappier hit Phantom for 3. Phantom has 90 hp left.

Phantom pinches for 27 damage.
Snappier's wrestle skill mitigates 33 damage.
Phantom's attack didn't inflict any damage, but blocking the attack has caused Snappier to fatigue.

Snappier pinches for 34 damage.
Phantom's wrestle skill mitigates 29 damage.
Snappier hit Phantom for 5. Phantom has 85 hp left.

Phantom just used his special move 5 and attacked for 65 damage
Snappier's wrestle skill mitigates 10 damage.
Phantom hit Snappier for 55. Snappier has 0 hp left.

After 7 turns, the battle has ended: winner = Phantom, loser = Snappier
************
------- A NEW BATTLE BEGINS ------
---    Goutweed vs. AmyAmethyst   ---
----------------------------------
Goutweed - Power: 33 | Wrestle: 43 | Speed: 10 | Stamina: 48 | Appeal:3 | Region: West | Power Bonus: South | Wrestle Bonus: North
AmyAmethyst - Power: 31 | Wrestle: 31 | Speed: 39 | Stamina: 34 | Appeal:10 | Region: South | Power Bonus: South | Wrestle Bonus: South
----------------------------------
AmyAmethyst pinches for 37 damage.
Goutweed's wrestle skill mitigates 46 damage.
AmyAmethyst's attack didn't inflict any damage, but blocking the attack has caused Goutweed to fatigue.

Goutweed pinches for 46 damage.
AmyAmethyst's wrestle skill mitigates 37 damage.
Goutweed hit AmyAmethyst for 9. AmyAmethyst has 93 hp left.

AmyAmethyst pinches for 36 damage.
Goutweed's wrestle skill mitigates 47 damage.
AmyAmethyst's attack didn't inflict any damage, but blocking the attack has caused Goutweed to fatigue.

Goutweed pinches for 44 damage.
AmyAmethyst's wrestle skill mitigates 36 damage.
Goutweed hit AmyAmethyst for 8. AmyAmethyst has 85 hp left.

AmyAmethyst pinches for 37 damage.
Goutweed's wrestle skill mitigates 46 damage.
AmyAmethyst's attack didn't inflict any damage, but blocking the attack has caused Goutweed to fatigue.

Goutweed pinches for 45 damage.
AmyAmethyst's wrestle skill mitigates 36 damage.
Goutweed hit AmyAmethyst for 9. AmyAmethyst has 76 hp left.

AmyAmethyst just used his special move 5 and attacked for 76 damage
Goutweed's wrestle skill mitigates 49 damage.
AmyAmethyst hit Goutweed for 27. Goutweed has 117 hp left.

Goutweed pinches for 44 damage.
AmyAmethyst's wrestle skill mitigates 34 damage.
Goutweed hit AmyAmethyst for 10. AmyAmethyst has 66 hp left.

AmyAmethyst pinches for 37 damage.
Goutweed's wrestle skill mitigates 49 damage.
AmyAmethyst's attack didn't inflict any damage, but blocking the attack has caused Goutweed to fatigue.

Goutweed pinches for 44 damage.
AmyAmethyst's wrestle skill mitigates 36 damage.
Goutweed hit AmyAmethyst for 8. AmyAmethyst has 58 hp left.

AmyAmethyst pinches for 35 damage.
Goutweed's wrestle skill mitigates 46 damage.
AmyAmethyst's attack didn't inflict any damage, but blocking the attack has caused Goutweed to fatigue.

Goutweed is unable to attack due to fatigue
Goutweed was fatigued and could not attack. AmyAmethyst took the chance to rest and is no longer as fatigued.

AmyAmethyst just used his special move 5 and attacked for 74 damage
Goutweed's wrestle skill mitigates 14 damage.
AmyAmethyst hit Goutweed for 60. Goutweed has 57 hp left.

Goutweed pinches for 46 damage.
AmyAmethyst's wrestle skill mitigates 33 damage.
Goutweed hit AmyAmethyst for 13. AmyAmethyst has 45 hp left.

AmyAmethyst pinches for 36 damage.
Goutweed's wrestle skill mitigates 40 damage.
AmyAmethyst's attack didn't inflict any damage, but blocking the attack has caused Goutweed to fatigue.

Goutweed pinches for 44 damage.
AmyAmethyst's wrestle skill mitigates 31 damage.
Goutweed hit AmyAmethyst for 13. AmyAmethyst has 32 hp left.

AmyAmethyst pinches for 34 damage.
Goutweed's wrestle skill mitigates 41 damage.
AmyAmethyst's attack didn't inflict any damage, but blocking the attack has caused Goutweed to fatigue.

Goutweed pinches for 46 damage.
AmyAmethyst's wrestle skill mitigates 31 damage.
Goutweed hit AmyAmethyst for 15. AmyAmethyst has 17 hp left.

AmyAmethyst is unable to attack due to fatigue
AmyAmethyst was fatigued and could not attack. Goutweed took the chance to rest and is no longer as fatigued.

Goutweed pinches for 45 damage.
AmyAmethyst's wrestle skill mitigates 9 damage.
Goutweed hit AmyAmethyst for 36. AmyAmethyst has 0 hp left.

After 10 turns, the battle has ended: winner = Goutweed, loser = AmyAmethyst
************
------- A NEW BATTLE BEGINS ------
---    Goutweed vs. Phantom   ---
----------------------------------
Goutweed - Power: 33 | Wrestle: 43 | Speed: 10 | Stamina: 48 | Appeal:3 | Region: West | Power Bonus: South | Wrestle Bonus: North
Phantom - Power: 22 | Wrestle: 24 | Speed: 37 | Stamina: 36 | Appeal:10 | Region: West | Power Bonus: East | Wrestle Bonus: North
----------------------------------
Phantom pinches for 28 damage.
Goutweed's wrestle skill mitigates 47 damage.
Phantom's attack didn't inflict any damage, but blocking the attack has caused Goutweed to fatigue.

Goutweed pinches for 36 damage.
Phantom's wrestle skill mitigates 28 damage.
Goutweed hit Phantom for 8. Phantom has 100 hp left.

Phantom pinches for 26 damage.
Goutweed's wrestle skill mitigates 46 damage.
Phantom's attack didn't inflict any damage, but blocking the attack has caused Goutweed to fatigue.

Goutweed pinches for 38 damage.
Phantom's wrestle skill mitigates 30 damage.
Goutweed hit Phantom for 8. Phantom has 92 hp left.

Phantom pinches for 27 damage.
Goutweed's wrestle skill mitigates 47 damage.
Phantom's attack didn't inflict any damage, but blocking the attack has caused Goutweed to fatigue.

Goutweed pinches for 37 damage.
Phantom's wrestle skill mitigates 27 damage.
Goutweed hit Phantom for 10. Phantom has 82 hp left.

Phantom just used his special move 5 and attacked for 63 damage
Goutweed's wrestle skill mitigates 49 damage.
Phantom hit Goutweed for 14. Goutweed has 130 hp left.

Goutweed pinches for 38 damage.
Phantom's wrestle skill mitigates 28 damage.
Goutweed hit Phantom for 10. Phantom has 72 hp left.

Phantom pinches for 28 damage.
Goutweed's wrestle skill mitigates 46 damage.
Phantom's attack didn't inflict any damage, but blocking the attack has caused Goutweed to fatigue.

Goutweed pinches for 39 damage.
Phantom's wrestle skill mitigates 29 damage.
Goutweed hit Phantom for 10. Phantom has 62 hp left.

Phantom pinches for 25 damage.
Goutweed's wrestle skill mitigates 46 damage.
Phantom's attack didn't inflict any damage, but blocking the attack has caused Goutweed to fatigue.

Goutweed pinches for 36 damage.
Phantom's wrestle skill mitigates 29 damage.
Goutweed hit Phantom for 7. Phantom has 55 hp left.

Phantom just used his special move 5 and attacked for 64 damage
Goutweed's wrestle skill mitigates 14 damage.
Phantom hit Goutweed for 50. Goutweed has 80 hp left.

Goutweed pinches for 39 damage.
Phantom's wrestle skill mitigates 26 damage.
Goutweed hit Phantom for 13. Phantom has 42 hp left.

Phantom pinches for 25 damage.
Goutweed's wrestle skill mitigates 41 damage.
Phantom's attack didn't inflict any damage, but blocking the attack has caused Goutweed to fatigue.

Goutweed pinches for 38 damage.
Phantom's wrestle skill mitigates 26 damage.
Goutweed hit Phantom for 12. Phantom has 30 hp left.

Phantom is unable to attack due to fatigue
Phantom was fatigued and could not attack. Goutweed took the chance to rest and is no longer as fatigued.

Goutweed pinches for 39 damage.
Phantom's wrestle skill mitigates 8 damage.
Goutweed hit Phantom for 31. Phantom has 0 hp left.

After 9 turns, the battle has ended: winner = Goutweed, loser = Phantom
************
