------- A NEW BATTLE BEGINS ------
---    Kani 104 vs. More Miso   ---
----------------------------------
Kani 104 - Power: 10 | Wrestle: 24 | Speed: 24 | Stamina: 16 | Appeal:26 | Region: South | Power Bonus: North | Wrestle Bonus: South
More Miso - Power: 20 | Wrestle: 21 | Speed: 25 | Stamina: 52 | Appeal:12 | Region: West | Power Bonus: West | Wrestle Bonus: West
----------------------------------
More Miso pinches for 23 damage.
Kani 104's wrestle skill mitigates 28 damage.
More Miso's attack didn't inflict any damage, but blocking the attack has caused Kani 104 to fatigue.

Kani 104 pinches for 14 damage.
More Miso's wrestle skill mitigates 25 damage.
Kani 104's attack didn't inflict any damage, but blocking the attack has caused More Miso to fatigue.

More Miso pinches for 24 damage.
Kani 104's wrestle skill mitigates 28 damage.
More Miso's attack didn't inflict any damage, but blocking the attack has caused Kani 104 to fatigue.

Kani 104 pinches for 14 damage.
More Miso's wrestle skill mitigates 25 damage.
Kani 104's attack didn't inflict any damage, but blocking the attack has caused More Miso to fatigue.

More Miso pinches for 23 damage.
Kani 104's wrestle skill mitigates 30 damage.
More Miso's attack didn't inflict any damage, but blocking the attack has caused Kani 104 to fatigue.

Kani 104 pinches for 16 damage.
More Miso's wrestle skill mitigates 24 damage.
Kani 104's attack didn't inflict any damage, but blocking the attack has caused More Miso to fatigue.

More Miso pinches for 25 damage.
Kani 104's wrestle skill mitigates 9 damage.
More Miso hit Kani 104 for 16. Kani 104 has 32 hp left.

Kani 104 pinches for 15 damage.
More Miso's wrestle skill mitigates 26 damage.
Kani 104's attack didn't inflict any damage, but blocking the attack has caused More Miso to fatigue.

More Miso just used his special move 3 and attacked for 76 damage
Kani 104's wrestle skill mitigates 30 damage.
More Miso hit Kani 104 for 46. Kani 104 has 0 hp left.

After 5 turns, the battle has ended: winner = More Miso, loser = Kani 104
************
------- A NEW BATTLE BEGINS ------
---    Leonardo da Pinci vs. Scumologist   ---
----------------------------------
Leonardo da Pinci - Power: 45 | Wrestle: 18 | Speed: 20 | Stamina: 8 | Appeal:15 | Region: South | Power Bonus: South | Wrestle Bonus: West
Scumologist - Power: 37 | Wrestle: 21 | Speed: 20 | Stamina: 56 | Appeal:16 | Region: South | Power Bonus: South | Wrestle Bonus: East
----------------------------------
Scumologist pinches for 51 damage.
Leonardo da Pinci's wrestle skill mitigates 22 damage.
Scumologist hit Leonardo da Pinci for 29. Leonardo da Pinci has 0 hp left.

After 1 turns, the battle has ended: winner = Scumologist, loser = Leonardo da Pinci
************
------- A NEW BATTLE BEGINS ------
---    Kani Just B. Claws vs. Love Souvenir   ---
----------------------------------
Kani Just B. Claws - Power: 23 | Wrestle: 4 | Speed: 55 | Stamina: 51 | Appeal:18 | Region: South | Power Bonus: South | Wrestle Bonus: East
Love Souvenir - Power: 25 | Wrestle: 14 | Speed: 33 | Stamina: 55 | Appeal:6 | Region: South | Power Bonus: East | Wrestle Bonus: West
----------------------------------
Kani Just B. Claws pinches for 33 damage.
Love Souvenir's wrestle skill mitigates 20 damage.
Kani Just B. Claws hit Love Souvenir for 13. Love Souvenir has 152 hp left.

Love Souvenir pinches for 31 damage.
Kani Just B. Claws's wrestle skill mitigates 9 damage.
Love Souvenir hit Kani Just B. Claws for 22. Kani Just B. Claws has 131 hp left.

Kani Just B. Claws pinches for 33 damage.
Love Souvenir's wrestle skill mitigates 20 damage.
Kani Just B. Claws hit Love Souvenir for 13. Love Souvenir has 139 hp left.

Love Souvenir pinches for 29 damage.
Kani Just B. Claws's wrestle skill mitigates 8 damage.
Love Souvenir hit Kani Just B. Claws for 21. Kani Just B. Claws has 110 hp left.

Kani Just B. Claws just used his special move 5 and attacked for 86 damage
Love Souvenir's wrestle skill mitigates 18 damage.
Kani Just B. Claws hit Love Souvenir for 68. Love Souvenir has 71 hp left.

Love Souvenir pinches for 31 damage.
Kani Just B. Claws's wrestle skill mitigates 9 damage.
Love Souvenir hit Kani Just B. Claws for 22. Kani Just B. Claws has 88 hp left.

Kani Just B. Claws pinches for 32 damage.
Love Souvenir's wrestle skill mitigates 17 damage.
Kani Just B. Claws hit Love Souvenir for 15. Love Souvenir has 56 hp left.

Love Souvenir pinches for 29 damage.
Kani Just B. Claws's wrestle skill mitigates 8 damage.
Love Souvenir hit Kani Just B. Claws for 21. Kani Just B. Claws has 67 hp left.

Kani Just B. Claws just used his special move 5 and attacked for 87 damage
Love Souvenir's wrestle skill mitigates 18 damage.
Kani Just B. Claws hit Love Souvenir for 69. Love Souvenir has 0 hp left.

After 5 turns, the battle has ended: winner = Kani Just B. Claws, loser = Love Souvenir
************
------- A NEW BATTLE BEGINS ------
---    Buchi vs. SnipSnap-SnipSnap   ---
----------------------------------
Buchi - Power: 26 | Wrestle: 24 | Speed: 20 | Stamina: 47 | Appeal:7 | Region: South | Power Bonus: East | Wrestle Bonus: North
SnipSnap-SnipSnap - Power: 57 | Wrestle: 35 | Speed: 38 | Stamina: 43 | Appeal:11 | Region: West | Power Bonus: West | Wrestle Bonus: West
----------------------------------
SnipSnap-SnipSnap pinches for 61 damage.
Buchi's wrestle skill mitigates 28 damage.
SnipSnap-SnipSnap hit Buchi for 33. Buchi has 108 hp left.

Buchi pinches for 30 damage.
SnipSnap-SnipSnap's wrestle skill mitigates 41 damage.
Buchi's attack didn't inflict any damage, but blocking the attack has caused SnipSnap-SnipSnap to fatigue.

SnipSnap-SnipSnap pinches for 61 damage.
Buchi's wrestle skill mitigates 28 damage.
SnipSnap-SnipSnap hit Buchi for 33. Buchi has 75 hp left.

Buchi pinches for 29 damage.
SnipSnap-SnipSnap's wrestle skill mitigates 40 damage.
Buchi's attack didn't inflict any damage, but blocking the attack has caused SnipSnap-SnipSnap to fatigue.

SnipSnap-SnipSnap pinches for 58 damage.
Buchi's wrestle skill mitigates 27 damage.
SnipSnap-SnipSnap hit Buchi for 31. Buchi has 44 hp left.

Buchi pinches for 32 damage.
SnipSnap-SnipSnap's wrestle skill mitigates 39 damage.
Buchi's attack didn't inflict any damage, but blocking the attack has caused SnipSnap-SnipSnap to fatigue.

SnipSnap-SnipSnap just used his special move 1 and attacked for 114 damage
Buchi's wrestle skill mitigates 29 damage.
SnipSnap-SnipSnap hit Buchi for 85. Buchi has 0 hp left.

After 4 turns, the battle has ended: winner = SnipSnap-SnipSnap, loser = Buchi
************
------- A NEW BATTLE BEGINS ------
---    Chief vs. Kanil   ---
----------------------------------
Chief - Power: 28 | Wrestle: 28 | Speed: 5 | Stamina: 53 | Appeal:8 | Region: East | Power Bonus: East | Wrestle Bonus: East
Kanil - Power: 59 | Wrestle: 20 | Speed: 17 | Stamina: 24 | Appeal:11 | Region: North | Power Bonus: North | Wrestle Bonus: North
----------------------------------
Kanil pinches for 62 damage.
Chief's wrestle skill mitigates 32 damage.
Kanil hit Chief for 30. Chief has 129 hp left.

Chief pinches for 32 damage.
Kanil's wrestle skill mitigates 24 damage.
Chief hit Kanil for 8. Kanil has 64 hp left.

Kanil pinches for 53 damage.
Chief's wrestle skill mitigates 33 damage.
Kanil hit Chief for 20. Chief has 109 hp left.

Chief pinches for 34 damage.
Kanil's wrestle skill mitigates 23 damage.
Chief hit Kanil for 11. Kanil has 53 hp left.

Kanil pinches for 46 damage.
Chief's wrestle skill mitigates 32 damage.
Kanil hit Chief for 14. Chief has 95 hp left.

Chief pinches for 31 damage.
Kanil's wrestle skill mitigates 26 damage.
Chief hit Kanil for 5. Kanil has 48 hp left.

Kanil pinches for 42 damage.
Chief's wrestle skill mitigates 31 damage.
Kanil hit Chief for 11. Chief has 84 hp left.

Chief pinches for 33 damage.
Kanil's wrestle skill mitigates 26 damage.
Chief hit Kanil for 7. Kanil has 41 hp left.

Kanil pinches for 41 damage.
Chief's wrestle skill mitigates 34 damage.
Kanil hit Chief for 7. Chief has 77 hp left.

Chief pinches for 31 damage.
Kanil's wrestle skill mitigates 24 damage.
Chief hit Kanil for 7. Kanil has 34 hp left.

Kanil pinches for 39 damage.
Chief's wrestle skill mitigates 31 damage.
Kanil hit Chief for 8. Chief has 69 hp left.

Chief pinches for 33 damage.
Kanil's wrestle skill mitigates 24 damage.
Chief hit Kanil for 9. Kanil has 25 hp left.

Kanil just used his special move 1 and attacked for 97 damage
Chief's wrestle skill mitigates 30 damage.
Kanil hit Chief for 67. Chief has 2 hp left.

Chief pinches for 34 damage.
Kanil's wrestle skill mitigates 22 damage.
Chief hit Kanil for 12. Kanil has 13 hp left.

Kanil pinches for 48 damage.
Chief's wrestle skill mitigates 30 damage.
Kanil hit Chief for 18. Chief has 0 hp left.

After 8 turns, the battle has ended: winner = Kanil, loser = Chief
************
------- A NEW BATTLE BEGINS ------
---    Kani 355 vs. The Ancient One   ---
----------------------------------
Kani 355 - Power: 6 | Wrestle: 10 | Speed: 14 | Stamina: 9 | Appeal:14 | Region: North | Power Bonus: North | Wrestle Bonus: North
The Ancient One - Power: 20 | Wrestle: 6 | Speed: 16 | Stamina: 47 | Appeal:15 | Region: South | Power Bonus: South | Wrestle Bonus: East
----------------------------------
The Ancient One pinches for 26 damage.
Kani 355's wrestle skill mitigates 13 damage.
The Ancient One hit Kani 355 for 13. Kani 355 has 14 hp left.

Kani 355 pinches for 10 damage.
The Ancient One's wrestle skill mitigates 12 damage.
Kani 355's attack didn't inflict any damage, but blocking the attack has caused The Ancient One to fatigue.

The Ancient One pinches for 25 damage.
Kani 355's wrestle skill mitigates 14 damage.
The Ancient One hit Kani 355 for 11. Kani 355 has 3 hp left.

Kani 355 pinches for 9 damage.
The Ancient One's wrestle skill mitigates 12 damage.
Kani 355's attack didn't inflict any damage, but blocking the attack has caused The Ancient One to fatigue.

The Ancient One pinches for 25 damage.
Kani 355's wrestle skill mitigates 16 damage.
The Ancient One hit Kani 355 for 9. Kani 355 has 0 hp left.

After 3 turns, the battle has ended: winner = The Ancient One, loser = Kani 355
************
------- A NEW BATTLE BEGINS ------
---    Snapster 3.0 vs. Shadow   ---
----------------------------------
Snapster 3.0 - Power: 43 | Wrestle: 15 | Speed: 12 | Stamina: 65 | Appeal:7 | Region: West | Power Bonus: South | Wrestle Bonus: North
Shadow - Power: 27 | Wrestle: 19 | Speed: 32 | Stamina: 64 | Appeal:7 | Region: East | Power Bonus: South | Wrestle Bonus: East
----------------------------------
Shadow pinches for 32 damage.
Snapster 3.0's wrestle skill mitigates 19 damage.
Shadow hit Snapster 3.0 for 13. Snapster 3.0 has 182 hp left.

Snapster 3.0 pinches for 47 damage.
Shadow's wrestle skill mitigates 22 damage.
Snapster 3.0 hit Shadow for 25. Shadow has 167 hp left.

Shadow pinches for 31 damage.
Snapster 3.0's wrestle skill mitigates 18 damage.
Shadow hit Snapster 3.0 for 13. Snapster 3.0 has 169 hp left.

Snapster 3.0 pinches for 46 damage.
Shadow's wrestle skill mitigates 22 damage.
Snapster 3.0 hit Shadow for 24. Shadow has 143 hp left.

Shadow pinches for 32 damage.
Snapster 3.0's wrestle skill mitigates 19 damage.
Shadow hit Snapster 3.0 for 13. Snapster 3.0 has 156 hp left.

Snapster 3.0 pinches for 49 damage.
Shadow's wrestle skill mitigates 22 damage.
Snapster 3.0 hit Shadow for 27. Shadow has 116 hp left.

Shadow pinches for 32 damage.
Snapster 3.0's wrestle skill mitigates 18 damage.
Shadow hit Snapster 3.0 for 14. Snapster 3.0 has 142 hp left.

Snapster 3.0 pinches for 49 damage.
Shadow's wrestle skill mitigates 25 damage.
Snapster 3.0 hit Shadow for 24. Shadow has 92 hp left.

Shadow just used his special move 1 and attacked for 60 damage
Snapster 3.0's wrestle skill mitigates 21 damage.
Shadow hit Snapster 3.0 for 39. Snapster 3.0 has 103 hp left.

Snapster 3.0 pinches for 46 damage.
Shadow's wrestle skill mitigates 25 damage.
Snapster 3.0 hit Shadow for 21. Shadow has 71 hp left.

Shadow pinches for 40 damage.
Snapster 3.0's wrestle skill mitigates 19 damage.
Shadow hit Snapster 3.0 for 21. Snapster 3.0 has 82 hp left.

Snapster 3.0 pinches for 46 damage.
Shadow's wrestle skill mitigates 24 damage.
Snapster 3.0 hit Shadow for 22. Shadow has 49 hp left.

Shadow pinches for 38 damage.
Snapster 3.0's wrestle skill mitigates 21 damage.
Shadow hit Snapster 3.0 for 17. Snapster 3.0 has 65 hp left.

Snapster 3.0 pinches for 47 damage.
Shadow's wrestle skill mitigates 21 damage.
Snapster 3.0 hit Shadow for 26. Shadow has 23 hp left.

Shadow pinches for 36 damage.
Snapster 3.0's wrestle skill mitigates 20 damage.
Shadow hit Snapster 3.0 for 16. Snapster 3.0 has 49 hp left.

Snapster 3.0 pinches for 47 damage.
Shadow's wrestle skill mitigates 21 damage.
Snapster 3.0 hit Shadow for 26. Shadow has 0 hp left.

After 8 turns, the battle has ended: winner = Snapster 3.0, loser = Shadow
************
------- A NEW BATTLE BEGINS ------
---    Pickle Rick vs. Melanzane   ---
----------------------------------
Pickle Rick - Power: 19 | Wrestle: 42 | Speed: 15 | Stamina: 21 | Appeal:19 | Region: West | Power Bonus: West | Wrestle Bonus: West
Melanzane - Power: 45 | Wrestle: 24 | Speed: 12 | Stamina: 50 | Appeal:5 | Region: South | Power Bonus: East | Wrestle Bonus: South
----------------------------------
Pickle Rick pinches for 23 damage.
Melanzane's wrestle skill mitigates 29 damage.
Pickle Rick's attack didn't inflict any damage, but blocking the attack has caused Melanzane to fatigue.

Melanzane pinches for 48 damage.
Pickle Rick's wrestle skill mitigates 45 damage.
Melanzane hit Pickle Rick for 3. Pickle Rick has 60 hp left.

Pickle Rick pinches for 22 damage.
Melanzane's wrestle skill mitigates 28 damage.
Pickle Rick's attack didn't inflict any damage, but blocking the attack has caused Melanzane to fatigue.

Melanzane pinches for 48 damage.
Pickle Rick's wrestle skill mitigates 41 damage.
Melanzane hit Pickle Rick for 7. Pickle Rick has 53 hp left.

Pickle Rick pinches for 22 damage.
Melanzane's wrestle skill mitigates 28 damage.
Pickle Rick's attack didn't inflict any damage, but blocking the attack has caused Melanzane to fatigue.

Melanzane pinches for 49 damage.
Pickle Rick's wrestle skill mitigates 41 damage.
Melanzane hit Pickle Rick for 8. Pickle Rick has 45 hp left.

Pickle Rick pinches for 24 damage.
Melanzane's wrestle skill mitigates 30 damage.
Pickle Rick's attack didn't inflict any damage, but blocking the attack has caused Melanzane to fatigue.

Melanzane pinches for 48 damage.
Pickle Rick's wrestle skill mitigates 40 damage.
Melanzane hit Pickle Rick for 8. Pickle Rick has 37 hp left.

Pickle Rick pinches for 25 damage.
Melanzane's wrestle skill mitigates 29 damage.
Pickle Rick's attack didn't inflict any damage, but blocking the attack has caused Melanzane to fatigue.

Melanzane pinches for 51 damage.
Pickle Rick's wrestle skill mitigates 39 damage.
Melanzane hit Pickle Rick for 12. Pickle Rick has 25 hp left.

Pickle Rick pinches for 25 damage.
Melanzane's wrestle skill mitigates 28 damage.
Pickle Rick's attack didn't inflict any damage, but blocking the attack has caused Melanzane to fatigue.

Melanzane pinches for 49 damage.
Pickle Rick's wrestle skill mitigates 34 damage.
Melanzane hit Pickle Rick for 15. Pickle Rick has 10 hp left.

Pickle Rick pinches for 25 damage.
Melanzane's wrestle skill mitigates 27 damage.
Pickle Rick's attack didn't inflict any damage, but blocking the attack has caused Melanzane to fatigue.

Melanzane is unable to attack due to fatigue
Melanzane was fatigued and could not attack. Pickle Rick took the chance to rest and is no longer as fatigued.

Pickle Rick just used his special move 2 and attacked for 65 damage
Melanzane's wrestle skill mitigates 9 damage.
Pickle Rick hit Melanzane for 56. Melanzane has 94 hp left.

Melanzane pinches for 49 damage.
Pickle Rick's wrestle skill mitigates 45 damage.
Melanzane hit Pickle Rick for 4. Pickle Rick has 6 hp left.

Pickle Rick pinches for 25 damage.
Melanzane's wrestle skill mitigates 23 damage.
Pickle Rick hit Melanzane for 2. Melanzane has 92 hp left.

Melanzane pinches for 51 damage.
Pickle Rick's wrestle skill mitigates 42 damage.
Melanzane hit Pickle Rick for 9. Pickle Rick has 0 hp left.

After 9 turns, the battle has ended: winner = Melanzane, loser = Pickle Rick
************
------- A NEW BATTLE BEGINS ------
---    Melanzane vs. Snapster 3.0   ---
----------------------------------
Melanzane - Power: 45 | Wrestle: 24 | Speed: 12 | Stamina: 50 | Appeal:5 | Region: South | Power Bonus: East | Wrestle Bonus: South
Snapster 3.0 - Power: 43 | Wrestle: 15 | Speed: 12 | Stamina: 65 | Appeal:7 | Region: West | Power Bonus: South | Wrestle Bonus: North
----------------------------------
Snapster 3.0 pinches for 58 damage.
Melanzane's wrestle skill mitigates 30 damage.
Snapster 3.0 hit Melanzane for 28. Melanzane has 122 hp left.

Melanzane pinches for 50 damage.
Snapster 3.0's wrestle skill mitigates 18 damage.
Melanzane hit Snapster 3.0 for 32. Snapster 3.0 has 163 hp left.

Snapster 3.0 pinches for 56 damage.
Melanzane's wrestle skill mitigates 30 damage.
Snapster 3.0 hit Melanzane for 26. Melanzane has 96 hp left.

Melanzane pinches for 50 damage.
Snapster 3.0's wrestle skill mitigates 19 damage.
Melanzane hit Snapster 3.0 for 31. Snapster 3.0 has 132 hp left.

Snapster 3.0 pinches for 59 damage.
Melanzane's wrestle skill mitigates 28 damage.
Snapster 3.0 hit Melanzane for 31. Melanzane has 65 hp left.

Melanzane pinches for 49 damage.
Snapster 3.0's wrestle skill mitigates 18 damage.
Melanzane hit Snapster 3.0 for 31. Snapster 3.0 has 101 hp left.

Snapster 3.0 pinches for 59 damage.
Melanzane's wrestle skill mitigates 27 damage.
Snapster 3.0 hit Melanzane for 32. Melanzane has 33 hp left.

Melanzane pinches for 49 damage.
Snapster 3.0's wrestle skill mitigates 18 damage.
Melanzane hit Snapster 3.0 for 31. Snapster 3.0 has 70 hp left.

Snapster 3.0 pinches for 59 damage.
Melanzane's wrestle skill mitigates 29 damage.
Snapster 3.0 hit Melanzane for 30. Melanzane has 3 hp left.

Melanzane pinches for 51 damage.
Snapster 3.0's wrestle skill mitigates 18 damage.
Melanzane hit Snapster 3.0 for 33. Snapster 3.0 has 37 hp left.

Snapster 3.0 pinches for 57 damage.
Melanzane's wrestle skill mitigates 28 damage.
Snapster 3.0 hit Melanzane for 29. Melanzane has 0 hp left.

After 6 turns, the battle has ended: winner = Snapster 3.0, loser = Melanzane
************
------- A NEW BATTLE BEGINS ------
---    The Ancient One vs. Kanil   ---
----------------------------------
The Ancient One - Power: 20 | Wrestle: 6 | Speed: 16 | Stamina: 47 | Appeal:15 | Region: South | Power Bonus: South | Wrestle Bonus: East
Kanil - Power: 59 | Wrestle: 20 | Speed: 17 | Stamina: 24 | Appeal:11 | Region: North | Power Bonus: North | Wrestle Bonus: North
----------------------------------
Kanil pinches for 62 damage.
The Ancient One's wrestle skill mitigates 12 damage.
Kanil hit The Ancient One for 50. The Ancient One has 91 hp left.

The Ancient One pinches for 23 damage.
Kanil's wrestle skill mitigates 24 damage.
The Ancient One's attack didn't inflict any damage, but blocking the attack has caused Kanil to fatigue.

Kanil pinches for 50 damage.
The Ancient One's wrestle skill mitigates 9 damage.
Kanil hit The Ancient One for 41. The Ancient One has 50 hp left.

The Ancient One pinches for 24 damage.
Kanil's wrestle skill mitigates 23 damage.
The Ancient One hit Kanil for 1. Kanil has 71 hp left.

Kanil pinches for 46 damage.
The Ancient One's wrestle skill mitigates 9 damage.
Kanil hit The Ancient One for 37. The Ancient One has 13 hp left.

The Ancient One pinches for 26 damage.
Kanil's wrestle skill mitigates 26 damage.
The Ancient One's attack didn't inflict any damage, but blocking the attack has caused Kanil to fatigue.

Kanil pinches for 44 damage.
The Ancient One's wrestle skill mitigates 9 damage.
Kanil hit The Ancient One for 35. The Ancient One has 0 hp left.

After 4 turns, the battle has ended: winner = Kanil, loser = The Ancient One
************
------- A NEW BATTLE BEGINS ------
---    SnipSnap-SnipSnap vs. Kani Just B. Claws   ---
----------------------------------
SnipSnap-SnipSnap - Power: 57 | Wrestle: 35 | Speed: 38 | Stamina: 43 | Appeal:11 | Region: West | Power Bonus: West | Wrestle Bonus: West
Kani Just B. Claws - Power: 23 | Wrestle: 4 | Speed: 55 | Stamina: 51 | Appeal:18 | Region: South | Power Bonus: South | Wrestle Bonus: East
----------------------------------
Kani Just B. Claws pinches for 26 damage.
SnipSnap-SnipSnap's wrestle skill mitigates 39 damage.
Kani Just B. Claws's attack didn't inflict any damage, but blocking the attack has caused SnipSnap-SnipSnap to fatigue.

SnipSnap-SnipSnap pinches for 61 damage.
Kani Just B. Claws's wrestle skill mitigates 7 damage.
SnipSnap-SnipSnap hit Kani Just B. Claws for 54. Kani Just B. Claws has 99 hp left.

Kani Just B. Claws pinches for 29 damage.
SnipSnap-SnipSnap's wrestle skill mitigates 40 damage.
Kani Just B. Claws's attack didn't inflict any damage, but blocking the attack has caused SnipSnap-SnipSnap to fatigue.

SnipSnap-SnipSnap pinches for 62 damage.
Kani Just B. Claws's wrestle skill mitigates 7 damage.
SnipSnap-SnipSnap hit Kani Just B. Claws for 55. Kani Just B. Claws has 44 hp left.

Kani Just B. Claws just used his special move 5 and attacked for 84 damage
SnipSnap-SnipSnap's wrestle skill mitigates 40 damage.
Kani Just B. Claws hit SnipSnap-SnipSnap for 44. SnipSnap-SnipSnap has 85 hp left.

SnipSnap-SnipSnap pinches for 59 damage.
Kani Just B. Claws's wrestle skill mitigates 7 damage.
SnipSnap-SnipSnap hit Kani Just B. Claws for 52. Kani Just B. Claws has 0 hp left.

After 3 turns, the battle has ended: winner = SnipSnap-SnipSnap, loser = Kani Just B. Claws
************
------- A NEW BATTLE BEGINS ------
---    Scumologist vs. More Miso   ---
----------------------------------
Scumologist - Power: 37 | Wrestle: 21 | Speed: 20 | Stamina: 56 | Appeal:16 | Region: South | Power Bonus: South | Wrestle Bonus: East
More Miso - Power: 20 | Wrestle: 21 | Speed: 25 | Stamina: 52 | Appeal:12 | Region: West | Power Bonus: West | Wrestle Bonus: West
----------------------------------
More Miso pinches for 23 damage.
Scumologist's wrestle skill mitigates 24 damage.
More Miso's attack didn't inflict any damage, but blocking the attack has caused Scumologist to fatigue.

Scumologist pinches for 42 damage.
More Miso's wrestle skill mitigates 26 damage.
Scumologist hit More Miso for 16. More Miso has 140 hp left.

More Miso pinches for 26 damage.
Scumologist's wrestle skill mitigates 26 damage.
More Miso's attack didn't inflict any damage, but blocking the attack has caused Scumologist to fatigue.

Scumologist pinches for 41 damage.
More Miso's wrestle skill mitigates 25 damage.
Scumologist hit More Miso for 16. More Miso has 124 hp left.

More Miso pinches for 23 damage.
Scumologist's wrestle skill mitigates 25 damage.
More Miso's attack didn't inflict any damage, but blocking the attack has caused Scumologist to fatigue.

Scumologist pinches for 43 damage.
More Miso's wrestle skill mitigates 24 damage.
Scumologist hit More Miso for 19. More Miso has 105 hp left.

More Miso pinches for 26 damage.
Scumologist's wrestle skill mitigates 25 damage.
More Miso hit Scumologist for 1. Scumologist has 167 hp left.

Scumologist pinches for 42 damage.
More Miso's wrestle skill mitigates 25 damage.
Scumologist hit More Miso for 17. More Miso has 88 hp left.

More Miso just used his special move 3 and attacked for 76 damage
Scumologist's wrestle skill mitigates 24 damage.
More Miso hit Scumologist for 52. Scumologist has 115 hp left.

Scumologist pinches for 41 damage.
More Miso's wrestle skill mitigates 25 damage.
Scumologist hit More Miso for 16. More Miso has 72 hp left.

More Miso pinches for 24 damage.
Scumologist's wrestle skill mitigates 25 damage.
More Miso's attack didn't inflict any damage, but blocking the attack has caused Scumologist to fatigue.

Scumologist just used his special move 3 and attacked for 97 damage
More Miso's wrestle skill mitigates 23 damage.
Scumologist hit More Miso for 74. More Miso has 0 hp left.

After 6 turns, the battle has ended: winner = Scumologist, loser = More Miso
************
------- A NEW BATTLE BEGINS ------
---    Scumologist vs. SnipSnap-SnipSnap   ---
----------------------------------
Scumologist - Power: 37 | Wrestle: 21 | Speed: 20 | Stamina: 56 | Appeal:16 | Region: South | Power Bonus: South | Wrestle Bonus: East
SnipSnap-SnipSnap - Power: 57 | Wrestle: 35 | Speed: 38 | Stamina: 43 | Appeal:11 | Region: West | Power Bonus: West | Wrestle Bonus: West
----------------------------------
SnipSnap-SnipSnap pinches for 62 damage.
Scumologist's wrestle skill mitigates 27 damage.
SnipSnap-SnipSnap hit Scumologist for 35. Scumologist has 133 hp left.

Scumologist pinches for 43 damage.
SnipSnap-SnipSnap's wrestle skill mitigates 41 damage.
Scumologist hit SnipSnap-SnipSnap for 2. SnipSnap-SnipSnap has 127 hp left.

SnipSnap-SnipSnap pinches for 60 damage.
Scumologist's wrestle skill mitigates 25 damage.
SnipSnap-SnipSnap hit Scumologist for 35. Scumologist has 98 hp left.

Scumologist pinches for 41 damage.
SnipSnap-SnipSnap's wrestle skill mitigates 38 damage.
Scumologist hit SnipSnap-SnipSnap for 3. SnipSnap-SnipSnap has 124 hp left.

SnipSnap-SnipSnap pinches for 58 damage.
Scumologist's wrestle skill mitigates 26 damage.
SnipSnap-SnipSnap hit Scumologist for 32. Scumologist has 66 hp left.

Scumologist pinches for 42 damage.
SnipSnap-SnipSnap's wrestle skill mitigates 38 damage.
Scumologist hit SnipSnap-SnipSnap for 4. SnipSnap-SnipSnap has 120 hp left.

SnipSnap-SnipSnap just used his special move 1 and attacked for 115 damage
Scumologist's wrestle skill mitigates 25 damage.
SnipSnap-SnipSnap hit Scumologist for 90. Scumologist has 0 hp left.

After 4 turns, the battle has ended: winner = SnipSnap-SnipSnap, loser = Scumologist
************
------- A NEW BATTLE BEGINS ------
---    Kanil vs. Snapster 3.0   ---
----------------------------------
Kanil - Power: 59 | Wrestle: 20 | Speed: 17 | Stamina: 24 | Appeal:11 | Region: North | Power Bonus: North | Wrestle Bonus: North
Snapster 3.0 - Power: 43 | Wrestle: 15 | Speed: 12 | Stamina: 65 | Appeal:7 | Region: West | Power Bonus: South | Wrestle Bonus: North
----------------------------------
Kanil pinches for 62 damage.
Snapster 3.0's wrestle skill mitigates 26 damage.
Kanil hit Snapster 3.0 for 36. Snapster 3.0 has 159 hp left.

Snapster 3.0 pinches for 47 damage.
Kanil's wrestle skill mitigates 26 damage.
Snapster 3.0 hit Kanil for 21. Kanil has 51 hp left.

Kanil pinches for 52 damage.
Snapster 3.0's wrestle skill mitigates 23 damage.
Kanil hit Snapster 3.0 for 29. Snapster 3.0 has 130 hp left.

Snapster 3.0 pinches for 46 damage.
Kanil's wrestle skill mitigates 25 damage.
Snapster 3.0 hit Kanil for 21. Kanil has 30 hp left.

Kanil pinches for 45 damage.
Snapster 3.0's wrestle skill mitigates 26 damage.
Kanil hit Snapster 3.0 for 19. Snapster 3.0 has 111 hp left.

Snapster 3.0 pinches for 46 damage.
Kanil's wrestle skill mitigates 23 damage.
Snapster 3.0 hit Kanil for 23. Kanil has 7 hp left.

Kanil pinches for 45 damage.
Snapster 3.0's wrestle skill mitigates 22 damage.
Kanil hit Snapster 3.0 for 23. Snapster 3.0 has 88 hp left.

Snapster 3.0 pinches for 46 damage.
Kanil's wrestle skill mitigates 25 damage.
Snapster 3.0 hit Kanil for 21. Kanil has 0 hp left.

After 4 turns, the battle has ended: winner = Snapster 3.0, loser = Kanil
************
------- A NEW BATTLE BEGINS ------
---    Snapster 3.0 vs. SnipSnap-SnipSnap   ---
----------------------------------
Snapster 3.0 - Power: 43 | Wrestle: 15 | Speed: 12 | Stamina: 65 | Appeal:7 | Region: West | Power Bonus: South | Wrestle Bonus: North
SnipSnap-SnipSnap - Power: 57 | Wrestle: 35 | Speed: 38 | Stamina: 43 | Appeal:11 | Region: West | Power Bonus: West | Wrestle Bonus: West
----------------------------------
SnipSnap-SnipSnap pinches for 76 damage.
Snapster 3.0's wrestle skill mitigates 19 damage.
SnipSnap-SnipSnap hit Snapster 3.0 for 57. Snapster 3.0 has 138 hp left.

Snapster 3.0 pinches for 49 damage.
SnipSnap-SnipSnap's wrestle skill mitigates 48 damage.
Snapster 3.0 hit SnipSnap-SnipSnap for 1. SnipSnap-SnipSnap has 128 hp left.

SnipSnap-SnipSnap pinches for 75 damage.
Snapster 3.0's wrestle skill mitigates 21 damage.
SnipSnap-SnipSnap hit Snapster 3.0 for 54. Snapster 3.0 has 84 hp left.

Snapster 3.0 pinches for 49 damage.
SnipSnap-SnipSnap's wrestle skill mitigates 50 damage.
Snapster 3.0's attack didn't inflict any damage, but blocking the attack has caused SnipSnap-SnipSnap to fatigue.

SnipSnap-SnipSnap pinches for 73 damage.
Snapster 3.0's wrestle skill mitigates 19 damage.
SnipSnap-SnipSnap hit Snapster 3.0 for 54. Snapster 3.0 has 30 hp left.

Snapster 3.0 pinches for 47 damage.
SnipSnap-SnipSnap's wrestle skill mitigates 48 damage.
Snapster 3.0's attack didn't inflict any damage, but blocking the attack has caused SnipSnap-SnipSnap to fatigue.

SnipSnap-SnipSnap just used his special move 1 and attacked for 127 damage
Snapster 3.0's wrestle skill mitigates 18 damage.
SnipSnap-SnipSnap hit Snapster 3.0 for 109. Snapster 3.0 has 0 hp left.

After 4 turns, the battle has ended: winner = SnipSnap-SnipSnap, loser = Snapster 3.0
************
