53 Kani have been released into the battlefield.
The Queen Kani for this KGE are Queen of the North & Queen of the West
------- A NEW BATTLE BEGINS ------
--- Snappy vs. Kani 48 ---
----------------------------------
In this battle Snappy has a damage multiplier of 1, a defense buff of 1 , and 8 health.
While Kani 48 has a damage multiplier of 1.5, a defense buff of 1.5, and 8 health.
Snappy attacks first
Snappy attacks for 20
Kani 48 has blocked 20.0 damage
Kani 48 attacks for 17
Snappy has blocked 7 damage
Snappy has taken 10. He has 0 health left.
*** The battle has ended ***
** The winner is Kani 48 **
****************************
------- A NEW BATTLE BEGINS ------
--- Kani 49 vs. Kani 030 ---
----------------------------------
In this battle Kani 49 has a damage multiplier of 1, a defense buff of 1 , and 16 health.
While Kani 030 has a damage multiplier of 1, a defense buff of 1.5, and 8 health.
Kani 030 attacks first
Kani 030 attacks for 10
Kani 49 has blocked 20 damage
Kani 49 attacks for 17
Kani 030 has blocked 8.5 damage
Kani 030 has taken 8.5. He has 0 health left.
*** The battle has ended ***
** The winner is Kani 49 **
****************************
------- A NEW BATTLE BEGINS ------
--- Kani 51 vs. Kraberuncheon ---
----------------------------------
In this battle Kani 51 has a damage multiplier of 1.5, a defense buff of 1 , and 11 health.
While Kraberuncheon has a damage multiplier of 1.5, a defense buff of 1, and 26 health.
Kani 51 attacks first
Kani 51 attacks for 10
Kraberuncheon has blocked 29 damage
Kraberuncheon attacks for 31
Kani 51 has blocked 16 damage
Kani 51 has taken 15. He has 0 health left.
*** The battle has ended ***
** The winner is Kraberuncheon **
****************************
------- A NEW BATTLE BEGINS ------
--- Gorgeous Green vs. Kani 021 ---
----------------------------------
In this battle Gorgeous Green has a damage multiplier of 1, a defense buff of 1 , and 41 health.
While Kani 021 has a damage multiplier of 1, a defense buff of 1, and 5 health.
Gorgeous Green attacks first
Gorgeous Green attacks for 22
Kani 021 has blocked 16 damage
Kani 021 has taken 6. He has 0 health left.
*** The battle has ended ***
** The winner is Gorgeous Green **
****************************
------- A NEW BATTLE BEGINS ------
--- Kani 48 vs. Kraberuncheon ---
----------------------------------
In this battle Kani 48 has a damage multiplier of 1.5, a defense buff of 1.5 , and 8 health.
While Kraberuncheon has a damage multiplier of 1.5, a defense buff of 1, and 26 health.
Kraberuncheon attacks first
Kraberuncheon attacks for 26
Kani 48 has blocked 11.0 damage
Kani 48 has taken 15.0. He has 0 health left.
*** The battle has ended ***
** The winner is Kraberuncheon **
****************************
------- A NEW BATTLE BEGINS ------
--- Kani 022 vs. Kani 031 ---
----------------------------------
In this battle Kani 022 has a damage multiplier of 1, a defense buff of 1 , and 7 health.
While Kani 031 has a damage multiplier of 1, a defense buff of 1, and 11 health.
Kani 022 attacks first
Kani 022 attacks for 19
Kani 031 has blocked 13 damage
Kani 031 has taken 6. He has 5 health left.
Kani 031 attacks for 9
Kani 022 has blocked 12 damage
Kani 022 attacks for 20
Kani 031 has blocked 10 damage
Kani 031 has taken 10. He has 0 health left.
*** The battle has ended ***
** The winner is Kani 022 **
****************************
------- A NEW BATTLE BEGINS ------
--- Don't touch Terminators stash vs. Kraberuncheon ---
----------------------------------
In this battle Don't touch Terminators stash has a damage multiplier of 1.5, a defense buff of 1 , and 6 health.
While Kraberuncheon has a damage multiplier of 1, a defense buff of 1.5, and 26 health.
Don't touch Terminators stash attacks first
Don't touch Terminators stash attacks for 15
Kraberuncheon has blocked 35.0 damage
Kraberuncheon attacks for 27
Don't touch Terminators stash has blocked 14 damage
Don't touch Terminators stash has taken 13. He has 0 health left.
*** The battle has ended ***
** The winner is Kraberuncheon **
****************************
------- A NEW BATTLE BEGINS ------
--- Kani vs. Kani 041 ---
----------------------------------
In this battle Kani has a damage multiplier of 1, a defense buff of 1 , and 5 health.
While Kani 041 has a damage multiplier of 1, a defense buff of 1, and 8 health.
Kani 041 attacks first
Kani 041 attacks for 11
Kani has blocked 15 damage
Kani attacks for 9
Kani 041 has blocked 17 damage
Kani 041 attacks for 7
Kani has blocked 17 damage
Kani attacks for 9
Kani 041 has blocked 16 damage
Kani 041 attacks for 6
Kani has blocked 16 damage
Kani attacks for 11
Kani 041 has blocked 13 damage
Kani 041 attacks for 6
Kani has blocked 16 damage
Kani attacks for 12
Kani 041 has blocked 16 damage
Kani 041 attacks for 8
Kani has blocked 17 damage
Kani attacks for 10
Kani 041 has blocked 15 damage
Kani 041 has used his spcieal move and attacks for 22
Kani has blocked 11 damage
Kani has taken 11. He has 0 health left.
*** The battle has ended ***
** The winner is Kani 041 **
****************************
------- A NEW BATTLE BEGINS ------
--- Kani 023 vs. River ---
----------------------------------
In this battle Kani 023 has a damage multiplier of 1, a defense buff of 1 , and 5 health.
While River has a damage multiplier of 1, a defense buff of 1.5, and 4 health.
Kani 023 attacks first
Kani 023 attacks for 13
River has blocked 18.0 damage
River attacks for 16
Kani 023 has blocked 12 damage
Kani 023 has taken 4. He has 1 health left.
Kani 023 attacks for 13
River has blocked 19.5 damage
River attacks for 16
Kani 023 has blocked 10 damage
Kani 023 has taken 6. He has 0 health left.
*** The battle has ended ***
** The winner is River **
****************************
------- A NEW BATTLE BEGINS ------
--- Mr. Deep vs. Kani 035 ---
----------------------------------
In this battle Mr. Deep has a damage multiplier of 1.5, a defense buff of 1.5 , and 16 health.
While Kani 035 has a damage multiplier of 1, a defense buff of 1.5, and 6 health.
Mr. Deep attacks first
Mr. Deep attacks for 11
Kani 035 has blocked 18.0 damage
Kani 035 attacks for 12
Mr. Deep has blocked 45.0 damage
Mr. Deep attacks for 17
Kani 035 has blocked 10.5 damage
Kani 035 has taken 6.5. He has 0 health left.
*** The battle has ended ***
** The winner is Mr. Deep **
****************************
------- A NEW BATTLE BEGINS ------
--- Pinky vs. Kani 037 ---
----------------------------------
In this battle Pinky has a damage multiplier of 1, a defense buff of 1.5 , and 5 health.
While Kani 037 has a damage multiplier of 1, a defense buff of 1, and 5 health.
Kani 037 attacks first
Kani 037 attacks for 6
Pinky has blocked 15.0 damage
Pinky attacks for 13
Kani 037 has blocked 17 damage
Kani 037 attacks for 7
Pinky has blocked 18.0 damage
Pinky attacks for 18
Kani 037 has blocked 18 damage
Kani 037 attacks for 8
Pinky has blocked 18.0 damage
Pinky attacks for 17
Kani 037 has blocked 21 damage
Kani 037 attacks for 6
Pinky has blocked 16.5 damage
Pinky attacks for 18
Kani 037 has blocked 21 damage
Kani 037 attacks for 6
Pinky has blocked 13.5 damage
Pinky attacks for 15
Kani 037 has blocked 17 damage
Kani 037 attacks for 9
Pinky has blocked 13.5 damage
Pinky attacks for 17
Kani 037 has blocked 15 damage
Kani 037 has taken 2. He has 3 health left.
Kani 037 has used his spcieal move and attacks for 21
Pinky has blocked 18.0 damage
Pinky has taken 3.0. He has 2.0 health left.
Pinky attacks for 18
Kani 037 has blocked 16 damage
Kani 037 has taken 2. He has 1 health left.
Kani 037 attacks for 6
Pinky has blocked 16.5 damage
Pinky attacks for 16
Kani 037 has blocked 15 damage
Kani 037 has taken 1. He has 0 health left.
*** The battle has ended ***
** The winner is Pinky **
****************************
------- A NEW BATTLE BEGINS ------
--- Kani 53 vs. Kani 019 ---
----------------------------------
In this battle Kani 53 has a damage multiplier of 1, a defense buff of 1 , and 3 health.
While Kani 019 has a damage multiplier of 1, a defense buff of 1, and 3 health.
Kani 53 attacks first
Kani 53 attacks for 17
Kani 019 has blocked 11 damage
Kani 019 has taken 6. He has 0 health left.
*** The battle has ended ***
** The winner is Kani 53 **
****************************
------- A NEW BATTLE BEGINS ------
--- Citizen Snips vs. Kani 57 ---
----------------------------------
In this battle Citizen Snips has a damage multiplier of 1, a defense buff of 1 , and 19 health.
While Kani 57 has a damage multiplier of 1, a defense buff of 1.5, and 13 health.
Kani 57 attacks first
Kani 57 attacks for 10
Citizen Snips has blocked 18 damage
Citizen Snips attacks for 29
Kani 57 has blocked 19.5 damage
Kani 57 has taken 9.5. He has 3.5 health left.
Kani 57 attacks for 11
Citizen Snips has blocked 18 damage
Citizen Snips attacks for 32
Kani 57 has blocked 21.0 damage
Kani 57 has taken 11.0. He has 0 health left.
*** The battle has ended ***
** The winner is Citizen Snips **
****************************
------- A NEW BATTLE BEGINS ------
--- Kani 008 vs. Kani 012 ---
----------------------------------
In this battle Kani 008 has a damage multiplier of 1.5, a defense buff of 1 , and 8 health.
While Kani 012 has a damage multiplier of 1, a defense buff of 1, and 9 health.
Kani 012 attacks first
Kani 012 attacks for 13
Kani 008 has blocked 16 damage
Kani 008 attacks for 9
Kani 012 has blocked 6 damage
Kani 012 has taken 3. He has 6 health left.
Kani 012 attacks for 11
Kani 008 has blocked 11 damage
Kani 008 attacks for 9
Kani 012 has blocked 12 damage
Kani 012 attacks for 10
Kani 008 has blocked 15 damage
Kani 008 attacks for 15
Kani 012 has blocked 10 damage
Kani 012 has taken 5. He has 1 health left.
Kani 012 attacks for 10
Kani 008 has blocked 11 damage
Kani 008 attacks for 13
Kani 012 has blocked 9 damage
Kani 012 has taken 4. He has 0 health left.
*** The battle has ended ***
** The winner is Kani 008 **
****************************
------- A NEW BATTLE BEGINS ------
--- Mr Puddle vs. Kani 039 ---
----------------------------------
In this battle Mr Puddle has a damage multiplier of 1, a defense buff of 1 , and 2 health.
While Kani 039 has a damage multiplier of 1, a defense buff of 1, and 5 health.
Kani 039 attacks first
Kani 039 attacks for 14
Mr Puddle has blocked 15 damage
Mr Puddle attacks for 16
Kani 039 has blocked 20 damage
Kani 039 attacks for 13
Mr Puddle has blocked 12 damage
Mr Puddle has taken 1. He has 1 health left.
Mr Puddle attacks for 15
Kani 039 has blocked 19 damage
Kani 039 attacks for 11
Mr Puddle has blocked 13 damage
Mr Puddle attacks for 16
Kani 039 has blocked 21 damage
Kani 039 attacks for 15
Mr Puddle has blocked 10 damage
Mr Puddle has taken 5. He has 0 health left.
*** The battle has ended ***
** The winner is Kani 039 **
****************************
------- A NEW BATTLE BEGINS ------
--- Mr. Deep vs. Tomahawk Stallone ---
----------------------------------
In this battle Mr. Deep has a damage multiplier of 1, a defense buff of 1 , and 16 health.
While Tomahawk Stallone has a damage multiplier of 1, a defense buff of 1, and 12 health.
Tomahawk Stallone attacks first
Tomahawk Stallone attacks for 22
Mr. Deep has blocked 50 damage
Mr. Deep attacks for 13
Tomahawk Stallone has blocked 33 damage
Tomahawk Stallone attacks for 19
Mr. Deep has blocked 48 damage
Mr. Deep attacks for 11
Tomahawk Stallone has blocked 33 damage
Tomahawk Stallone attacks for 18
Mr. Deep has blocked 46 damage
Mr. Deep attacks for 10
Tomahawk Stallone has blocked 33 damage
Tomahawk Stallone has used his spcieal move and attacks for 32
Mr. Deep has blocked 48 damage
Mr. Deep attacks for 11
Tomahawk Stallone has blocked 33 damage
Tomahawk Stallone attacks for 18
Mr. Deep has blocked 49 damage
Mr. Deep attacks for 13
Tomahawk Stallone has blocked 33 damage
Tomahawk Stallone attacks for 17
Mr. Deep has blocked 49 damage
Mr. Deep attacks for 12
Tomahawk Stallone has blocked 27 damage
Tomahawk Stallone attacks for 20
Mr. Deep has blocked 45 damage
Mr. Deep has used his spcieal move and attacks for 57
Tomahawk Stallone has blocked 32 damage
Tomahawk Stallone has taken 25. He has 0 health left.
*** The battle has ended ***
** The winner is Mr. Deep **
****************************
------- A NEW BATTLE BEGINS ------
--- Kani 039 vs. Snips ---
----------------------------------
In this battle Kani 039 has a damage multiplier of 1, a defense buff of 1.5 , and 5 health.
While Snips has a damage multiplier of 1.5, a defense buff of 1, and 5 health.
Kani 039 attacks first
Kani 039 attacks for 16
Snips has blocked 13 damage
Snips has taken 3. He has 2 health left.
Snips attacks for 10
Kani 039 has blocked 16.5 damage
Kani 039 attacks for 16
Snips has blocked 14 damage
Snips has taken 2. He has 0 health left.
*** The battle has ended ***
** The winner is Kani 039 **
****************************
------- A NEW BATTLE BEGINS ------
--- Kani 017 vs. Kraberuncheon ---
----------------------------------
In this battle Kani 017 has a damage multiplier of 1, a defense buff of 1 , and 2 health.
While Kraberuncheon has a damage multiplier of 1.5, a defense buff of 1, and 26 health.
Kraberuncheon attacks first
Kraberuncheon attacks for 32
Kani 017 has blocked 18 damage
Kani 017 has taken 14. He has 0 health left.
*** The battle has ended ***
** The winner is Kraberuncheon **
****************************
------- A NEW BATTLE BEGINS ------
--- River vs. Kani 56 ---
----------------------------------
In this battle River has a damage multiplier of 1, a defense buff of 1 , and 4 health.
While Kani 56 has a damage multiplier of 1, a defense buff of 1.5, and 4 health.
Kani 56 attacks first
Kani 56 attacks for 13
River has blocked 12 damage
River has taken 1. He has 3 health left.
River attacks for 12
Kani 56 has blocked 15.0 damage
Kani 56 attacks for 12
River has blocked 14 damage
River attacks for 10
Kani 56 has blocked 15.0 damage
Kani 56 attacks for 12
River has blocked 17 damage
River attacks for 16
Kani 56 has blocked 18.0 damage
Kani 56 attacks for 15
River has blocked 17 damage
River attacks for 13
Kani 56 has blocked 19.5 damage
Kani 56 attacks for 12
River has blocked 18 damage
River attacks for 10
Kani 56 has blocked 18.0 damage
Kani 56 attacks for 14
River has blocked 16 damage
River attacks for 12
Kani 56 has blocked 16.5 damage
Kani 56 attacks for 14
River has blocked 14 damage
River attacks for 16
Kani 56 has blocked 12.0 damage
Kani 56 has taken 4.0. He has 0 health left.
*** The battle has ended ***
** The winner is River **
****************************
------- A NEW BATTLE BEGINS ------
--- Sebastian vs. Sathington Willoughby ---
----------------------------------
In this battle Sebastian has a damage multiplier of 1.5, a defense buff of 1 , and 26 health.
While Sathington Willoughby has a damage multiplier of 1.5, a defense buff of 1.5, and 8 health.
Sebastian attacks first
Sebastian attacks for 18
Sathington Willoughby has blocked 21.5 damage
Sathington Willoughby attacks for 42
Sebastian has blocked 19 damage
Sebastian has taken 23. He has 3 health left.
Sebastian attacks for 15
Sathington Willoughby has blocked 21.5 damage
Sathington Willoughby attacks for 41
Sebastian has blocked 13 damage
Sebastian has taken 28. He has 0 health left.
*** The battle has ended ***
** The winner is Sathington Willoughby **
****************************
------- A NEW BATTLE BEGINS ------
--- Kani 046 vs. The Terminator ---
----------------------------------
In this battle Kani 046 has a damage multiplier of 1.5, a defense buff of 1 , and 11 health.
While The Terminator has a damage multiplier of 1, a defense buff of 1.5, and 2 health.
The Terminator attacks first
The Terminator attacks for 36
Kani 046 has blocked 15 damage
Kani 046 has taken 21. He has 0 health left.
*** The battle has ended ***
** The winner is The Terminator **
****************************
------- A NEW BATTLE BEGINS ------
--- Red Ripper vs. Kani 53 ---
----------------------------------
In this battle Red Ripper has a damage multiplier of 1, a defense buff of 1 , and 14 health.
While Kani 53 has a damage multiplier of 1, a defense buff of 1, and 3 health.
Kani 53 attacks first
Kani 53 attacks for 17
Red Ripper has blocked 11 damage
Red Ripper has taken 6. He has 8 health left.
Red Ripper attacks for 20
Kani 53 has blocked 12 damage
Kani 53 has taken 8. He has 0 health left.
*** The battle has ended ***
** The winner is Red Ripper **
****************************
------- A NEW BATTLE BEGINS ------
--- James Bond vs. Kani 042 ---
----------------------------------
In this battle James Bond has a damage multiplier of 1, a defense buff of 1 , and 2 health.
While Kani 042 has a damage multiplier of 1, a defense buff of 1, and 10 health.
James Bond attacks first
James Bond attacks for 13
Kani 042 has blocked 12 damage
Kani 042 has taken 1. He has 9 health left.
Kani 042 attacks for 11
James Bond has blocked 20 damage
James Bond attacks for 11
Kani 042 has blocked 17 damage
Kani 042 attacks for 16
James Bond has blocked 21 damage
James Bond attacks for 10
Kani 042 has blocked 17 damage
Kani 042 attacks for 17
James Bond has blocked 17 damage
James Bond attacks for 10
Kani 042 has blocked 17 damage
Kani 042 attacks for 15
James Bond has blocked 16 damage
James Bond attacks for 11
Kani 042 has blocked 16 damage
Kani 042 attacks for 11
James Bond has blocked 17 damage
James Bond attacks for 10
Kani 042 has blocked 11 damage
Kani 042 attacks for 11
James Bond has blocked 20 damage
James Bond attacks for 13
Kani 042 has blocked 16 damage
Kani 042 attacks for 15
James Bond has blocked 21 damage
James Bond attacks for 11
Kani 042 has blocked 16 damage
Kani 042 has used his special move and attacks for 28
James Bond has blocked 15 damage
James Bond has taken 13. He has 0 health left.
*** The battle has ended ***
** The winner is Kani 042 **
****************************
------- A NEW BATTLE BEGINS ------
--- Citizen Snips vs. Pinky ---
----------------------------------
In this battle Citizen Snips has a damage multiplier of 1, a defense buff of 1 , and 19 health.
While Pinky has a damage multiplier of 1, a defense buff of 1, and 5 health.
Citizen Snips attacks first
Citizen Snips attacks for 32
Pinky has blocked 18 damage
Pinky has taken 14. He has 0 health left.
*** The battle has ended ***
** The winner is Citizen Snips **
****************************
------- A NEW BATTLE BEGINS ------
--- River vs. Mr. Deep ---
----------------------------------
In this battle River has a damage multiplier of 1.5, a defense buff of 1 , and 4 health.
While Mr. Deep has a damage multiplier of 1, a defense buff of 1, and 16 health.
River attacks first
River attacks for 14
Mr. Deep has blocked 47 damage
Mr. Deep attacks for 14
River has blocked 13 damage
River has taken 1. He has 3 health left.
River attacks for 16
Mr. Deep has blocked 48 damage
Mr. Deep attacks for 10
River has blocked 16 damage
River attacks for 10
Mr. Deep has blocked 47 damage
Mr. Deep attacks for 14
River has blocked 17 damage
River attacks for 14
Mr. Deep has blocked 47 damage
Mr. Deep attacks for 14
River has blocked 13 damage
River has taken 1. He has 2 health left.
River attacks for 13
Mr. Deep has blocked 49 damage
Mr. Deep attacks for 15
River has blocked 13 damage
River has taken 2. He has 0 health left.
*** The battle has ended ***
** The winner is Mr. Deep **
****************************
------- A NEW BATTLE BEGINS ------
--- Ebubedike vs. Kani 038 ---
----------------------------------
In this battle Ebubedike has a damage multiplier of 1.5, a defense buff of 1 , and 2 health.
While Kani 038 has a damage multiplier of 1, a defense buff of 1.5, and 8 health.
Ebubedike attacks first
Ebubedike attacks for 16
Kani 038 has blocked 19.0 damage
Kani 038 attacks for 9
Ebubedike has blocked 20 damage
Ebubedike attacks for 20
Kani 038 has blocked 17.5 damage
Kani 038 has taken 2.5. He has 5.5 health left.
Kani 038 attacks for 11
Ebubedike has blocked 18 damage
Ebubedike attacks for 13
Kani 038 has blocked 20.5 damage
Kani 038 attacks for 14
Ebubedike has blocked 16 damage
Ebubedike attacks for 14
Kani 038 has blocked 16.0 damage
Kani 038 attacks for 14
Ebubedike has blocked 17 damage
Ebubedike attacks for 20
Kani 038 has blocked 22.0 damage
Kani 038 attacks for 12
Ebubedike has blocked 15 damage
Ebubedike attacks for 14
Kani 038 has blocked 13.0 damage
Kani 038 has taken 1.0. He has 4.5 health left.
Kani 038 attacks for 10
Ebubedike has blocked 18 damage
Ebubedike attacks for 16
Kani 038 has blocked 20.5 damage
Kani 038 attacks for 11
Ebubedike has blocked 17 damage
Ebubedike attacks for 22
Kani 038 has blocked 20.5 damage
Kani 038 has taken 1.5. He has 3.0 health left.
Kani 038 has used his special move and attacks for 23
Ebubedike has blocked 19 damage
Ebubedike has taken 4. He has 0 health left.
*** The battle has ended ***
** The winner is Kani 038 **
****************************
------- A NEW BATTLE BEGINS ------
--- Citizen Snips vs. Decipher These Claws ---
----------------------------------
In this battle Citizen Snips has a damage multiplier of 1, a defense buff of 1 , and 19 health.
While Decipher These Claws has a damage multiplier of 1.5, a defense buff of 1, and 2 health.
Citizen Snips attacks first
Citizen Snips attacks for 33
Decipher These Claws has blocked 19 damage
Decipher These Claws has taken 14. He has 0 health left.
*** The battle has ended ***
** The winner is Citizen Snips **
****************************
------- A NEW BATTLE BEGINS ------
--- Kani 011 vs. Kani 038 ---
----------------------------------
In this battle Kani 011 has a damage multiplier of 1, a defense buff of 1.5 , and 8 health.
While Kani 038 has a damage multiplier of 1.5, a defense buff of 1, and 8 health.
Kani 038 attacks first
Kani 038 attacks for 18
Kani 011 has blocked 13.5 damage
Kani 011 has taken 4.5. He has 3.5 health left.
Kani 011 attacks for 10
Kani 038 has blocked 14 damage
Kani 038 attacks for 13
Kani 011 has blocked 18.0 damage
Kani 011 attacks for 8
Kani 038 has blocked 13 damage
Kani 038 attacks for 10
Kani 011 has blocked 16.5 damage
Kani 011 attacks for 10
Kani 038 has blocked 13 damage
Kani 038 attacks for 9
Kani 011 has blocked 19.5 damage
Kani 011 attacks for 14
Kani 038 has blocked 14 damage
Kani 038 attacks for 15
Kani 011 has blocked 16.5 damage
Kani 011 attacks for 11
Kani 038 has blocked 17 damage
Kani 038 attacks for 16
Kani 011 has blocked 21.0 damage
Kani 011 attacks for 8
Kani 038 has blocked 15 damage
Kani 038 attacks for 15
Kani 011 has blocked 15.0 damage
Kani 011 has used his spcieal move and attacks for 16.5
Kani 038 has blocked 18 damage
Kani 038 has used his spcieal move and attacks for 29
Kani 011 has blocked 15.0 damage
Kani 011 has taken 14.0. He has 0 health left.
*** The battle has ended ***
** The winner is Kani 038 **
****************************
------- A NEW BATTLE BEGINS ------
--- Eugene vs. Mr. Deep ---
----------------------------------
In this battle Eugene has a damage multiplier of 1, a defense buff of 1.5 , and 10 health.
While Mr. Deep has a damage multiplier of 1.5, a defense buff of 1.5, and 16 health.
Mr. Deep attacks first
Mr. Deep attacks for 11
Eugene has blocked 13.0 damage
Eugene attacks for 18
Mr. Deep has blocked 54.0 damage
Mr. Deep attacks for 13
Eugene has blocked 13.0 damage
Eugene attacks for 16
Mr. Deep has blocked 49.5 damage
Mr. Deep attacks for 16
Eugene has blocked 10.0 damage
Eugene has taken 6.0. He has 4.0 health left.
Eugene attacks for 15
Mr. Deep has blocked 45.0 damage
Mr. Deep attacks for 16
Eugene has blocked 7.0 damage
Eugene has taken 9.0. He has 0 health left.
*** The battle has ended ***
** The winner is Mr. Deep **
****************************
------- A NEW BATTLE BEGINS ------
--- Kani 038 vs. Number 10 ---
----------------------------------
In this battle Kani 038 has a damage multiplier of 1, a defense buff of 1 , and 8 health.
While Number 10 has a damage multiplier of 1, a defense buff of 1.5, and 9 health.
Kani 038 attacks first
Kani 038 attacks for 15
Number 10 has blocked 13.5 damage
Number 10 has taken 1.5. He has 7.5 health left.
Number 10 attacks for 12
Kani 038 has blocked 19 damage
Kani 038 attacks for 13
Number 10 has blocked 19.5 damage
Number 10 attacks for 12
Kani 038 has blocked 18 damage
Kani 038 attacks for 15
Number 10 has blocked 15.0 damage
Number 10 attacks for 8
Kani 038 has blocked 14 damage
Kani 038 attacks for 14
Number 10 has blocked 12.0 damage
Number 10 has taken 2.0. He has 5.5 health left.
Number 10 attacks for 8
Kani 038 has blocked 14 damage
Kani 038 attacks for 15
Number 10 has blocked 12.0 damage
Number 10 has taken 3.0. He has 2.5 health left.
Number 10 attacks for 10
Kani 038 has blocked 16 damage
Kani 038 attacks for 9
Number 10 has blocked 15.0 damage
Number 10 attacks for 14
Kani 038 has blocked 18 damage
Kani 038 attacks for 12
Number 10 has blocked 19.5 damage
Number 10 has used his special move and attacks for 14.5
Kani 038 has blocked 14 damage
Kani 038 has taken 0.5. He has 7.5 health left.
Kani 038 has used his special move and attacks for 24
Number 10 has blocked 16.5 damage
Number 10 has taken 7.5. He has 0 health left.
*** The battle has ended ***
** The winner is Kani 038 **
****************************
------- A NEW BATTLE BEGINS ------
--- Kani 042 vs. Kani 52 ---
----------------------------------
In this battle Kani 042 has a damage multiplier of 1, a defense buff of 1 , and 10 health.
While Kani 52 has a damage multiplier of 1, a defense buff of 1, and 3 health.
Kani 52 attacks first
Kani 52 attacks for 10
Kani 042 has blocked 13 damage
Kani 042 attacks for 12
Kani 52 has blocked 16 damage
Kani 52 attacks for 13
Kani 042 has blocked 11 damage
Kani 042 has taken 2. He has 8 health left.
Kani 042 attacks for 16
Kani 52 has blocked 14 damage
Kani 52 has taken 2. He has 1 health left.
Kani 52 attacks for 12
Kani 042 has blocked 16 damage
Kani 042 attacks for 16
Kani 52 has blocked 16 damage
Kani 52 attacks for 13
Kani 042 has blocked 16 damage
Kani 042 attacks for 16
Kani 52 has blocked 15 damage
Kani 52 has taken 1. He has 0 health left.
*** The battle has ended ***
** The winner is Kani 042 **
****************************
------- A NEW BATTLE BEGINS ------
--- Kani 026 vs. Kani 49 ---
----------------------------------
In this battle Kani 026 has a damage multiplier of 1.5, a defense buff of 1 , and 7 health.
While Kani 49 has a damage multiplier of 1.5, a defense buff of 1, and 16 health.
Kani 49 attacks first
Kani 49 attacks for 14
Kani 026 has blocked 15 damage
Kani 026 attacks for 20
Kani 49 has blocked 20 damage
Kani 49 attacks for 15
Kani 026 has blocked 15 damage
Kani 026 attacks for 12
Kani 49 has blocked 17 damage
Kani 49 attacks for 18
Kani 026 has blocked 14 damage
Kani 026 has taken 4. He has 3 health left.
Kani 026 attacks for 18
Kani 49 has blocked 21 damage
Kani 49 attacks for 21
Kani 026 has blocked 20 damage
Kani 026 has taken 1. He has 2 health left.
Kani 026 attacks for 17
Kani 49 has blocked 18 damage
Kani 49 attacks for 20
Kani 026 has blocked 16 damage
Kani 026 has taken 4. He has 0 health left.
*** The battle has ended ***
** The winner is Kani 49 **
****************************
------- A NEW BATTLE BEGINS ------
--- Kani 022 vs. Kani 041 ---
----------------------------------
In this battle Kani 022 has a damage multiplier of 1, a defense buff of 1 , and 7 health.
While Kani 041 has a damage multiplier of 1, a defense buff of 1, and 8 health.
Kani 022 attacks first
Kani 022 attacks for 17
Kani 041 has blocked 16 damage
Kani 041 has taken 1. He has 7 health left.
Kani 041 attacks for 7
Kani 022 has blocked 9 damage
Kani 022 attacks for 21
Kani 041 has blocked 12 damage
Kani 041 has taken 9. He has 0 health left.
*** The battle has ended ***
** The winner is Kani 022 **
****************************
------- A NEW BATTLE BEGINS ------
--- Omekannaya vs. Jason Voorhees ---
----------------------------------
In this battle Omekannaya has a damage multiplier of 1, a defense buff of 1 , and 20 health.
While Jason Voorhees has a damage multiplier of 1, a defense buff of 1, and 12 health.
Omekannaya attacks first
Omekannaya attacks for 20
Jason Voorhees has blocked 20 damage
Jason Voorhees attacks for 31
Omekannaya has blocked 42 damage
Omekannaya attacks for 22
Jason Voorhees has blocked 24 damage
Jason Voorhees attacks for 32
Omekannaya has blocked 39 damage
Omekannaya attacks for 21
Jason Voorhees has blocked 24 damage
Jason Voorhees attacks for 30
Omekannaya has blocked 39 damage
Omekannaya attacks for 19
Jason Voorhees has blocked 21 damage
Jason Voorhees attacks for 35
Omekannaya has blocked 44 damage
Omekannaya attacks for 21
Jason Voorhees has blocked 24 damage
Jason Voorhees attacks for 29
Omekannaya has blocked 43 damage
Omekannaya attacks for 19
Jason Voorhees has blocked 26 damage
Jason Voorhees has used his special move and attacks for 51
Omekannaya has blocked 43 damage
Omekannaya has taken 8. He has 12 health left.
Omekannaya has used his special move and attacks for 59
Jason Voorhees has blocked 25 damage
Jason Voorhees has taken 34. He has 0 health left.
*** The battle has ended ***
** The winner is Omekannaya **
****************************
------- A NEW BATTLE BEGINS ------
--- Kani 034 vs. Omekannaya ---
----------------------------------
In this battle Kani 034 has a damage multiplier of 1, a defense buff of 1 , and 10 health.
While Omekannaya has a damage multiplier of 1, a defense buff of 1, and 20 health.
Kani 034 attacks first
Kani 034 attacks for 10
Omekannaya has blocked 41 damage
Omekannaya attacks for 22
Kani 034 has blocked 10 damage
Kani 034 has taken 12. He has 0 health left.
*** The battle has ended ***
** The winner is Omekannaya **
****************************
------- A NEW BATTLE BEGINS ------
--- Kani 54 vs. Kani 042 ---
----------------------------------
In this battle Kani 54 has a damage multiplier of 1.5, a defense buff of 1 , and 16 health.
While Kani 042 has a damage multiplier of 1, a defense buff of 1, and 10 health.
Kani 54 attacks first
Kani 54 attacks for 22
Kani 042 has blocked 12 damage
Kani 042 has taken 10. He has 0 health left.
*** The battle has ended ***
** The winner is Kani 54 **
****************************
------- A NEW BATTLE BEGINS ------
--- Kani 039 vs. Red Ripper ---
----------------------------------
In this battle Kani 039 has a damage multiplier of 1.5, a defense buff of 1 , and 5 health.
While Red Ripper has a damage multiplier of 1, a defense buff of 1, and 14 health.
Red Ripper attacks first
Red Ripper attacks for 20
Kani 039 has blocked 16 damage
Kani 039 has taken 4. He has 1 health left.
Kani 039 attacks for 19
Red Ripper has blocked 12 damage
Red Ripper has taken 7. He has 7 health left.
Red Ripper attacks for 17
Kani 039 has blocked 15 damage
Kani 039 has taken 2. He has 0 health left.
*** The battle has ended ***
** The winner is Red Ripper **
****************************
------- A NEW BATTLE BEGINS ------
--- Kraberuncheon vs. Kani 022 ---
----------------------------------
In this battle Kraberuncheon has a damage multiplier of 1, a defense buff of 1 , and 26 health.
While Kani 022 has a damage multiplier of 1, a defense buff of 1, and 7 health.
Kani 022 attacks first
Kani 022 attacks for 19
Kraberuncheon has blocked 28 damage
Kraberuncheon attacks for 25
Kani 022 has blocked 9 damage
Kani 022 has taken 16. He has 0 health left.
*** The battle has ended ***
** The winner is Kraberuncheon **
****************************
------- A NEW BATTLE BEGINS ------
--- Kani 008 vs. Kraberuncheon ---
----------------------------------
In this battle Kani 008 has a damage multiplier of 1, a defense buff of 1 , and 8 health.
While Kraberuncheon has a damage multiplier of 1, a defense buff of 1, and 26 health.
Kani 008 attacks first
Kani 008 attacks for 6
Kraberuncheon has blocked 26 damage
Kraberuncheon attacks for 26
Kani 008 has blocked 13 damage
Kani 008 has taken 13. He has 0 health left.
*** The battle has ended ***
** The winner is Kraberuncheon **
****************************
------- A NEW BATTLE BEGINS ------
--- Omekannaya vs. Kani 036 ---
----------------------------------
In this battle Omekannaya has a damage multiplier of 1, a defense buff of 1 , and 20 health.
While Kani 036 has a damage multiplier of 1, a defense buff of 1.5, and 10 health.
Kani 036 attacks first
Kani 036 attacks for 15
Omekannaya has blocked 42 damage
Omekannaya attacks for 24
Kani 036 has blocked 8.5 damage
Kani 036 has taken 15.5. He has 0 health left.
*** The battle has ended ***
** The winner is Omekannaya **
****************************
------- A NEW BATTLE BEGINS ------
--- Citizen Snips vs. Omekannaya ---
----------------------------------
In this battle Citizen Snips has a damage multiplier of 1, a defense buff of 1 , and 19 health.
While Omekannaya has a damage multiplier of 1, a defense buff of 1, and 20 health.
Omekannaya attacks first
Omekannaya attacks for 18
Citizen Snips has blocked 24 damage
Citizen Snips attacks for 30
Omekannaya has blocked 42 damage
Omekannaya attacks for 20
Citizen Snips has blocked 21 damage
Citizen Snips attacks for 30
Omekannaya has blocked 42 damage
Omekannaya attacks for 21
Citizen Snips has blocked 24 damage
Citizen Snips attacks for 27
Omekannaya has blocked 39 damage
Omekannaya attacks for 22
Citizen Snips has blocked 22 damage
Citizen Snips attacks for 33
Omekannaya has blocked 44 damage
Omekannaya attacks for 18
Citizen Snips has blocked 18 damage
Citizen Snips attacks for 30
Omekannaya has blocked 43 damage
Omekannaya attacks for 20
Citizen Snips has blocked 21 damage
Citizen Snips attacks for 31
Omekannaya has blocked 44 damage
Omekannaya has used his spcieal move and attacks for 58
Citizen Snips has blocked 24 damage
Citizen Snips has taken 34. He has 0 health left.
*** The battle has ended ***
** The winner is Omekannaya **
****************************
------- A NEW BATTLE BEGINS ------
--- Sathington Willoughby vs. Omekannaya ---
----------------------------------
In this battle Sathington Willoughby has a damage multiplier of 1, a defense buff of 1 , and 8 health.
While Omekannaya has a damage multiplier of 1, a defense buff of 1, and 20 health.
Sathington Willoughby attacks first
Sathington Willoughby attacks for 38
Omekannaya has blocked 44 damage
Omekannaya attacks for 18
Sathington Willoughby has blocked 15 damage
Sathington Willoughby has taken 3. He has 5 health left.
Sathington Willoughby attacks for 40
Omekannaya has blocked 39 damage
Omekannaya has taken 1. He has 19 health left.
Omekannaya attacks for 18
Sathington Willoughby has blocked 15 damage
Sathington Willoughby has taken 3. He has 2 health left.
Sathington Willoughby attacks for 39
Omekannaya has blocked 40 damage
Omekannaya attacks for 22
Sathington Willoughby has blocked 14 damage
Sathington Willoughby has taken 8. He has 0 health left.
*** The battle has ended ***
** The winner is Omekannaya **
****************************
------- A NEW BATTLE BEGINS ------
--- Omekannaya vs. Kani 54 ---
----------------------------------
In this battle Omekannaya has a damage multiplier of 1, a defense buff of 1 , and 20 health.
While Kani 54 has a damage multiplier of 1.5, a defense buff of 1, and 16 health.
Omekannaya attacks first
Omekannaya attacks for 19
Kani 54 has blocked 17 damage
Kani 54 has taken 2. He has 14 health left.
Kani 54 attacks for 27
Omekannaya has blocked 41 damage
Omekannaya attacks for 23
Kani 54 has blocked 15 damage
Kani 54 has taken 8. He has 6 health left.
Kani 54 attacks for 25
Omekannaya has blocked 40 damage
Omekannaya attacks for 24
Kani 54 has blocked 19 damage
Kani 54 has taken 5. He has 1 health left.
Kani 54 attacks for 21
Omekannaya has blocked 44 damage
Omekannaya attacks for 23
Kani 54 has blocked 14 damage
Kani 54 has taken 9. He has 0 health left.
*** The battle has ended ***
** The winner is Omekannaya **
****************************
------- A NEW BATTLE BEGINS ------
--- Green Machine vs. Kraberuncheon ---
----------------------------------
In this battle Green Machine has a damage multiplier of 1, a defense buff of 1.5 , and 7 health.
While Kraberuncheon has a damage multiplier of 1.5, a defense buff of 1, and 26 health.
Green Machine attacks first
Green Machine attacks for 48
Kraberuncheon has blocked 29 damage
Kraberuncheon has taken 19. He has 7 health left.
Kraberuncheon attacks for 28
Green Machine has blocked 25.5 damage
Green Machine has taken 2.5. He has 4.5 health left.
Green Machine attacks for 46
Kraberuncheon has blocked 32 damage
Kraberuncheon has taken 14. He has 0 health left.
*** The battle has ended ***
** The winner is Green Machine **
****************************
------- A NEW BATTLE BEGINS ------
--- Mr. Deep vs. Kani 038 ---
----------------------------------
In this battle Mr. Deep has a damage multiplier of 1, a defense buff of 1 , and 16 health.
While Kani 038 has a damage multiplier of 1, a defense buff of 1.5, and 8 health.
Kani 038 attacks first
Kani 038 attacks for 9
Mr. Deep has blocked 51 damage
Mr. Deep attacks for 15
Kani 038 has blocked 13.0 damage
Kani 038 has taken 2.0. He has 6.0 health left.
Kani 038 attacks for 11
Mr. Deep has blocked 49 damage
Mr. Deep attacks for 16
Kani 038 has blocked 17.5 damage
Kani 038 attacks for 13
Mr. Deep has blocked 50 damage
Mr. Deep attacks for 16
Kani 038 has blocked 17.5 damage
Kani 038 attacks for 15
Mr. Deep has blocked 45 damage
Mr. Deep attacks for 11
Kani 038 has blocked 20.5 damage
Kani 038 attacks for 10
Mr. Deep has blocked 50 damage
Mr. Deep attacks for 16
Kani 038 has blocked 13.0 damage
Kani 038 has taken 3.0. He has 3.0 health left.
Kani 038 attacks for 15
Mr. Deep has blocked 46 damage
Mr. Deep attacks for 14
Kani 038 has blocked 14.5 damage
Kani 038 attacks for 10
Mr. Deep has blocked 48 damage
Mr. Deep has used his spcieal move and attacks for 58
Kani 038 has blocked 16.0 damage
Kani 038 has taken 42.0. He has 0 health left.
*** The battle has ended ***
** The winner is Mr. Deep **
****************************
------- A NEW BATTLE BEGINS ------
--- Mr. Deep vs. Kani 49 ---
----------------------------------
In this battle Mr. Deep has a damage multiplier of 1, a defense buff of 1 , and 16 health.
While Kani 49 has a damage multiplier of 1, a defense buff of 1, and 16 health.
Mr. Deep attacks first
Mr. Deep attacks for 10
Kani 49 has blocked 20 damage
Kani 49 attacks for 19
Mr. Deep has blocked 49 damage
Mr. Deep attacks for 11
Kani 49 has blocked 20 damage
Kani 49 attacks for 19
Mr. Deep has blocked 46 damage
Mr. Deep attacks for 12
Kani 49 has blocked 23 damage
Kani 49 attacks for 20
Mr. Deep has blocked 49 damage
Mr. Deep attacks for 10
Kani 49 has blocked 22 damage
Kani 49 attacks for 18
Mr. Deep has blocked 46 damage
Mr. Deep attacks for 12
Kani 49 has blocked 20 damage
Kani 49 attacks for 20
Mr. Deep has blocked 46 damage
Mr. Deep attacks for 13
Kani 49 has blocked 22 damage
Kani 49 has used his special move and attacks for 36
Mr. Deep has blocked 50 damage
Mr. Deep has used his special move and attacks for 56
Kani 49 has blocked 18 damage
Kani 49 has taken 38. He has 0 health left.
*** The battle has ended ***
** The winner is Mr. Deep **
****************************
------- A NEW BATTLE BEGINS ------
--- Omekannaya vs. The Terminator ---
----------------------------------
In this battle Omekannaya has a damage multiplier of 1, a defense buff of 1 , and 20 health.
While The Terminator has a damage multiplier of 1.5, a defense buff of 1, and 2 health.
Omekannaya attacks first
Omekannaya attacks for 23
The Terminator has blocked 45 damage
The Terminator attacks for 38
Omekannaya has blocked 42 damage
Omekannaya attacks for 22
The Terminator has blocked 50 damage
The Terminator attacks for 35
Omekannaya has blocked 38 damage
Omekannaya attacks for 20
The Terminator has blocked 49 damage
The Terminator attacks for 38
Omekannaya has blocked 44 damage
Omekannaya attacks for 23
The Terminator has blocked 49 damage
The Terminator attacks for 37
Omekannaya has blocked 43 damage
Omekannaya attacks for 22
The Terminator has blocked 49 damage
The Terminator attacks for 38
Omekannaya has blocked 38 damage
Omekannaya attacks for 22
The Terminator has blocked 50 damage
The Terminator attacks for 32
Omekannaya has blocked 42 damage
Omekannaya has used his special move and attacks for 57
The Terminator has blocked 47 damage
The Terminator has taken 10. He has 0 health left.
*** The battle has ended ***
** The winner is Omekannaya **
****************************
------- A NEW BATTLE BEGINS ------
--- Red Ripper vs. Mr. Deep ---
----------------------------------
In this battle Red Ripper has a damage multiplier of 1.5, a defense buff of 1.5 , and 14 health.
While Mr. Deep has a damage multiplier of 1.5, a defense buff of 1.5, and 16 health.
Red Ripper attacks first
Red Ripper attacks for 21
Mr. Deep has blocked 52.5 damage
Mr. Deep attacks for 17
Red Ripper has blocked 11.5 damage
Red Ripper has taken 5.5. He has 8.5 health left.
Red Ripper attacks for 20
Mr. Deep has blocked 49.5 damage
Mr. Deep attacks for 11
Red Ripper has blocked 16.0 damage
Red Ripper attacks for 23
Mr. Deep has blocked 48.0 damage
Mr. Deep attacks for 16
Red Ripper has blocked 7.0 damage
Red Ripper has taken 9.0. He has 0 health left.
*** The battle has ended ***
** The winner is Mr. Deep **
****************************
------- A NEW BATTLE BEGINS ------
--- Mr. Deep vs. Kani 55 ---
----------------------------------
In this battle Mr. Deep has a damage multiplier of 1, a defense buff of 1 , and 16 health.
While Kani 55 has a damage multiplier of 1.5, a defense buff of 1, and 11 health.
Kani 55 attacks first
Kani 55 attacks for 15
Mr. Deep has blocked 49 damage
Mr. Deep attacks for 12
Kani 55 has blocked 6 damage
Kani 55 has taken 6. He has 5 health left.
Kani 55 attacks for 20
Mr. Deep has blocked 46 damage
Mr. Deep attacks for 16
Kani 55 has blocked 10 damage
Kani 55 has taken 6. He has 0 health left.
*** The battle has ended ***
** The winner is Mr. Deep **
****************************
The battles have been fought and 4 Kani remain undefeated
Kani 2 is a colourful Kani, highlights are 350.
Queen of the South(394243491) and Mr. Deep(437793433) are the parents of 2 new Kani.
Number of Offspring: 2, Mother Appeal: 6 Father Appeal: 4 - Mr. Deep has a 20% chance to win a Kani. Need a roll greater than 80 Roll:50
Mr. Deep has rolled a 50 but unfortuantely Queen of the South has claimed all the new Kani, Kani number 2. Will be added to the community prize pool.
Queen of the West(394250676) and Green Machine(457473971) are the parents of 2 new Kani.
Number of Offspring: 2, Mother Appeal: 9 Father Appeal: 12 - Green Machine has a 50% chance to win a Kani. Need a roll greater than 50 Roll:64
Green Machine has rolled a 64 and won a new Kani, Kani number 4. Congratualtions.
Kani 5 is a colourful Kani, highlights are 15.
Kani 7 is a colourful Kani, highlights are 174.
Queen of the East(394251425) and Omekannaya(521428846) are the parents of 3 new Kani.
Number of Offspring: 3, Mother Appeal: 3 Father Appeal: 5 - Omekannaya has a 70% chance to win a Kani. Need a roll greater than 30 Roll:63
Omekannaya has rolled a 63 and won a new Kani, Kani number 5. Congratualtions.
Kani 8 is a colourful Kani, highlights are 154.
There has been a mutation to new Kani number 9. Type: Weak Claw Highlight Color: 96 Original Power: 13 New Power: 10
Kani 13 is a colourful Kani, highlights are 177.
Queen of the North(394248226) and Gorgeous Green(541933199) are the parents of 6 new Kani.
Number of Offspring: 6, Mother Appeal: 13 Father Appeal: 17 - Gorgeous Green has a 80% chance to win a Kani. Need a roll greater than 20 Roll:58
Gorgeous Green has rolled a 58 and won a new Kani, Kani number 8. Congratualtions.
**The Kani Generating Event has ended**
13 new Kani have been created.
New Kani 1, Power:11, Wrestle: 12, Stamina: 12, Appeal: 5, Speed: 12, Mutation: False
New Kani 2, Power:8, Wrestle: 8, Stamina: 13, Appeal: 11, Speed: 19, Mutation: False
New Kani 3, Power:7, Wrestle: 13, Stamina: 5, Appeal: 15, Speed: 15, Mutation: False
New Kani 4, Power:13, Wrestle: 6, Stamina: 9, Appeal: 12, Speed: 16, Mutation: False
New Kani 5, Power:14, Wrestle: 6, Stamina: 12, Appeal: 8, Speed: 15, Mutation: False
New Kani 6, Power:10, Wrestle: 6, Stamina: 11, Appeal: 13, Speed: 19, Mutation: False
New Kani 7, Power:7, Wrestle: 8, Stamina: 10, Appeal: 15, Speed: 20, Mutation: False
New Kani 8, Power:15, Wrestle: 13, Stamina: 5, Appeal: 7, Speed: 7, Mutation: False
New Kani 9, Power:10, Wrestle: 6, Stamina: 12, Appeal: 9, Speed: 16, Mutation: True
New Kani 10, Power:11, Wrestle: 12, Stamina: 8, Appeal: 9, Speed: 12, Mutation: False
New Kani 11, Power:11, Wrestle: 6, Stamina: 15, Appeal: 8, Speed: 18, Mutation: False
New Kani 12, Power:6, Wrestle: 9, Stamina: 13, Appeal: 12, Speed: 20, Mutation: False
New Kani 13, Power:9, Wrestle: 13, Stamina: 13, Appeal: 5, Speed: 13, Mutation: False
