66 Kani have been released into the battlefield.
The Queen Kani for this KGE are Queen of the North & Queen of the South
------- A NEW BATTLE BEGINS ------
--- Green Machine vs. Kani 55 ---
Green Machine: Power: 41 - Wrestle: 19 - Stamina: 7 - Appeal: 9 - Speed: 9
Green Machine has a damage multiplier of 1.5 and a defense buff of 1
Kani 55: Power: 13 - Wrestle: 3 - Stamina: 12 - Appeal: 15 - Speed: 15
Kani 55 has a damage multiplier of 1 and a defense buff of 1.5
----------------------------------
Kani 55 attacks first
Kani 55 attacks for 14
Green Machine has blocked 22 damage
Green Machine attacks for 44
Kani 55 has blocked 9.0 damage
Kani 55 has taken 35.0. He has 0 health left.
*** The battle has ended ***
** The winner is Green Machine **
****************************
------- A NEW BATTLE BEGINS ------
--- Kani 030 vs. Tiny Rick ---
Kani 030: Power: 13 - Wrestle: 30 - Stamina: 12 - Appeal: 20 - Speed: 20
Kani 030 has a damage multiplier of 1 and a defense buff of 1
Tiny Rick: Power: 18 - Wrestle: 9 - Stamina: 22 - Appeal: 16 - Speed: 16
Tiny Rick has a damage multiplier of 1 and a defense buff of 1.5
----------------------------------
Kani 030 attacks first
Kani 030 attacks for 16
Tiny Rick has blocked 13.5 damage
Tiny Rick has taken 2.5. He has 19.5 health left.
Tiny Rick attacks for 23
Kani 030 has blocked 36 damage
Kani 030 attacks for 16
Tiny Rick has blocked 16.5 damage
Tiny Rick attacks for 21
Kani 030 has blocked 30 damage
Kani 030 attacks for 16
Tiny Rick has blocked 18.0 damage
Tiny Rick attacks for 24
Kani 030 has blocked 31 damage
Kani 030 attacks for 17
Tiny Rick has blocked 13.5 damage
Tiny Rick has taken 3.5. He has 16.0 health left.
Tiny Rick attacks for 19
Kani 030 has blocked 30 damage
Kani 030 attacks for 19
Tiny Rick has blocked 9.0 damage
Tiny Rick has taken 10.0. He has 6.0 health left.
Tiny Rick attacks for 19
Kani 030 has blocked 33 damage
Kani 030 has used his special move and attacks for 32
Tiny Rick has blocked 16.5 damage
Tiny Rick has taken 15.5. He has 0 health left.
*** The battle has ended ***
** The winner is Kani 030 **
****************************
------- A NEW BATTLE BEGINS ------
--- Crabification vs. Kani 012 ---
Crabification: Power: 6 - Wrestle: 10 - Stamina: 4 - Appeal: 15 - Speed: 15
Crabification has a damage multiplier of 1 and a defense buff of 1
Kani 012: Power: 6 - Wrestle: 3 - Stamina: 11 - Appeal: 22 - Speed: 22
Kani 012 has a damage multiplier of 1.5 and a defense buff of 1
----------------------------------
Crabification attacks first
Crabification attacks for 12
Kani 012 has blocked 4 damage
Kani 012 has taken 8. He has 3 health left.
Kani 012 attacks for 15
Crabification has blocked 12 damage
Crabification has taken 3. He has 1 health left.
Crabification attacks for 6
Kani 012 has blocked 6 damage
Kani 012 attacks for 9
Crabification has blocked 15 damage
Crabification attacks for 6
Kani 012 has blocked 3 damage
Kani 012 has taken 3. He has 0 health left.
*** The battle has ended ***
** The winner is Crabification **
****************************
------- A NEW BATTLE BEGINS ------
--- Kani 58 vs. James Bond ---
Kani 58: Power: 10 - Wrestle: 9 - Stamina: 11 - Appeal: 12 - Speed: 12
Kani 58 has a damage multiplier of 1 and a defense buff of 1
James Bond: Power: 9 - Wrestle: 12 - Stamina: 4 - Appeal: 10 - Speed: 10
James Bond has a damage multiplier of 1.5 and a defense buff of 1
----------------------------------
Kani 58 attacks first
Kani 58 attacks for 16
James Bond has blocked 14 damage
James Bond has taken 2. He has 2 health left.
James Bond attacks for 12
Kani 58 has blocked 9 damage
Kani 58 has taken 3. He has 8 health left.
Kani 58 attacks for 12
James Bond has blocked 13 damage
James Bond attacks for 15
Kani 58 has blocked 15 damage
Kani 58 attacks for 12
James Bond has blocked 18 damage
James Bond attacks for 13
Kani 58 has blocked 9 damage
Kani 58 has taken 4. He has 4 health left.
Kani 58 attacks for 16
James Bond has blocked 17 damage
James Bond attacks for 9
Kani 58 has blocked 15 damage
Kani 58 attacks for 15
James Bond has blocked 15 damage
James Bond attacks for 16
Kani 58 has blocked 13 damage
Kani 58 has taken 3. He has 1 health left.
Kani 58 attacks for 14
James Bond has blocked 18 damage
James Bond attacks for 13
Kani 58 has blocked 14 damage
Kani 58 attacks for 14
James Bond has blocked 17 damage
James Bond attacks for 15
Kani 58 has blocked 11 damage
Kani 58 has taken 4. He has 0 health left.
*** The battle has ended ***
** The winner is James Bond **
****************************
------- A NEW BATTLE BEGINS ------
--- Gorgeous Green vs. Kani 53 ---
Gorgeous Green: Power: 14 - Wrestle: 3 - Stamina: 25 - Appeal: 22 - Speed: 22
Gorgeous Green has a damage multiplier of 1 and a defense buff of 1
Kani 53: Power: 12 - Wrestle: 6 - Stamina: 4 - Appeal: 13 - Speed: 13
Kani 53 has a damage multiplier of 1.5 and a defense buff of 1
----------------------------------
Kani 53 attacks first
Kani 53 attacks for 15
Gorgeous Green has blocked 9 damage
Gorgeous Green has taken 6. He has 19 health left.
Gorgeous Green attacks for 18
Kani 53 has blocked 9 damage
Kani 53 has taken 9. He has 0 health left.
*** The battle has ended ***
** The winner is Gorgeous Green **
****************************
------- A NEW BATTLE BEGINS ------
--- Kani 67 vs. River ---
Kani 67: Power: 10 - Wrestle: 9 - Stamina: 7 - Appeal: 12 - Speed: 12
Kani 67 has a damage multiplier of 1.5 and a defense buff of 1.5
River: Power: 9 - Wrestle: 9 - Stamina: 6 - Appeal: 13 - Speed: 13
River has a damage multiplier of 1 and a defense buff of 1
----------------------------------
River attacks first
River attacks for 10
Kani 67 has blocked 18.0 damage
Kani 67 attacks for 13
River has blocked 11 damage
River has taken 2. He has 4 health left.
River attacks for 13
Kani 67 has blocked 13.5 damage
Kani 67 attacks for 19
River has blocked 11 damage
River has taken 8. He has 0 health left.
*** The battle has ended ***
** The winner is Kani 67 **
****************************
------- A NEW BATTLE BEGINS ------
--- Tomahawk Stallone vs. Sathington Willoughby ---
Tomahawk Stallone: Power: 28 - Wrestle: 2 - Stamina: 14 - Appeal: 27 - Speed: 27
Tomahawk Stallone has a damage multiplier of 1.5 and a defense buff of 1
Sathington Willoughby: Power: 44 - Wrestle: 11 - Stamina: 4 - Appeal: 13 - Speed: 13
Sathington Willoughby has a damage multiplier of 1.5 and a defense buff of 1.5
----------------------------------
Tomahawk Stallone attacks first
Tomahawk Stallone attacks for 29
Sathington Willoughby has blocked 14.0 damage
Sathington Willoughby has taken 15.0. He has 0 health left.
*** The battle has ended ***
** The winner is Tomahawk Stallone **
****************************
------- A NEW BATTLE BEGINS ------
--- Kani 008 vs. Kani 038 ---
Kani 008: Power: 5 - Wrestle: 7 - Stamina: 10 - Appeal: 19 - Speed: 19
Kani 008 has a damage multiplier of 1 and a defense buff of 1
Kani 038: Power: 8 - Wrestle: 10 - Stamina: 10 - Appeal: 13 - Speed: 13
Kani 038 has a damage multiplier of 1 and a defense buff of 1
----------------------------------
Kani 008 attacks first
Kani 008 attacks for 5
Kani 038 has blocked 11 damage
Kani 038 attacks for 8
Kani 008 has blocked 11 damage
Kani 008 attacks for 9
Kani 038 has blocked 15 damage
Kani 038 attacks for 11
Kani 008 has blocked 9 damage
Kani 008 has taken 2. He has 8 health left.
Kani 008 attacks for 11
Kani 038 has blocked 16 damage
Kani 038 attacks for 10
Kani 008 has blocked 11 damage
Kani 008 attacks for 10
Kani 038 has blocked 14 damage
Kani 038 attacks for 9
Kani 008 has blocked 9 damage
Kani 008 attacks for 10
Kani 038 has blocked 14 damage
Kani 038 attacks for 12
Kani 008 has blocked 8 damage
Kani 008 has taken 4. He has 4 health left.
Kani 008 has used his special move and attacks for 18
Kani 038 has blocked 13 damage
Kani 038 has taken 5. He has 5 health left.
Kani 038 attacks for 14
Kani 008 has blocked 10 damage
Kani 008 has taken 4. He has 0 health left.
*** The battle has ended ***
** The winner is Kani 038 **
****************************
------- A NEW BATTLE BEGINS ------
--- Number 10 vs. KFunk ---
Number 10: Power: 7 - Wrestle: 9 - Stamina: 11 - Appeal: 15 - Speed: 15
Number 10 has a damage multiplier of 1 and a defense buff of 1
KFunk: Power: 13 - Wrestle: 11 - Stamina: 12 - Appeal: 15 - Speed: 15
KFunk has a damage multiplier of 1 and a defense buff of 1.5
----------------------------------
Number 10 attacks first
Number 10 attacks for 7
KFunk has blocked 12.5 damage
KFunk attacks for 17
Number 10 has blocked 14 damage
Number 10 has taken 3. He has 8 health left.
Number 10 attacks for 11
KFunk has blocked 17.0 damage
KFunk attacks for 13
Number 10 has blocked 10 damage
Number 10 has taken 3. He has 5 health left.
Number 10 attacks for 11
KFunk has blocked 15.5 damage
KFunk attacks for 13
Number 10 has blocked 14 damage
Number 10 attacks for 11
KFunk has blocked 18.5 damage
KFunk attacks for 17
Number 10 has blocked 11 damage
Number 10 has taken 6. He has 0 health left.
*** The battle has ended ***
** The winner is KFunk **
****************************
------- A NEW BATTLE BEGINS ------
--- Sebastian vs. Hans ---
Sebastian: Power: 32 - Wrestle: 16 - Stamina: 19 - Appeal: 17 - Speed: 17
Sebastian has a damage multiplier of 1 and a defense buff of 1
Hans: Power: 14 - Wrestle: 37 - Stamina: 21 - Appeal: 16 - Speed: 16
Hans has a damage multiplier of 1 and a defense buff of 1.5
----------------------------------
Sebastian attacks first
Sebastian attacks for 32
Hans has blocked 46.0 damage
Hans attacks for 20
Sebastian has blocked 16 damage
Sebastian has taken 4. He has 15 health left.
Sebastian attacks for 37
Hans has blocked 43.0 damage
Hans attacks for 17
Sebastian has blocked 17 damage
Sebastian attacks for 37
Hans has blocked 46.0 damage
Hans attacks for 15
Sebastian has blocked 21 damage
Sebastian attacks for 37
Hans has blocked 38.5 damage
Hans attacks for 16
Sebastian has blocked 16 damage
Sebastian attacks for 35
Hans has blocked 44.5 damage
Hans attacks for 16
Sebastian has blocked 18 damage
Sebastian has used his special move and attacks for 50
Hans has blocked 37.0 damage
Hans has taken 13.0. He has 8.0 health left.
Hans attacks for 15
Sebastian has blocked 16 damage
Sebastian attacks for 32
Hans has blocked 46.0 damage
Hans has used his special move and attacks for 34
Sebastian has blocked 18 damage
Sebastian has taken 16. He has 0 health left.
*** The battle has ended ***
** The winner is Hans **
****************************
------- A NEW BATTLE BEGINS ------
--- Kani 031 vs. Snappy ---
Kani 031: Power: 8 - Wrestle: 5 - Stamina: 13 - Appeal: 18 - Speed: 18
Kani 031 has a damage multiplier of 1 and a defense buff of 1.5
Snappy: Power: 13 - Wrestle: 2 - Stamina: 8 - Appeal: 16 - Speed: 16
Snappy has a damage multiplier of 1 and a defense buff of 1
----------------------------------
Snappy attacks first
Snappy attacks for 13
Kani 031 has blocked 5.0 damage
Kani 031 has taken 8.0. He has 5.0 health left.
Kani 031 attacks for 10
Snappy has blocked 5 damage
Snappy has taken 5. He has 3 health left.
Snappy attacks for 17
Kani 031 has blocked 6.5 damage
Kani 031 has taken 10.5. He has 0 health left.
*** The battle has ended ***
** The winner is Snappy **
****************************
------- A NEW BATTLE BEGINS ------
--- Kani 63 vs. Jason Voorhees ---
Kani 63: Power: 9 - Wrestle: 3 - Stamina: 10 - Appeal: 19 - Speed: 19
Kani 63 has a damage multiplier of 1 and a defense buff of 1
Jason Voorhees: Power: 40 - Wrestle: 5 - Stamina: 8 - Appeal: 18 - Speed: 18
Jason Voorhees has a damage multiplier of 1 and a defense buff of 1
----------------------------------
Jason Voorhees attacks first
Jason Voorhees attacks for 40
Kani 63 has blocked 6 damage
Kani 63 has taken 34. He has 0 health left.
*** The battle has ended ***
** The winner is Jason Voorhees **
****************************
------- A NEW BATTLE BEGINS ------
--- Kani 026 vs. Omekannaya ---
Kani 026: Power: 10 - Wrestle: 11 - Stamina: 9 - Appeal: 10 - Speed: 10
Kani 026 has a damage multiplier of 1 and a defense buff of 1
Omekannaya: Power: 17 - Wrestle: 37 - Stamina: 20 - Appeal: 15 - Speed: 15
Omekannaya has a damage multiplier of 1 and a defense buff of 1
----------------------------------
Omekannaya attacks first
Omekannaya attacks for 18
Kani 026 has blocked 17 damage
Kani 026 has taken 1. He has 8 health left.
Kani 026 attacks for 10
Omekannaya has blocked 40 damage
Omekannaya attacks for 19
Kani 026 has blocked 14 damage
Kani 026 has taken 5. He has 3 health left.
Kani 026 attacks for 16
Omekannaya has blocked 40 damage
Omekannaya attacks for 18
Kani 026 has blocked 15 damage
Kani 026 has taken 3. He has 0 health left.
*** The battle has ended ***
** The winner is Omekannaya **
****************************
------- A NEW BATTLE BEGINS ------
--- Eugene vs. Kani 52 ---
Eugene: Power: 34 - Wrestle: 8 - Stamina: 16 - Appeal: 17 - Speed: 17
Eugene has a damage multiplier of 1 and a defense buff of 1
Kani 52: Power: 8 - Wrestle: 11 - Stamina: 4 - Appeal: 12 - Speed: 12
Kani 52 has a damage multiplier of 1 and a defense buff of 1
----------------------------------
Kani 52 attacks first
Kani 52 attacks for 8
Eugene has blocked 10 damage
Eugene attacks for 38
Kani 52 has blocked 15 damage
Kani 52 has taken 23. He has 0 health left.
*** The battle has ended ***
** The winner is Eugene **
****************************
------- A NEW BATTLE BEGINS ------
--- Pinky vs. Kani 017 ---
Pinky: Power: 11 - Wrestle: 9 - Stamina: 7 - Appeal: 11 - Speed: 11
Pinky has a damage multiplier of 1 and a defense buff of 1
Kani 017: Power: 14 - Wrestle: 9 - Stamina: 4 - Appeal: 8 - Speed: 8
Kani 017 has a damage multiplier of 1 and a defense buff of 1
----------------------------------
Kani 017 attacks first
Kani 017 attacks for 20
Pinky has blocked 10 damage
Pinky has taken 10. He has 0 health left.
*** The battle has ended ***
** The winner is Kani 017 **
****************************
------- A NEW BATTLE BEGINS ------
--- Kani 042 vs. Kani 69 ---
Kani 042: Power: 10 - Wrestle: 8 - Stamina: 12 - Appeal: 13 - Speed: 13
Kani 042 has a damage multiplier of 1 and a defense buff of 1
Kani 69: Power: 15 - Wrestle: 10 - Stamina: 12 - Appeal: 20 - Speed: 20
Kani 69 has a damage multiplier of 1 and a defense buff of 1
----------------------------------
Kani 042 attacks first
Kani 042 attacks for 14
Kani 69 has blocked 12 damage
Kani 69 has taken 2. He has 10 health left.
Kani 69 attacks for 15
Kani 042 has blocked 14 damage
Kani 042 has taken 1. He has 11 health left.
Kani 042 attacks for 13
Kani 69 has blocked 13 damage
Kani 69 attacks for 20
Kani 042 has blocked 11 damage
Kani 042 has taken 9. He has 2 health left.
Kani 042 attacks for 16
Kani 69 has blocked 13 damage
Kani 69 has taken 3. He has 7 health left.
Kani 69 attacks for 20
Kani 042 has blocked 13 damage
Kani 042 has taken 7. He has 0 health left.
*** The battle has ended ***
** The winner is Kani 69 **
****************************
------- A NEW BATTLE BEGINS ------
--- BlueCheeze vs. Morty ---
BlueCheeze: Power: 8 - Wrestle: 10 - Stamina: 12 - Appeal: 13 - Speed: 13
BlueCheeze has a damage multiplier of 1 and a defense buff of 1
Morty: Power: 7 - Wrestle: 9 - Stamina: 14 - Appeal: 15 - Speed: 15
Morty has a damage multiplier of 1 and a defense buff of 1.5
----------------------------------
BlueCheeze attacks first
BlueCheeze attacks for 11
Morty has blocked 9.0 damage
Morty has taken 2.0. He has 12.0 health left.
Morty attacks for 9
BlueCheeze has blocked 15 damage
BlueCheeze attacks for 8
Morty has blocked 13.5 damage
Morty attacks for 10
BlueCheeze has blocked 13 damage
BlueCheeze attacks for 10
Morty has blocked 13.5 damage
Morty attacks for 12
BlueCheeze has blocked 13 damage
BlueCheeze attacks for 9
Morty has blocked 16.5 damage
Morty attacks for 12
BlueCheeze has blocked 10 damage
BlueCheeze has taken 2. He has 10 health left.
BlueCheeze attacks for 13
Morty has blocked 9.0 damage
Morty has taken 4.0. He has 8.0 health left.
Morty attacks for 10
BlueCheeze has blocked 15 damage
BlueCheeze attacks for 8
Morty has blocked 10.5 damage
Morty attacks for 7
BlueCheeze has blocked 12 damage
BlueCheeze attacks for 12
Morty has blocked 18.0 damage
Morty has used his special move and attacks for 15
BlueCheeze has blocked 14 damage
BlueCheeze has taken 1. He has 9 health left.
BlueCheeze has used his special move and attacks for 17
Morty has blocked 10.5 damage
Morty has taken 6.5. He has 1.5 health left.
Morty attacks for 11
BlueCheeze has blocked 16 damage
BlueCheeze attacks for 12
Morty has blocked 12.0 damage
Morty attacks for 8
BlueCheeze has blocked 11 damage
BlueCheeze attacks for 8
Morty has blocked 9.5 damage
Morty attacks for 11
BlueCheeze has blocked 12 damage
BlueCheeze attacks for 10
Morty has blocked 14.5 damage
Morty attacks for 11
BlueCheeze has blocked 14 damage
BlueCheeze attacks for 11
Morty has blocked 15.0 damage
Morty attacks for 11
BlueCheeze has blocked 12 damage
BlueCheeze attacks for 8
Morty has blocked 8.0 damage
Morty attacks for 10
BlueCheeze has blocked 7 damage
BlueCheeze has taken 3. He has 6 health left.
BlueCheeze attacks for 12
Morty has blocked 5.5 damage
Morty has taken 6.5. He has 0 health left.
*** The battle has ended ***
** The winner is BlueCheeze **
****************************
------- A NEW BATTLE BEGINS ------
--- Morty vs. Mr.Feet ---
Morty: Power: 9 - Wrestle: 3 - Stamina: 11 - Appeal: 16 - Speed: 16
Morty has a damage multiplier of 1 and a defense buff of 1
Mr.Feet: Power: 11 - Wrestle: 11 - Stamina: 20 - Appeal: 21 - Speed: 21
Mr.Feet has a damage multiplier of 1 and a defense buff of 1
----------------------------------
Mr.Feet attacks first
Mr.Feet attacks for 11
Morty has blocked 5 damage
Morty has taken 6. He has 5 health left.
Morty attacks for 10
Mr.Feet has blocked 17 damage
Mr.Feet attacks for 15
Morty has blocked 5 damage
Morty has taken 10. He has 0 health left.
*** The battle has ended ***
** The winner is Mr.Feet **
****************************
------- A NEW BATTLE BEGINS ------
--- Kani 51 vs. Snips ---
Kani 51: Power: 9 - Wrestle: 8 - Stamina: 12 - Appeal: 14 - Speed: 14
Kani 51 has a damage multiplier of 1 and a defense buff of 1
Snips: Power: 5 - Wrestle: 10 - Stamina: 7 - Appeal: 16 - Speed: 16
Snips has a damage multiplier of 1 and a defense buff of 1.5
----------------------------------
Snips attacks first
Snips attacks for 10
Kani 51 has blocked 8 damage
Kani 51 has taken 2. He has 10 health left.
Kani 51 attacks for 13
Snips has blocked 16.0 damage
Snips attacks for 10
Kani 51 has blocked 9 damage
Kani 51 has taken 1. He has 9 health left.
Kani 51 attacks for 12
Snips has blocked 10.0 damage
Snips has taken 2.0. He has 5.0 health left.
Snips attacks for 10
Kani 51 has blocked 11 damage
Kani 51 attacks for 12
Snips has blocked 13.0 damage
Snips attacks for 10
Kani 51 has blocked 14 damage
Kani 51 attacks for 14
Snips has blocked 14.5 damage
Snips attacks for 8
Kani 51 has blocked 9 damage
Kani 51 attacks for 13
Snips has blocked 14.5 damage
Snips attacks for 8
Kani 51 has blocked 10 damage
Kani 51 attacks for 15
Snips has blocked 11.5 damage
Snips has taken 3.5. He has 1.5 health left.
Snips has used his spcieal move and attacks for 8.5
Kani 51 has blocked 14 damage
Kani 51 attacks for 9
Snips has blocked 17.5 damage
Snips attacks for 11
Kani 51 has blocked 11 damage
Kani 51 has used his spcieal move and attacks for 23
Snips has blocked 11.5 damage
Snips has taken 11.5. He has 0 health left.
*** The battle has ended ***
** The winner is Kani 51 **
****************************
------- A NEW BATTLE BEGINS ------
--- Kani 037 vs. Kani 022 ---
Kani 037: Power: 4 - Wrestle: 12 - Stamina: 7 - Appeal: 15 - Speed: 15
Kani 037 has a damage multiplier of 1 and a defense buff of 1
Kani 022: Power: 14 - Wrestle: 6 - Stamina: 9 - Appeal: 11 - Speed: 11
Kani 022 has a damage multiplier of 1 and a defense buff of 1
----------------------------------
Kani 037 attacks first
Kani 037 attacks for 6
Kani 022 has blocked 8 damage
Kani 022 attacks for 20
Kani 037 has blocked 15 damage
Kani 037 has taken 5. He has 2 health left.
Kani 037 attacks for 4
Kani 022 has blocked 6 damage
Kani 022 attacks for 15
Kani 037 has blocked 14 damage
Kani 037 has taken 1. He has 1 health left.
Kani 037 attacks for 8
Kani 022 has blocked 9 damage
Kani 022 attacks for 15
Kani 037 has blocked 18 damage
Kani 037 attacks for 4
Kani 022 has blocked 7 damage
Kani 022 attacks for 17
Kani 037 has blocked 15 damage
Kani 037 has taken 2. He has 0 health left.
*** The battle has ended ***
** The winner is Kani 022 **
****************************
------- A NEW BATTLE BEGINS ------
--- TinyBo vs. Kani 041 ---
TinyBo: Power: 10 - Wrestle: 7 - Stamina: 14 - Appeal: 18 - Speed: 18
TinyBo has a damage multiplier of 1.5 and a defense buff of 1.5
Kani 041: Power: 5 - Wrestle: 9 - Stamina: 10 - Appeal: 17 - Speed: 17
Kani 041 has a damage multiplier of 1.5 and a defense buff of 1.5
----------------------------------
Kani 041 attacks first
Kani 041 attacks for 14
TinyBo has blocked 8.5 damage
TinyBo has taken 5.5. He has 8.5 health left.
TinyBo attacks for 17
Kani 041 has blocked 18.0 damage
Kani 041 attacks for 14
TinyBo has blocked 11.5 damage
TinyBo has taken 2.5. He has 6.0 health left.
TinyBo attacks for 11
Kani 041 has blocked 13.5 damage
Kani 041 attacks for 9
TinyBo has blocked 16.0 damage
TinyBo attacks for 11
Kani 041 has blocked 9.0 damage
Kani 041 has taken 2.0. He has 8.0 health left.
Kani 041 attacks for 5
TinyBo has blocked 14.5 damage
TinyBo attacks for 13
Kani 041 has blocked 10.5 damage
Kani 041 has taken 2.5. He has 5.5 health left.
Kani 041 attacks for 6
TinyBo has blocked 7.0 damage
TinyBo attacks for 14
Kani 041 has blocked 10.5 damage
Kani 041 has taken 3.5. He has 2.0 health left.
Kani 041 has used his spcieal move and attacks for 20
TinyBo has blocked 16.0 damage
TinyBo has taken 4.0. He has 2.0 health left.
TinyBo has used his spcieal move and attacks for 20
Kani 041 has blocked 16.5 damage
Kani 041 has taken 3.5. He has 0 health left.
*** The battle has ended ***
** The winner is TinyBo **
****************************
------- A NEW BATTLE BEGINS ------
--- Don't touch Terminators stash vs. Kraberuncheon ---
Don't touch Terminators stash: Power: 10 - Wrestle: 7 - Stamina: 8 - Appeal: 14 - Speed: 14
Don't touch Terminators stash has a damage multiplier of 1.5 and a defense buff of 1
Kraberuncheon: Power: 40 - Wrestle: 39 - Stamina: 60 - Appeal: 34 - Speed: 34
Kraberuncheon has a damage multiplier of 1 and a defense buff of 1.5
----------------------------------
Kraberuncheon attacks first
Kraberuncheon attacks for 43
Don't touch Terminators stash has blocked 7 damage
Don't touch Terminators stash has taken 36. He has 0 health left.
*** The battle has ended ***
** The winner is Kraberuncheon **
****************************
------- A NEW BATTLE BEGINS ------
--- Mr. Deep vs. Mr Puddle ---
Mr. Deep: Power: 9 - Wrestle: 34 - Stamina: 26 - Appeal: 16 - Speed: 16
Mr. Deep has a damage multiplier of 1 and a defense buff of 1
Mr Puddle: Power: 13 - Wrestle: 7 - Stamina: 4 - Appeal: 11 - Speed: 11
Mr Puddle has a damage multiplier of 1.5 and a defense buff of 1
----------------------------------
Mr Puddle attacks first
Mr Puddle attacks for 13
Mr. Deep has blocked 36 damage
Mr. Deep attacks for 15
Mr Puddle has blocked 8 damage
Mr Puddle has taken 7. He has 0 health left.
*** The battle has ended ***
** The winner is Mr. Deep **
****************************
------- A NEW BATTLE BEGINS ------
--- The Terminator vs. Kani 62 ---
The Terminator: Power: 14 - Wrestle: 46 - Stamina: 4 - Appeal: 9 - Speed: 9
The Terminator has a damage multiplier of 1.5 and a defense buff of 1
Kani 62: Power: 13 - Wrestle: 3 - Stamina: 11 - Appeal: 15 - Speed: 15
Kani 62 has a damage multiplier of 1 and a defense buff of 1
----------------------------------
Kani 62 attacks first
Kani 62 attacks for 19
The Terminator has blocked 49 damage
The Terminator attacks for 15
Kani 62 has blocked 3 damage
Kani 62 has taken 12. He has 0 health left.
*** The battle has ended ***
** The winner is The Terminator **
****************************
------- A NEW BATTLE BEGINS ------
--- Kani 48 vs. Kani 036 ---
Kani 48: Power: 10 - Wrestle: 8 - Stamina: 10 - Appeal: 13 - Speed: 13
Kani 48 has a damage multiplier of 1 and a defense buff of 1
Kani 036: Power: 8 - Wrestle: 4 - Stamina: 12 - Appeal: 19 - Speed: 19
Kani 036 has a damage multiplier of 1.5 and a defense buff of 1
----------------------------------
Kani 48 attacks first
Kani 48 attacks for 12
Kani 036 has blocked 4 damage
Kani 036 has taken 8. He has 4 health left.
Kani 036 attacks for 12
Kani 48 has blocked 10 damage
Kani 48 has taken 2. He has 8 health left.
Kani 48 attacks for 16
Kani 036 has blocked 6 damage
Kani 036 has taken 10. He has 0 health left.
*** The battle has ended ***
** The winner is Kani 48 **
****************************
------- A NEW BATTLE BEGINS ------
--- Kani 035 vs. Kani 034 ---
Kani 035: Power: 15 - Wrestle: 24 - Stamina: 28 - Appeal: 18 - Speed: 18
Kani 035 has a damage multiplier of 1.5 and a defense buff of 1
Kani 034: Power: 6 - Wrestle: 7 - Stamina: 12 - Appeal: 15 - Speed: 15
Kani 034 has a damage multiplier of 1 and a defense buff of 1
----------------------------------
Kani 034 attacks first
Kani 034 attacks for 7
Kani 035 has blocked 24 damage
Kani 035 attacks for 24
Kani 034 has blocked 13 damage
Kani 034 has taken 11. He has 1 health left.
Kani 034 attacks for 10
Kani 035 has blocked 28 damage
Kani 035 attacks for 21
Kani 034 has blocked 7 damage
Kani 034 has taken 14. He has 0 health left.
*** The battle has ended ***
** The winner is Kani 035 **
****************************
------- A NEW BATTLE BEGINS ------
--- Kani 023 vs. Red Ripper ---
Kani 023: Power: 9 - Wrestle: 7 - Stamina: 7 - Appeal: 15 - Speed: 15
Kani 023 has a damage multiplier of 1 and a defense buff of 1
Red Ripper: Power: 23 - Wrestle: 6 - Stamina: 26 - Appeal: 14 - Speed: 14
Red Ripper has a damage multiplier of 1 and a defense buff of 1
----------------------------------
Kani 023 attacks first
Kani 023 attacks for 14
Red Ripper has blocked 7 damage
Red Ripper has taken 7. He has 19 health left.
Red Ripper attacks for 24
Kani 023 has blocked 9 damage
Kani 023 has taken 15. He has 0 health left.
*** The battle has ended ***
** The winner is Red Ripper **
****************************
------- A NEW BATTLE BEGINS ------
--- Citizen Snips vs. Kani ---
Citizen Snips: Power: 28 - Wrestle: 15 - Stamina: 15 - Appeal: 14 - Speed: 14
Citizen Snips has a damage multiplier of 1 and a defense buff of 1
Kani: Power: 5 - Wrestle: 8 - Stamina: 7 - Appeal: 18 - Speed: 18
Kani has a damage multiplier of 1 and a defense buff of 1
----------------------------------
Citizen Snips attacks first
Citizen Snips attacks for 34
Kani has blocked 12 damage
Kani has taken 22. He has 0 health left.
*** The battle has ended ***
** The winner is Citizen Snips **
****************************
------- A NEW BATTLE BEGINS ------
--- Kani 49 vs. Kani 021 ---
Kani 49: Power: 29 - Wrestle: 26 - Stamina: 14 - Appeal: 18 - Speed: 18
Kani 49 has a damage multiplier of 1 and a defense buff of 1
Kani 021: Power: 6 - Wrestle: 12 - Stamina: 7 - Appeal: 13 - Speed: 13
Kani 021 has a damage multiplier of 1 and a defense buff of 1
----------------------------------
Kani 49 attacks first
Kani 49 attacks for 32
Kani 021 has blocked 18 damage
Kani 021 has taken 14. He has 0 health left.
*** The battle has ended ***
** The winner is Kani 49 **
****************************
------- A NEW BATTLE BEGINS ------
--- Kani 56 vs. Kani 046 ---
Kani 56: Power: 10 - Wrestle: 9 - Stamina: 5 - Appeal: 12 - Speed: 12
Kani 56 has a damage multiplier of 1 and a defense buff of 1
Kani 046: Power: 24 - Wrestle: 16 - Stamina: 21 - Appeal: 19 - Speed: 19
Kani 046 has a damage multiplier of 1 and a defense buff of 1
----------------------------------
Kani 046 attacks first
Kani 046 attacks for 27
Kani 56 has blocked 13 damage
Kani 56 has taken 14. He has 0 health left.
*** The battle has ended ***
** The winner is Kani 046 **
****************************
------- A NEW BATTLE BEGINS ------
--- Decipher These Claws vs. Kani 039 ---
Decipher These Claws: Power: 10 - Wrestle: 11 - Stamina: 4 - Appeal: 10 - Speed: 10
Decipher These Claws has a damage multiplier of 1 and a defense buff of 1.5
Kani 039: Power: 9 - Wrestle: 12 - Stamina: 11 - Appeal: 10 - Speed: 10
Kani 039 has a damage multiplier of 1 and a defense buff of 1.5
----------------------------------
Kani 039 attacks first
Kani 039 attacks for 15
Decipher These Claws has blocked 12.5 damage
Decipher These Claws has taken 2.5. He has 1.5 health left.
Decipher These Claws attacks for 10
Kani 039 has blocked 19.5 damage
Kani 039 attacks for 12
Decipher These Claws has blocked 18.5 damage
Decipher These Claws attacks for 12
Kani 039 has blocked 16.5 damage
Kani 039 attacks for 11
Decipher These Claws has blocked 15.5 damage
Decipher These Claws attacks for 12
Kani 039 has blocked 18.0 damage
Kani 039 attacks for 12
Decipher These Claws has blocked 14.0 damage
Decipher These Claws attacks for 14
Kani 039 has blocked 16.5 damage
Kani 039 attacks for 15
Decipher These Claws has blocked 11.0 damage
Decipher These Claws has taken 4.0. He has 0 health left.
*** The battle has ended ***
** The winner is Kani 039 **
****************************
------- A NEW BATTLE BEGINS ------
--- Ruby Rooster vs. Green Guard ---
Ruby Rooster: Power: 6 - Wrestle: 5 - Stamina: 9 - Appeal: 20 - Speed: 20
Ruby Rooster has a damage multiplier of 1 and a defense buff of 1
Green Guard: Power: 14 - Wrestle: 10 - Stamina: 12 - Appeal: 7 - Speed: 7
Green Guard has a damage multiplier of 1 and a defense buff of 1
----------------------------------
Ruby Rooster attacks first
Ruby Rooster attacks for 8
Green Guard has blocked 13 damage
Green Guard attacks for 20
Ruby Rooster has blocked 11 damage
Ruby Rooster has taken 9. He has 0 health left.
*** The battle has ended ***
** The winner is Green Guard **
****************************
------- A NEW BATTLE BEGINS ------
--- Ebubedike vs. Kani 019 ---
Ebubedike: Power: 12 - Wrestle: 14 - Stamina: 4 - Appeal: 7 - Speed: 7
Ebubedike has a damage multiplier of 1 and a defense buff of 1.5
Kani 019: Power: 13 - Wrestle: 5 - Stamina: 5 - Appeal: 13 - Speed: 13
Kani 019 has a damage multiplier of 1.5 and a defense buff of 1.5
----------------------------------
Kani 019 attacks first
Kani 019 attacks for 17
Ebubedike has blocked 17.0 damage
Ebubedike attacks for 13
Kani 019 has blocked 6.5 damage
Kani 019 has taken 6.5. He has 0 health left.
*** The battle has ended ***
** The winner is Ebubedike **
****************************
------- A NEW BATTLE BEGINS ------
--- KFunk vs. Kani 49 ---
KFunk: Power: 13 - Wrestle: 11 - Stamina: 12 - Appeal: 15 - Speed: 15
KFunk has a damage multiplier of 1 and a defense buff of 1
Kani 49: Power: 29 - Wrestle: 26 - Stamina: 14 - Appeal: 18 - Speed: 18
Kani 49 has a damage multiplier of 1.5 and a defense buff of 1
----------------------------------
Kani 49 attacks first
Kani 49 attacks for 35
KFunk has blocked 16 damage
KFunk has taken 19. He has 0 health left.
*** The battle has ended ***
** The winner is Kani 49 **
****************************
------- A NEW BATTLE BEGINS ------
--- BlueCheeze vs. James Bond ---
BlueCheeze: Power: 8 - Wrestle: 10 - Stamina: 12 - Appeal: 13 - Speed: 13
BlueCheeze has a damage multiplier of 1 and a defense buff of 1
James Bond: Power: 9 - Wrestle: 12 - Stamina: 4 - Appeal: 10 - Speed: 10
James Bond has a damage multiplier of 1 and a defense buff of 1
----------------------------------
BlueCheeze attacks first
BlueCheeze attacks for 14
James Bond has blocked 12 damage
James Bond has taken 2. He has 2 health left.
James Bond attacks for 14
BlueCheeze has blocked 12 damage
BlueCheeze has taken 2. He has 10 health left.
BlueCheeze attacks for 8
James Bond has blocked 16 damage
James Bond attacks for 15
BlueCheeze has blocked 14 damage
BlueCheeze has taken 1. He has 9 health left.
BlueCheeze attacks for 9
James Bond has blocked 12 damage
James Bond attacks for 13
BlueCheeze has blocked 16 damage
BlueCheeze attacks for 10
James Bond has blocked 15 damage
James Bond attacks for 10
BlueCheeze has blocked 12 damage
BlueCheeze attacks for 10
James Bond has blocked 14 damage
James Bond attacks for 9
BlueCheeze has blocked 14 damage
BlueCheeze attacks for 12
James Bond has blocked 18 damage
James Bond attacks for 9
BlueCheeze has blocked 16 damage
BlueCheeze attacks for 11
James Bond has blocked 14 damage
James Bond attacks for 15
BlueCheeze has blocked 14 damage
BlueCheeze has taken 1. He has 8 health left.
BlueCheeze has used his special move and attacks for 17
James Bond has blocked 18 damage
James Bond attacks for 12
BlueCheeze has blocked 13 damage
BlueCheeze attacks for 13
James Bond has blocked 12 damage
James Bond has taken 1. He has 1 health left.
James Bond attacks for 14
BlueCheeze has blocked 14 damage
BlueCheeze attacks for 13
James Bond has blocked 13 damage
James Bond attacks for 11
BlueCheeze has blocked 14 damage
BlueCheeze attacks for 11
James Bond has blocked 16 damage
James Bond has used his special move and attacks for 24
BlueCheeze has blocked 9 damage
BlueCheeze has taken 15. He has 0 health left.
*** The battle has ended ***
** The winner is James Bond **
****************************
------- A NEW BATTLE BEGINS ------
--- Snappy vs. The Terminator ---
Snappy: Power: 13 - Wrestle: 2 - Stamina: 8 - Appeal: 16 - Speed: 16
Snappy has a damage multiplier of 1 and a defense buff of 1
The Terminator: Power: 14 - Wrestle: 46 - Stamina: 4 - Appeal: 9 - Speed: 9
The Terminator has a damage multiplier of 1 and a defense buff of 1
----------------------------------
The Terminator attacks first
The Terminator attacks for 17
Snappy has blocked 7 damage
Snappy has taken 10. He has 0 health left.
*** The battle has ended ***
** The winner is The Terminator **
****************************
------- A NEW BATTLE BEGINS ------
--- Kraberuncheon vs. Kani 030 ---
Kraberuncheon: Power: 40 - Wrestle: 39 - Stamina: 60 - Appeal: 34 - Speed: 34
Kraberuncheon has a damage multiplier of 1 and a defense buff of 1.5
Kani 030: Power: 13 - Wrestle: 30 - Stamina: 12 - Appeal: 20 - Speed: 20
Kani 030 has a damage multiplier of 1 and a defense buff of 1.5
----------------------------------
Kraberuncheon attacks first
Kraberuncheon attacks for 46
Kani 030 has blocked 33.0 damage
Kani 030 has taken 13.0. He has 0 health left.
*** The battle has ended ***
** The winner is Kraberuncheon **
****************************
------- A NEW BATTLE BEGINS ------
--- Tomahawk Stallone vs. Eugene ---
Tomahawk Stallone: Power: 28 - Wrestle: 2 - Stamina: 14 - Appeal: 27 - Speed: 27
Tomahawk Stallone has a damage multiplier of 1 and a defense buff of 1
Eugene: Power: 34 - Wrestle: 8 - Stamina: 16 - Appeal: 17 - Speed: 17
Eugene has a damage multiplier of 1.5 and a defense buff of 1
----------------------------------
Eugene attacks first
Eugene attacks for 37
Tomahawk Stallone has blocked 7 damage
Tomahawk Stallone has taken 30. He has 0 health left.
*** The battle has ended ***
** The winner is Eugene **
****************************
------- A NEW BATTLE BEGINS ------
--- Kani 51 vs. Kani 017 ---
Kani 51: Power: 9 - Wrestle: 8 - Stamina: 12 - Appeal: 14 - Speed: 14
Kani 51 has a damage multiplier of 1.5 and a defense buff of 1
Kani 017: Power: 14 - Wrestle: 9 - Stamina: 4 - Appeal: 8 - Speed: 8
Kani 017 has a damage multiplier of 1 and a defense buff of 1
----------------------------------
Kani 51 attacks first
Kani 51 attacks for 10
Kani 017 has blocked 12 damage
Kani 017 attacks for 17
Kani 51 has blocked 8 damage
Kani 51 has taken 9. He has 3 health left.
Kani 51 attacks for 12
Kani 017 has blocked 12 damage
Kani 017 attacks for 16
Kani 51 has blocked 14 damage
Kani 51 has taken 2. He has 1 health left.
Kani 51 attacks for 16
Kani 017 has blocked 13 damage
Kani 017 has taken 3. He has 1 health left.
Kani 017 attacks for 18
Kani 51 has blocked 9 damage
Kani 51 has taken 9. He has 0 health left.
*** The battle has ended ***
** The winner is Kani 017 **
****************************
------- A NEW BATTLE BEGINS ------
--- Crabification vs. Kani 038 ---
Crabification: Power: 6 - Wrestle: 10 - Stamina: 4 - Appeal: 15 - Speed: 15
Crabification has a damage multiplier of 1 and a defense buff of 1.5
Kani 038: Power: 8 - Wrestle: 10 - Stamina: 10 - Appeal: 13 - Speed: 13
Kani 038 has a damage multiplier of 1 and a defense buff of 1
----------------------------------
Kani 038 attacks first
Kani 038 attacks for 14
Crabification has blocked 14.5 damage
Crabification attacks for 10
Kani 038 has blocked 11 damage
Kani 038 attacks for 11
Crabification has blocked 13.0 damage
Crabification attacks for 10
Kani 038 has blocked 16 damage
Kani 038 attacks for 9
Crabification has blocked 16.0 damage
Crabification attacks for 8
Kani 038 has blocked 12 damage
Kani 038 attacks for 13
Crabification has blocked 11.5 damage
Crabification has taken 1.5. He has 2.5 health left.
Crabification attacks for 11
Kani 038 has blocked 12 damage
Kani 038 attacks for 11
Crabification has blocked 11.5 damage
Crabification attacks for 11
Kani 038 has blocked 12 damage
Kani 038 attacks for 12
Crabification has blocked 16.0 damage
Crabification attacks for 6
Kani 038 has blocked 15 damage
Kani 038 attacks for 9
Crabification has blocked 13.0 damage
Crabification has used his spcieal move and attacks for 22
Kani 038 has blocked 15 damage
Kani 038 has taken 7. He has 3 health left.
Kani 038 has used his spcieal move and attacks for 19
Crabification has blocked 14.5 damage
Crabification has taken 4.5. He has 0 health left.
*** The battle has ended ***
** The winner is Kani 038 **
****************************
------- A NEW BATTLE BEGINS ------
--- Green Guard vs. Hans ---
Green Guard: Power: 14 - Wrestle: 10 - Stamina: 12 - Appeal: 7 - Speed: 7
Green Guard has a damage multiplier of 1 and a defense buff of 1
Hans: Power: 14 - Wrestle: 37 - Stamina: 21 - Appeal: 16 - Speed: 16
Hans has a damage multiplier of 1 and a defense buff of 1.5
----------------------------------
Green Guard attacks first
Green Guard attacks for 17
Hans has blocked 41.5 damage
Hans attacks for 16
Green Guard has blocked 15 damage
Green Guard has taken 1. He has 11 health left.
Green Guard attacks for 16
Hans has blocked 37.0 damage
Hans attacks for 19
Green Guard has blocked 11 damage
Green Guard has taken 8. He has 3 health left.
Green Guard attacks for 17
Hans has blocked 38.5 damage
Hans attacks for 17
Green Guard has blocked 16 damage
Green Guard has taken 1. He has 2 health left.
Green Guard attacks for 17
Hans has blocked 43.0 damage
Hans attacks for 19
Green Guard has blocked 12 damage
Green Guard has taken 7. He has 0 health left.
*** The battle has ended ***
** The winner is Hans **
****************************
------- A NEW BATTLE BEGINS ------
--- Mr.Feet vs. Omekannaya ---
Mr.Feet: Power: 11 - Wrestle: 11 - Stamina: 20 - Appeal: 21 - Speed: 21
Mr.Feet has a damage multiplier of 1.5 and a defense buff of 1
Omekannaya: Power: 17 - Wrestle: 37 - Stamina: 20 - Appeal: 15 - Speed: 15
Omekannaya has a damage multiplier of 1 and a defense buff of 1
----------------------------------
Omekannaya attacks first
Omekannaya attacks for 19
Mr.Feet has blocked 14 damage
Mr.Feet has taken 5. He has 15 health left.
Mr.Feet attacks for 14
Omekannaya has blocked 42 damage
Omekannaya attacks for 20
Mr.Feet has blocked 17 damage
Mr.Feet has taken 3. He has 12 health left.
Mr.Feet attacks for 18
Omekannaya has blocked 37 damage
Omekannaya attacks for 18
Mr.Feet has blocked 17 damage
Mr.Feet has taken 1. He has 11 health left.
Mr.Feet attacks for 15
Omekannaya has blocked 39 damage
Omekannaya attacks for 20
Mr.Feet has blocked 17 damage
Mr.Feet has taken 3. He has 8 health left.
Mr.Feet attacks for 11
Omekannaya has blocked 39 damage
Omekannaya attacks for 17
Mr.Feet has blocked 11 damage
Mr.Feet has taken 6. He has 2 health left.
Mr.Feet has used his spcieal move and attacks for 28
Omekannaya has blocked 42 damage
Omekannaya attacks for 20
Mr.Feet has blocked 15 damage
Mr.Feet has taken 5. He has 0 health left.
*** The battle has ended ***
** The winner is Omekannaya **
****************************
------- A NEW BATTLE BEGINS ------
--- Jason Voorhees vs. Green Machine ---
Jason Voorhees: Power: 40 - Wrestle: 5 - Stamina: 8 - Appeal: 18 - Speed: 18
Jason Voorhees has a damage multiplier of 1.5 and a defense buff of 1
Green Machine: Power: 41 - Wrestle: 19 - Stamina: 7 - Appeal: 9 - Speed: 9
Green Machine has a damage multiplier of 1.5 and a defense buff of 1
----------------------------------
Green Machine attacks first
Green Machine attacks for 42
Jason Voorhees has blocked 6 damage
Jason Voorhees has taken 36. He has 0 health left.
*** The battle has ended ***
** The winner is Green Machine **
****************************
------- A NEW BATTLE BEGINS ------
--- Kani 69 vs. Kani 039 ---
Kani 69: Power: 15 - Wrestle: 10 - Stamina: 12 - Appeal: 20 - Speed: 20
Kani 69 has a damage multiplier of 1 and a defense buff of 1
Kani 039: Power: 9 - Wrestle: 12 - Stamina: 11 - Appeal: 10 - Speed: 10
Kani 039 has a damage multiplier of 1 and a defense buff of 1
----------------------------------
Kani 039 attacks first
Kani 039 attacks for 15
Kani 69 has blocked 15 damage
Kani 69 attacks for 17
Kani 039 has blocked 17 damage
Kani 039 attacks for 13
Kani 69 has blocked 16 damage
Kani 69 attacks for 19
Kani 039 has blocked 12 damage
Kani 039 has taken 7. He has 4 health left.
Kani 039 attacks for 9
Kani 69 has blocked 16 damage
Kani 69 attacks for 18
Kani 039 has blocked 12 damage
Kani 039 has taken 6. He has 0 health left.
*** The battle has ended ***
** The winner is Kani 69 **
****************************
------- A NEW BATTLE BEGINS ------
--- Kani 035 vs. Gorgeous Green ---
Kani 035: Power: 15 - Wrestle: 24 - Stamina: 28 - Appeal: 18 - Speed: 18
Kani 035 has a damage multiplier of 1.5 and a defense buff of 1
Gorgeous Green: Power: 14 - Wrestle: 3 - Stamina: 25 - Appeal: 22 - Speed: 22
Gorgeous Green has a damage multiplier of 1 and a defense buff of 1
----------------------------------
Gorgeous Green attacks first
Gorgeous Green attacks for 16
Kani 035 has blocked 29 damage
Kani 035 attacks for 15
Gorgeous Green has blocked 5 damage
Gorgeous Green has taken 10. He has 15 health left.
Gorgeous Green attacks for 17
Kani 035 has blocked 24 damage
Kani 035 attacks for 19
Gorgeous Green has blocked 4 damage
Gorgeous Green has taken 15. He has 0 health left.
*** The battle has ended ***
** The winner is Kani 035 **
****************************
------- A NEW BATTLE BEGINS ------
--- Kani 48 vs. Citizen Snips ---
Kani 48: Power: 10 - Wrestle: 8 - Stamina: 10 - Appeal: 13 - Speed: 13
Kani 48 has a damage multiplier of 1.5 and a defense buff of 1.5
Citizen Snips: Power: 28 - Wrestle: 15 - Stamina: 15 - Appeal: 14 - Speed: 14
Citizen Snips has a damage multiplier of 1.5 and a defense buff of 1
----------------------------------
Kani 48 attacks first
Kani 48 attacks for 16
Citizen Snips has blocked 20 damage
Citizen Snips attacks for 34
Kani 48 has blocked 11.0 damage
Kani 48 has taken 23.0. He has 0 health left.
*** The battle has ended ***
** The winner is Citizen Snips **
****************************
------- A NEW BATTLE BEGINS ------
--- Mr. Deep vs. Red Ripper ---
Mr. Deep: Power: 9 - Wrestle: 34 - Stamina: 26 - Appeal: 16 - Speed: 16
Mr. Deep has a damage multiplier of 1.5 and a defense buff of 1.5
Red Ripper: Power: 23 - Wrestle: 6 - Stamina: 26 - Appeal: 14 - Speed: 14
Red Ripper has a damage multiplier of 1.5 and a defense buff of 1.5
----------------------------------
Red Ripper attacks first
Red Ripper attacks for 30
Mr. Deep has blocked 34.0 damage
Mr. Deep attacks for 13
Red Ripper has blocked 13.5 damage
Red Ripper attacks for 26
Mr. Deep has blocked 41.5 damage
Mr. Deep attacks for 16
Red Ripper has blocked 10.5 damage
Red Ripper has taken 5.5. He has 20.5 health left.
Red Ripper attacks for 24
Mr. Deep has blocked 35.5 damage
Mr. Deep attacks for 15
Red Ripper has blocked 10.5 damage
Red Ripper has taken 4.5. He has 16.0 health left.
Red Ripper attacks for 32
Mr. Deep has blocked 41.5 damage
Mr. Deep attacks for 10
Red Ripper has blocked 6.0 damage
Red Ripper has taken 4.0. He has 12.0 health left.
Red Ripper attacks for 23
Mr. Deep has blocked 40.0 damage
Mr. Deep attacks for 16
Red Ripper has blocked 6.0 damage
Red Ripper has taken 10.0. He has 2.0 health left.
Red Ripper attacks for 24
Mr. Deep has blocked 38.5 damage
Mr. Deep attacks for 13
Red Ripper has blocked 12.0 damage
Red Ripper has taken 1.0. He has 1.0 health left.
Red Ripper attacks for 26
Mr. Deep has blocked 37.0 damage
Mr. Deep has used his spcieal move and attacks for 52
Red Ripper has blocked 15.0 damage
Red Ripper has taken 37.0. He has 0 health left.
*** The battle has ended ***
** The winner is Mr. Deep **
****************************
------- A NEW BATTLE BEGINS ------
--- Ebubedike vs. TinyBo ---
Ebubedike: Power: 12 - Wrestle: 14 - Stamina: 4 - Appeal: 7 - Speed: 7
Ebubedike has a damage multiplier of 1 and a defense buff of 1
TinyBo: Power: 10 - Wrestle: 7 - Stamina: 14 - Appeal: 18 - Speed: 18
TinyBo has a damage multiplier of 1 and a defense buff of 1
----------------------------------
TinyBo attacks first
TinyBo attacks for 10
Ebubedike has blocked 18 damage
Ebubedike attacks for 16
TinyBo has blocked 13 damage
TinyBo has taken 3. He has 11 health left.
TinyBo attacks for 12
Ebubedike has blocked 18 damage
Ebubedike attacks for 15
TinyBo has blocked 7 damage
TinyBo has taken 8. He has 3 health left.
TinyBo attacks for 10
Ebubedike has blocked 15 damage
Ebubedike attacks for 14
TinyBo has blocked 7 damage
TinyBo has taken 7. He has 0 health left.
*** The battle has ended ***
** The winner is Ebubedike **
****************************
------- A NEW BATTLE BEGINS ------
--- Kani 67 vs. Kani 046 ---
Kani 67: Power: 10 - Wrestle: 9 - Stamina: 7 - Appeal: 12 - Speed: 12
Kani 67 has a damage multiplier of 1 and a defense buff of 1
Kani 046: Power: 24 - Wrestle: 16 - Stamina: 21 - Appeal: 19 - Speed: 19
Kani 046 has a damage multiplier of 1.5 and a defense buff of 1
----------------------------------
Kani 046 attacks first
Kani 046 attacks for 33
Kani 67 has blocked 9 damage
Kani 67 has taken 24. He has 0 health left.
*** The battle has ended ***
** The winner is Kani 046 **
****************************
------- A NEW BATTLE BEGINS ------
--- Kraberuncheon vs. Kani 038 ---
Kraberuncheon: Power: 40 - Wrestle: 39 - Stamina: 60 - Appeal: 34 - Speed: 34
Kraberuncheon has a damage multiplier of 1 and a defense buff of 1.5
Kani 038: Power: 8 - Wrestle: 10 - Stamina: 10 - Appeal: 13 - Speed: 13
Kani 038 has a damage multiplier of 1.5 and a defense buff of 1
----------------------------------
Kani 038 attacks first
Kani 038 attacks for 14
Kraberuncheon has blocked 40.5 damage
Kraberuncheon attacks for 46
Kani 038 has blocked 11 damage
Kani 038 has taken 35. He has 0 health left.
*** The battle has ended ***
** The winner is Kraberuncheon **
****************************
------- A NEW BATTLE BEGINS ------
--- Ebubedike vs. Omekannaya ---
Ebubedike: Power: 12 - Wrestle: 14 - Stamina: 4 - Appeal: 7 - Speed: 7
Ebubedike has a damage multiplier of 1 and a defense buff of 1.5
Omekannaya: Power: 17 - Wrestle: 37 - Stamina: 20 - Appeal: 15 - Speed: 15
Omekannaya has a damage multiplier of 1.5 and a defense buff of 1.5
----------------------------------
Ebubedike attacks first
Ebubedike attacks for 13
Omekannaya has blocked 37.0 damage
Omekannaya attacks for 26
Ebubedike has blocked 14.0 damage
Ebubedike has taken 12.0. He has 0 health left.
*** The battle has ended ***
** The winner is Omekannaya **
****************************
------- A NEW BATTLE BEGINS ------
--- Eugene vs. Hans ---
Eugene: Power: 34 - Wrestle: 8 - Stamina: 16 - Appeal: 17 - Speed: 17
Eugene has a damage multiplier of 1 and a defense buff of 1
Hans: Power: 14 - Wrestle: 37 - Stamina: 21 - Appeal: 16 - Speed: 16
Hans has a damage multiplier of 1.5 and a defense buff of 1
----------------------------------
Eugene attacks first
Eugene attacks for 40
Hans has blocked 38 damage
Hans has taken 2. He has 19 health left.
Hans attacks for 23
Eugene has blocked 10 damage
Eugene has taken 13. He has 3 health left.
Eugene attacks for 39
Hans has blocked 39 damage
Hans attacks for 15
Eugene has blocked 14 damage
Eugene has taken 1. He has 2 health left.
Eugene attacks for 35
Hans has blocked 41 damage
Hans attacks for 14
Eugene has blocked 13 damage
Eugene has taken 1. He has 1 health left.
Eugene attacks for 36
Hans has blocked 37 damage
Hans attacks for 23
Eugene has blocked 11 damage
Eugene has taken 12. He has 0 health left.
*** The battle has ended ***
** The winner is Hans **
****************************
------- A NEW BATTLE BEGINS ------
--- Kani 022 vs. Kani 49 ---
Kani 022: Power: 14 - Wrestle: 6 - Stamina: 9 - Appeal: 11 - Speed: 11
Kani 022 has a damage multiplier of 1 and a defense buff of 1
Kani 49: Power: 29 - Wrestle: 26 - Stamina: 14 - Appeal: 18 - Speed: 18
Kani 49 has a damage multiplier of 1 and a defense buff of 1.5
----------------------------------
Kani 022 attacks first
Kani 022 attacks for 17
Kani 49 has blocked 32.0 damage
Kani 49 attacks for 32
Kani 022 has blocked 8 damage
Kani 022 has taken 24. He has 0 health left.
*** The battle has ended ***
** The winner is Kani 49 **
****************************
------- A NEW BATTLE BEGINS ------
--- Mr. Deep vs. Kani 017 ---
Mr. Deep: Power: 9 - Wrestle: 34 - Stamina: 26 - Appeal: 16 - Speed: 16
Mr. Deep has a damage multiplier of 1 and a defense buff of 1
Kani 017: Power: 14 - Wrestle: 9 - Stamina: 4 - Appeal: 8 - Speed: 8
Kani 017 has a damage multiplier of 1.5 and a defense buff of 1
----------------------------------
Kani 017 attacks first
Kani 017 attacks for 15
Mr. Deep has blocked 40 damage
Mr. Deep attacks for 13
Kani 017 has blocked 11 damage
Kani 017 has taken 2. He has 2 health left.
Kani 017 attacks for 21
Mr. Deep has blocked 40 damage
Mr. Deep attacks for 13
Kani 017 has blocked 13 damage
Kani 017 attacks for 14
Mr. Deep has blocked 38 damage
Mr. Deep attacks for 9
Kani 017 has blocked 10 damage
Kani 017 attacks for 17
Mr. Deep has blocked 39 damage
Mr. Deep attacks for 11
Kani 017 has blocked 9 damage
Kani 017 has taken 2. He has 0 health left.
*** The battle has ended ***
** The winner is Mr. Deep **
****************************
------- A NEW BATTLE BEGINS ------
--- Kani 69 vs. Citizen Snips ---
Kani 69: Power: 15 - Wrestle: 10 - Stamina: 12 - Appeal: 20 - Speed: 20
Kani 69 has a damage multiplier of 1.5 and a defense buff of 1.5
Citizen Snips: Power: 28 - Wrestle: 15 - Stamina: 15 - Appeal: 14 - Speed: 14
Citizen Snips has a damage multiplier of 1.5 and a defense buff of 1
----------------------------------
Citizen Snips attacks first
Citizen Snips attacks for 28
Kani 69 has blocked 14.5 damage
Kani 69 has taken 13.5. He has 0 health left.
*** The battle has ended ***
** The winner is Citizen Snips **
****************************
------- A NEW BATTLE BEGINS ------
--- Kani 046 vs. Kani 035 ---
Kani 046: Power: 24 - Wrestle: 16 - Stamina: 21 - Appeal: 19 - Speed: 19
Kani 046 has a damage multiplier of 1 and a defense buff of 1
Kani 035: Power: 15 - Wrestle: 24 - Stamina: 28 - Appeal: 18 - Speed: 18
Kani 035 has a damage multiplier of 1 and a defense buff of 1
----------------------------------
Kani 035 attacks first
Kani 035 attacks for 18
Kani 046 has blocked 17 damage
Kani 046 has taken 1. He has 20 health left.
Kani 046 attacks for 28
Kani 035 has blocked 25 damage
Kani 035 has taken 3. He has 25 health left.
Kani 035 attacks for 19
Kani 046 has blocked 20 damage
Kani 046 attacks for 25
Kani 035 has blocked 24 damage
Kani 035 has taken 1. He has 24 health left.
Kani 035 attacks for 15
Kani 046 has blocked 22 damage
Kani 046 attacks for 30
Kani 035 has blocked 28 damage
Kani 035 has taken 2. He has 22 health left.
Kani 035 attacks for 15
Kani 046 has blocked 16 damage
Kani 046 attacks for 26
Kani 035 has blocked 26 damage
Kani 035 attacks for 20
Kani 046 has blocked 16 damage
Kani 046 has taken 4. He has 16 health left.
Kani 046 attacks for 26
Kani 035 has blocked 26 damage
Kani 035 has used his spcieal move and attacks for 35
Kani 046 has blocked 20 damage
Kani 046 has taken 15. He has 1 health left.
Kani 046 has used his spcieal move and attacks for 49
Kani 035 has blocked 25 damage
Kani 035 has taken 24. He has 0 health left.
*** The battle has ended ***
** The winner is Kani 046 **
****************************
------- A NEW BATTLE BEGINS ------
--- James Bond vs. Green Machine ---
James Bond: Power: 9 - Wrestle: 12 - Stamina: 4 - Appeal: 10 - Speed: 10
James Bond has a damage multiplier of 1 and a defense buff of 1
Green Machine: Power: 41 - Wrestle: 19 - Stamina: 7 - Appeal: 9 - Speed: 9
Green Machine has a damage multiplier of 1 and a defense buff of 1
----------------------------------
James Bond attacks first
James Bond attacks for 9
Green Machine has blocked 21 damage
Green Machine attacks for 45
James Bond has blocked 14 damage
James Bond has taken 31. He has 0 health left.
*** The battle has ended ***
** The winner is Green Machine **
****************************
------- A NEW BATTLE BEGINS ------
--- Green Machine vs. Omekannaya ---
Green Machine: Power: 41 - Wrestle: 19 - Stamina: 7 - Appeal: 9 - Speed: 9
Green Machine has a damage multiplier of 1 and a defense buff of 1
Omekannaya: Power: 17 - Wrestle: 37 - Stamina: 20 - Appeal: 15 - Speed: 15
Omekannaya has a damage multiplier of 1 and a defense buff of 1
----------------------------------
Omekannaya attacks first
Omekannaya attacks for 20
Green Machine has blocked 19 damage
Green Machine has taken 1. He has 6 health left.
Green Machine attacks for 46
Omekannaya has blocked 37 damage
Omekannaya has taken 9. He has 11 health left.
Omekannaya attacks for 18
Green Machine has blocked 21 damage
Green Machine attacks for 43
Omekannaya has blocked 39 damage
Omekannaya has taken 4. He has 7 health left.
Omekannaya attacks for 18
Green Machine has blocked 21 damage
Green Machine attacks for 45
Omekannaya has blocked 37 damage
Omekannaya has taken 8. He has 0 health left.
*** The battle has ended ***
** The winner is Green Machine **
****************************
------- A NEW BATTLE BEGINS ------
--- Citizen Snips vs. The Terminator ---
Citizen Snips: Power: 28 - Wrestle: 15 - Stamina: 15 - Appeal: 14 - Speed: 14
Citizen Snips has a damage multiplier of 1.5 and a defense buff of 1
The Terminator: Power: 14 - Wrestle: 46 - Stamina: 4 - Appeal: 9 - Speed: 9
The Terminator has a damage multiplier of 1 and a defense buff of 1
----------------------------------
The Terminator attacks first
The Terminator attacks for 20
Citizen Snips has blocked 17 damage
Citizen Snips has taken 3. He has 12 health left.
Citizen Snips attacks for 35
The Terminator has blocked 50 damage
The Terminator attacks for 14
Citizen Snips has blocked 21 damage
Citizen Snips attacks for 32
The Terminator has blocked 52 damage
The Terminator attacks for 17
Citizen Snips has blocked 17 damage
Citizen Snips attacks for 28
The Terminator has blocked 51 damage
The Terminator attacks for 16
Citizen Snips has blocked 19 damage
Citizen Snips attacks for 35
The Terminator has blocked 49 damage
The Terminator attacks for 16
Citizen Snips has blocked 18 damage
Citizen Snips attacks for 31
The Terminator has blocked 46 damage
The Terminator attacks for 18
Citizen Snips has blocked 17 damage
Citizen Snips has taken 1. He has 11 health left.
Citizen Snips attacks for 28
The Terminator has blocked 48 damage
The Terminator attacks for 14
Citizen Snips has blocked 19 damage
Citizen Snips attacks for 32
The Terminator has blocked 48 damage
The Terminator attacks for 19
Citizen Snips has blocked 21 damage
Citizen Snips has used his spcieal move and attacks for 63
The Terminator has blocked 48 damage
The Terminator has taken 15. He has 0 health left.
*** The battle has ended ***
** The winner is Citizen Snips **
****************************
------- A NEW BATTLE BEGINS ------
--- Mr. Deep vs. Kani 046 ---
Mr. Deep: Power: 9 - Wrestle: 34 - Stamina: 26 - Appeal: 16 - Speed: 16
Mr. Deep has a damage multiplier of 1 and a defense buff of 1
Kani 046: Power: 24 - Wrestle: 16 - Stamina: 21 - Appeal: 19 - Speed: 19
Kani 046 has a damage multiplier of 1 and a defense buff of 1
----------------------------------
Mr. Deep attacks first
Mr. Deep attacks for 13
Kani 046 has blocked 19 damage
Kani 046 attacks for 29
Mr. Deep has blocked 36 damage
Mr. Deep attacks for 9
Kani 046 has blocked 18 damage
Kani 046 attacks for 29
Mr. Deep has blocked 40 damage
Mr. Deep attacks for 9
Kani 046 has blocked 20 damage
Kani 046 attacks for 24
Mr. Deep has blocked 39 damage
Mr. Deep attacks for 11
Kani 046 has blocked 21 damage
Kani 046 attacks for 24
Mr. Deep has blocked 38 damage
Mr. Deep attacks for 13
Kani 046 has blocked 22 damage
Kani 046 attacks for 30
Mr. Deep has blocked 36 damage
Mr. Deep attacks for 11
Kani 046 has blocked 20 damage
Kani 046 has used his special move and attacks for 52
Mr. Deep has blocked 40 damage
Mr. Deep has taken 12. He has 14 health left.
Mr. Deep has used his special move and attacks for 48
Kani 046 has blocked 20 damage
Kani 046 has taken 28. He has 0 health left.
*** The battle has ended ***
** The winner is Mr. Deep **
****************************
------- A NEW BATTLE BEGINS ------
--- Hans vs. Kani 49 ---
Hans: Power: 14 - Wrestle: 37 - Stamina: 21 - Appeal: 16 - Speed: 16
Hans has a damage multiplier of 1 and a defense buff of 1.5
Kani 49: Power: 29 - Wrestle: 26 - Stamina: 14 - Appeal: 18 - Speed: 18
Kani 49 has a damage multiplier of 1 and a defense buff of 1.5
----------------------------------
Hans attacks first
Hans attacks for 17
Kani 49 has blocked 30.5 damage
Kani 49 attacks for 35
Hans has blocked 43.0 damage
Hans attacks for 17
Kani 49 has blocked 35.0 damage
Kani 49 attacks for 34
Hans has blocked 43.0 damage
Hans attacks for 19
Kani 49 has blocked 33.5 damage
Kani 49 attacks for 35
Hans has blocked 40.0 damage
Hans attacks for 14
Kani 49 has blocked 32.0 damage
Kani 49 attacks for 32
Hans has blocked 46.0 damage
Hans attacks for 14
Kani 49 has blocked 27.5 damage
Kani 49 attacks for 35
Hans has blocked 40.0 damage
Hans attacks for 20
Kani 49 has blocked 35.0 damage
Kani 49 has used his special move and attacks for 57
Hans has blocked 44.5 damage
Hans has taken 12.5. He has 8.5 health left.
Hans has used his special move and attacks for 30
Kani 49 has blocked 35.0 damage
Kani 49 attacks for 32
Hans has blocked 38.5 damage
Hans attacks for 14
Kani 49 has blocked 29.0 damage
Kani 49 attacks for 31
Hans has blocked 37.0 damage
Hans attacks for 17
Kani 49 has blocked 27.5 damage
Kani 49 attacks for 34
Hans has blocked 46.0 damage
Hans attacks for 19
Kani 49 has blocked 25.0 damage
Kani 49 attacks for 32
Hans has blocked 45.0 damage
Hans attacks for 14
Kani 49 has blocked 30.0 damage
Kani 49 attacks for 30
Hans has blocked 41.0 damage
Hans attacks for 19
Kani 49 has blocked 23.0 damage
Kani 49 has used his special move and attacks for 57
Hans has blocked 38.5 damage
Hans has taken 18.5. He has 0 health left.
*** The battle has ended ***
** The winner is Kani 49 **
****************************
------- A NEW BATTLE BEGINS ------
--- Kraberuncheon vs. Mr. Deep ---
Kraberuncheon: Power: 40 - Wrestle: 39 - Stamina: 60 - Appeal: 34 - Speed: 34
Kraberuncheon has a damage multiplier of 1 and a defense buff of 1
Mr. Deep: Power: 9 - Wrestle: 34 - Stamina: 26 - Appeal: 16 - Speed: 16
Mr. Deep has a damage multiplier of 1 and a defense buff of 1
----------------------------------
Mr. Deep attacks first
Mr. Deep attacks for 12
Kraberuncheon has blocked 43 damage
Kraberuncheon attacks for 42
Mr. Deep has blocked 40 damage
Mr. Deep has taken 2. He has 24 health left.
Mr. Deep attacks for 13
Kraberuncheon has blocked 43 damage
Kraberuncheon attacks for 46
Mr. Deep has blocked 36 damage
Mr. Deep has taken 10. He has 14 health left.
Mr. Deep attacks for 15
Kraberuncheon has blocked 44 damage
Kraberuncheon has used his spcieal move and attacks for 105
Mr. Deep has blocked 39 damage
Mr. Deep has taken 66. He has 0 health left.
*** The battle has ended ***
** The winner is Kraberuncheon **
****************************
------- A NEW BATTLE BEGINS ------
--- Green Machine vs. Citizen Snips ---
Green Machine: Power: 41 - Wrestle: 19 - Stamina: 7 - Appeal: 9 - Speed: 9
Green Machine has a damage multiplier of 1 and a defense buff of 1.5
Citizen Snips: Power: 28 - Wrestle: 15 - Stamina: 15 - Appeal: 14 - Speed: 14
Citizen Snips has a damage multiplier of 1.5 and a defense buff of 1
----------------------------------
Citizen Snips attacks first
Citizen Snips attacks for 28
Green Machine has blocked 20.5 damage
Green Machine has taken 7.5. He has 0 health left.
*** The battle has ended ***
** The winner is Citizen Snips **
****************************
------- A NEW BATTLE BEGINS ------
--- Kani 49 vs. Kraberuncheon ---
Kani 49: Power: 29 - Wrestle: 26 - Stamina: 14 - Appeal: 18 - Speed: 18
Kani 49 has a damage multiplier of 1.5 and a defense buff of 1
Kraberuncheon: Power: 40 - Wrestle: 39 - Stamina: 60 - Appeal: 34 - Speed: 34
Kraberuncheon has a damage multiplier of 1.5 and a defense buff of 1
----------------------------------
Kani 49 attacks first
Kani 49 attacks for 32
Kraberuncheon has blocked 45 damage
Kraberuncheon attacks for 47
Kani 49 has blocked 27 damage
Kani 49 has taken 20. He has 0 health left.
*** The battle has ended ***
** The winner is Kraberuncheon **
****************************
The battles have been fought and 2 Kani remain undefeated
The number of offspring is 2.
========================================================
2% chance of mutation, total needs to be 98 or higher: Total - 64 - Roll: 64 - Mod: 0
2% chance of mutation, total needs to be 98 or higher: Total - 63 - Roll: 63 - Mod: 0
Queen of the South(394243491) and Citizen Snips(457469516) are the parents of 2 new Kani.
Number of Offspring: 2, Mother Appeal: 8 Father Appeal: 5 - Citizen Snips has a 20% chance to win a Kani. Need a roll greater than 80 Roll:39
Citizen Snips has rolled a 39 but unfortuantely Queen of the South has claimed all the new Kani, Kani number 1. Will be added to the community prize pool.
The number of offspring is 9.
========================================================
2% chance of mutation, total needs to be 98 or higher: Total - 31 - Roll: 21 - Mod: 10
2% chance of mutation, total needs to be 98 or higher: Total - 54 - Roll: 44 - Mod: 10
2% chance of mutation, total needs to be 98 or higher: Total - 37 - Roll: 27 - Mod: 10
Kani 5 is a colourful Kani, highlights are 244.
2% chance of mutation, total needs to be 98 or higher: Total - 11 - Roll: 1 - Mod: 10
2% chance of mutation, total needs to be 98 or higher: Total - 59 - Roll: 49 - Mod: 10
2% chance of mutation, total needs to be 98 or higher: Total - 29 - Roll: 19 - Mod: 10
2% chance of mutation, total needs to be 98 or higher: Total - 100 - Roll: 90 - Mod: 10
There has been a mutation to new Kani number 9. Type: Slippery Claw Highlight Color: 90 Original Wrestle: 9 New Wrestle: 6
2% chance of mutation, total needs to be 98 or higher: Total - 42 - Roll: 32 - Mod: 10
Kani 10 is a colourful Kani, highlights are 100.
2% chance of mutation, total needs to be 98 or higher: Total - 74 - Roll: 64 - Mod: 10
Queen of the North(394248226) and Kraberuncheon(457467584) are the parents of 9 new Kani.
Number of Offspring: 9, Mother Appeal: 15 Father Appeal: 30 - Kraberuncheon has a 80% chance to win a Kani. Need a roll greater than 20 Roll:65
Kraberuncheon has rolled a 65 and won a new Kani, Kani number 11. Congratualtions.
**The Kani Generating Event has ended**
11 new Kani have been created.
New Kani 1, Power:10, Wrestle: 14, Stamina: 9, Appeal: 7, Speed: 11, Mutation: False
New Kani 2, Power:7, Wrestle: 15, Stamina: 6, Appeal: 12, Speed: 13, Mutation: False
New Kani 3, Power:15, Wrestle: 12, Stamina: 5, Appeal: 8, Speed: 8, Mutation: False
New Kani 4, Power:12, Wrestle: 7, Stamina: 10, Appeal: 11, Speed: 16, Mutation: False
New Kani 5, Power:12, Wrestle: 9, Stamina: 6, Appeal: 13, Speed: 14, Mutation: False
New Kani 6, Power:9, Wrestle: 9, Stamina: 14, Appeal: 8, Speed: 17, Mutation: False
New Kani 7, Power:10, Wrestle: 15, Stamina: 5, Appeal: 10, Speed: 10, Mutation: False
New Kani 8, Power:13, Wrestle: 13, Stamina: 6, Appeal: 8, Speed: 9, Mutation: False
New Kani 9, Power:15, Wrestle: 6, Stamina: 10, Appeal: 6, Speed: 11, Mutation: True
New Kani 10, Power:10, Wrestle: 11, Stamina: 10, Appeal: 9, Speed: 14, Mutation: False
New Kani 11, Power:11, Wrestle: 5, Stamina: 9, Appeal: 15, Speed: 19, Mutation: False
