45 Kani have been released into the battlefield.
The Queen Kani for this KGE are Queen of the North & Queen of the West
------- A NEW BATTLE BEGINS ------
--- Decipher These Claws vs. Don't touch Terminators stash ---
----------------------------------
In this battle Decipher These Claws has a damage multiplier of 1, a defense buff of 1 , and 3 health.
While Don't touch Terminators stash has a damage multiplier of 1, a defense buff of 1, and 7 health.
Don't touch Terminators stash attacks first
Don't touch Terminators stash attacks for 11
Decipher These Claws has blocked 14 damage
Decipher These Claws attacks for 17
Don't touch Terminators stash has blocked 14 damage
Don't touch Terminators stash has taken 3. He has 4 health left.
Don't touch Terminators stash attacks for 17
Decipher These Claws has blocked 16 damage
Decipher These Claws has taken 1. He has 2 health left.
Decipher These Claws attacks for 16
Don't touch Terminators stash has blocked 15 damage
Don't touch Terminators stash has taken 1. He has 3 health left.
Don't touch Terminators stash attacks for 14
Decipher These Claws has blocked 17 damage
Decipher These Claws attacks for 15
Don't touch Terminators stash has blocked 12 damage
Don't touch Terminators stash has taken 3. He has 0 health left.
*** The battle has ended ***
** The winner is Decipher These Claws **
****************************
------- A NEW BATTLE BEGINS ------
--- River vs. Kani 030 ---
----------------------------------
In this battle River has a damage multiplier of 1, a defense buff of 1.5 , and 5 health.
While Kani 030 has a damage multiplier of 1, a defense buff of 1.5, and 9 health.
Kani 030 attacks first
Kani 030 attacks for 10
River has blocked 21.0 damage
River attacks for 14
Kani 030 has blocked 7.0 damage
Kani 030 has taken 7.0. He has 2.0 health left.
Kani 030 attacks for 12
River has blocked 16.5 damage
River attacks for 12
Kani 030 has blocked 7.0 damage
Kani 030 has taken 5.0. He has 0 health left.
*** The battle has ended ***
** The winner is River **
****************************
------- A NEW BATTLE BEGINS ------
--- Kani 017 vs. Kani 035 ---
----------------------------------
In this battle Kani 017 has a damage multiplier of 1.5, a defense buff of 1 , and 3 health.
While Kani 035 has a damage multiplier of 1.5, a defense buff of 1, and 7 health.
Kani 035 attacks first
Kani 035 attacks for 31
Kani 017 has blocked 14 damage
Kani 017 has taken 17. He has 0 health left.
*** The battle has ended ***
** The winner is Kani 035 **
****************************
------- A NEW BATTLE BEGINS ------
--- Kani 49 vs. The Terminator ---
----------------------------------
In this battle Kani 49 has a damage multiplier of 1.5, a defense buff of 1 , and 11 health.
While The Terminator has a damage multiplier of 1, a defense buff of 1, and 3 health.
Kani 49 attacks first
Kani 49 attacks for 13
The Terminator has blocked 33 damage
The Terminator attacks for 31
Kani 49 has blocked 7 damage
Kani 49 has taken 24. He has 0 health left.
*** The battle has ended ***
** The winner is The Terminator **
****************************
------- A NEW BATTLE BEGINS ------
--- Kraberuncheon vs. James Bond ---
----------------------------------
In this battle Kraberuncheon has a damage multiplier of 1, a defense buff of 1.5 , and 9 health.
While James Bond has a damage multiplier of 1, a defense buff of 1, and 5 health.
James Bond attacks first
James Bond attacks for 14
Kraberuncheon has blocked 15.0 damage
Kraberuncheon attacks for 6
James Bond has blocked 17 damage
James Bond attacks for 14
Kraberuncheon has blocked 12.0 damage
Kraberuncheon has taken 2.0. He has 7.0 health left.
Kraberuncheon attacks for 10
James Bond has blocked 15 damage
James Bond attacks for 12
Kraberuncheon has blocked 18.0 damage
Kraberuncheon attacks for 6
James Bond has blocked 20 damage
James Bond attacks for 16
Kraberuncheon has blocked 13.5 damage
Kraberuncheon has taken 2.5. He has 4.5 health left.
Kraberuncheon attacks for 7
James Bond has blocked 18 damage
James Bond attacks for 13
Kraberuncheon has blocked 21.0 damage
Kraberuncheon attacks for 10
James Bond has blocked 17 damage
James Bond attacks for 15
Kraberuncheon has blocked 12.0 damage
Kraberuncheon has taken 3.0. He has 1.5 health left.
Kraberuncheon has used his spcieal move and attacks for 8.5
James Bond has blocked 17 damage
James Bond attacks for 13
Kraberuncheon has blocked 18.0 damage
Kraberuncheon attacks for 8
James Bond has blocked 17 damage
James Bond attacks for 11
Kraberuncheon has blocked 19.5 damage
Kraberuncheon attacks for 8
James Bond has blocked 16 damage
James Bond attacks for 14
Kraberuncheon has blocked 13.5 damage
Kraberuncheon has taken 0.5. He has 1.0 health left.
Kraberuncheon attacks for 8
James Bond has blocked 15 damage
James Bond attacks for 15
Kraberuncheon has blocked 13.5 damage
Kraberuncheon has taken 1.5. He has 0 health left.
*** The battle has ended ***
** The winner is James Bond **
****************************
------- A NEW BATTLE BEGINS ------
--- Kani 035 vs. Decipher These Claws ---
----------------------------------
In this battle Kani 035 has a damage multiplier of 1, a defense buff of 1 , and 7 health.
While Decipher These Claws has a damage multiplier of 1, a defense buff of 1, and 3 health.
Decipher These Claws attacks first
Decipher These Claws attacks for 13
Kani 035 has blocked 13 damage
Kani 035 attacks for 29
Decipher These Claws has blocked 20 damage
Decipher These Claws has taken 9. He has 0 health left.
*** The battle has ended ***
** The winner is Kani 035 **
****************************
------- A NEW BATTLE BEGINS ------
--- Kani 036 vs. Jason Voorhees ---
----------------------------------
In this battle Kani 036 has a damage multiplier of 1, a defense buff of 1 , and 11 health.
While Jason Voorhees has a damage multiplier of 1, a defense buff of 1.5, and 7 health.
Jason Voorhees attacks first
Jason Voorhees attacks for 28
Kani 036 has blocked 7 damage
Kani 036 has taken 21. He has 0 health left.
*** The battle has ended ***
** The winner is Jason Voorhees **
****************************
------- A NEW BATTLE BEGINS ------
--- Kani 031 vs. Omekannaya ---
----------------------------------
In this battle Kani 031 has a damage multiplier of 1.5, a defense buff of 1 , and 12 health.
While Omekannaya has a damage multiplier of 1, a defense buff of 1, and 11 health.
Omekannaya attacks first
Omekannaya attacks for 11
Kani 031 has blocked 10 damage
Kani 031 has taken 1. He has 11 health left.
Kani 031 attacks for 16
Omekannaya has blocked 12 damage
Omekannaya has taken 4. He has 7 health left.
Omekannaya attacks for 14
Kani 031 has blocked 11 damage
Kani 031 has taken 3. He has 8 health left.
Kani 031 attacks for 18
Omekannaya has blocked 13 damage
Omekannaya has taken 5. He has 2 health left.
Omekannaya attacks for 13
Kani 031 has blocked 13 damage
Kani 031 attacks for 15
Omekannaya has blocked 15 damage
Omekannaya attacks for 11
Kani 031 has blocked 14 damage
Kani 031 attacks for 16
Omekannaya has blocked 12 damage
Omekannaya has taken 4. He has 0 health left.
*** The battle has ended ***
** The winner is Kani 031 **
****************************
------- A NEW BATTLE BEGINS ------
--- Kani 019 vs. Kani 034 ---
----------------------------------
In this battle Kani 019 has a damage multiplier of 1, a defense buff of 1 , and 4 health.
While Kani 034 has a damage multiplier of 1, a defense buff of 1, and 11 health.
Kani 034 attacks first
Kani 034 attacks for 9
Kani 019 has blocked 12 damage
Kani 019 attacks for 14
Kani 034 has blocked 16 damage
Kani 034 attacks for 9
Kani 019 has blocked 11 damage
Kani 019 attacks for 18
Kani 034 has blocked 13 damage
Kani 034 has taken 5. He has 6 health left.
Kani 034 attacks for 9
Kani 019 has blocked 13 damage
Kani 019 attacks for 16
Kani 034 has blocked 16 damage
Kani 034 attacks for 13
Kani 019 has blocked 13 damage
Kani 019 attacks for 20
Kani 034 has blocked 16 damage
Kani 034 has taken 4. He has 2 health left.
Kani 034 attacks for 8
Kani 019 has blocked 12 damage
Kani 019 attacks for 18
Kani 034 has blocked 13 damage
Kani 034 has taken 5. He has 0 health left.
*** The battle has ended ***
** The winner is Kani 019 **
****************************
------- A NEW BATTLE BEGINS ------
--- Mr Puddle vs. Kani ---
----------------------------------
In this battle Mr Puddle has a damage multiplier of 1.5, a defense buff of 1 , and 3 health.
While Kani has a damage multiplier of 1, a defense buff of 1, and 6 health.
Kani attacks first
Kani attacks for 6
Mr Puddle has blocked 12 damage
Mr Puddle attacks for 21
Kani has blocked 16 damage
Kani has taken 5. He has 1 health left.
Kani attacks for 7
Mr Puddle has blocked 11 damage
Mr Puddle attacks for 23
Kani has blocked 13 damage
Kani has taken 10. He has 0 health left.
*** The battle has ended ***
** The winner is Mr Puddle **
****************************
------- A NEW BATTLE BEGINS ------
--- Kani 042 vs. Kani 026 ---
----------------------------------
In this battle Kani 042 has a damage multiplier of 1, a defense buff of 1 , and 11 health.
While Kani 026 has a damage multiplier of 1, a defense buff of 1, and 8 health.
Kani 042 attacks first
Kani 042 attacks for 11
Kani 026 has blocked 16 damage
Kani 026 attacks for 11
Kani 042 has blocked 17 damage
Kani 042 attacks for 16
Kani 026 has blocked 16 damage
Kani 026 attacks for 15
Kani 042 has blocked 12 damage
Kani 042 has taken 3. He has 8 health left.
Kani 042 attacks for 13
Kani 026 has blocked 14 damage
Kani 026 attacks for 13
Kani 042 has blocked 11 damage
Kani 042 has taken 2. He has 6 health left.
Kani 042 attacks for 16
Kani 026 has blocked 17 damage
Kani 026 attacks for 16
Kani 042 has blocked 13 damage
Kani 042 has taken 3. He has 3 health left.
Kani 042 attacks for 13
Kani 026 has blocked 19 damage
Kani 026 attacks for 11
Kani 042 has blocked 16 damage
Kani 042 attacks for 15
Kani 026 has blocked 20 damage
Kani 026 attacks for 17
Kani 042 has blocked 12 damage
Kani 042 has taken 5. He has 0 health left.
*** The battle has ended ***
** The winner is Kani 026 **
****************************
------- A NEW BATTLE BEGINS ------
--- Kani 022 vs. Kani 48 ---
----------------------------------
In this battle Kani 022 has a damage multiplier of 1, a defense buff of 1 , and 8 health.
While Kani 48 has a damage multiplier of 1, a defense buff of 1, and 9 health.
Kani 022 attacks first
Kani 022 attacks for 18
Kani 48 has blocked 17 damage
Kani 48 has taken 1. He has 8 health left.
Kani 48 attacks for 17
Kani 022 has blocked 15 damage
Kani 022 has taken 2. He has 6 health left.
Kani 022 attacks for 15
Kani 48 has blocked 17 damage
Kani 48 attacks for 16
Kani 022 has blocked 15 damage
Kani 022 has taken 1. He has 5 health left.
Kani 022 attacks for 18
Kani 48 has blocked 13 damage
Kani 48 has taken 5. He has 3 health left.
Kani 48 attacks for 14
Kani 022 has blocked 10 damage
Kani 022 has taken 4. He has 1 health left.
Kani 022 attacks for 21
Kani 48 has blocked 11 damage
Kani 48 has taken 10. He has 0 health left.
*** The battle has ended ***
** The winner is Kani 022 **
****************************
------- A NEW BATTLE BEGINS ------
--- Green Machine vs. Kani 039 ---
----------------------------------
In this battle Green Machine has a damage multiplier of 1.5, a defense buff of 1 , and 10 health.
While Kani 039 has a damage multiplier of 1, a defense buff of 1, and 6 health.
Kani 039 attacks first
Kani 039 attacks for 14
Green Machine has blocked 19 damage
Green Machine attacks for 37
Kani 039 has blocked 18 damage
Kani 039 has taken 19. He has 0 health left.
*** The battle has ended ***
** The winner is Green Machine **
****************************
------- A NEW BATTLE BEGINS ------
--- Kani 041 vs. Kani 022 ---
----------------------------------
In this battle Kani 041 has a damage multiplier of 1, a defense buff of 1 , and 9 health.
While Kani 022 has a damage multiplier of 1, a defense buff of 1, and 8 health.
Kani 022 attacks first
Kani 022 attacks for 18
Kani 041 has blocked 13 damage
Kani 041 has taken 5. He has 4 health left.
Kani 041 attacks for 8
Kani 022 has blocked 15 damage
Kani 022 attacks for 18
Kani 041 has blocked 17 damage
Kani 041 has taken 1. He has 3 health left.
Kani 041 attacks for 11
Kani 022 has blocked 13 damage
Kani 022 attacks for 19
Kani 041 has blocked 12 damage
Kani 041 has taken 7. He has 0 health left.
*** The battle has ended ***
** The winner is Kani 022 **
****************************
------- A NEW BATTLE BEGINS ------
--- Kani 035 vs. Tomahawk Stallone ---
----------------------------------
In this battle Kani 035 has a damage multiplier of 1.5, a defense buff of 1 , and 7 health.
While Tomahawk Stallone has a damage multiplier of 1, a defense buff of 1, and 13 health.
Tomahawk Stallone attacks first
Tomahawk Stallone attacks for 7
Kani 035 has blocked 15 damage
Kani 035 attacks for 30
Tomahawk Stallone has blocked 35 damage
Tomahawk Stallone attacks for 13
Kani 035 has blocked 15 damage
Kani 035 attacks for 27
Tomahawk Stallone has blocked 37 damage
Tomahawk Stallone attacks for 7
Kani 035 has blocked 14 damage
Kani 035 attacks for 30
Tomahawk Stallone has blocked 37 damage
Tomahawk Stallone attacks for 10
Kani 035 has blocked 15 damage
Kani 035 attacks for 31
Tomahawk Stallone has blocked 32 damage
Tomahawk Stallone has used his spcieal move and attacks for 23
Kani 035 has blocked 10 damage
Kani 035 has taken 13. He has 0 health left.
*** The battle has ended ***
** The winner is Tomahawk Stallone **
****************************
------- A NEW BATTLE BEGINS ------
--- Snips vs. Sathington Willoughby ---
----------------------------------
In this battle Snips has a damage multiplier of 1, a defense buff of 1.5 , and 6 health.
While Sathington Willoughby has a damage multiplier of 1, a defense buff of 1, and 5 health.
Snips attacks first
Snips attacks for 8
Sathington Willoughby has blocked 17 damage
Sathington Willoughby attacks for 51
Snips has blocked 13.0 damage
Snips has taken 38.0. He has 0 health left.
*** The battle has ended ***
** The winner is Sathington Willoughby **
****************************
------- A NEW BATTLE BEGINS ------
--- Eugene vs. Kani 021 ---
----------------------------------
In this battle Eugene has a damage multiplier of 1, a defense buff of 1 , and 11 health.
While Kani 021 has a damage multiplier of 1, a defense buff of 1, and 6 health.
Eugene attacks first
Eugene attacks for 15
Kani 021 has blocked 16 damage
Kani 021 attacks for 12
Eugene has blocked 11 damage
Eugene has taken 1. He has 10 health left.
Eugene attacks for 17
Kani 021 has blocked 18 damage
Kani 021 attacks for 12
Eugene has blocked 8 damage
Eugene has taken 4. He has 6 health left.
Eugene attacks for 21
Kani 021 has blocked 16 damage
Kani 021 has taken 5. He has 1 health left.
Kani 021 attacks for 12
Eugene has blocked 13 damage
Eugene attacks for 18
Kani 021 has blocked 19 damage
Kani 021 attacks for 13
Eugene has blocked 11 damage
Eugene has taken 2. He has 4 health left.
Eugene attacks for 16
Kani 021 has blocked 21 damage
Kani 021 attacks for 12
Eugene has blocked 8 damage
Eugene has taken 4. He has 0 health left.
*** The battle has ended ***
** The winner is Kani 021 **
****************************
------- A NEW BATTLE BEGINS ------
--- Kani 022 vs. Mr. Deep ---
----------------------------------
In this battle Kani 022 has a damage multiplier of 1, a defense buff of 1 , and 8 health.
While Mr. Deep has a damage multiplier of 1, a defense buff of 1, and 15 health.
Mr. Deep attacks first
Mr. Deep attacks for 11
Kani 022 has blocked 14 damage
Kani 022 attacks for 15
Mr. Deep has blocked 49 damage
Mr. Deep attacks for 14
Kani 022 has blocked 14 damage
Kani 022 attacks for 21
Mr. Deep has blocked 50 damage
Mr. Deep attacks for 14
Kani 022 has blocked 12 damage
Kani 022 has taken 2. He has 6 health left.
Kani 022 attacks for 19
Mr. Deep has blocked 48 damage
Mr. Deep attacks for 12
Kani 022 has blocked 10 damage
Kani 022 has taken 2. He has 4 health left.
Kani 022 attacks for 20
Mr. Deep has blocked 46 damage
Mr. Deep attacks for 10
Kani 022 has blocked 9 damage
Kani 022 has taken 1. He has 3 health left.
Kani 022 attacks for 17
Mr. Deep has blocked 49 damage
Mr. Deep attacks for 11
Kani 022 has blocked 10 damage
Kani 022 has taken 1. He has 2 health left.
Kani 022 attacks for 15
Mr. Deep has blocked 49 damage
Mr. Deep has used his spcieal move and attacks for 59
Kani 022 has blocked 11 damage
Kani 022 has taken 48. He has 0 health left.
*** The battle has ended ***
** The winner is Mr. Deep **
****************************
------- A NEW BATTLE BEGINS ------
--- Kani 031 vs. Kani 012 ---
----------------------------------
In this battle Kani 031 has a damage multiplier of 1, a defense buff of 1 , and 12 health.
While Kani 012 has a damage multiplier of 1, a defense buff of 1, and 10 health.
Kani 012 attacks first
Kani 012 attacks for 9
Kani 031 has blocked 14 damage
Kani 031 attacks for 15
Kani 012 has blocked 12 damage
Kani 012 has taken 3. He has 7 health left.
Kani 012 attacks for 8
Kani 031 has blocked 11 damage
Kani 031 attacks for 15
Kani 012 has blocked 8 damage
Kani 012 has taken 7. He has 0 health left.
*** The battle has ended ***
** The winner is Kani 031 **
****************************
------- A NEW BATTLE BEGINS ------
--- Kani 47 vs. Tomahawk Stallone ---
----------------------------------
In this battle Kani 47 has a damage multiplier of 1.5, a defense buff of 1.5 , and 12 health.
While Tomahawk Stallone has a damage multiplier of 1.5, a defense buff of 1, and 13 health.
Kani 47 attacks first
Kani 47 attacks for 8
Tomahawk Stallone has blocked 34 damage
Tomahawk Stallone attacks for 11
Kani 47 has blocked 13.5 damage
Kani 47 attacks for 14
Tomahawk Stallone has blocked 32 damage
Tomahawk Stallone attacks for 11
Kani 47 has blocked 15.0 damage
Kani 47 attacks for 10
Tomahawk Stallone has blocked 33 damage
Tomahawk Stallone attacks for 8
Kani 47 has blocked 6.0 damage
Kani 47 has taken 2.0. He has 10.0 health left.
Kani 47 attacks for 16
Tomahawk Stallone has blocked 32 damage
Tomahawk Stallone attacks for 8
Kani 47 has blocked 9.0 damage
Kani 47 has used his spcieal move and attacks for 20
Tomahawk Stallone has blocked 31 damage
Tomahawk Stallone has used his spcieal move and attacks for 21
Kani 47 has blocked 10.5 damage
Kani 47 has taken 10.5. He has 0 health left.
*** The battle has ended ***
** The winner is Tomahawk Stallone **
****************************
------- A NEW BATTLE BEGINS ------
--- Mr Puddle vs. Kani 038 ---
----------------------------------
In this battle Mr Puddle has a damage multiplier of 1, a defense buff of 1 , and 3 health.
While Kani 038 has a damage multiplier of 1, a defense buff of 1, and 9 health.
Kani 038 attacks first
Kani 038 attacks for 10
Mr Puddle has blocked 15 damage
Mr Puddle attacks for 19
Kani 038 has blocked 13 damage
Kani 038 has taken 6. He has 3 health left.
Kani 038 attacks for 15
Mr Puddle has blocked 14 damage
Mr Puddle has taken 1. He has 2 health left.
Mr Puddle attacks for 17
Kani 038 has blocked 13 damage
Kani 038 has taken 4. He has 0 health left.
*** The battle has ended ***
** The winner is Mr Puddle **
****************************
------- A NEW BATTLE BEGINS ------
--- Sathington Willoughby vs. Red Ripper ---
----------------------------------
In this battle Sathington Willoughby has a damage multiplier of 1, a defense buff of 1 , and 5 health.
While Red Ripper has a damage multiplier of 1, a defense buff of 1, and 21 health.
Sathington Willoughby attacks first
Sathington Willoughby attacks for 49
Red Ripper has blocked 15 damage
Red Ripper has taken 34. He has 0 health left.
*** The battle has ended ***
** The winner is Sathington Willoughby **
****************************
------- A NEW BATTLE BEGINS ------
--- Snappy vs. Kani 046 ---
----------------------------------
In this battle Snappy has a damage multiplier of 1, a defense buff of 1.5 , and 7 health.
While Kani 046 has a damage multiplier of 1.5, a defense buff of 1, and 10 health.
Kani 046 attacks first
Kani 046 attacks for 22
Snappy has blocked 11.0 damage
Snappy has taken 11.0. He has 0 health left.
*** The battle has ended ***
** The winner is Kani 046 **
****************************
------- A NEW BATTLE BEGINS ------
--- Tomahawk Stallone vs. River ---
----------------------------------
In this battle Tomahawk Stallone has a damage multiplier of 1.5, a defense buff of 1 , and 13 health.
While River has a damage multiplier of 1, a defense buff of 1, and 5 health.
River attacks first
River attacks for 14
Tomahawk Stallone has blocked 33 damage
Tomahawk Stallone attacks for 16
River has blocked 17 damage
River attacks for 12
Tomahawk Stallone has blocked 31 damage
Tomahawk Stallone attacks for 11
River has blocked 16 damage
River attacks for 13
Tomahawk Stallone has blocked 35 damage
Tomahawk Stallone attacks for 8
River has blocked 18 damage
River attacks for 15
Tomahawk Stallone has blocked 37 damage
Tomahawk Stallone attacks for 13
River has blocked 15 damage
River attacks for 15
Tomahawk Stallone has blocked 35 damage
Tomahawk Stallone has used his spcieal move and attacks for 27
River has blocked 16 damage
River has taken 11. He has 0 health left.
*** The battle has ended ***
** The winner is Tomahawk Stallone **
****************************
------- A NEW BATTLE BEGINS ------
--- Number 10 vs. James Bond ---
----------------------------------
In this battle Number 10 has a damage multiplier of 1, a defense buff of 1.5 , and 10 health.
While James Bond has a damage multiplier of 1, a defense buff of 1.5, and 5 health.
Number 10 attacks first
Number 10 attacks for 9
James Bond has blocked 19.5 damage
James Bond attacks for 16
Number 10 has blocked 12.0 damage
Number 10 has taken 4.0. He has 6.0 health left.
Number 10 attacks for 8
James Bond has blocked 18.0 damage
James Bond attacks for 10
Number 10 has blocked 18.0 damage
Number 10 attacks for 8
James Bond has blocked 18.0 damage
James Bond attacks for 14
Number 10 has blocked 19.5 damage
Number 10 attacks for 9
James Bond has blocked 21.0 damage
James Bond attacks for 13
Number 10 has blocked 18.0 damage
Number 10 attacks for 11
James Bond has blocked 15.0 damage
James Bond attacks for 10
Number 10 has blocked 15.0 damage
Number 10 attacks for 10
James Bond has blocked 16.5 damage
James Bond attacks for 10
Number 10 has blocked 16.5 damage
Number 10 has used his spcieal move and attacks for 20.0
James Bond has blocked 19.5 damage
James Bond has taken 0.5. He has 4.5 health left.
James Bond attacks for 13
Number 10 has blocked 18.0 damage
Number 10 attacks for 11
James Bond has blocked 15.0 damage
James Bond attacks for 12
Number 10 has blocked 13.5 damage
Number 10 attacks for 13
James Bond has blocked 15.0 damage
James Bond attacks for 14
Number 10 has blocked 13.5 damage
Number 10 has taken 0.5. He has 5.5 health left.
Number 10 attacks for 11
James Bond has blocked 16.5 damage
James Bond attacks for 14
Number 10 has blocked 21.0 damage
Number 10 attacks for 12
James Bond has blocked 19.5 damage
James Bond has used his spcieal move and attacks for 30
Number 10 has blocked 13.5 damage
Number 10 has taken 16.5. He has 0 health left.
*** The battle has ended ***
** The winner is James Bond **
****************************
------- A NEW BATTLE BEGINS ------
--- Pinky vs. Tomahawk Stallone ---
----------------------------------
In this battle Pinky has a damage multiplier of 1, a defense buff of 1 , and 6 health.
While Tomahawk Stallone has a damage multiplier of 1, a defense buff of 1, and 13 health.
Tomahawk Stallone attacks first
Tomahawk Stallone attacks for 7
Pinky has blocked 16 damage
Pinky attacks for 18
Tomahawk Stallone has blocked 32 damage
Tomahawk Stallone attacks for 11
Pinky has blocked 16 damage
Pinky attacks for 17
Tomahawk Stallone has blocked 31 damage
Tomahawk Stallone attacks for 11
Pinky has blocked 16 damage
Pinky attacks for 14
Tomahawk Stallone has blocked 31 damage
Tomahawk Stallone attacks for 7
Pinky has blocked 17 damage
Pinky attacks for 16
Tomahawk Stallone has blocked 33 damage
Tomahawk Stallone has used his spcieal move and attacks for 22
Pinky has blocked 17 damage
Pinky has taken 5. He has 1 health left.
Pinky attacks for 13
Tomahawk Stallone has blocked 35 damage
Tomahawk Stallone attacks for 13
Pinky has blocked 14 damage
Pinky attacks for 16
Tomahawk Stallone has blocked 31 damage
Tomahawk Stallone attacks for 11
Pinky has blocked 16 damage
Pinky attacks for 12
Tomahawk Stallone has blocked 34 damage
Tomahawk Stallone attacks for 11
Pinky has blocked 13 damage
Pinky attacks for 12
Tomahawk Stallone has blocked 32 damage
Tomahawk Stallone attacks for 7
Pinky has blocked 13 damage
Pinky attacks for 13
Tomahawk Stallone has blocked 32 damage
Tomahawk Stallone has used his spcieal move and attacks for 23
Pinky has blocked 18 damage
Pinky has taken 5. He has 0 health left.
*** The battle has ended ***
** The winner is Tomahawk Stallone **
****************************
------- A NEW BATTLE BEGINS ------
--- Green Machine vs. Kani 046 ---
----------------------------------
In this battle Green Machine has a damage multiplier of 1, a defense buff of 1 , and 10 health.
While Kani 046 has a damage multiplier of 1.5, a defense buff of 1, and 10 health.
Kani 046 attacks first
Kani 046 attacks for 25
Green Machine has blocked 21 damage
Green Machine has taken 4. He has 6 health left.
Green Machine attacks for 38
Kani 046 has blocked 24 damage
Kani 046 has taken 14. He has 0 health left.
*** The battle has ended ***
** The winner is Green Machine **
****************************
------- A NEW BATTLE BEGINS ------
--- James Bond vs. The Terminator ---
----------------------------------
In this battle James Bond has a damage multiplier of 1, a defense buff of 1 , and 5 health.
While The Terminator has a damage multiplier of 1, a defense buff of 1.5, and 3 health.
James Bond attacks first
James Bond attacks for 11
The Terminator has blocked 37.5 damage
The Terminator attacks for 35
James Bond has blocked 20 damage
James Bond has taken 15. He has 0 health left.
*** The battle has ended ***
** The winner is The Terminator **
****************************
------- A NEW BATTLE BEGINS ------
--- Citizen Snips vs. Kani 023 ---
----------------------------------
In this battle Citizen Snips has a damage multiplier of 1, a defense buff of 1.5 , and 14 health.
While Kani 023 has a damage multiplier of 1, a defense buff of 1, and 6 health.
Kani 023 attacks first
Kani 023 attacks for 14
Citizen Snips has blocked 25.0 damage
Citizen Snips attacks for 25
Kani 023 has blocked 16 damage
Kani 023 has taken 9. He has 0 health left.
*** The battle has ended ***
** The winner is Citizen Snips **
****************************
------- A NEW BATTLE BEGINS ------
--- Citizen Snips vs. Kani 037 ---
----------------------------------
In this battle Citizen Snips has a damage multiplier of 1, a defense buff of 1 , and 14 health.
While Kani 037 has a damage multiplier of 1.5, a defense buff of 1, and 6 health.
Kani 037 attacks first
Kani 037 attacks for 8
Citizen Snips has blocked 27 damage
Citizen Snips attacks for 26
Kani 037 has blocked 15 damage
Kani 037 has taken 11. He has 0 health left.
*** The battle has ended ***
** The winner is Citizen Snips **
****************************
------- A NEW BATTLE BEGINS ------
--- Kani 019 vs. Green Machine ---
----------------------------------
In this battle Kani 019 has a damage multiplier of 1, a defense buff of 1 , and 4 health.
While Green Machine has a damage multiplier of 1, a defense buff of 1, and 10 health.
Green Machine attacks first
Green Machine attacks for 36
Kani 019 has blocked 11 damage
Kani 019 has taken 25. He has 0 health left.
*** The battle has ended ***
** The winner is Green Machine **
****************************
------- A NEW BATTLE BEGINS ------
--- Ebubedike vs. Tomahawk Stallone ---
----------------------------------
In this battle Ebubedike has a damage multiplier of 1, a defense buff of 1 , and 11 health.
While Tomahawk Stallone has a damage multiplier of 1, a defense buff of 1, and 13 health.
Ebubedike attacks first
Ebubedike attacks for 30
Tomahawk Stallone has blocked 34 damage
Tomahawk Stallone attacks for 7
Ebubedike has blocked 32 damage
Ebubedike attacks for 33
Tomahawk Stallone has blocked 36 damage
Tomahawk Stallone attacks for 11
Ebubedike has blocked 32 damage
Ebubedike attacks for 32
Tomahawk Stallone has blocked 33 damage
Tomahawk Stallone attacks for 7
Ebubedike has blocked 33 damage
Ebubedike attacks for 31
Tomahawk Stallone has blocked 33 damage
Tomahawk Stallone attacks for 8
Ebubedike has blocked 33 damage
Ebubedike attacks for 29
Tomahawk Stallone has blocked 34 damage
Tomahawk Stallone has used his spcieal move and attacks for 21
Ebubedike has blocked 30 damage
Ebubedike attacks for 29
Tomahawk Stallone has blocked 31 damage
Tomahawk Stallone attacks for 11
Ebubedike has blocked 31 damage
Ebubedike attacks for 29
Tomahawk Stallone has blocked 31 damage
Tomahawk Stallone attacks for 9
Ebubedike has blocked 29 damage
Ebubedike attacks for 32
Tomahawk Stallone has blocked 36 damage
Tomahawk Stallone attacks for 10
Ebubedike has blocked 30 damage
Ebubedike attacks for 29
Tomahawk Stallone has blocked 34 damage
Tomahawk Stallone attacks for 11
Ebubedike has blocked 33 damage
Ebubedike attacks for 31
Tomahawk Stallone has blocked 35 damage
Tomahawk Stallone has used his spcieal move and attacks for 20
Ebubedike has blocked 27 damage
Ebubedike attacks for 35
Tomahawk Stallone has blocked 37 damage
Tomahawk Stallone attacks for 9
Ebubedike has blocked 28 damage
Ebubedike attacks for 32
Tomahawk Stallone has blocked 32 damage
Tomahawk Stallone attacks for 10
Ebubedike has blocked 33 damage
Ebubedike attacks for 31
Tomahawk Stallone has blocked 31 damage
Tomahawk Stallone attacks for 13
Ebubedike has blocked 31 damage
Ebubedike attacks for 34
Tomahawk Stallone has blocked 33 damage
Tomahawk Stallone has taken 1. He has 12 health left.
Tomahawk Stallone attacks for 8
Ebubedike has blocked 32 damage
Ebubedike has used his spcieal move and attacks for 62
Tomahawk Stallone has blocked 31 damage
Tomahawk Stallone has taken 31. He has 0 health left.
*** The battle has ended ***
** The winner is Ebubedike **
****************************
------- A NEW BATTLE BEGINS ------
--- Kani 008 vs. Sathington Willoughby ---
----------------------------------
In this battle Kani 008 has a damage multiplier of 1, a defense buff of 1 , and 9 health.
While Sathington Willoughby has a damage multiplier of 1, a defense buff of 1, and 5 health.
Sathington Willoughby attacks first
Sathington Willoughby attacks for 50
Kani 008 has blocked 15 damage
Kani 008 has taken 35. He has 0 health left.
*** The battle has ended ***
** The winner is Sathington Willoughby **
****************************
------- A NEW BATTLE BEGINS ------
--- Kani 011 vs. Kani 026 ---
----------------------------------
In this battle Kani 011 has a damage multiplier of 1, a defense buff of 1 , and 9 health.
While Kani 026 has a damage multiplier of 1.5, a defense buff of 1, and 8 health.
Kani 026 attacks first
Kani 026 attacks for 20
Kani 011 has blocked 14 damage
Kani 011 has taken 6. He has 3 health left.
Kani 011 attacks for 15
Kani 026 has blocked 16 damage
Kani 026 attacks for 14
Kani 011 has blocked 13 damage
Kani 011 has taken 1. He has 2 health left.
Kani 011 attacks for 16
Kani 026 has blocked 20 damage
Kani 026 attacks for 18
Kani 011 has blocked 16 damage
Kani 011 has taken 2. He has 0 health left.
*** The battle has ended ***
** The winner is Kani 026 **
****************************
------- A NEW BATTLE BEGINS ------
--- Kani 031 vs. Jason Voorhees ---
----------------------------------
In this battle Kani 031 has a damage multiplier of 1, a defense buff of 1 , and 12 health.
While Jason Voorhees has a damage multiplier of 1.5, a defense buff of 1, and 7 health.
Kani 031 attacks first
Kani 031 attacks for 12
Jason Voorhees has blocked 27 damage
Jason Voorhees attacks for 24
Kani 031 has blocked 14 damage
Kani 031 has taken 10. He has 2 health left.
Kani 031 attacks for 15
Jason Voorhees has blocked 23 damage
Jason Voorhees attacks for 29
Kani 031 has blocked 12 damage
Kani 031 has taken 17. He has 0 health left.
*** The battle has ended ***
** The winner is Jason Voorhees **
****************************
------- A NEW BATTLE BEGINS ------
--- The Terminator vs. Mr. Deep ---
----------------------------------
In this battle The Terminator has a damage multiplier of 1.5, a defense buff of 1 , and 3 health.
While Mr. Deep has a damage multiplier of 1, a defense buff of 1, and 15 health.
Mr. Deep attacks first
Mr. Deep attacks for 13
The Terminator has blocked 39 damage
The Terminator attacks for 35
Mr. Deep has blocked 51 damage
Mr. Deep attacks for 16
The Terminator has blocked 34 damage
The Terminator attacks for 37
Mr. Deep has blocked 49 damage
Mr. Deep attacks for 15
The Terminator has blocked 33 damage
The Terminator attacks for 35
Mr. Deep has blocked 48 damage
Mr. Deep attacks for 13
The Terminator has blocked 37 damage
The Terminator attacks for 37
Mr. Deep has blocked 51 damage
Mr. Deep attacks for 16
The Terminator has blocked 39 damage
The Terminator attacks for 38
Mr. Deep has blocked 45 damage
Mr. Deep attacks for 13
The Terminator has blocked 39 damage
The Terminator attacks for 40
Mr. Deep has blocked 48 damage
Mr. Deep has used his spcieal move and attacks for 57
The Terminator has blocked 34 damage
The Terminator has taken 23. He has 0 health left.
*** The battle has ended ***
** The winner is Mr. Deep **
****************************
------- A NEW BATTLE BEGINS ------
--- Citizen Snips vs. Jason Voorhees ---
----------------------------------
In this battle Citizen Snips has a damage multiplier of 1, a defense buff of 1 , and 14 health.
While Jason Voorhees has a damage multiplier of 1.5, a defense buff of 1, and 7 health.
Jason Voorhees attacks first
Jason Voorhees attacks for 32
Citizen Snips has blocked 27 damage
Citizen Snips has taken 5. He has 9 health left.
Citizen Snips attacks for 27
Jason Voorhees has blocked 22 damage
Jason Voorhees has taken 5. He has 2 health left.
Jason Voorhees attacks for 27
Citizen Snips has blocked 24 damage
Citizen Snips has taken 3. He has 6 health left.
Citizen Snips attacks for 22
Jason Voorhees has blocked 27 damage
Jason Voorhees attacks for 24
Citizen Snips has blocked 27 damage
Citizen Snips attacks for 24
Jason Voorhees has blocked 27 damage
Jason Voorhees attacks for 29
Citizen Snips has blocked 23 damage
Citizen Snips has taken 6. He has 0 health left.
*** The battle has ended ***
** The winner is Jason Voorhees **
****************************
------- A NEW BATTLE BEGINS ------
--- Ebubedike vs. Jason Voorhees ---
----------------------------------
In this battle Ebubedike has a damage multiplier of 1, a defense buff of 1 , and 11 health.
While Jason Voorhees has a damage multiplier of 1, a defense buff of 1, and 7 health.
Jason Voorhees attacks first
Jason Voorhees attacks for 26
Ebubedike has blocked 30 damage
Ebubedike attacks for 35
Jason Voorhees has blocked 27 damage
Jason Voorhees has taken 8. He has 0 health left.
*** The battle has ended ***
** The winner is Ebubedike **
****************************
------- A NEW BATTLE BEGINS ------
--- Mr. Deep vs. Mr Puddle ---
----------------------------------
In this battle Mr. Deep has a damage multiplier of 1, a defense buff of 1 , and 15 health.
While Mr Puddle has a damage multiplier of 1.5, a defense buff of 1, and 3 health.
Mr. Deep attacks first
Mr. Deep attacks for 11
Mr Puddle has blocked 16 damage
Mr Puddle attacks for 17
Mr. Deep has blocked 49 damage
Mr. Deep attacks for 12
Mr Puddle has blocked 14 damage
Mr Puddle attacks for 17
Mr. Deep has blocked 48 damage
Mr. Deep attacks for 15
Mr Puddle has blocked 11 damage
Mr Puddle has taken 4. He has 0 health left.
*** The battle has ended ***
** The winner is Mr. Deep **
****************************
------- A NEW BATTLE BEGINS ------
--- Kani 021 vs. Sathington Willoughby ---
----------------------------------
In this battle Kani 021 has a damage multiplier of 1, a defense buff of 1 , and 6 health.
While Sathington Willoughby has a damage multiplier of 1, a defense buff of 1, and 5 health.
Kani 021 attacks first
Kani 021 attacks for 9
Sathington Willoughby has blocked 20 damage
Sathington Willoughby attacks for 49
Kani 021 has blocked 19 damage
Kani 021 has taken 30. He has 0 health left.
*** The battle has ended ***
** The winner is Sathington Willoughby **
****************************
------- A NEW BATTLE BEGINS ------
--- Mr. Deep vs. Ebubedike ---
----------------------------------
In this battle Mr. Deep has a damage multiplier of 1.5, a defense buff of 1.5 , and 15 health.
While Ebubedike has a damage multiplier of 1, a defense buff of 1.5, and 11 health.
Mr. Deep attacks first
Mr. Deep attacks for 17
Ebubedike has blocked 30.0 damage
Ebubedike attacks for 30
Mr. Deep has blocked 52.5 damage
Mr. Deep attacks for 14
Ebubedike has blocked 33.0 damage
Ebubedike attacks for 30
Mr. Deep has blocked 45.0 damage
Mr. Deep attacks for 11
Ebubedike has blocked 34.5 damage
Ebubedike attacks for 35
Mr. Deep has blocked 46.5 damage
Mr. Deep attacks for 14
Ebubedike has blocked 31.5 damage
Ebubedike attacks for 30
Mr. Deep has blocked 45.0 damage
Mr. Deep attacks for 17
Ebubedike has blocked 31.5 damage
Ebubedike attacks for 29
Mr. Deep has blocked 49.5 damage
Mr. Deep attacks for 13
Ebubedike has blocked 31.5 damage
Ebubedike attacks for 35
Mr. Deep has blocked 54.0 damage
Mr. Deep has used his spcieal move and attacks for 58
Ebubedike has blocked 34.5 damage
Ebubedike has taken 23.5. He has 0 health left.
*** The battle has ended ***
** The winner is Mr. Deep **
****************************
------- A NEW BATTLE BEGINS ------
--- Green Machine vs. Sathington Willoughby ---
----------------------------------
In this battle Green Machine has a damage multiplier of 1, a defense buff of 1.5 , and 10 health.
While Sathington Willoughby has a damage multiplier of 1.5, a defense buff of 1.5, and 5 health.
Green Machine attacks first
Green Machine attacks for 40
Sathington Willoughby has blocked 17.0 damage
Sathington Willoughby has taken 23.0. He has 0 health left.
*** The battle has ended ***
** The winner is Green Machine **
****************************
------- A NEW BATTLE BEGINS ------
--- Kani 026 vs. Green Machine ---
----------------------------------
In this battle Kani 026 has a damage multiplier of 1.5, a defense buff of 1 , and 8 health.
While Green Machine has a damage multiplier of 1, a defense buff of 1.5, and 10 health.
Kani 026 attacks first
Kani 026 attacks for 11
Green Machine has blocked 25.5 damage
Green Machine attacks for 37
Kani 026 has blocked 19 damage
Kani 026 has taken 18. He has 0 health left.
*** The battle has ended ***
** The winner is Green Machine **
****************************
The battles have been fought and only 2 Kani remain undefeated
Kani 4 is a colourful Kani, highlights are 184.
Queen of the West(394250676) and Green Machine(457473971) are the parents of 4 new Kani.
Number of Offspring: 4, Mother Appeal: 10 Father Appeal: 9 - Green Machine has a 50% chance to win a Kani. Need a roll greater than 50 Roll:36
Green Machine has rolled a 36 but unfortuantely Queen of the West has claimed all the new Kani, Kani number 4. Will be added to the community prize pool.
Kani 5 is a colourful Kani, highlights are 288.
Kani 7 is a colourful Kani, highlights are 188.
Queen of the North(394248226) and Mr. Deep(437793433) are the parents of 4 new Kani.
Number of Offspring: 4, Mother Appeal: 14 Father Appeal: 5 - Mr. Deep has a 50% chance to win a Kani. Need a roll greater than 50 Roll:69
Mr. Deep has rolled a 69 and won a new Kani, Kani number 7. Congratualtions.
**The Kani Generating Event has ended**
8 new Kani have been created.
New Kani 1, Power:11, Wrestle: 7, Stamina: 10, Appeal: 12, Speed: 17, Mutation: False
New Kani 2, Power:10, Wrestle: 11, Stamina: 13, Appeal: 6, Speed: 14, Mutation: False
New Kani 3, Power:9, Wrestle: 14, Stamina: 5, Appeal: 12, Speed: 12, Mutation: False
New Kani 4, Power:13, Wrestle: 9, Stamina: 5, Appeal: 13, Speed: 13, Mutation: False
New Kani 5, Power:9, Wrestle: 10, Stamina: 8, Appeal: 13, Speed: 16, Mutation: False
New Kani 6, Power:14, Wrestle: 6, Stamina: 13, Appeal: 7, Speed: 15, Mutation: False
New Kani 7, Power:11, Wrestle: 12, Stamina: 6, Appeal: 11, Speed: 12, Mutation: False
New Kani 8, Power:8, Wrestle: 12, Stamina: 15, Appeal: 5, Speed: 15, Mutation: False
