77 Kani have been released into the battlefield.
The Queen Kani for this KGE are Queen of the West & Queen of the South
------- A NEW BATTLE BEGINS ------
--- Sleek Sinewy Scuttler vs. Kani 74 ---
Sleek Sinewy Scuttler: Power: 10 - Wrestle: 13 - Stamina: 10 - Appeal: 10 - Speed: 10
Sleek Sinewy Scuttler has a damage multiplier of 1.5 and a defense buff of 1.5
Kani 74: Power: 12 - Wrestle: 5 - Stamina: 9 - Appeal: 16 - Speed: 16
Kani 74 has a damage multiplier of 1.5 and a defense buff of 1.5
----------------------------------
Sleek Sinewy Scuttler attacks first
Sleek Sinewy Scuttler attacks for 10
Kani 74 has blocked 6.5 damage
Kani 74 has taken 3.5. He has 5.5 health left.
Kani 74 attacks for 19
Sleek Sinewy Scuttler has blocked 20.5 damage
Sleek Sinewy Scuttler attacks for 19
Kani 74 has blocked 9.5 damage
Kani 74 has taken 9.5. He has 0 health left.
*** The battle has ended ***
** The winner is Sleek Sinewy Scuttler **
****************************
------- A NEW BATTLE BEGINS ------
--- Kani 78 vs. Kani 49 ---
Kani 78: Power: 13 - Wrestle: 11 - Stamina: 5 - Appeal: 9 - Speed: 9
Kani 78 has a damage multiplier of 1.5 and a defense buff of 1.5
Kani 49: Power: 18 - Wrestle: 7 - Stamina: 12 - Appeal: 18 - Speed: 18
Kani 49 has a damage multiplier of 1.5 and a defense buff of 1
----------------------------------
Kani 49 attacks first
Kani 49 attacks for 24
Kani 78 has blocked 12.5 damage
Kani 78 has taken 11.5. He has 0 health left.
*** The battle has ended ***
** The winner is Kani 49 **
****************************
------- A NEW BATTLE BEGINS ------
--- Sebastian vs. Kani 80 ---
Sebastian: Power: 15 - Wrestle: 37 - Stamina: 27 - Appeal: 17 - Speed: 17
Sebastian has a damage multiplier of 1.5 and a defense buff of 1
Kani 80: Power: 10 - Wrestle: 9 - Stamina: 9 - Appeal: 14 - Speed: 14
Kani 80 has a damage multiplier of 1.5 and a defense buff of 1.5
----------------------------------
Kani 80 attacks first
Kani 80 attacks for 17
Sebastian has blocked 41 damage
Sebastian attacks for 16
Kani 80 has blocked 13.5 damage
Kani 80 has taken 2.5. He has 6.5 health left.
Kani 80 attacks for 14
Sebastian has blocked 41 damage
Sebastian attacks for 15
Kani 80 has blocked 15.0 damage
Kani 80 attacks for 14
Sebastian has blocked 41 damage
Sebastian attacks for 16
Kani 80 has blocked 16.5 damage
Kani 80 attacks for 16
Sebastian has blocked 40 damage
Sebastian attacks for 21
Kani 80 has blocked 10.5 damage
Kani 80 has taken 10.5. He has 0 health left.
*** The battle has ended ***
** The winner is Sebastian **
****************************
------- A NEW BATTLE BEGINS ------
--- River vs. Jason Voorhees ---
River: Power: 10 - Wrestle: 10 - Stamina: 6 - Appeal: 13 - Speed: 13
River has a damage multiplier of 1 and a defense buff of 1
Jason Voorhees: Power: 11 - Wrestle: 6 - Stamina: 8 - Appeal: 18 - Speed: 18
Jason Voorhees has a damage multiplier of 1.5 and a defense buff of 1
----------------------------------
River attacks first
River attacks for 14
Jason Voorhees has blocked 12 damage
Jason Voorhees has taken 2. He has 6 health left.
Jason Voorhees attacks for 18
River has blocked 12 damage
River has taken 6. He has 0 health left.
*** The battle has ended ***
** The winner is Jason Voorhees **
****************************
------- A NEW BATTLE BEGINS ------
--- Pinky vs. Kani 012 ---
Pinky: Power: 12 - Wrestle: 10 - Stamina: 7 - Appeal: 11 - Speed: 11
Pinky has a damage multiplier of 1 and a defense buff of 1
Kani 012: Power: 7 - Wrestle: 4 - Stamina: 11 - Appeal: 22 - Speed: 22
Kani 012 has a damage multiplier of 1 and a defense buff of 1
----------------------------------
Kani 012 attacks first
Kani 012 attacks for 7
Pinky has blocked 14 damage
Pinky attacks for 15
Kani 012 has blocked 5 damage
Kani 012 has taken 10. He has 1 health left.
Kani 012 attacks for 10
Pinky has blocked 10 damage
Pinky attacks for 18
Kani 012 has blocked 7 damage
Kani 012 has taken 11. He has 0 health left.
*** The battle has ended ***
** The winner is Pinky **
****************************
------- A NEW BATTLE BEGINS ------
--- Hans vs. Mr.Feet ---
Hans: Power: 13 - Wrestle: 42 - Stamina: 25 - Appeal: 16 - Speed: 16
Hans has a damage multiplier of 1 and a defense buff of 1
Mr.Feet: Power: 24 - Wrestle: 12 - Stamina: 18 - Appeal: 23 - Speed: 23
Mr.Feet has a damage multiplier of 1 and a defense buff of 1.5
----------------------------------
Mr.Feet attacks first
Mr.Feet attacks for 28
Hans has blocked 44 damage
Hans attacks for 15
Mr.Feet has blocked 18.0 damage
Mr.Feet attacks for 25
Hans has blocked 42 damage
Hans attacks for 13
Mr.Feet has blocked 15.0 damage
Mr.Feet attacks for 24
Hans has blocked 43 damage
Hans attacks for 16
Mr.Feet has blocked 16.5 damage
Mr.Feet attacks for 28
Hans has blocked 47 damage
Hans attacks for 14
Mr.Feet has blocked 13.5 damage
Mr.Feet has taken 0.5. He has 17.5 health left.
Mr.Feet has used his spcieal move and attacks for 41
Hans has blocked 42 damage
Hans attacks for 15
Mr.Feet has blocked 18.0 damage
Mr.Feet attacks for 30
Hans has blocked 42 damage
Hans attacks for 13
Mr.Feet has blocked 15.0 damage
Mr.Feet attacks for 30
Hans has blocked 48 damage
Hans has used his spcieal move and attacks for 28
Mr.Feet has blocked 19.5 damage
Mr.Feet has taken 8.5. He has 9.0 health left.
Mr.Feet attacks for 29
Hans has blocked 43 damage
Hans attacks for 14
Mr.Feet has blocked 19.5 damage
Mr.Feet attacks for 29
Hans has blocked 43 damage
Hans attacks for 16
Mr.Feet has blocked 15.0 damage
Mr.Feet has taken 1.0. He has 8.0 health left.
Mr.Feet has used his spcieal move and attacks for 40
Hans has blocked 42 damage
Hans attacks for 14
Mr.Feet has blocked 11.0 damage
Mr.Feet has taken 3.0. He has 5.0 health left.
Mr.Feet attacks for 28
Hans has blocked 44 damage
Hans attacks for 15
Mr.Feet has blocked 11.5 damage
Mr.Feet has taken 3.5. He has 1.5 health left.
Mr.Feet attacks for 29
Hans has blocked 43 damage
Hans attacks for 15
Mr.Feet has blocked 10.5 damage
Mr.Feet has taken 4.5. He has 0 health left.
*** The battle has ended ***
** The winner is Hans **
****************************
------- A NEW BATTLE BEGINS ------
--- Kani 035 vs. Kani 008 ---
Kani 035: Power: 8 - Wrestle: 7 - Stamina: 8 - Appeal: 18 - Speed: 18
Kani 035 has a damage multiplier of 1 and a defense buff of 1
Kani 008: Power: 6 - Wrestle: 8 - Stamina: 10 - Appeal: 19 - Speed: 19
Kani 008 has a damage multiplier of 1 and a defense buff of 1.5
----------------------------------
Kani 035 attacks first
Kani 035 attacks for 8
Kani 008 has blocked 15.5 damage
Kani 008 attacks for 12
Kani 035 has blocked 12 damage
Kani 035 attacks for 8
Kani 008 has blocked 11.0 damage
Kani 008 attacks for 8
Kani 035 has blocked 7 damage
Kani 035 has taken 1. He has 7 health left.
Kani 035 attacks for 14
Kani 008 has blocked 11.0 damage
Kani 008 has taken 3.0. He has 7.0 health left.
Kani 008 attacks for 11
Kani 035 has blocked 12 damage
Kani 035 attacks for 8
Kani 008 has blocked 11.0 damage
Kani 008 attacks for 11
Kani 035 has blocked 12 damage
Kani 035 attacks for 10
Kani 008 has blocked 14.0 damage
Kani 008 attacks for 9
Kani 035 has blocked 8 damage
Kani 035 has taken 1. He has 6 health left.
Kani 035 has used his special move and attacks for 17
Kani 008 has blocked 15.5 damage
Kani 008 has taken 1.5. He has 5.5 health left.
Kani 008 has used his special move and attacks for 15
Kani 035 has blocked 8 damage
Kani 035 has taken 7. He has 0 health left.
*** The battle has ended ***
** The winner is Kani 008 **
****************************
------- A NEW BATTLE BEGINS ------
--- Kani 63 vs. Agu ---
Kani 63: Power: 10 - Wrestle: 4 - Stamina: 10 - Appeal: 19 - Speed: 19
Kani 63 has a damage multiplier of 1.5 and a defense buff of 1.5
Agu: Power: 14 - Wrestle: 4 - Stamina: 11 - Appeal: 15 - Speed: 15
Agu has a damage multiplier of 1.5 and a defense buff of 1.5
----------------------------------
Kani 63 attacks first
Kani 63 attacks for 11
Agu has blocked 13.0 damage
Agu attacks for 15
Kani 63 has blocked 10.0 damage
Kani 63 has taken 5.0. He has 5.0 health left.
Kani 63 attacks for 11
Agu has blocked 8.5 damage
Agu has taken 2.5. He has 8.5 health left.
Agu attacks for 20
Kani 63 has blocked 8.5 damage
Kani 63 has taken 11.5. He has 0 health left.
*** The battle has ended ***
** The winner is Agu **
****************************
------- A NEW BATTLE BEGINS ------
--- Eugene vs. KFunk ---
Eugene: Power: 33 - Wrestle: 5 - Stamina: 22 - Appeal: 13 - Speed: 13
Eugene has a damage multiplier of 1.5 and a defense buff of 1
KFunk: Power: 8 - Wrestle: 10 - Stamina: 10 - Appeal: 15 - Speed: 15
KFunk has a damage multiplier of 1.5 and a defense buff of 1
----------------------------------
KFunk attacks first
KFunk attacks for 15
Eugene has blocked 9 damage
Eugene has taken 6. He has 16 health left.
Eugene attacks for 40
KFunk has blocked 11 damage
KFunk has taken 29. He has 0 health left.
*** The battle has ended ***
** The winner is Eugene **
****************************
------- A NEW BATTLE BEGINS ------
--- Kani 51 vs. Kani 58 ---
Kani 51: Power: 10 - Wrestle: 9 - Stamina: 12 - Appeal: 14 - Speed: 14
Kani 51 has a damage multiplier of 1 and a defense buff of 1
Kani 58: Power: 11 - Wrestle: 10 - Stamina: 11 - Appeal: 12 - Speed: 12
Kani 58 has a damage multiplier of 1 and a defense buff of 1
----------------------------------
Kani 58 attacks first
Kani 58 attacks for 13
Kani 51 has blocked 15 damage
Kani 51 attacks for 10
Kani 58 has blocked 13 damage
Kani 58 attacks for 17
Kani 51 has blocked 11 damage
Kani 51 has taken 6. He has 6 health left.
Kani 51 attacks for 14
Kani 58 has blocked 10 damage
Kani 58 has taken 4. He has 7 health left.
Kani 58 attacks for 17
Kani 51 has blocked 13 damage
Kani 51 has taken 4. He has 2 health left.
Kani 51 attacks for 14
Kani 58 has blocked 16 damage
Kani 58 attacks for 15
Kani 51 has blocked 11 damage
Kani 51 has taken 4. He has 0 health left.
*** The battle has ended ***
** The winner is Kani 58 **
****************************
------- A NEW BATTLE BEGINS ------
--- Kani 48 vs. Tiny Rick ---
Kani 48: Power: 11 - Wrestle: 9 - Stamina: 10 - Appeal: 13 - Speed: 13
Kani 48 has a damage multiplier of 1 and a defense buff of 1
Tiny Rick: Power: 23 - Wrestle: 26 - Stamina: 30 - Appeal: 20 - Speed: 20
Tiny Rick has a damage multiplier of 1.5 and a defense buff of 1
----------------------------------
Tiny Rick attacks first
Tiny Rick attacks for 24
Kani 48 has blocked 10 damage
Kani 48 has taken 14. He has 0 health left.
*** The battle has ended ***
** The winner is Tiny Rick **
****************************
------- A NEW BATTLE BEGINS ------
--- Red Ripper vs. Mr Puddle ---
Red Ripper: Power: 14 - Wrestle: 5 - Stamina: 12 - Appeal: 14 - Speed: 14
Red Ripper has a damage multiplier of 1 and a defense buff of 1
Mr Puddle: Power: 14 - Wrestle: 8 - Stamina: 4 - Appeal: 11 - Speed: 11
Mr Puddle has a damage multiplier of 1.5 and a defense buff of 1
----------------------------------
Red Ripper attacks first
Red Ripper attacks for 14
Mr Puddle has blocked 10 damage
Mr Puddle has taken 4. He has 0 health left.
*** The battle has ended ***
** The winner is Red Ripper **
****************************
------- A NEW BATTLE BEGINS ------
--- Kani 036 vs. Kani 042 ---
Kani 036: Power: 9 - Wrestle: 5 - Stamina: 12 - Appeal: 19 - Speed: 19
Kani 036 has a damage multiplier of 1 and a defense buff of 1.5
Kani 042: Power: 11 - Wrestle: 9 - Stamina: 12 - Appeal: 13 - Speed: 13
Kani 042 has a damage multiplier of 1 and a defense buff of 1
----------------------------------
Kani 042 attacks first
Kani 042 attacks for 12
Kani 036 has blocked 12.5 damage
Kani 036 attacks for 9
Kani 042 has blocked 9 damage
Kani 042 attacks for 11
Kani 036 has blocked 9.5 damage
Kani 036 has taken 1.5. He has 10.5 health left.
Kani 036 attacks for 15
Kani 042 has blocked 11 damage
Kani 042 has taken 4. He has 8 health left.
Kani 042 attacks for 14
Kani 036 has blocked 6.5 damage
Kani 036 has taken 7.5. He has 3.0 health left.
Kani 036 attacks for 10
Kani 042 has blocked 10 damage
Kani 042 attacks for 16
Kani 036 has blocked 5.0 damage
Kani 036 has taken 11.0. He has 0 health left.
*** The battle has ended ***
** The winner is Kani 042 **
****************************
------- A NEW BATTLE BEGINS ------
--- Stunning Sublime Scuttler vs. Kani 046 ---
Stunning Sublime Scuttler: Power: 12 - Wrestle: 7 - Stamina: 5 - Appeal: 14 - Speed: 14
Stunning Sublime Scuttler has a damage multiplier of 1 and a defense buff of 1
Kani 046: Power: 27 - Wrestle: 7 - Stamina: 11 - Appeal: 21 - Speed: 21
Kani 046 has a damage multiplier of 1.5 and a defense buff of 1
----------------------------------
Stunning Sublime Scuttler attacks first
Stunning Sublime Scuttler attacks for 12
Kani 046 has blocked 13 damage
Kani 046 attacks for 36
Stunning Sublime Scuttler has blocked 7 damage
Stunning Sublime Scuttler has taken 29. He has 0 health left.
*** The battle has ended ***
** The winner is Kani 046 **
****************************
------- A NEW BATTLE BEGINS ------
--- Kani 55 vs. Snips ---
Kani 55: Power: 14 - Wrestle: 4 - Stamina: 12 - Appeal: 15 - Speed: 15
Kani 55 has a damage multiplier of 1 and a defense buff of 1
Snips: Power: 6 - Wrestle: 11 - Stamina: 7 - Appeal: 16 - Speed: 16
Snips has a damage multiplier of 1.5 and a defense buff of 1
----------------------------------
Kani 55 attacks first
Kani 55 attacks for 18
Snips has blocked 14 damage
Snips has taken 4. He has 3 health left.
Snips attacks for 13
Kani 55 has blocked 4 damage
Kani 55 has taken 9. He has 3 health left.
Kani 55 attacks for 19
Snips has blocked 12 damage
Snips has taken 7. He has 0 health left.
*** The battle has ended ***
** The winner is Kani 55 **
****************************
------- A NEW BATTLE BEGINS ------
--- Kani 026 vs. Crabification ---
Kani 026: Power: 11 - Wrestle: 12 - Stamina: 9 - Appeal: 10 - Speed: 10
Kani 026 has a damage multiplier of 1 and a defense buff of 1.5
Crabification: Power: 7 - Wrestle: 11 - Stamina: 4 - Appeal: 15 - Speed: 15
Crabification has a damage multiplier of 1.5 and a defense buff of 1
----------------------------------
Kani 026 attacks first
Kani 026 attacks for 14
Crabification has blocked 12 damage
Crabification has taken 2. He has 2 health left.
Crabification attacks for 16
Kani 026 has blocked 21.0 damage
Kani 026 attacks for 16
Crabification has blocked 14 damage
Crabification has taken 2. He has 0 health left.
*** The battle has ended ***
** The winner is Kani 026 **
****************************
------- A NEW BATTLE BEGINS ------
--- Sathington Willoughby vs. Kani 037 ---
Sathington Willoughby: Power: 23 - Wrestle: 12 - Stamina: 4 - Appeal: 13 - Speed: 13
Sathington Willoughby has a damage multiplier of 1 and a defense buff of 1
Kani 037: Power: 5 - Wrestle: 13 - Stamina: 7 - Appeal: 15 - Speed: 15
Kani 037 has a damage multiplier of 1.5 and a defense buff of 1
----------------------------------
Kani 037 attacks first
Kani 037 attacks for 14
Sathington Willoughby has blocked 14 damage
Sathington Willoughby attacks for 29
Kani 037 has blocked 17 damage
Kani 037 has taken 12. He has 0 health left.
*** The battle has ended ***
** The winner is Sathington Willoughby **
****************************
------- A NEW BATTLE BEGINS ------
--- Kani 67 vs. Kraberuncheon ---
Kani 67: Power: 15 - Wrestle: 10 - Stamina: 7 - Appeal: 38 - Speed: 38
Kani 67 has a damage multiplier of 1.5 and a defense buff of 1.5
Kraberuncheon: Power: 21 - Wrestle: 20 - Stamina: 30 - Appeal: 18 - Speed: 18
Kraberuncheon has a damage multiplier of 1.5 and a defense buff of 1
----------------------------------
Kani 67 attacks first
Kani 67 attacks for 24
Kraberuncheon has blocked 25 damage
Kraberuncheon attacks for 28
Kani 67 has blocked 13.0 damage
Kani 67 has taken 15.0. He has 0 health left.
*** The battle has ended ***
** The winner is Kraberuncheon **
****************************
------- A NEW BATTLE BEGINS ------
--- Green Ghost vs. Kani 52 ---
Green Ghost: Power: 37 - Wrestle: 11 - Stamina: 36 - Appeal: 7 - Speed: 7
Green Ghost has a damage multiplier of 1 and a defense buff of 1
Kani 52: Power: 9 - Wrestle: 12 - Stamina: 4 - Appeal: 12 - Speed: 12
Kani 52 has a damage multiplier of 1.5 and a defense buff of 1
----------------------------------
Green Ghost attacks first
Green Ghost attacks for 41
Kani 52 has blocked 13 damage
Kani 52 has taken 28. He has 0 health left.
*** The battle has ended ***
** The winner is Green Ghost **
****************************
------- A NEW BATTLE BEGINS ------
--- Kani 038 vs. Kani 019 ---
Kani 038: Power: 9 - Wrestle: 11 - Stamina: 10 - Appeal: 13 - Speed: 13
Kani 038 has a damage multiplier of 1 and a defense buff of 1.5
Kani 019: Power: 14 - Wrestle: 6 - Stamina: 5 - Appeal: 13 - Speed: 13
Kani 019 has a damage multiplier of 1 and a defense buff of 1
----------------------------------
Kani 038 attacks first
Kani 038 attacks for 10
Kani 019 has blocked 7 damage
Kani 019 has taken 3. He has 2 health left.
Kani 019 attacks for 14
Kani 038 has blocked 11.0 damage
Kani 038 has taken 3.0. He has 7.0 health left.
Kani 038 attacks for 10
Kani 019 has blocked 11 damage
Kani 019 attacks for 14
Kani 038 has blocked 15.5 damage
Kani 038 attacks for 14
Kani 019 has blocked 6 damage
Kani 019 has taken 8. He has 0 health left.
*** The battle has ended ***
** The winner is Kani 038 **
****************************
------- A NEW BATTLE BEGINS ------
--- Kani 034 vs. Morty ---
Kani 034: Power: 7 - Wrestle: 8 - Stamina: 12 - Appeal: 15 - Speed: 15
Kani 034 has a damage multiplier of 1.5 and a defense buff of 1.5
Morty: Power: 10 - Wrestle: 4 - Stamina: 11 - Appeal: 16 - Speed: 16
Morty has a damage multiplier of 1.5 and a defense buff of 1.5
----------------------------------
Kani 034 attacks first
Kani 034 attacks for 10
Morty has blocked 7.0 damage
Morty has taken 3.0. He has 8.0 health left.
Morty attacks for 16
Kani 034 has blocked 9.5 damage
Kani 034 has taken 6.5. He has 5.5 health left.
Kani 034 attacks for 7
Morty has blocked 7.0 damage
Morty attacks for 16
Kani 034 has blocked 12.5 damage
Kani 034 has taken 3.5. He has 2.0 health left.
Kani 034 attacks for 14
Morty has blocked 13.0 damage
Morty has taken 1.0. He has 7.0 health left.
Morty attacks for 16
Kani 034 has blocked 12.5 damage
Kani 034 has taken 3.5. He has 0 health left.
*** The battle has ended ***
** The winner is Morty **
****************************
------- A NEW BATTLE BEGINS ------
--- Tomahawk Stallone vs. Green Machine ---
Tomahawk Stallone: Power: 7 - Wrestle: 3 - Stamina: 14 - Appeal: 23 - Speed: 23
Tomahawk Stallone has a damage multiplier of 1.5 and a defense buff of 1
Green Machine: Power: 36 - Wrestle: 28 - Stamina: 7 - Appeal: 9 - Speed: 9
Green Machine has a damage multiplier of 1 and a defense buff of 1.5
----------------------------------
Green Machine attacks first
Green Machine attacks for 36
Tomahawk Stallone has blocked 9 damage
Tomahawk Stallone has taken 27. He has 0 health left.
*** The battle has ended ***
** The winner is Green Machine **
****************************
------- A NEW BATTLE BEGINS ------
--- Kani 022 vs. Kani ---
Kani 022: Power: 15 - Wrestle: 7 - Stamina: 9 - Appeal: 11 - Speed: 11
Kani 022 has a damage multiplier of 1 and a defense buff of 1
Kani: Power: 16 - Wrestle: 9 - Stamina: 7 - Appeal: 18 - Speed: 18
Kani has a damage multiplier of 1 and a defense buff of 1.5
----------------------------------
Kani 022 attacks first
Kani 022 attacks for 21
Kani has blocked 12.0 damage
Kani has taken 9.0. He has 0 health left.
*** The battle has ended ***
** The winner is Kani 022 **
****************************
------- A NEW BATTLE BEGINS ------
--- Kani 021 vs. The Terminator ---
Kani 021: Power: 7 - Wrestle: 13 - Stamina: 7 - Appeal: 13 - Speed: 13
Kani 021 has a damage multiplier of 1 and a defense buff of 1
The Terminator: Power: 51 - Wrestle: 9 - Stamina: 4 - Appeal: 9 - Speed: 9
The Terminator has a damage multiplier of 1 and a defense buff of 1.5
----------------------------------
The Terminator attacks first
The Terminator attacks for 52
Kani 021 has blocked 17 damage
Kani 021 has taken 35. He has 0 health left.
*** The battle has ended ***
** The winner is The Terminator **
****************************
------- A NEW BATTLE BEGINS ------
--- Mr. Deep vs. Kani 73 ---
Mr. Deep: Power: 10 - Wrestle: 37 - Stamina: 14 - Appeal: 16 - Speed: 16
Mr. Deep has a damage multiplier of 1 and a defense buff of 1
Kani 73: Power: 15 - Wrestle: 10 - Stamina: 4 - Appeal: 8 - Speed: 8
Kani 73 has a damage multiplier of 1 and a defense buff of 1
----------------------------------
Mr. Deep attacks first
Mr. Deep attacks for 12
Kani 73 has blocked 15 damage
Kani 73 attacks for 16
Mr. Deep has blocked 37 damage
Mr. Deep attacks for 15
Kani 73 has blocked 16 damage
Kani 73 attacks for 17
Mr. Deep has blocked 43 damage
Mr. Deep attacks for 12
Kani 73 has blocked 14 damage
Kani 73 attacks for 21
Mr. Deep has blocked 38 damage
Mr. Deep attacks for 11
Kani 73 has blocked 16 damage
Kani 73 attacks for 18
Mr. Deep has blocked 40 damage
Mr. Deep attacks for 15
Kani 73 has blocked 15 damage
Kani 73 attacks for 15
Mr. Deep has blocked 40 damage
Mr. Deep attacks for 13
Kani 73 has blocked 10 damage
Kani 73 has taken 3. He has 1 health left.
Kani 73 attacks for 16
Mr. Deep has blocked 38 damage
Mr. Deep has used his special move and attacks for 51
Kani 73 has blocked 16 damage
Kani 73 has taken 35. He has 0 health left.
*** The battle has ended ***
** The winner is Mr. Deep **
****************************
------- A NEW BATTLE BEGINS ------
--- Don't touch Terminators stash vs. Snappy ---
Don't touch Terminators stash: Power: 11 - Wrestle: 8 - Stamina: 8 - Appeal: 14 - Speed: 14
Don't touch Terminators stash has a damage multiplier of 1.5 and a defense buff of 1
Snappy: Power: 14 - Wrestle: 3 - Stamina: 8 - Appeal: 16 - Speed: 16
Snappy has a damage multiplier of 1 and a defense buff of 1.5
----------------------------------
Snappy attacks first
Snappy attacks for 18
Don't touch Terminators stash has blocked 11 damage
Don't touch Terminators stash has taken 7. He has 1 health left.
Don't touch Terminators stash attacks for 17
Snappy has blocked 3.0 damage
Snappy has taken 14.0. He has 0 health left.
*** The battle has ended ***
** The winner is Don't touch Terminators stash **
****************************
------- A NEW BATTLE BEGINS ------
--- Smooth Scum Scuttler vs. TinyBo ---
Smooth Scum Scuttler: Power: 15 - Wrestle: 4 - Stamina: 9 - Appeal: 11 - Speed: 11
Smooth Scum Scuttler has a damage multiplier of 1.5 and a defense buff of 1.5
TinyBo: Power: 11 - Wrestle: 4 - Stamina: 14 - Appeal: 18 - Speed: 18
TinyBo has a damage multiplier of 1.5 and a defense buff of 1.5
----------------------------------
Smooth Scum Scuttler attacks first
Smooth Scum Scuttler attacks for 16
TinyBo has blocked 13.0 damage
TinyBo has taken 3.0. He has 11.0 health left.
TinyBo attacks for 17
Smooth Scum Scuttler has blocked 13.0 damage
Smooth Scum Scuttler has taken 4.0. He has 5.0 health left.
Smooth Scum Scuttler attacks for 15
TinyBo has blocked 10.0 damage
TinyBo has taken 5.0. He has 6.0 health left.
TinyBo attacks for 11
Smooth Scum Scuttler has blocked 8.5 damage
Smooth Scum Scuttler has taken 2.5. He has 2.5 health left.
Smooth Scum Scuttler attacks for 21
TinyBo has blocked 4.0 damage
TinyBo has taken 17.0. He has 0 health left.
*** The battle has ended ***
** The winner is Smooth Scum Scuttler **
****************************
------- A NEW BATTLE BEGINS ------
--- Gorgeous Green vs. Omekannaya ---
Gorgeous Green: Power: 7 - Wrestle: 4 - Stamina: 13 - Appeal: 22 - Speed: 22
Gorgeous Green has a damage multiplier of 1 and a defense buff of 1
Omekannaya: Power: 8 - Wrestle: 10 - Stamina: 12 - Appeal: 15 - Speed: 15
Omekannaya has a damage multiplier of 1 and a defense buff of 1
----------------------------------
Gorgeous Green attacks first
Gorgeous Green attacks for 10
Omekannaya has blocked 16 damage
Omekannaya attacks for 14
Gorgeous Green has blocked 5 damage
Gorgeous Green has taken 9. He has 4 health left.
Gorgeous Green attacks for 7
Omekannaya has blocked 16 damage
Omekannaya attacks for 14
Gorgeous Green has blocked 4 damage
Gorgeous Green has taken 10. He has 0 health left.
*** The battle has ended ***
** The winner is Omekannaya **
****************************
------- A NEW BATTLE BEGINS ------
--- Kani 039 vs. Kani 031 ---
Kani 039: Power: 10 - Wrestle: 13 - Stamina: 7 - Appeal: 10 - Speed: 10
Kani 039 has a damage multiplier of 1 and a defense buff of 1
Kani 031: Power: 9 - Wrestle: 6 - Stamina: 13 - Appeal: 18 - Speed: 18
Kani 031 has a damage multiplier of 1 and a defense buff of 1
----------------------------------
Kani 039 attacks first
Kani 039 attacks for 10
Kani 031 has blocked 7 damage
Kani 031 has taken 3. He has 10 health left.
Kani 031 attacks for 11
Kani 039 has blocked 18 damage
Kani 039 attacks for 13
Kani 031 has blocked 11 damage
Kani 031 has taken 2. He has 8 health left.
Kani 031 attacks for 14
Kani 039 has blocked 17 damage
Kani 039 attacks for 14
Kani 031 has blocked 10 damage
Kani 031 has taken 4. He has 4 health left.
Kani 031 attacks for 11
Kani 039 has blocked 15 damage
Kani 039 attacks for 10
Kani 031 has blocked 7 damage
Kani 031 has taken 3. He has 1 health left.
Kani 031 attacks for 13
Kani 039 has blocked 14 damage
Kani 039 attacks for 10
Kani 031 has blocked 7 damage
Kani 031 has taken 3. He has 0 health left.
*** The battle has ended ***
** The winner is Kani 039 **
****************************
------- A NEW BATTLE BEGINS ------
--- BlueCheeze vs. Kani 53 ---
BlueCheeze: Power: 9 - Wrestle: 11 - Stamina: 12 - Appeal: 13 - Speed: 13
BlueCheeze has a damage multiplier of 1 and a defense buff of 1
Kani 53: Power: 13 - Wrestle: 9 - Stamina: 4 - Appeal: 13 - Speed: 13
Kani 53 has a damage multiplier of 1.5 and a defense buff of 1
----------------------------------
BlueCheeze attacks first
BlueCheeze attacks for 11
Kani 53 has blocked 12 damage
Kani 53 attacks for 17
BlueCheeze has blocked 11 damage
BlueCheeze has taken 6. He has 6 health left.
BlueCheeze attacks for 14
Kani 53 has blocked 14 damage
Kani 53 attacks for 22
BlueCheeze has blocked 12 damage
BlueCheeze has taken 10. He has 0 health left.
*** The battle has ended ***
** The winner is Kani 53 **
****************************
------- A NEW BATTLE BEGINS ------
--- Kani 030 vs. Kani 71 ---
Kani 030: Power: 8 - Wrestle: 5 - Stamina: 10 - Appeal: 20 - Speed: 20
Kani 030 has a damage multiplier of 1 and a defense buff of 1.5
Kani 71: Power: 10 - Wrestle: 12 - Stamina: 8 - Appeal: 11 - Speed: 11
Kani 71 has a damage multiplier of 1 and a defense buff of 1
----------------------------------
Kani 71 attacks first
Kani 71 attacks for 15
Kani 030 has blocked 9.5 damage
Kani 030 has taken 5.5. He has 4.5 health left.
Kani 030 attacks for 9
Kani 71 has blocked 16 damage
Kani 71 attacks for 15
Kani 030 has blocked 11.0 damage
Kani 030 has taken 4.0. He has 0.5 health left.
Kani 030 attacks for 8
Kani 71 has blocked 17 damage
Kani 71 attacks for 11
Kani 030 has blocked 8.0 damage
Kani 030 has taken 3.0. He has 0 health left.
*** The battle has ended ***
** The winner is Kani 71 **
****************************
------- A NEW BATTLE BEGINS ------
--- Kani 023 vs. Kani 72 ---
Kani 023: Power: 10 - Wrestle: 8 - Stamina: 7 - Appeal: 15 - Speed: 15
Kani 023 has a damage multiplier of 1 and a defense buff of 1
Kani 72: Power: 7 - Wrestle: 13 - Stamina: 5 - Appeal: 13 - Speed: 13
Kani 72 has a damage multiplier of 1 and a defense buff of 1
----------------------------------
Kani 72 attacks first
Kani 72 attacks for 11
Kani 023 has blocked 12 damage
Kani 023 attacks for 16
Kani 72 has blocked 19 damage
Kani 72 attacks for 10
Kani 023 has blocked 8 damage
Kani 023 has taken 2. He has 5 health left.
Kani 023 attacks for 13
Kani 72 has blocked 14 damage
Kani 72 attacks for 12
Kani 023 has blocked 12 damage
Kani 023 attacks for 14
Kani 72 has blocked 15 damage
Kani 72 attacks for 8
Kani 023 has blocked 13 damage
Kani 023 attacks for 15
Kani 72 has blocked 17 damage
Kani 72 attacks for 10
Kani 023 has blocked 12 damage
Kani 023 attacks for 15
Kani 72 has blocked 19 damage
Kani 72 attacks for 9
Kani 023 has blocked 9 damage
Kani 023 attacks for 11
Kani 72 has blocked 17 damage
Kani 72 attacks for 8
Kani 023 has blocked 12 damage
Kani 023 has used his spcieal move and attacks for 16
Kani 72 has blocked 15 damage
Kani 72 has taken 1. He has 4 health left.
Kani 72 has used his spcieal move and attacks for 14
Kani 023 has blocked 8 damage
Kani 023 has taken 6. He has 0 health left.
*** The battle has ended ***
** The winner is Kani 72 **
****************************
------- A NEW BATTLE BEGINS ------
--- Kani 76 vs. Decipher These Claws ---
Kani 76: Power: 9 - Wrestle: 7 - Stamina: 13 - Appeal: 17 - Speed: 17
Kani 76 has a damage multiplier of 1 and a defense buff of 1
Decipher These Claws: Power: 11 - Wrestle: 12 - Stamina: 4 - Appeal: 10 - Speed: 10
Decipher These Claws has a damage multiplier of 1.5 and a defense buff of 1
----------------------------------
Kani 76 attacks first
Kani 76 attacks for 12
Decipher These Claws has blocked 18 damage
Decipher These Claws attacks for 20
Kani 76 has blocked 12 damage
Kani 76 has taken 8. He has 5 health left.
Kani 76 attacks for 11
Decipher These Claws has blocked 14 damage
Decipher These Claws attacks for 12
Kani 76 has blocked 10 damage
Kani 76 has taken 2. He has 3 health left.
Kani 76 attacks for 13
Decipher These Claws has blocked 15 damage
Decipher These Claws attacks for 11
Kani 76 has blocked 11 damage
Kani 76 attacks for 14
Decipher These Claws has blocked 13 damage
Decipher These Claws has taken 1. He has 3 health left.
Decipher These Claws attacks for 11
Kani 76 has blocked 8 damage
Kani 76 has taken 3. He has 0 health left.
*** The battle has ended ***
** The winner is Decipher These Claws **
****************************
------- A NEW BATTLE BEGINS ------
--- Morty vs. Kani 041 ---
Morty: Power: 8 - Wrestle: 10 - Stamina: 14 - Appeal: 15 - Speed: 15
Morty has a damage multiplier of 1 and a defense buff of 1.5
Kani 041: Power: 6 - Wrestle: 10 - Stamina: 10 - Appeal: 17 - Speed: 17
Kani 041 has a damage multiplier of 1 and a defense buff of 1
----------------------------------
Morty attacks first
Morty attacks for 14
Kani 041 has blocked 10 damage
Kani 041 has taken 4. He has 6 health left.
Kani 041 attacks for 9
Morty has blocked 16.0 damage
Morty attacks for 13
Kani 041 has blocked 15 damage
Kani 041 attacks for 6
Morty has blocked 10.0 damage
Morty attacks for 12
Kani 041 has blocked 15 damage
Kani 041 attacks for 12
Morty has blocked 10.0 damage
Morty has taken 2.0. He has 12.0 health left.
Morty attacks for 12
Kani 041 has blocked 16 damage
Kani 041 attacks for 11
Morty has blocked 13.0 damage
Morty attacks for 8
Kani 041 has blocked 13 damage
Kani 041 attacks for 10
Morty has blocked 19.0 damage
Morty attacks for 10
Kani 041 has blocked 16 damage
Kani 041 has used his special move and attacks for 17
Morty has blocked 11.5 damage
Morty has taken 5.5. He has 6.5 health left.
Morty has used his special move and attacks for 16
Kani 041 has blocked 13 damage
Kani 041 has taken 3. He has 3 health left.
Kani 041 attacks for 12
Morty has blocked 11.5 damage
Morty has taken 0.5. He has 6.0 health left.
Morty attacks for 11
Kani 041 has blocked 15 damage
Kani 041 attacks for 7
Morty has blocked 14.5 damage
Morty attacks for 13
Kani 041 has blocked 15 damage
Kani 041 attacks for 11
Morty has blocked 10.0 damage
Morty has taken 1.0. He has 5.0 health left.
Morty attacks for 9
Kani 041 has blocked 9 damage
Kani 041 attacks for 12
Morty has blocked 13.5 damage
Morty attacks for 9
Kani 041 has blocked 12 damage
Kani 041 attacks for 8
Morty has blocked 12.5 damage
Morty attacks for 13
Kani 041 has blocked 12 damage
Kani 041 has taken 1. He has 2 health left.
Kani 041 has used his special move and attacks for 15
Morty has blocked 10.0 damage
Morty has taken 5.0. He has 0 health left.
*** The battle has ended ***
** The winner is Kani 041 **
****************************
------- A NEW BATTLE BEGINS ------
--- Kani 69 vs. Kani 017 ---
Kani 69: Power: 18 - Wrestle: 23 - Stamina: 26 - Appeal: 20 - Speed: 20
Kani 69 has a damage multiplier of 1.5 and a defense buff of 1.5
Kani 017: Power: 15 - Wrestle: 10 - Stamina: 4 - Appeal: 8 - Speed: 8
Kani 017 has a damage multiplier of 1 and a defense buff of 1
----------------------------------
Kani 69 attacks first
Kani 69 attacks for 22
Kani 017 has blocked 16 damage
Kani 017 has taken 6. He has 0 health left.
*** The battle has ended ***
** The winner is Kani 69 **
****************************
------- A NEW BATTLE BEGINS ------
--- RogerRuby vs. Citizen Snips ---
RogerRuby: Power: 7 - Wrestle: 6 - Stamina: 9 - Appeal: 20 - Speed: 20
RogerRuby has a damage multiplier of 1 and a defense buff of 1
Citizen Snips: Power: 37 - Wrestle: 16 - Stamina: 21 - Appeal: 14 - Speed: 14
Citizen Snips has a damage multiplier of 1 and a defense buff of 1
----------------------------------
Citizen Snips attacks first
Citizen Snips attacks for 37
RogerRuby has blocked 10 damage
RogerRuby has taken 27. He has 0 health left.
*** The battle has ended ***
** The winner is Citizen Snips **
****************************
------- A NEW BATTLE BEGINS ------
--- Kani 56 vs. Number 10 ---
Kani 56: Power: 11 - Wrestle: 10 - Stamina: 5 - Appeal: 12 - Speed: 12
Kani 56 has a damage multiplier of 1 and a defense buff of 1
Number 10: Power: 8 - Wrestle: 10 - Stamina: 11 - Appeal: 15 - Speed: 15
Number 10 has a damage multiplier of 1 and a defense buff of 1
----------------------------------
Kani 56 attacks first
Kani 56 attacks for 13
Number 10 has blocked 15 damage
Number 10 attacks for 12
Kani 56 has blocked 10 damage
Kani 56 has taken 2. He has 3 health left.
Kani 56 attacks for 12
Number 10 has blocked 15 damage
Number 10 attacks for 11
Kani 56 has blocked 16 damage
Kani 56 attacks for 13
Number 10 has blocked 12 damage
Number 10 has taken 1. He has 10 health left.
Number 10 attacks for 11
Kani 56 has blocked 10 damage
Kani 56 has taken 1. He has 2 health left.
Kani 56 attacks for 15
Number 10 has blocked 14 damage
Number 10 has taken 1. He has 9 health left.
Number 10 attacks for 11
Kani 56 has blocked 13 damage
Kani 56 attacks for 14
Number 10 has blocked 10 damage
Number 10 has taken 4. He has 5 health left.
Number 10 attacks for 11
Kani 56 has blocked 16 damage
Kani 56 attacks for 16
Number 10 has blocked 12 damage
Number 10 has taken 4. He has 1 health left.
Number 10 attacks for 12
Kani 56 has blocked 15 damage
Kani 56 attacks for 11
Number 10 has blocked 15 damage
Number 10 has used his special move and attacks for 10
Kani 56 has blocked 13 damage
Kani 56 attacks for 14
Number 10 has blocked 14 damage
Number 10 attacks for 11
Kani 56 has blocked 14 damage
Kani 56 has used his special move and attacks for 22
Number 10 has blocked 12 damage
Number 10 has taken 10. He has 0 health left.
*** The battle has ended ***
** The winner is Kani 56 **
****************************
------- A NEW BATTLE BEGINS ------
--- Ebubedike vs. James Bond ---
Ebubedike: Power: 21 - Wrestle: 37 - Stamina: 18 - Appeal: 7 - Speed: 7
Ebubedike has a damage multiplier of 1.5 and a defense buff of 1
James Bond: Power: 10 - Wrestle: 13 - Stamina: 4 - Appeal: 10 - Speed: 10
James Bond has a damage multiplier of 1 and a defense buff of 1
----------------------------------
James Bond attacks first
James Bond attacks for 10
Ebubedike has blocked 37 damage
Ebubedike attacks for 30
James Bond has blocked 14 damage
James Bond has taken 16. He has 0 health left.
*** The battle has ended ***
** The winner is Ebubedike **
****************************
------- A NEW BATTLE BEGINS ------
--- Kani 022 vs. Kani 026 ---
Kani 022: Power: 15 - Wrestle: 7 - Stamina: 9 - Appeal: 11 - Speed: 11
Kani 022 has a damage multiplier of 1 and a defense buff of 1
Kani 026: Power: 11 - Wrestle: 12 - Stamina: 9 - Appeal: 10 - Speed: 10
Kani 026 has a damage multiplier of 1 and a defense buff of 1
----------------------------------
Kani 026 attacks first
Kani 026 attacks for 16
Kani 022 has blocked 11 damage
Kani 022 has taken 5. He has 4 health left.
Kani 022 attacks for 21
Kani 026 has blocked 14 damage
Kani 026 has taken 7. He has 2 health left.
Kani 026 attacks for 13
Kani 022 has blocked 8 damage
Kani 022 has taken 5. He has 0 health left.
*** The battle has ended ***
** The winner is Kani 026 **
****************************
------- A NEW BATTLE BEGINS ------
--- Kani 53 vs. Kani 038 ---
Kani 53: Power: 13 - Wrestle: 9 - Stamina: 4 - Appeal: 13 - Speed: 13
Kani 53 has a damage multiplier of 1 and a defense buff of 1.5
Kani 038: Power: 9 - Wrestle: 11 - Stamina: 10 - Appeal: 13 - Speed: 13
Kani 038 has a damage multiplier of 1 and a defense buff of 1
----------------------------------
Kani 53 attacks first
Kani 53 attacks for 18
Kani 038 has blocked 15 damage
Kani 038 has taken 3. He has 7 health left.
Kani 038 attacks for 10
Kani 53 has blocked 13.5 damage
Kani 53 attacks for 16
Kani 038 has blocked 15 damage
Kani 038 has taken 1. He has 6 health left.
Kani 038 attacks for 10
Kani 53 has blocked 18.0 damage
Kani 53 attacks for 19
Kani 038 has blocked 13 damage
Kani 038 has taken 6. He has 0 health left.
*** The battle has ended ***
** The winner is Kani 53 **
****************************
------- A NEW BATTLE BEGINS ------
--- Red Ripper vs. Green Machine ---
Red Ripper: Power: 14 - Wrestle: 5 - Stamina: 12 - Appeal: 14 - Speed: 14
Red Ripper has a damage multiplier of 1 and a defense buff of 1
Green Machine: Power: 36 - Wrestle: 28 - Stamina: 7 - Appeal: 9 - Speed: 9
Green Machine has a damage multiplier of 1 and a defense buff of 1
----------------------------------
Green Machine attacks first
Green Machine attacks for 39
Red Ripper has blocked 9 damage
Red Ripper has taken 30. He has 0 health left.
*** The battle has ended ***
** The winner is Green Machine **
****************************
------- A NEW BATTLE BEGINS ------
--- Don't touch Terminators stash vs. Smooth Scum Scuttler ---
Don't touch Terminators stash: Power: 11 - Wrestle: 8 - Stamina: 8 - Appeal: 14 - Speed: 14
Don't touch Terminators stash has a damage multiplier of 1.5 and a defense buff of 1
Smooth Scum Scuttler: Power: 15 - Wrestle: 4 - Stamina: 9 - Appeal: 11 - Speed: 11
Smooth Scum Scuttler has a damage multiplier of 1 and a defense buff of 1
----------------------------------
Don't touch Terminators stash attacks first
Don't touch Terminators stash attacks for 20
Smooth Scum Scuttler has blocked 10 damage
Smooth Scum Scuttler has taken 10. He has 0 health left.
*** The battle has ended ***
** The winner is Don't touch Terminators stash **
****************************
------- A NEW BATTLE BEGINS ------
--- Jason Voorhees vs. Kani 042 ---
Jason Voorhees: Power: 11 - Wrestle: 6 - Stamina: 8 - Appeal: 18 - Speed: 18
Jason Voorhees has a damage multiplier of 1 and a defense buff of 1
Kani 042: Power: 11 - Wrestle: 9 - Stamina: 12 - Appeal: 13 - Speed: 13
Kani 042 has a damage multiplier of 1 and a defense buff of 1
----------------------------------
Kani 042 attacks first
Kani 042 attacks for 15
Jason Voorhees has blocked 9 damage
Jason Voorhees has taken 6. He has 2 health left.
Jason Voorhees attacks for 17
Kani 042 has blocked 15 damage
Kani 042 has taken 2. He has 10 health left.
Kani 042 attacks for 13
Jason Voorhees has blocked 11 damage
Jason Voorhees has taken 2. He has 0 health left.
*** The battle has ended ***
** The winner is Kani 042 **
****************************
------- A NEW BATTLE BEGINS ------
--- Kani 69 vs. Kani 039 ---
Kani 69: Power: 18 - Wrestle: 23 - Stamina: 26 - Appeal: 20 - Speed: 20
Kani 69 has a damage multiplier of 1 and a defense buff of 1
Kani 039: Power: 10 - Wrestle: 13 - Stamina: 7 - Appeal: 10 - Speed: 10
Kani 039 has a damage multiplier of 1 and a defense buff of 1
----------------------------------
Kani 039 attacks first
Kani 039 attacks for 11
Kani 69 has blocked 23 damage
Kani 69 attacks for 21
Kani 039 has blocked 13 damage
Kani 039 has taken 8. He has 0 health left.
*** The battle has ended ***
** The winner is Kani 69 **
****************************
------- A NEW BATTLE BEGINS ------
--- Tiny Rick vs. Sleek Sinewy Scuttler ---
Tiny Rick: Power: 23 - Wrestle: 26 - Stamina: 30 - Appeal: 20 - Speed: 20
Tiny Rick has a damage multiplier of 1.5 and a defense buff of 1
Sleek Sinewy Scuttler: Power: 10 - Wrestle: 13 - Stamina: 10 - Appeal: 10 - Speed: 10
Sleek Sinewy Scuttler has a damage multiplier of 1 and a defense buff of 1
----------------------------------
Sleek Sinewy Scuttler attacks first
Sleek Sinewy Scuttler attacks for 10
Tiny Rick has blocked 32 damage
Tiny Rick attacks for 32
Sleek Sinewy Scuttler has blocked 17 damage
Sleek Sinewy Scuttler has taken 15. He has 0 health left.
*** The battle has ended ***
** The winner is Tiny Rick **
****************************
------- A NEW BATTLE BEGINS ------
--- The Terminator vs. Decipher These Claws ---
The Terminator: Power: 51 - Wrestle: 9 - Stamina: 4 - Appeal: 9 - Speed: 9
The Terminator has a damage multiplier of 1 and a defense buff of 1
Decipher These Claws: Power: 11 - Wrestle: 12 - Stamina: 4 - Appeal: 10 - Speed: 10
Decipher These Claws has a damage multiplier of 1.5 and a defense buff of 1
----------------------------------
The Terminator attacks first
The Terminator attacks for 57
Decipher These Claws has blocked 12 damage
Decipher These Claws has taken 45. He has 0 health left.
*** The battle has ended ***
** The winner is The Terminator **
****************************
------- A NEW BATTLE BEGINS ------
--- Ebubedike vs. Kraberuncheon ---
Ebubedike: Power: 21 - Wrestle: 37 - Stamina: 18 - Appeal: 7 - Speed: 7
Ebubedike has a damage multiplier of 1 and a defense buff of 1
Kraberuncheon: Power: 21 - Wrestle: 20 - Stamina: 30 - Appeal: 18 - Speed: 18
Kraberuncheon has a damage multiplier of 1 and a defense buff of 1
----------------------------------
Ebubedike attacks first
Ebubedike attacks for 25
Kraberuncheon has blocked 24 damage
Kraberuncheon has taken 1. He has 29 health left.
Kraberuncheon attacks for 21
Ebubedike has blocked 41 damage
Ebubedike attacks for 22
Kraberuncheon has blocked 20 damage
Kraberuncheon has taken 2. He has 27 health left.
Kraberuncheon attacks for 26
Ebubedike has blocked 43 damage
Ebubedike attacks for 25
Kraberuncheon has blocked 25 damage
Kraberuncheon attacks for 26
Ebubedike has blocked 40 damage
Ebubedike attacks for 26
Kraberuncheon has blocked 23 damage
Kraberuncheon has taken 3. He has 24 health left.
Kraberuncheon attacks for 26
Ebubedike has blocked 41 damage
Ebubedike attacks for 22
Kraberuncheon has blocked 25 damage
Kraberuncheon attacks for 25
Ebubedike has blocked 41 damage
Ebubedike attacks for 25
Kraberuncheon has blocked 22 damage
Kraberuncheon has taken 3. He has 21 health left.
Kraberuncheon has used his special move and attacks for 43
Ebubedike has blocked 40 damage
Ebubedike has taken 3. He has 15 health left.
Ebubedike attacks for 23
Kraberuncheon has blocked 23 damage
Kraberuncheon attacks for 25
Ebubedike has blocked 43 damage
Ebubedike attacks for 22
Kraberuncheon has blocked 23 damage
Kraberuncheon attacks for 22
Ebubedike has blocked 40 damage
Ebubedike attacks for 22
Kraberuncheon has blocked 22 damage
Kraberuncheon attacks for 27
Ebubedike has blocked 39 damage
Ebubedike attacks for 25
Kraberuncheon has blocked 20 damage
Kraberuncheon has taken 5. He has 16 health left.
Kraberuncheon attacks for 27
Ebubedike has blocked 36 damage
Ebubedike attacks for 22
Kraberuncheon has blocked 20 damage
Kraberuncheon has taken 2. He has 14 health left.
Kraberuncheon attacks for 25
Ebubedike has blocked 40 damage
Ebubedike attacks for 23
Kraberuncheon has blocked 22 damage
Kraberuncheon has taken 1. He has 13 health left.
Kraberuncheon has used his special move and attacks for 40
Ebubedike has blocked 37 damage
Ebubedike has taken 3. He has 12 health left.
Ebubedike attacks for 23
Kraberuncheon has blocked 19 damage
Kraberuncheon has taken 4. He has 9 health left.
Kraberuncheon attacks for 24
Ebubedike has blocked 39 damage
Ebubedike attacks for 27
Kraberuncheon has blocked 20 damage
Kraberuncheon has taken 7. He has 2 health left.
Kraberuncheon attacks for 25
Ebubedike has blocked 32 damage
Ebubedike has used his special move and attacks for 44
Kraberuncheon has blocked 16 damage
Kraberuncheon has taken 28. He has 0 health left.
*** The battle has ended ***
** The winner is Ebubedike **
****************************
------- A NEW BATTLE BEGINS ------
--- Kani 58 vs. Agu ---
Kani 58: Power: 11 - Wrestle: 10 - Stamina: 11 - Appeal: 12 - Speed: 12
Kani 58 has a damage multiplier of 1.5 and a defense buff of 1
Agu: Power: 14 - Wrestle: 4 - Stamina: 11 - Appeal: 15 - Speed: 15
Agu has a damage multiplier of 1 and a defense buff of 1
----------------------------------
Agu attacks first
Agu attacks for 18
Kani 58 has blocked 15 damage
Kani 58 has taken 3. He has 8 health left.
Kani 58 attacks for 12
Agu has blocked 4 damage
Agu has taken 8. He has 3 health left.
Agu attacks for 17
Kani 58 has blocked 12 damage
Kani 58 has taken 5. He has 3 health left.
Kani 58 attacks for 18
Agu has blocked 4 damage
Agu has taken 14. He has 0 health left.
*** The battle has ended ***
** The winner is Kani 58 **
****************************
------- A NEW BATTLE BEGINS ------
--- Citizen Snips vs. Kani 041 ---
Citizen Snips: Power: 37 - Wrestle: 16 - Stamina: 21 - Appeal: 14 - Speed: 14
Citizen Snips has a damage multiplier of 1.5 and a defense buff of 1
Kani 041: Power: 6 - Wrestle: 10 - Stamina: 10 - Appeal: 17 - Speed: 17
Kani 041 has a damage multiplier of 1.5 and a defense buff of 1.5
----------------------------------
Citizen Snips attacks first
Citizen Snips attacks for 40
Kani 041 has blocked 11.5 damage
Kani 041 has taken 28.5. He has 0 health left.
*** The battle has ended ***
** The winner is Citizen Snips **
****************************
------- A NEW BATTLE BEGINS ------
--- Kani 71 vs. Kani 046 ---
Kani 71: Power: 10 - Wrestle: 12 - Stamina: 8 - Appeal: 11 - Speed: 11
Kani 71 has a damage multiplier of 1 and a defense buff of 1
Kani 046: Power: 27 - Wrestle: 7 - Stamina: 11 - Appeal: 21 - Speed: 21
Kani 046 has a damage multiplier of 1.5 and a defense buff of 1
----------------------------------
Kani 71 attacks first
Kani 71 attacks for 10
Kani 046 has blocked 8 damage
Kani 046 has taken 2. He has 9 health left.
Kani 046 attacks for 27
Kani 71 has blocked 14 damage
Kani 71 has taken 13. He has 0 health left.
*** The battle has ended ***
** The winner is Kani 046 **
****************************
------- A NEW BATTLE BEGINS ------
--- Sathington Willoughby vs. Eugene ---
Sathington Willoughby: Power: 23 - Wrestle: 12 - Stamina: 4 - Appeal: 13 - Speed: 13
Sathington Willoughby has a damage multiplier of 1 and a defense buff of 1
Eugene: Power: 33 - Wrestle: 5 - Stamina: 22 - Appeal: 13 - Speed: 13
Eugene has a damage multiplier of 1.5 and a defense buff of 1
----------------------------------
Eugene attacks first
Eugene attacks for 36
Sathington Willoughby has blocked 15 damage
Sathington Willoughby has taken 21. He has 0 health left.
*** The battle has ended ***
** The winner is Eugene **
****************************
------- A NEW BATTLE BEGINS ------
--- Kani 008 vs. Mr. Deep ---
Kani 008: Power: 6 - Wrestle: 8 - Stamina: 10 - Appeal: 19 - Speed: 19
Kani 008 has a damage multiplier of 1 and a defense buff of 1.5
Mr. Deep: Power: 10 - Wrestle: 37 - Stamina: 14 - Appeal: 16 - Speed: 16
Mr. Deep has a damage multiplier of 1 and a defense buff of 1
----------------------------------
Mr. Deep attacks first
Mr. Deep attacks for 14
Kani 008 has blocked 15.5 damage
Kani 008 attacks for 11
Mr. Deep has blocked 38 damage
Mr. Deep attacks for 16
Kani 008 has blocked 12.5 damage
Kani 008 has taken 3.5. He has 6.5 health left.
Kani 008 attacks for 6
Mr. Deep has blocked 43 damage
Mr. Deep attacks for 14
Kani 008 has blocked 8.0 damage
Kani 008 has taken 6.0. He has 0.5 health left.
Kani 008 attacks for 12
Mr. Deep has blocked 40 damage
Mr. Deep attacks for 13
Kani 008 has blocked 11.0 damage
Kani 008 has taken 2.0. He has 0 health left.
*** The battle has ended ***
** The winner is Mr. Deep **
****************************
------- A NEW BATTLE BEGINS ------
--- Sebastian vs. Kani 56 ---
Sebastian: Power: 15 - Wrestle: 37 - Stamina: 27 - Appeal: 17 - Speed: 17
Sebastian has a damage multiplier of 1 and a defense buff of 1
Kani 56: Power: 11 - Wrestle: 10 - Stamina: 5 - Appeal: 12 - Speed: 12
Kani 56 has a damage multiplier of 1 and a defense buff of 1.5
----------------------------------
Kani 56 attacks first
Kani 56 attacks for 17
Sebastian has blocked 37 damage
Sebastian attacks for 18
Kani 56 has blocked 11.5 damage
Kani 56 has taken 6.5. He has 0 health left.
*** The battle has ended ***
** The winner is Sebastian **
****************************
------- A NEW BATTLE BEGINS ------
--- Kani 81 vs. Green Ghost ---
Kani 81: Power: 11 - Wrestle: 3 - Stamina: 8 - Appeal: 19 - Speed: 19
Kani 81 has a damage multiplier of 1.5 and a defense buff of 1.5
Green Ghost: Power: 37 - Wrestle: 11 - Stamina: 36 - Appeal: 7 - Speed: 7
Green Ghost has a damage multiplier of 1.5 and a defense buff of 1.5
----------------------------------
Green Ghost attacks first
Green Ghost attacks for 40
Kani 81 has blocked 4.5 damage
Kani 81 has taken 35.5. He has 0 health left.
*** The battle has ended ***
** The winner is Green Ghost **
****************************
------- A NEW BATTLE BEGINS ------
--- Kani 72 vs. Morty ---
Kani 72: Power: 7 - Wrestle: 13 - Stamina: 5 - Appeal: 13 - Speed: 13
Kani 72 has a damage multiplier of 1.5 and a defense buff of 1
Morty: Power: 10 - Wrestle: 4 - Stamina: 11 - Appeal: 16 - Speed: 16
Morty has a damage multiplier of 1.5 and a defense buff of 1.5
----------------------------------
Morty attacks first
Morty attacks for 14
Kani 72 has blocked 15 damage
Kani 72 attacks for 7
Morty has blocked 7.0 damage
Morty attacks for 13
Kani 72 has blocked 19 damage
Kani 72 attacks for 7
Morty has blocked 11.5 damage
Morty attacks for 14
Kani 72 has blocked 13 damage
Kani 72 has taken 1. He has 4 health left.
Kani 72 attacks for 10
Morty has blocked 7.0 damage
Morty has taken 3.0. He has 8.0 health left.
Morty attacks for 17
Kani 72 has blocked 14 damage
Kani 72 has taken 3. He has 1 health left.
Kani 72 attacks for 7
Morty has blocked 7.0 damage
Morty attacks for 14
Kani 72 has blocked 15 damage
Kani 72 attacks for 11
Morty has blocked 7.0 damage
Morty has taken 4.0. He has 4.0 health left.
Morty attacks for 13
Kani 72 has blocked 14 damage
Kani 72 attacks for 8
Morty has blocked 7.0 damage
Morty has taken 1.0. He has 3.0 health left.
Morty has used his spcieal move and attacks for 16.0
Kani 72 has blocked 18 damage
Kani 72 attacks for 14
Morty has blocked 4.0 damage
Morty has taken 10.0. He has 0 health left.
*** The battle has ended ***
** The winner is Kani 72 **
****************************
------- A NEW BATTLE BEGINS ------
--- Hans vs. Pinky ---
Hans: Power: 13 - Wrestle: 42 - Stamina: 25 - Appeal: 16 - Speed: 16
Hans has a damage multiplier of 1 and a defense buff of 1
Pinky: Power: 12 - Wrestle: 10 - Stamina: 7 - Appeal: 11 - Speed: 11
Pinky has a damage multiplier of 1 and a defense buff of 1
----------------------------------
Hans attacks first
Hans attacks for 17
Pinky has blocked 10 damage
Pinky has taken 7. He has 0 health left.
*** The battle has ended ***
** The winner is Hans **
****************************
------- A NEW BATTLE BEGINS ------
--- Kani 55 vs. Kani 49 ---
Kani 55: Power: 14 - Wrestle: 4 - Stamina: 12 - Appeal: 15 - Speed: 15
Kani 55 has a damage multiplier of 1 and a defense buff of 1.5
Kani 49: Power: 18 - Wrestle: 7 - Stamina: 12 - Appeal: 18 - Speed: 18
Kani 49 has a damage multiplier of 1 and a defense buff of 1.5
----------------------------------
Kani 49 attacks first
Kani 49 attacks for 18
Kani 55 has blocked 7.0 damage
Kani 55 has taken 11.0. He has 1.0 health left.
Kani 55 attacks for 20
Kani 49 has blocked 14.5 damage
Kani 49 has taken 5.5. He has 6.5 health left.
Kani 49 attacks for 20
Kani 55 has blocked 8.5 damage
Kani 55 has taken 11.5. He has 0 health left.
*** The battle has ended ***
** The winner is Kani 49 **
****************************
------- A NEW BATTLE BEGINS ------
--- Kani 69 vs. Citizen Snips ---
Kani 69: Power: 18 - Wrestle: 23 - Stamina: 26 - Appeal: 20 - Speed: 20
Kani 69 has a damage multiplier of 1.5 and a defense buff of 1.5
Citizen Snips: Power: 37 - Wrestle: 16 - Stamina: 21 - Appeal: 14 - Speed: 14
Citizen Snips has a damage multiplier of 1.5 and a defense buff of 1
----------------------------------
Citizen Snips attacks first
Citizen Snips attacks for 37
Kani 69 has blocked 26.0 damage
Kani 69 has taken 11.0. He has 15.0 health left.
Kani 69 attacks for 27
Citizen Snips has blocked 18 damage
Citizen Snips has taken 9. He has 12 health left.
Citizen Snips attacks for 40
Kani 69 has blocked 30.5 damage
Kani 69 has taken 9.5. He has 5.5 health left.
Kani 69 attacks for 22
Citizen Snips has blocked 18 damage
Citizen Snips has taken 4. He has 8 health left.
Citizen Snips attacks for 38
Kani 69 has blocked 29.0 damage
Kani 69 has taken 9.0. He has 0 health left.
*** The battle has ended ***
** The winner is Citizen Snips **
****************************
------- A NEW BATTLE BEGINS ------
--- Kani 042 vs. Omekannaya ---
Kani 042: Power: 11 - Wrestle: 9 - Stamina: 12 - Appeal: 13 - Speed: 13
Kani 042 has a damage multiplier of 1.5 and a defense buff of 1.5
Omekannaya: Power: 8 - Wrestle: 10 - Stamina: 12 - Appeal: 15 - Speed: 15
Omekannaya has a damage multiplier of 1.5 and a defense buff of 1.5
----------------------------------
Omekannaya attacks first
Omekannaya attacks for 14
Kani 042 has blocked 18.0 damage
Kani 042 attacks for 20
Omekannaya has blocked 19.0 damage
Omekannaya has taken 1.0. He has 11.0 health left.
Omekannaya attacks for 9
Kani 042 has blocked 16.5 damage
Kani 042 attacks for 11
Omekannaya has blocked 19.0 damage
Omekannaya attacks for 17
Kani 042 has blocked 13.5 damage
Kani 042 has taken 3.5. He has 8.5 health left.
Kani 042 attacks for 12
Omekannaya has blocked 13.0 damage
Omekannaya attacks for 8
Kani 042 has blocked 18.0 damage
Kani 042 attacks for 12
Omekannaya has blocked 10.0 damage
Omekannaya has taken 2.0. He has 9.0 health left.
Omekannaya attacks for 15
Kani 042 has blocked 15.0 damage
Kani 042 attacks for 17
Omekannaya has blocked 14.5 damage
Omekannaya has taken 2.5. He has 6.5 health left.
Omekannaya attacks for 17
Kani 042 has blocked 13.5 damage
Kani 042 has taken 3.5. He has 5.0 health left.
Kani 042 attacks for 18
Omekannaya has blocked 17.5 damage
Omekannaya has taken 0.5. He has 6.0 health left.
Omekannaya has used his spcieal move and attacks for 19
Kani 042 has blocked 13.5 damage
Kani 042 has taken 5.5. He has 0 health left.
*** The battle has ended ***
** The winner is Omekannaya **
****************************
------- A NEW BATTLE BEGINS ------
--- Mr. Deep vs. Kani 49 ---
Mr. Deep: Power: 10 - Wrestle: 37 - Stamina: 14 - Appeal: 16 - Speed: 16
Mr. Deep has a damage multiplier of 1 and a defense buff of 1
Kani 49: Power: 18 - Wrestle: 7 - Stamina: 12 - Appeal: 18 - Speed: 18
Kani 49 has a damage multiplier of 1 and a defense buff of 1
----------------------------------
Kani 49 attacks first
Kani 49 attacks for 23
Mr. Deep has blocked 42 damage
Mr. Deep attacks for 11
Kani 49 has blocked 7 damage
Kani 49 has taken 4. He has 8 health left.
Kani 49 attacks for 22
Mr. Deep has blocked 40 damage
Mr. Deep attacks for 12
Kani 49 has blocked 8 damage
Kani 49 has taken 4. He has 4 health left.
Kani 49 attacks for 19
Mr. Deep has blocked 38 damage
Mr. Deep attacks for 13
Kani 49 has blocked 13 damage
Kani 49 attacks for 19
Mr. Deep has blocked 38 damage
Mr. Deep attacks for 14
Kani 49 has blocked 12 damage
Kani 49 has taken 2. He has 2 health left.
Kani 49 attacks for 19
Mr. Deep has blocked 37 damage
Mr. Deep attacks for 12
Kani 49 has blocked 11 damage
Kani 49 has taken 1. He has 1 health left.
Kani 49 has used his spcieal move and attacks for 26
Mr. Deep has blocked 40 damage
Mr. Deep attacks for 11
Kani 49 has blocked 11 damage
Kani 49 attacks for 20
Mr. Deep has blocked 38 damage
Mr. Deep has used his spcieal move and attacks for 47
Kani 49 has blocked 8 damage
Kani 49 has taken 39. He has 0 health left.
*** The battle has ended ***
** The winner is Mr. Deep **
****************************
------- A NEW BATTLE BEGINS ------
--- Sebastian vs. Green Machine ---
Sebastian: Power: 15 - Wrestle: 37 - Stamina: 27 - Appeal: 17 - Speed: 17
Sebastian has a damage multiplier of 1.5 and a defense buff of 1
Green Machine: Power: 36 - Wrestle: 28 - Stamina: 7 - Appeal: 9 - Speed: 9
Green Machine has a damage multiplier of 1 and a defense buff of 1.5
----------------------------------
Sebastian attacks first
Sebastian attacks for 16
Green Machine has blocked 34.0 damage
Green Machine attacks for 36
Sebastian has blocked 43 damage
Sebastian attacks for 18
Green Machine has blocked 29.5 damage
Green Machine attacks for 41
Sebastian has blocked 40 damage
Sebastian has taken 1. He has 26 health left.
Sebastian attacks for 16
Green Machine has blocked 29.5 damage
Green Machine attacks for 37
Sebastian has blocked 43 damage
Sebastian attacks for 18
Green Machine has blocked 31.0 damage
Green Machine attacks for 42
Sebastian has blocked 41 damage
Sebastian has taken 1. He has 25 health left.
Sebastian attacks for 19
Green Machine has blocked 37.0 damage
Green Machine attacks for 41
Sebastian has blocked 41 damage
Sebastian has used his special move and attacks for 41
Green Machine has blocked 35.5 damage
Green Machine has taken 5.5. He has 1.5 health left.
Green Machine attacks for 36
Sebastian has blocked 42 damage
Sebastian attacks for 19
Green Machine has blocked 34.0 damage
Green Machine attacks for 39
Sebastian has blocked 38 damage
Sebastian has taken 1. He has 24 health left.
Sebastian attacks for 15
Green Machine has blocked 29.5 damage
Green Machine attacks for 42
Sebastian has blocked 38 damage
Sebastian has taken 4. He has 20 health left.
Sebastian attacks for 19
Green Machine has blocked 31.0 damage
Green Machine attacks for 36
Sebastian has blocked 41 damage
Sebastian attacks for 15
Green Machine has blocked 31.5 damage
Green Machine attacks for 37
Sebastian has blocked 41 damage
Sebastian attacks for 18
Green Machine has blocked 32.0 damage
Green Machine attacks for 38
Sebastian has blocked 38 damage
Sebastian has used his special move and attacks for 36
Green Machine has blocked 28.0 damage
Green Machine has taken 8.0. He has 0 health left.
*** The battle has ended ***
** The winner is Sebastian **
****************************
------- A NEW BATTLE BEGINS ------
--- Kani 026 vs. Hans ---
Kani 026: Power: 11 - Wrestle: 12 - Stamina: 9 - Appeal: 10 - Speed: 10
Kani 026 has a damage multiplier of 1 and a defense buff of 1
Hans: Power: 13 - Wrestle: 42 - Stamina: 25 - Appeal: 16 - Speed: 16
Hans has a damage multiplier of 1 and a defense buff of 1.5
----------------------------------
Kani 026 attacks first
Kani 026 attacks for 16
Hans has blocked 46.5 damage
Hans attacks for 19
Kani 026 has blocked 12 damage
Kani 026 has taken 7. He has 2 health left.
Kani 026 attacks for 15
Hans has blocked 49.5 damage
Hans attacks for 13
Kani 026 has blocked 18 damage
Kani 026 attacks for 13
Hans has blocked 45.0 damage
Hans attacks for 15
Kani 026 has blocked 15 damage
Kani 026 attacks for 14
Hans has blocked 43.5 damage
Hans attacks for 18
Kani 026 has blocked 14 damage
Kani 026 has taken 4. He has 0 health left.
*** The battle has ended ***
** The winner is Hans **
****************************
------- A NEW BATTLE BEGINS ------
--- Kani 72 vs. Green Ghost ---
Kani 72: Power: 7 - Wrestle: 13 - Stamina: 5 - Appeal: 13 - Speed: 13
Kani 72 has a damage multiplier of 1.5 and a defense buff of 1
Green Ghost: Power: 37 - Wrestle: 11 - Stamina: 36 - Appeal: 7 - Speed: 7
Green Ghost has a damage multiplier of 1.5 and a defense buff of 1.5
----------------------------------
Kani 72 attacks first
Kani 72 attacks for 14
Green Ghost has blocked 15.5 damage
Green Ghost attacks for 44
Kani 72 has blocked 19 damage
Kani 72 has taken 25. He has 0 health left.
*** The battle has ended ***
** The winner is Green Ghost **
****************************
------- A NEW BATTLE BEGINS ------
--- Ebubedike vs. Kani 53 ---
Ebubedike: Power: 21 - Wrestle: 37 - Stamina: 18 - Appeal: 7 - Speed: 7
Ebubedike has a damage multiplier of 1.5 and a defense buff of 1
Kani 53: Power: 13 - Wrestle: 9 - Stamina: 4 - Appeal: 13 - Speed: 13
Kani 53 has a damage multiplier of 1 and a defense buff of 1
----------------------------------
Kani 53 attacks first
Kani 53 attacks for 15
Ebubedike has blocked 38 damage
Ebubedike attacks for 28
Kani 53 has blocked 9 damage
Kani 53 has taken 19. He has 0 health left.
*** The battle has ended ***
** The winner is Ebubedike **
****************************
------- A NEW BATTLE BEGINS ------
--- Don't touch Terminators stash vs. Kani 046 ---
Don't touch Terminators stash: Power: 11 - Wrestle: 8 - Stamina: 8 - Appeal: 14 - Speed: 14
Don't touch Terminators stash has a damage multiplier of 1 and a defense buff of 1.5
Kani 046: Power: 27 - Wrestle: 7 - Stamina: 11 - Appeal: 21 - Speed: 21
Kani 046 has a damage multiplier of 1 and a defense buff of 1.5
----------------------------------
Don't touch Terminators stash attacks first
Don't touch Terminators stash attacks for 16
Kani 046 has blocked 8.5 damage
Kani 046 has taken 7.5. He has 3.5 health left.
Kani 046 attacks for 32
Don't touch Terminators stash has blocked 9.5 damage
Don't touch Terminators stash has taken 22.5. He has 0 health left.
*** The battle has ended ***
** The winner is Kani 046 **
****************************
------- A NEW BATTLE BEGINS ------
--- The Terminator vs. Eugene ---
The Terminator: Power: 51 - Wrestle: 9 - Stamina: 4 - Appeal: 9 - Speed: 9
The Terminator has a damage multiplier of 1.5 and a defense buff of 1
Eugene: Power: 33 - Wrestle: 5 - Stamina: 22 - Appeal: 13 - Speed: 13
Eugene has a damage multiplier of 1.5 and a defense buff of 1
----------------------------------
The Terminator attacks first
The Terminator attacks for 57
Eugene has blocked 7 damage
Eugene has taken 50. He has 0 health left.
*** The battle has ended ***
** The winner is The Terminator **
****************************
------- A NEW BATTLE BEGINS ------
--- Tiny Rick vs. Kani 58 ---
Tiny Rick: Power: 23 - Wrestle: 26 - Stamina: 30 - Appeal: 20 - Speed: 20
Tiny Rick has a damage multiplier of 1 and a defense buff of 1
Kani 58: Power: 11 - Wrestle: 10 - Stamina: 11 - Appeal: 12 - Speed: 12
Kani 58 has a damage multiplier of 1 and a defense buff of 1
----------------------------------
Tiny Rick attacks first
Tiny Rick attacks for 27
Kani 58 has blocked 10 damage
Kani 58 has taken 17. He has 0 health left.
*** The battle has ended ***
** The winner is Tiny Rick **
****************************
------- A NEW BATTLE BEGINS ------
--- Omekannaya vs. Tiny Rick ---
Omekannaya: Power: 8 - Wrestle: 10 - Stamina: 12 - Appeal: 15 - Speed: 15
Omekannaya has a damage multiplier of 1 and a defense buff of 1
Tiny Rick: Power: 23 - Wrestle: 26 - Stamina: 30 - Appeal: 20 - Speed: 20
Tiny Rick has a damage multiplier of 1 and a defense buff of 1
----------------------------------
Tiny Rick attacks first
Tiny Rick attacks for 26
Omekannaya has blocked 16 damage
Omekannaya has taken 10. He has 2 health left.
Omekannaya attacks for 10
Tiny Rick has blocked 28 damage
Tiny Rick attacks for 27
Omekannaya has blocked 12 damage
Omekannaya has taken 15. He has 0 health left.
*** The battle has ended ***
** The winner is Tiny Rick **
****************************
------- A NEW BATTLE BEGINS ------
--- Green Ghost vs. Citizen Snips ---
Green Ghost: Power: 37 - Wrestle: 11 - Stamina: 36 - Appeal: 7 - Speed: 7
Green Ghost has a damage multiplier of 1.5 and a defense buff of 1.5
Citizen Snips: Power: 37 - Wrestle: 16 - Stamina: 21 - Appeal: 14 - Speed: 14
Citizen Snips has a damage multiplier of 1.5 and a defense buff of 1
----------------------------------
Green Ghost attacks first
Green Ghost attacks for 44
Citizen Snips has blocked 19 damage
Citizen Snips has taken 25. He has 0 health left.
*** The battle has ended ***
** The winner is Green Ghost **
****************************
------- A NEW BATTLE BEGINS ------
--- Sebastian vs. Kani 046 ---
Sebastian: Power: 15 - Wrestle: 37 - Stamina: 27 - Appeal: 17 - Speed: 17
Sebastian has a damage multiplier of 1 and a defense buff of 1.5
Kani 046: Power: 27 - Wrestle: 7 - Stamina: 11 - Appeal: 21 - Speed: 21
Kani 046 has a damage multiplier of 1.5 and a defense buff of 1
----------------------------------
Kani 046 attacks first
Kani 046 attacks for 36
Sebastian has blocked 37.0 damage
Sebastian attacks for 16
Kani 046 has blocked 12 damage
Kani 046 has taken 4. He has 7 health left.
Kani 046 attacks for 31
Sebastian has blocked 40.0 damage
Sebastian attacks for 19
Kani 046 has blocked 11 damage
Kani 046 has taken 8. He has 0 health left.
*** The battle has ended ***
** The winner is Sebastian **
****************************
------- A NEW BATTLE BEGINS ------
--- Mr. Deep vs. Ebubedike ---
Mr. Deep: Power: 10 - Wrestle: 37 - Stamina: 14 - Appeal: 16 - Speed: 16
Mr. Deep has a damage multiplier of 1.5 and a defense buff of 1.5
Ebubedike: Power: 21 - Wrestle: 37 - Stamina: 18 - Appeal: 7 - Speed: 7
Ebubedike has a damage multiplier of 1 and a defense buff of 1.5
----------------------------------
Ebubedike attacks first
Ebubedike attacks for 27
Mr. Deep has blocked 37.0 damage
Mr. Deep attacks for 19
Ebubedike has blocked 37.0 damage
Ebubedike attacks for 26
Mr. Deep has blocked 43.0 damage
Mr. Deep attacks for 19
Ebubedike has blocked 43.0 damage
Ebubedike attacks for 26
Mr. Deep has blocked 46.0 damage
Mr. Deep attacks for 10
Ebubedike has blocked 41.5 damage
Ebubedike attacks for 27
Mr. Deep has blocked 37.0 damage
Mr. Deep attacks for 17
Ebubedike has blocked 41.5 damage
Ebubedike attacks for 22
Mr. Deep has blocked 41.5 damage
Mr. Deep attacks for 10
Ebubedike has blocked 44.5 damage
Ebubedike attacks for 26
Mr. Deep has blocked 46.0 damage
Mr. Deep attacks for 13
Ebubedike has blocked 40.0 damage
Ebubedike attacks for 27
Mr. Deep has blocked 40.0 damage
Mr. Deep has used his spcieal move and attacks for 51
Ebubedike has blocked 40.0 damage
Ebubedike has taken 11.0. He has 7.0 health left.
Ebubedike attacks for 23
Mr. Deep has blocked 44.5 damage
Mr. Deep attacks for 17
Ebubedike has blocked 43.0 damage
Ebubedike attacks for 26
Mr. Deep has blocked 40.0 damage
Mr. Deep attacks for 19
Ebubedike has blocked 40.0 damage
Ebubedike attacks for 23
Mr. Deep has blocked 37.5 damage
Mr. Deep attacks for 11
Ebubedike has blocked 40.5 damage
Ebubedike attacks for 26
Mr. Deep has blocked 42.5 damage
Mr. Deep attacks for 13
Ebubedike has blocked 44.0 damage
Ebubedike attacks for 25
Mr. Deep has blocked 43.0 damage
Mr. Deep attacks for 16
Ebubedike has blocked 34.0 damage
Ebubedike attacks for 27
Mr. Deep has blocked 33.0 damage
Mr. Deep attacks for 19
Ebubedike has blocked 33.0 damage
Ebubedike attacks for 26
Mr. Deep has blocked 38.0 damage
Mr. Deep has used his spcieal move and attacks for 42
Ebubedike has blocked 35.0 damage
Ebubedike has taken 7.0. He has 0 health left.
*** The battle has ended ***
** The winner is Mr. Deep **
****************************
------- A NEW BATTLE BEGINS ------
--- Hans vs. The Terminator ---
Hans: Power: 13 - Wrestle: 42 - Stamina: 25 - Appeal: 16 - Speed: 16
Hans has a damage multiplier of 1 and a defense buff of 1.5
The Terminator: Power: 51 - Wrestle: 9 - Stamina: 4 - Appeal: 9 - Speed: 9
The Terminator has a damage multiplier of 1 and a defense buff of 1
----------------------------------
Hans attacks first
Hans attacks for 15
The Terminator has blocked 14 damage
The Terminator has taken 1. He has 3 health left.
The Terminator attacks for 53
Hans has blocked 46.5 damage
Hans has taken 6.5. He has 18.5 health left.
Hans attacks for 17
The Terminator has blocked 12 damage
The Terminator has taken 5. He has 0 health left.
*** The battle has ended ***
** The winner is Hans **
****************************
------- A NEW BATTLE BEGINS ------
--- Sebastian vs. Mr. Deep ---
Sebastian: Power: 15 - Wrestle: 37 - Stamina: 27 - Appeal: 17 - Speed: 17
Sebastian has a damage multiplier of 1 and a defense buff of 1
Mr. Deep: Power: 10 - Wrestle: 37 - Stamina: 14 - Appeal: 16 - Speed: 16
Mr. Deep has a damage multiplier of 1 and a defense buff of 1
----------------------------------
Sebastian attacks first
Sebastian attacks for 19
Mr. Deep has blocked 38 damage
Mr. Deep attacks for 16
Sebastian has blocked 41 damage
Sebastian attacks for 19
Mr. Deep has blocked 40 damage
Mr. Deep attacks for 10
Sebastian has blocked 37 damage
Sebastian attacks for 18
Mr. Deep has blocked 40 damage
Mr. Deep attacks for 14
Sebastian has blocked 41 damage
Sebastian attacks for 20
Mr. Deep has blocked 41 damage
Mr. Deep attacks for 13
Sebastian has blocked 43 damage
Sebastian attacks for 20
Mr. Deep has blocked 38 damage
Mr. Deep attacks for 11
Sebastian has blocked 42 damage
Sebastian has used his special move and attacks for 43
Mr. Deep has blocked 38 damage
Mr. Deep has taken 5. He has 9 health left.
Mr. Deep attacks for 16
Sebastian has blocked 41 damage
Sebastian attacks for 20
Mr. Deep has blocked 40 damage
Mr. Deep has used his special move and attacks for 52
Sebastian has blocked 42 damage
Sebastian has taken 10. He has 17 health left.
Sebastian attacks for 18
Mr. Deep has blocked 40 damage
Mr. Deep attacks for 16
Sebastian has blocked 43 damage
Sebastian attacks for 16
Mr. Deep has blocked 37 damage
Mr. Deep attacks for 12
Sebastian has blocked 40 damage
Sebastian attacks for 16
Mr. Deep has blocked 36 damage
Mr. Deep attacks for 11
Sebastian has blocked 42 damage
Sebastian attacks for 17
Mr. Deep has blocked 35 damage
Mr. Deep attacks for 13
Sebastian has blocked 37 damage
Sebastian has used his special move and attacks for 32
Mr. Deep has blocked 36 damage
Mr. Deep attacks for 11
Sebastian has blocked 36 damage
Sebastian attacks for 15
Mr. Deep has blocked 39 damage
Mr. Deep attacks for 10
Sebastian has blocked 37 damage
Sebastian attacks for 16
Mr. Deep has blocked 34 damage
Mr. Deep has used his special move and attacks for 47
Sebastian has blocked 38 damage
Sebastian has taken 9. He has 8 health left.
Sebastian attacks for 16
Mr. Deep has blocked 35 damage
Mr. Deep attacks for 16
Sebastian has blocked 36 damage
Sebastian attacks for 21
Mr. Deep has blocked 30 damage
Mr. Deep attacks for 15
Sebastian has blocked 31 damage
Sebastian attacks for 16
Mr. Deep has blocked 30 damage
Mr. Deep attacks for 12
Sebastian has blocked 33 damage
Sebastian has used his special move and attacks for 23
Mr. Deep has blocked 28 damage
Mr. Deep attacks for 14
Sebastian has blocked 28 damage
Sebastian attacks for 17
Mr. Deep has blocked 33 damage
Mr. Deep attacks for 14
Sebastian has blocked 29 damage
Sebastian attacks for 21
Mr. Deep has blocked 32 damage
Mr. Deep attacks for 11
Sebastian has blocked 30 damage
Sebastian attacks for 16
Mr. Deep has blocked 25 damage
Mr. Deep has used his special move and attacks for 38
Sebastian has blocked 29 damage
Sebastian has taken 9. He has 0 health left.
*** The battle has ended ***
** The winner is Mr. Deep **
****************************
------- A NEW BATTLE BEGINS ------
--- Hans vs. Tiny Rick ---
Hans: Power: 13 - Wrestle: 42 - Stamina: 25 - Appeal: 16 - Speed: 16
Hans has a damage multiplier of 1 and a defense buff of 1
Tiny Rick: Power: 23 - Wrestle: 26 - Stamina: 30 - Appeal: 20 - Speed: 20
Tiny Rick has a damage multiplier of 1 and a defense buff of 1
----------------------------------
Hans attacks first
Hans attacks for 15
Tiny Rick has blocked 27 damage
Tiny Rick attacks for 26
Hans has blocked 44 damage
Hans attacks for 13
Tiny Rick has blocked 29 damage
Tiny Rick attacks for 25
Hans has blocked 45 damage
Hans attacks for 18
Tiny Rick has blocked 30 damage
Tiny Rick attacks for 26
Hans has blocked 46 damage
Hans attacks for 15
Tiny Rick has blocked 27 damage
Tiny Rick attacks for 26
Hans has blocked 43 damage
Hans attacks for 13
Tiny Rick has blocked 32 damage
Tiny Rick attacks for 29
Hans has blocked 44 damage
Hans attacks for 14
Tiny Rick has blocked 32 damage
Tiny Rick has used his special move and attacks for 40
Hans has blocked 46 damage
Hans has used his special move and attacks for 28
Tiny Rick has blocked 29 damage
Tiny Rick attacks for 28
Hans has blocked 48 damage
Hans attacks for 14
Tiny Rick has blocked 28 damage
Tiny Rick attacks for 29
Hans has blocked 47 damage
Hans attacks for 15
Tiny Rick has blocked 28 damage
Tiny Rick attacks for 25
Hans has blocked 43 damage
Hans attacks for 18
Tiny Rick has blocked 27 damage
Tiny Rick attacks for 26
Hans has blocked 46 damage
Hans attacks for 19
Tiny Rick has blocked 30 damage
Tiny Rick attacks for 26
Hans has blocked 43 damage
Hans attacks for 17
Tiny Rick has blocked 23 damage
Tiny Rick has used his special move and attacks for 35
Hans has blocked 40 damage
Hans attacks for 14
Tiny Rick has blocked 28 damage
Tiny Rick attacks for 25
Hans has blocked 44 damage
Hans has used his special move and attacks for 32
Tiny Rick has blocked 24 damage
Tiny Rick has taken 8. He has 22 health left.
Tiny Rick attacks for 28
Hans has blocked 43 damage
Hans attacks for 13
Tiny Rick has blocked 22 damage
Tiny Rick attacks for 27
Hans has blocked 42 damage
Hans attacks for 13
Tiny Rick has blocked 20 damage
Tiny Rick attacks for 28
Hans has blocked 37 damage
Hans attacks for 19
Tiny Rick has blocked 22 damage
Tiny Rick attacks for 23
Hans has blocked 37 damage
Hans attacks for 15
Tiny Rick has blocked 21 damage
Tiny Rick has used his special move and attacks for 35
Hans has blocked 37 damage
Hans attacks for 14
Tiny Rick has blocked 18 damage
Tiny Rick attacks for 25
Hans has blocked 34 damage
Hans attacks for 13
Tiny Rick has blocked 17 damage
Tiny Rick attacks for 28
Hans has blocked 35 damage
Hans has used his special move and attacks for 31
Tiny Rick has blocked 18 damage
Tiny Rick has taken 13. He has 9 health left.
Tiny Rick attacks for 23
Hans has blocked 31 damage
Hans attacks for 14
Tiny Rick has blocked 13 damage
Tiny Rick has taken 1. He has 8 health left.
Tiny Rick attacks for 26
Hans has blocked 30 damage
Hans attacks for 19
Tiny Rick has blocked 15 damage
Tiny Rick has taken 4. He has 4 health left.
Tiny Rick attacks for 23
Hans has blocked 30 damage
Hans attacks for 18
Tiny Rick has blocked 12 damage
Tiny Rick has taken 6. He has 0 health left.
*** The battle has ended ***
** The winner is Hans **
****************************
------- A NEW BATTLE BEGINS ------
--- Mr. Deep vs. Green Ghost ---
Mr. Deep: Power: 10 - Wrestle: 37 - Stamina: 14 - Appeal: 16 - Speed: 16
Mr. Deep has a damage multiplier of 1 and a defense buff of 1
Green Ghost: Power: 37 - Wrestle: 11 - Stamina: 36 - Appeal: 7 - Speed: 7
Green Ghost has a damage multiplier of 1 and a defense buff of 1
----------------------------------
Green Ghost attacks first
Green Ghost attacks for 43
Mr. Deep has blocked 42 damage
Mr. Deep has taken 1. He has 13 health left.
Mr. Deep attacks for 11
Green Ghost has blocked 11 damage
Green Ghost attacks for 43
Mr. Deep has blocked 43 damage
Mr. Deep attacks for 11
Green Ghost has blocked 16 damage
Green Ghost attacks for 43
Mr. Deep has blocked 39 damage
Mr. Deep has taken 4. He has 9 health left.
Mr. Deep attacks for 12
Green Ghost has blocked 16 damage
Green Ghost attacks for 42
Mr. Deep has blocked 43 damage
Mr. Deep attacks for 12
Green Ghost has blocked 17 damage
Green Ghost attacks for 42
Mr. Deep has blocked 41 damage
Mr. Deep has taken 1. He has 8 health left.
Mr. Deep attacks for 16
Green Ghost has blocked 17 damage
Green Ghost attacks for 39
Mr. Deep has blocked 38 damage
Mr. Deep has taken 1. He has 7 health left.
Mr. Deep attacks for 13
Green Ghost has blocked 17 damage
Green Ghost attacks for 39
Mr. Deep has blocked 37 damage
Mr. Deep has taken 2. He has 5 health left.
Mr. Deep has used his spcieal move and attacks for 48
Green Ghost has blocked 16 damage
Green Ghost has taken 32. He has 4 health left.
Green Ghost attacks for 39
Mr. Deep has blocked 41 damage
Mr. Deep attacks for 15
Green Ghost has blocked 17 damage
Green Ghost attacks for 40
Mr. Deep has blocked 43 damage
Mr. Deep attacks for 12
Green Ghost has blocked 11 damage
Green Ghost has taken 1. He has 3 health left.
Green Ghost attacks for 39
Mr. Deep has blocked 42 damage
Mr. Deep attacks for 14
Green Ghost has blocked 16 damage
Green Ghost attacks for 40
Mr. Deep has blocked 36 damage
Mr. Deep has taken 4. He has 1 health left.
Mr. Deep attacks for 12
Green Ghost has blocked 10 damage
Green Ghost has taken 2. He has 1 health left.
Green Ghost attacks for 37
Mr. Deep has blocked 35 damage
Mr. Deep has taken 2. He has 0 health left.
*** The battle has ended ***
** The winner is Green Ghost **
****************************
The battles have been fought and 2 Kani remain undefeated
The number of offspring is 5.
========================================================
2% chance of mutation, total needs to be 98 or higher: Total - 34 - Roll: 34 - Mod: 0
2% chance of mutation, total needs to be 98 or higher: Total - 79 - Roll: 79 - Mod: 0
Kani 2 is a colourful Kani, highlights are 62.
2% chance of mutation, total needs to be 98 or higher: Total - 77 - Roll: 77 - Mod: 0
2% chance of mutation, total needs to be 98 or higher: Total - 88 - Roll: 88 - Mod: 0
2% chance of mutation, total needs to be 98 or higher: Total - 82 - Roll: 82 - Mod: 0
Queen of the South(394243491) and Green Ghost(561815497) are the parents of 5 new Kani.
Number of Offspring: 5, Mother Appeal: 8 Father Appeal: 9 - Green Ghost has a 80% chance to win a Kani. Need a roll greater than 20 Roll:90
Green Ghost has rolled a 90 and won a new Kani, Kani number 1. Congratualtions.
The number of offspring is 5.
========================================================
2% chance of mutation, total needs to be 98 or higher: Total - 34 - Roll: 34 - Mod: 0
2% chance of mutation, total needs to be 98 or higher: Total - 58 - Roll: 58 - Mod: 0
2% chance of mutation, total needs to be 98 or higher: Total - 47 - Roll: 47 - Mod: 0
2% chance of mutation, total needs to be 98 or higher: Total - 58 - Roll: 58 - Mod: 0
2% chance of mutation, total needs to be 98 or higher: Total - 48 - Roll: 48 - Mod: 0
Queen of the West(394250676) and Hans(548561159) are the parents of 5 new Kani.
Number of Offspring: 5, Mother Appeal: 11 Father Appeal: 13 - Hans has a 80% chance to win a Kani. Need a roll greater than 20 Roll:77
Hans has rolled a 77 and won a new Kani, Kani number 7. Congratualtions.
**The Kani Generating Event has ended**
10 new Kani have been created.
New Kani 1, Power:9, Wrestle: 13, Stamina: 13, Appeal: 5, Speed: 13, Mutation: False
New Kani 2, Power:13, Wrestle: 8, Stamina: 14, Appeal: 5, Speed: 14, Mutation: False
New Kani 3, Power:8, Wrestle: 10, Stamina: 9, Appeal: 13, Speed: 17, Mutation: False
New Kani 4, Power:12, Wrestle: 9, Stamina: 6, Appeal: 13, Speed: 14, Mutation: False
New Kani 5, Power:10, Wrestle: 6, Stamina: 10, Appeal: 14, Speed: 19, Mutation: False
New Kani 6, Power:6, Wrestle: 15, Stamina: 8, Appeal: 11, Speed: 14, Mutation: False
New Kani 7, Power:8, Wrestle: 13, Stamina: 7, Appeal: 12, Speed: 14, Mutation: False
New Kani 8, Power:5, Wrestle: 13, Stamina: 13, Appeal: 9, Speed: 17, Mutation: False
New Kani 9, Power:13, Wrestle: 11, Stamina: 11, Appeal: 5, Speed: 11, Mutation: False
New Kani 10, Power:7, Wrestle: 9, Stamina: 11, Appeal: 13, Speed: 19, Mutation: False
