28 Kani have been released into the battlefield.
The Queen Kani for this KGE are Kani 001 & Kani 004
------- A NEW BATTLE BEGINS ------
--- Kani 012 vs. Kraberuncheon ---
----------------------------------
In this battle Kani 012 has a damage multiplier of 1 and a defense buff of 1
While Kraberuncheon has a damage multiplier of 1 and a defense buff of 1
 Kani 012 attacks first
Kani 012 has attacks for 9
Kraberuncheon has blocked 14 damage
Kani 012 has attacks for 10
Kraberuncheon has blocked 18 damage
Kani 012 has attacks for 12
Kraberuncheon has blocked 14 damage
Kani 012 has attacks for 12
Kraberuncheon has blocked 18 damage
Kani 012 has used his spcieal move and attacks for 17
Kraberuncheon has blocked 14 damage
Kraberuncheon has taken 3. He has 8 health left.
Kani 012 has attacks for 10
Kraberuncheon has blocked 15 damage
Kani 012 has taken 9. He has 3 health left.
Kani 012 has attacks for 13
Kraberuncheon has blocked 18 damage
Kani 012 has attacks for 13
Kraberuncheon has blocked 15 damage
Kani 012 has taken 1. He has 2 health left.
Kani 012 has attacks for 7
Kraberuncheon has blocked 18 damage
Kani 012 has used his spcieal move and attacks for 14
Kraberuncheon has blocked 16 damage
Kani 012 has attacks for 11
Kraberuncheon has blocked 12 damage
Kani 012 has attacks for 13
Kraberuncheon has blocked 14 damage
Kani 012 has taken 6. He has 0 health left.
*** The battle has ended ***
** The winner is Kraberuncheon **
****************************
------- A NEW BATTLE BEGINS ------
--- Decipher These Claws vs. The Terminator ---
----------------------------------
In this battle Decipher These Claws has a damage multiplier of 1.5 and a defense buff of 1
While The Terminator has a damage multiplier of 1 and a defense buff of 1
The Terminator attacks first
The Terminator has attacks for 29
Decipher These Claws has blocked 17 damage
Decipher These Claws has taken 12. He has 0 health left.
*** The battle has ended ***
** The winner is The Terminator **
****************************
------- A NEW BATTLE BEGINS ------
--- Kani 006 vs. Kani 011 ---
----------------------------------
In this battle Kani 006 has a damage multiplier of 1.5 and a defense buff of 1
While Kani 011 has a damage multiplier of 1 and a defense buff of 1
Kani 011 attacks first
Kani 011 has attacks for 14
Kani 006 has blocked 6 damage
Kani 006 has taken 8. He has 7 health left.
Kani 006 has attacks for 14
Kani 011 has blocked 12 damage
Kani 011 has taken 2. He has 0 health left.
Kani 011 has attacks for 12
Kani 006 has blocked 5 damage
Kani 006 has taken 7. He has 0 health left.
*** The battle has ended ***
** The winner is Kani 011 **
****************************
------- A NEW BATTLE BEGINS ------
--- Number 10 vs. Kani 022 ---
----------------------------------
In this battle Number 10 has a damage multiplier of 1 and a defense buff of 1
While Kani 022 has a damage multiplier of 1 and a defense buff of 1.5
 Number 10 attacks first
Number 10 has attacks for 12
Kani 022 has blocked 12.0 damage
Number 10 has taken 2. He has 10 health left.
Number 10 has attacks for 8
Kani 022 has blocked 16.5 damage
Number 10 has taken 6. He has 4 health left.
Number 10 has attacks for 8
Kani 022 has blocked 9.0 damage
Number 10 has taken 1. He has 3 health left.
Number 10 has attacks for 12
Kani 022 has blocked 12.0 damage
Number 10 has taken 5. He has 0 health left.
*** The battle has ended ***
** The winner is Kani 022 **
****************************
------- A NEW BATTLE BEGINS ------
--- Kani 031 vs. Snappy ---
----------------------------------
In this battle Kani 031 has a damage multiplier of 1 and a defense buff of 1.5
While Snappy has a damage multiplier of 1 and a defense buff of 1
 Kani 031 attacks first
Kani 031 has attacks for 11
Snappy has blocked 11 damage
Kani 031 has taken 8.5. He has 5.5 health left.
Kani 031 has attacks for 9
Snappy has blocked 14 damage
Kani 031 has taken 1.5. He has 4.0 health left.
Kani 031 has attacks for 14
Snappy has blocked 14 damage
Kani 031 has taken 6.0. He has 0 health left.
*** The battle has ended ***
** The winner is Snappy **
****************************
------- A NEW BATTLE BEGINS ------
--- Kani 032 vs. Kani 030 ---
----------------------------------
In this battle Kani 032 has a damage multiplier of 1 and a defense buff of 1
While Kani 030 has a damage multiplier of 1 and a defense buff of 1
Kani 030 attacks first
Kani 030 has attacks for 8
Kani 032 has blocked 13 damage
Kani 032 has attacks for 14
Kani 030 has blocked 10 damage
Kani 030 has taken 4. He has 0 health left.
Kani 030 has attacks for 11
Kani 032 has blocked 12 damage
Kani 032 has attacks for 19
Kani 030 has blocked 12 damage
Kani 030 has taken 7. He has 0 health left.
*** The battle has ended ***
** The winner is Kani 032 **
****************************
------- A NEW BATTLE BEGINS ------
--- Kani 029 vs. Green Machine ---
----------------------------------
In this battle Kani 029 has a damage multiplier of 1.5 and a defense buff of 1
While Green Machine has a damage multiplier of 1.5 and a defense buff of 1
 Kani 029 attacks first
Kani 029 has attacks for 16
Green Machine has blocked 14 damage
Green Machine has taken 2. He has 6 health left.
Kani 029 has taken 5. He has 4 health left.
Kani 029 has attacks for 13
Green Machine has blocked 15 damage
Kani 029 has taken 3. He has 1 health left.
Kani 029 has attacks for 16
Green Machine has blocked 20 damage
Kani 029 has taken 5. He has 0 health left.
*** The battle has ended ***
** The winner is Green Machine **
****************************
------- A NEW BATTLE BEGINS ------
--- Kani 032 vs. Mr. Deep ---
----------------------------------
In this battle Kani 032 has a damage multiplier of 1.5 and a defense buff of 1
While Mr. Deep has a damage multiplier of 1 and a defense buff of 1
 Kani 032 attacks first
Kani 032 has attacks for 14
Mr. Deep has blocked 22 damage
Kani 032 has taken 8. He has 0 health left.
*** The battle has ended ***
** The winner is Mr. Deep **
****************************
------- A NEW BATTLE BEGINS ------
--- Pinky vs. Kani 013 ---
----------------------------------
In this battle Pinky has a damage multiplier of 1 and a defense buff of 1.5
While Kani 013 has a damage multiplier of 1 and a defense buff of 1
 Pinky attacks first
Pinky has attacks for 14
Kani 013 has blocked 21 damage
Pinky has taken 8.5. He has 0 health left.
*** The battle has ended ***
** The winner is Kani 013 **
****************************
------- A NEW BATTLE BEGINS ------
--- Kani 025 vs. Snappy ---
----------------------------------
In this battle Kani 025 has a damage multiplier of 1.5 and a defense buff of 1
While Snappy has a damage multiplier of 1 and a defense buff of 1
 Kani 025 attacks first
Kani 025 has attacks for 15
Snappy has blocked 12 damage
Snappy has taken 3. He has 6 health left.
Kani 025 has taken 14. He has 0 health left.
*** The battle has ended ***
** The winner is Snappy **
****************************
------- A NEW BATTLE BEGINS ------
--- Kani 027 vs. Kani 005 ---
----------------------------------
In this battle Kani 027 has a damage multiplier of 1 and a defense buff of 1
While Kani 005 has a damage multiplier of 1 and a defense buff of 1
 Kani 027 attacks first
Kani 027 has attacks for 8
Kani 005 has blocked 9 damage
Kani 027 has attacks for 11
Kani 005 has blocked 9 damage
Kani 005 has taken 2. He has 11 health left.
Kani 027 has attacks for 8
Kani 005 has blocked 9 damage
Kani 027 has taken 1. He has 7 health left.
Kani 027 has attacks for 8
Kani 005 has blocked 12 damage
Kani 027 has attacks for 12
Kani 005 has blocked 13 damage
Kani 027 has taken 1. He has 6 health left.
Kani 027 has attacks for 7
Kani 005 has blocked 13 damage
Kani 027 has taken 7. He has 0 health left.
*** The battle has ended ***
** The winner is Kani 005 **
****************************
------- A NEW BATTLE BEGINS ------
--- Kani 011 vs. The Terminator ---
----------------------------------
In this battle Kani 011 has a damage multiplier of 1 and a defense buff of 1
While The Terminator has a damage multiplier of 1 and a defense buff of 1
 Kani 011 attacks first
Kani 011 has attacks for 8
The Terminator has blocked 35 damage
Kani 011 has taken 13. He has 0 health left.
*** The battle has ended ***
** The winner is The Terminator **
****************************
------- A NEW BATTLE BEGINS ------
--- Kani 019 vs. Kani 005 ---
----------------------------------
In this battle Kani 019 has a damage multiplier of 1.5 and a defense buff of 1.5
While Kani 005 has a damage multiplier of 1 and a defense buff of 1.5
 Kani 019 attacks first
Kani 019 has attacks for 21
Kani 005 has blocked 7.0 damage
Kani 005 has taken 14.0. He has 0 health left.
*** The battle has ended ***
** The winner is Kani 019 **
****************************
------- A NEW BATTLE BEGINS ------
--- Kani 022 vs. Kraberuncheon ---
----------------------------------
In this battle Kani 022 has a damage multiplier of 1 and a defense buff of 1
While Kraberuncheon has a damage multiplier of 1 and a defense buff of 1
Kraberuncheon attacks first
Kraberuncheon has attacks for 8
Kani 022 has blocked 14 damage
Kani 022 has attacks for 21
Kraberuncheon has blocked 16 damage
Kraberuncheon has taken 5. He has 0 health left.
Kraberuncheon has attacks for 7
Kani 022 has blocked 14 damage
Kani 022 has attacks for 18
Kraberuncheon has blocked 17 damage
Kraberuncheon has taken 1. He has 0 health left.
Kraberuncheon has attacks for 7
Kani 022 has blocked 15 damage
Kani 022 has attacks for 17
Kraberuncheon has blocked 18 damage
Kraberuncheon has attacks for 11
Kani 022 has blocked 12 damage
Kani 022 has attacks for 16
Kraberuncheon has blocked 17 damage
Kraberuncheon has attacks for 6
Kani 022 has blocked 11 damage
Kani 022 has attacks for 20
Kraberuncheon has blocked 16 damage
Kraberuncheon has taken 4. He has 0 health left.
Kraberuncheon has used his spcieal move and attacks for 11
Kani 022 has blocked 14 damage
Kani 022 has attacks for 15
Kraberuncheon has blocked 13 damage
Kraberuncheon has taken 2. He has 0 health left.
*** The battle has ended ***
** The winner is Kani 022 **
****************************
------- A NEW BATTLE BEGINS ------
--- Green Machine vs. Kani 019 ---
----------------------------------
In this battle Green Machine has a damage multiplier of 1 and a defense buff of 1
While Kani 019 has a damage multiplier of 1 and a defense buff of 1
 Green Machine attacks first
Green Machine has attacks for 14
Kani 019 has blocked 13 damage
Kani 019 has taken 1. He has 5 health left.
Green Machine has attacks for 17
Kani 019 has blocked 9 damage
Kani 019 has taken 8. He has 0 health left.
*** The battle has ended ***
** The winner is Green Machine **
****************************
------- A NEW BATTLE BEGINS ------
--- Kani 023 vs. The Terminator ---
----------------------------------
In this battle Kani 023 has a damage multiplier of 1 and a defense buff of 1
While The Terminator has a damage multiplier of 1 and a defense buff of 1.5
The Terminator attacks first
The Terminator has attacks for 30
Kani 023 has blocked 15 damage
Kani 023 has taken 15. He has 0 health left.
*** The battle has ended ***
** The winner is The Terminator **
****************************
------- A NEW BATTLE BEGINS ------
--- Kani 026 vs. River ---
----------------------------------
In this battle Kani 026 has a damage multiplier of 1.5 and a defense buff of 1
While River has a damage multiplier of 1 and a defense buff of 1
River attacks first
River has attacks for 26
Kani 026 has blocked 19 damage
Kani 026 has taken 7. He has 3 health left.
Kani 026 has attacks for 15
River has blocked 39 damage
River has attacks for 22
Kani 026 has blocked 20 damage
Kani 026 has taken 2. He has 1 health left.
Kani 026 has attacks for 18
River has blocked 39 damage
River has attacks for 22
Kani 026 has blocked 19 damage
Kani 026 has taken 3. He has 0 health left.
*** The battle has ended ***
** The winner is River **
****************************
------- A NEW BATTLE BEGINS ------
--- Kani 008 vs. Kani 017 ---
----------------------------------
In this battle Kani 008 has a damage multiplier of 1 and a defense buff of 1
While Kani 017 has a damage multiplier of 1 and a defense buff of 1
 Kani 008 attacks first
Kani 008 has attacks for 9
Kani 017 has blocked 18 damage
Kani 008 has taken 1. He has 10 health left.
Kani 008 has attacks for 8
Kani 017 has blocked 18 damage
Kani 008 has taken 4. He has 6 health left.
Kani 008 has attacks for 12
Kani 017 has blocked 17 damage
Kani 008 has taken 4. He has 2 health left.
Kani 008 has attacks for 7
Kani 017 has blocked 18 damage
Kani 008 has taken 3. He has 0 health left.
*** The battle has ended ***
** The winner is Kani 017 **
****************************
------- A NEW BATTLE BEGINS ------
--- The Terminator vs. Kani 017 ---
----------------------------------
In this battle The Terminator has a damage multiplier of 1 and a defense buff of 1
While Kani 017 has a damage multiplier of 1 and a defense buff of 1
 The Terminator attacks first
The Terminator has attacks for 31
Kani 017 has blocked 18 damage
Kani 017 has taken 13. He has 0 health left.
*** The battle has ended ***
** The winner is The Terminator **
****************************
------- A NEW BATTLE BEGINS ------
--- Kani 013 vs. River ---
----------------------------------
In this battle Kani 013 has a damage multiplier of 1 and a defense buff of 1
While River has a damage multiplier of 1.5 and a defense buff of 1
 Kani 013 attacks first
Kani 013 has attacks for 29
River has blocked 39 damage
Kani 013 has taken 2. He has 13 health left.
Kani 013 has attacks for 29
River has blocked 40 damage
Kani 013 has attacks for 24
River has blocked 37 damage
Kani 013 has taken 5. He has 8 health left.
Kani 013 has attacks for 27
River has blocked 39 damage
Kani 013 has attacks for 26
River has blocked 35 damage
Kani 013 has attacks for 23
River has blocked 40 damage
Kani 013 has attacks for 24
River has blocked 34 damage
Kani 013 has taken 5. He has 3 health left.
Kani 013 has attacks for 28
River has blocked 39 damage
Kani 013 has taken 21. He has 0 health left.
*** The battle has ended ***
** The winner is River **
****************************
------- A NEW BATTLE BEGINS ------
--- Green Machine vs. Kani 022 ---
----------------------------------
In this battle Green Machine has a damage multiplier of 1.5 and a defense buff of 1
While Kani 022 has a damage multiplier of 1 and a defense buff of 1
 Green Machine attacks first
Green Machine has attacks for 15
Kani 022 has blocked 14 damage
Kani 022 has taken 1. He has 9 health left.
Green Machine has attacks for 19
Kani 022 has blocked 14 damage
Kani 022 has taken 5. He has 4 health left.
Green Machine has attacks for 18
Kani 022 has blocked 15 damage
Kani 022 has taken 3. He has 1 health left.
Green Machine has attacks for 21
Kani 022 has blocked 12 damage
Kani 022 has taken 9. He has 0 health left.
*** The battle has ended ***
** The winner is Green Machine **
****************************
------- A NEW BATTLE BEGINS ------
--- River vs. Snappy ---
----------------------------------
In this battle River has a damage multiplier of 1 and a defense buff of 1
While Snappy has a damage multiplier of 1 and a defense buff of 1
Snappy attacks first
Snappy has attacks for 17
River has blocked 34 damage
River has attacks for 20
Snappy has blocked 11 damage
Snappy has taken 9. He has 0 health left.
*** The battle has ended ***
** The winner is River **
****************************
------- A NEW BATTLE BEGINS ------
--- Green Machine vs. Kani 021 ---
----------------------------------
In this battle Green Machine has a damage multiplier of 1 and a defense buff of 1
While Kani 021 has a damage multiplier of 1 and a defense buff of 1
 Green Machine attacks first
Green Machine has attacks for 14
Kani 021 has blocked 16 damage
Green Machine has attacks for 18
Kani 021 has blocked 15 damage
Kani 021 has taken 3. He has 5 health left.
Green Machine has attacks for 17
Kani 021 has blocked 18 damage
Green Machine has attacks for 15
Kani 021 has blocked 21 damage
Green Machine has attacks for 12
Kani 021 has blocked 20 damage
Green Machine has attacks for 13
Kani 021 has blocked 20 damage
Green Machine has attacks for 15
Kani 021 has blocked 20 damage
Green Machine has attacks for 14
Kani 021 has blocked 19 damage
Green Machine has taken 3. He has 5 health left.
Green Machine has attacks for 14
Kani 021 has blocked 17 damage
Green Machine has attacks for 17
Kani 021 has blocked 16 damage
Kani 021 has taken 1. He has 4 health left.
Green Machine has attacks for 12
Kani 021 has blocked 20 damage
Green Machine has used his spcieal move and attacks for 17
Kani 021 has blocked 19 damage
Green Machine has attacks for 14
Kani 021 has blocked 15 damage
Green Machine has attacks for 16
Kani 021 has blocked 19 damage
Green Machine has attacks for 12
Kani 021 has blocked 20 damage
Green Machine has attacks for 14
Kani 021 has blocked 20 damage
Green Machine has attacks for 15
Kani 021 has blocked 20 damage
Green Machine has attacks for 12
Kani 021 has blocked 16 damage
Green Machine has attacks for 17
Kani 021 has blocked 21 damage
Green Machine has attacks for 12
Kani 021 has blocked 18 damage
Green Machine has attacks for 12
Kani 021 has blocked 21 damage
Green Machine has attacks for 16
Kani 021 has blocked 16 damage
Green Machine has attacks for 15
Kani 021 has blocked 21 damage
Green Machine has used his spcieal move and attacks for 22
Kani 021 has blocked 18 damage
Kani 021 has taken 4. He has 0 health left.
*** The battle has ended ***
** The winner is Green Machine **
****************************
------- A NEW BATTLE BEGINS ------
--- Mr. Deep vs. River ---
----------------------------------
In this battle Mr. Deep has a damage multiplier of 1 and a defense buff of 1
While River has a damage multiplier of 1.5 and a defense buff of 1
River attacks first
River has attacks for 24
Mr. Deep has blocked 17 damage
Mr. Deep has taken 7. He has 8 health left.
Mr. Deep has attacks for 23
River has blocked 37 damage
River has attacks for 26
Mr. Deep has blocked 17 damage
Mr. Deep has taken 9. He has 0 health left.
*** The battle has ended ***
** The winner is River **
****************************
------- A NEW BATTLE BEGINS ------
--- The Terminator vs. James Bond ---
----------------------------------
In this battle The Terminator has a damage multiplier of 1 and a defense buff of 1.5
While James Bond has a damage multiplier of 1 and a defense buff of 1
James Bond attacks first
James Bond has attacks for 14
The Terminator has blocked 30.5 damage
The Terminator has attacks for 29
James Bond has blocked 18 damage
James Bond has taken 11. He has 0 health left.
*** The battle has ended ***
** The winner is The Terminator **
****************************
------- A NEW BATTLE BEGINS ------
--- Green Machine vs. River ---
----------------------------------
In this battle Green Machine has a damage multiplier of 1 and a defense buff of 1.5
While River has a damage multiplier of 1 and a defense buff of 1
River attacks first
River has attacks for 26
Green Machine has blocked 18.5 damage
Green Machine has taken 7.5. He has 0.5 health left.
Green Machine has attacks for 17
River has blocked 38 damage
River has attacks for 24
Green Machine has blocked 17.0 damage
Green Machine has taken 7.0. He has 0 health left.
*** The battle has ended ***
** The winner is River **
****************************
The battles have been fought and only 2 kani remain undefeated
There has been a mutation to new Kani number 1. Type: Grippy Claw Color: 93
There has been a mutation to new Kani number 2. Type: Weak Claw Color: 90
Kani 001(394248226) and The Terminator(437786871) are the parents of 2 new Kani.
Kani 001 has claimed all the new Kani, Kani number 1. Will be added to the community prize pool.
Kani 004(394251425) and River(403301813) are the parents of 4 new Kani.
Kani 004 has claimed all the new Kani, Kani number 5. Will be added to the community prize pool.
**The Kani Generating Event has ended**
6 new Kani have been created.
New Kani 1, Power:11, Wrestle: 11, Stamina: 5, Appeal: 13, Speed: 13, Mutation: True
New Kani 2, Power:7, Wrestle: 13, Stamina: 13, Appeal: 7, Speed: 15, Mutation: True
New Kani 3, Power:8, Wrestle: 9, Stamina: 9, Appeal: 14, Speed: 18, Mutation: False
New Kani 4, Power:9, Wrestle: 7, Stamina: 13, Appeal: 11, Speed: 19, Mutation: False
New Kani 5, Power:5, Wrestle: 15, Stamina: 8, Appeal: 12, Speed: 15, Mutation: False
New Kani 6, Power:9, Wrestle: 13, Stamina: 11, Appeal: 7, Speed: 13, Mutation: False
