34 Kani have been released into the battlefield.
The Queen Kani for this KGE are Kani 001 & Kani 003
------- A NEW BATTLE BEGINS ------
--- Eugene vs. Kani 033 ---
----------------------------------
In this battle Eugene has a damage multiplier of 1.5 and a defense buff of 1
While Kani 033 has a damage multiplier of 1 and a defense buff of 1
 Eugene attacks first
Eugene attacks for 16
Kani 033 has blocked 12 damage
Kani 033 has taken 4. He has 1 health left.
Kani 033 attacks for 17
Eugene has blocked 11 damage
Eugene has taken 6. He has 7 health left.
Eugene attacks for 19
Kani 033 has blocked 12 damage
Kani 033 has taken 7. He has 0 health left.
*** The battle has ended ***
** The winner is Eugene **
****************************
------- A NEW BATTLE BEGINS ------
--- Kani 023 vs. Kani 017 ---
----------------------------------
In this battle Kani 023 has a damage multiplier of 1 and a defense buff of 1
While Kani 017 has a damage multiplier of 1 and a defense buff of 1.5
Kani 017 attacks first
Kani 017 attacks for 19
Kani 023 has blocked 9 damage
Kani 023 has taken 10. He has 0 health left.
*** The battle has ended ***
** The winner is Kani 017 **
****************************
------- A NEW BATTLE BEGINS ------
--- Mr Puddle vs. Eugene ---
----------------------------------
In this battle Mr Puddle has a damage multiplier of 1.5 and a defense buff of 1
While Eugene has a damage multiplier of 1 and a defense buff of 1
 Mr Puddle attacks first
Mr Puddle attacks for 20
Eugene has blocked 11 damage
Eugene has taken 9. He has 4 health left.
Eugene attacks for 18
Mr Puddle has blocked 15 damage
Mr Puddle has taken 3. He has 2 health left.
Mr Puddle attacks for 18
Eugene has blocked 10 damage
Eugene has taken 8. He has 0 health left.
*** The battle has ended ***
** The winner is Mr Puddle **
****************************
------- A NEW BATTLE BEGINS ------
--- Kraberuncheon vs. Number 10 ---
----------------------------------
In this battle Kraberuncheon has a damage multiplier of 1 and a defense buff of 1.5
While Number 10 has a damage multiplier of 1 and a defense buff of 1
 Kraberuncheon attacks first
Kraberuncheon attacks for 10
Number 10 has blocked 15 damage
Number 10 attacks for 12
Kraberuncheon has blocked 20.0 damage
Kraberuncheon attacks for 9
Number 10 has blocked 13 damage
Number 10 attacks for 8
Kraberuncheon has blocked 15.5 damage
Kraberuncheon attacks for 8
Number 10 has blocked 13 damage
Number 10 attacks for 8
Kraberuncheon has blocked 17.0 damage
Kraberuncheon attacks for 9
Number 10 has blocked 12 damage
Number 10 attacks for 8
Kraberuncheon has blocked 20.0 damage
Kraberuncheon attacks for 10
Number 10 has blocked 14 damage
Number 10 attacks for 12
Kraberuncheon has blocked 11.0 damage
Kraberuncheon has taken 1.0. He has 10.0 health left.
Kraberuncheon has used his spcieal move and attacks for 21.0
Number 10 has blocked 12 damage
Number 10 has taken 9.0. He has 3.0 health left.
Number 10 attacks for 10
Kraberuncheon has blocked 18.5 damage
Kraberuncheon attacks for 7
Number 10 has blocked 13 damage
Number 10 has used his spcieal move and attacks for 16.0
Kraberuncheon has blocked 17.0 damage
Kraberuncheon attacks for 7
Number 10 has blocked 11 damage
Number 10 attacks for 11
Kraberuncheon has blocked 20.0 damage
Kraberuncheon attacks for 11
Number 10 has blocked 13 damage
Number 10 attacks for 10
Kraberuncheon has blocked 15.5 damage
Kraberuncheon attacks for 7
Number 10 has blocked 11 damage
Number 10 attacks for 14
Kraberuncheon has blocked 17.0 damage
Kraberuncheon attacks for 11
Number 10 has blocked 14 damage
Number 10 attacks for 8
Kraberuncheon has blocked 20.0 damage
Kraberuncheon has used his spcieal move and attacks for 19.0
Number 10 has blocked 11 damage
Number 10 has taken 8.0. He has 0 health left.
*** The battle has ended ***
** The winner is Kraberuncheon **
****************************
------- A NEW BATTLE BEGINS ------
--- Kani 031 vs. Kani 022 ---
----------------------------------
In this battle Kani 031 has a damage multiplier of 1 and a defense buff of 1
While Kani 022 has a damage multiplier of 1 and a defense buff of 1
 Kani 031 attacks first
Kani 031 attacks for 13
Kani 022 has blocked 14 damage
Kani 022 attacks for 21
Kani 031 has blocked 13 damage
Kani 031 has taken 8. He has 6 health left.
Kani 031 attacks for 11
Kani 022 has blocked 13 damage
Kani 022 attacks for 20
Kani 031 has blocked 9 damage
Kani 031 has taken 11. He has 0 health left.
*** The battle has ended ***
** The winner is Kani 022 **
****************************
------- A NEW BATTLE BEGINS ------
--- Mr Puddle vs. River ---
----------------------------------
In this battle Mr Puddle has a damage multiplier of 1 and a defense buff of 1.5
While River has a damage multiplier of 1 and a defense buff of 1.5
 Mr Puddle attacks first
Mr Puddle attacks for 19
River has blocked 32.0 damage
River attacks for 27
Mr Puddle has blocked 16.5 damage
Mr Puddle has taken 10.5. He has 0 health left.
*** The battle has ended ***
** The winner is River **
****************************
------- A NEW BATTLE BEGINS ------
--- Kani 013 vs. Kani 021 ---
----------------------------------
In this battle Kani 013 has a damage multiplier of 1.5 and a defense buff of 1
While Kani 021 has a damage multiplier of 1 and a defense buff of 1
Kani 021 attacks first
Kani 021 attacks for 12
Kani 013 has blocked 22 damage
Kani 013 attacks for 23
Kani 021 has blocked 19 damage
Kani 021 has taken 4. He has 0 health left.
Kani 021 attacks for 8
Kani 013 has blocked 26 damage
Kani 013 attacks for 27
Kani 021 has blocked 15 damage
Kani 021 has taken 12. He has 0 health left.
*** The battle has ended ***
** The winner is Kani 013 **
****************************
------- A NEW BATTLE BEGINS ------
--- Kani 008 vs. Kani 026 ---
----------------------------------
In this battle Kani 008 has a damage multiplier of 1 and a defense buff of 1
While Kani 026 has a damage multiplier of 1 and a defense buff of 1
Kani 026 attacks first
Kani 026 attacks for 15
Kani 008 has blocked 11 damage
Kani 008 has taken 4. He has 7 health left.
Kani 008 attacks for 10
Kani 026 has blocked 15 damage
Kani 026 attacks for 12
Kani 008 has blocked 15 damage
Kani 008 attacks for 12
Kani 026 has blocked 19 damage
Kani 026 attacks for 17
Kani 008 has blocked 9 damage
Kani 008 has taken 8. He has 0 health left.
*** The battle has ended ***
** The winner is Kani 026 **
****************************
------- A NEW BATTLE BEGINS ------
--- Kani 012 vs. Kani 019 ---
----------------------------------
In this battle Kani 012 has a damage multiplier of 1 and a defense buff of 1.5
While Kani 019 has a damage multiplier of 1 and a defense buff of 1
Kani 019 attacks first
Kani 019 attacks for 20
Kani 012 has blocked 5.0 damage
Kani 012 has taken 15.0. He has 0 health left.
*** The battle has ended ***
** The winner is Kani 019 **
****************************
------- A NEW BATTLE BEGINS ------
--- Kani 034 vs. Snips ---
----------------------------------
In this battle Kani 034 has a damage multiplier of 1 and a defense buff of 1
While Snips has a damage multiplier of 1 and a defense buff of 1.5
 Kani 034 attacks first
Kani 034 attacks for 10
Snips has blocked 18.0 damage
Snips attacks for 10
Kani 034 has blocked 13 damage
Kani 034 attacks for 8
Snips has blocked 12.0 damage
Snips attacks for 7
Kani 034 has blocked 18 damage
Kani 034 attacks for 8
Snips has blocked 16.5 damage
Snips attacks for 6
Kani 034 has blocked 12 damage
Kani 034 attacks for 9
Snips has blocked 12.0 damage
Snips attacks for 8
Kani 034 has blocked 17 damage
Kani 034 attacks for 11
Snips has blocked 15.0 damage
Snips attacks for 11
Kani 034 has blocked 15 damage
Kani 034 attacks for 7
Snips has blocked 13.5 damage
Snips attacks for 11
Kani 034 has blocked 17 damage
Kani 034 has used his spcieal move and attacks for 20
Snips has blocked 18.0 damage
Snips has taken 2.0. He has 6.0 health left.
Snips has used his spcieal move and attacks for 16.0
Kani 034 has blocked 15 damage
Kani 034 has taken 1.0. He has 12.0 health left.
Kani 034 attacks for 12
Snips has blocked 12.0 damage
Snips attacks for 9
Kani 034 has blocked 14 damage
Kani 034 attacks for 7
Snips has blocked 19.5 damage
Snips attacks for 7
Kani 034 has blocked 15 damage
Kani 034 attacks for 11
Snips has blocked 16.5 damage
Snips attacks for 6
Kani 034 has blocked 15 damage
Kani 034 attacks for 11
Snips has blocked 19.5 damage
Snips attacks for 8
Kani 034 has blocked 12 damage
Kani 034 attacks for 8
Snips has blocked 19.5 damage
Snips attacks for 7
Kani 034 has blocked 16 damage
Kani 034 attacks for 11
Snips has blocked 16.5 damage
Snips attacks for 7
Kani 034 has blocked 13 damage
Kani 034 has used his spcieal move and attacks for 23
Snips has blocked 12.0 damage
Snips has taken 11.0. He has 0 health left.
*** The battle has ended ***
** The winner is Kani 034 **
****************************
------- A NEW BATTLE BEGINS ------
--- James Bond vs. Kani 006 ---
----------------------------------
In this battle James Bond has a damage multiplier of 1 and a defense buff of 1
While Kani 006 has a damage multiplier of 1 and a defense buff of 1.5
Kani 006 attacks first
Kani 006 attacks for 12
James Bond has blocked 19 damage
James Bond attacks for 11
Kani 006 has blocked 11.5 damage
Kani 006 attacks for 13
James Bond has blocked 15 damage
James Bond attacks for 16
Kani 006 has blocked 11.5 damage
Kani 006 has taken 4.5. He has 0 health left.
Kani 006 attacks for 11
James Bond has blocked 15 damage
James Bond attacks for 11
Kani 006 has blocked 7.0 damage
Kani 006 has taken 4.0. He has 0 health left.
Kani 006 attacks for 11
James Bond has blocked 18 damage
James Bond attacks for 12
Kani 006 has blocked 13.0 damage
Kani 006 has used his spcieal move and attacks for 15.5
James Bond has blocked 19 damage
James Bond attacks for 11
Kani 006 has blocked 10.0 damage
Kani 006 has taken 1.0. He has 0 health left.
Kani 006 attacks for 12
James Bond has blocked 18 damage
James Bond attacks for 15
Kani 006 has blocked 4.0 damage
Kani 006 has taken 11.0. He has 0 health left.
*** The battle has ended ***
** The winner is James Bond **
****************************
------- A NEW BATTLE BEGINS ------
--- River vs. Kani 019 ---
----------------------------------
In this battle River has a damage multiplier of 1.5 and a defense buff of 1
While Kani 019 has a damage multiplier of 1 and a defense buff of 1
 River attacks first
River attacks for 26
Kani 019 has blocked 13 damage
Kani 019 has taken 13. He has 0 health left.
*** The battle has ended ***
** The winner is River **
****************************
------- A NEW BATTLE BEGINS ------
--- Kani 034 vs. Kraberuncheon ---
----------------------------------
In this battle Kani 034 has a damage multiplier of 1.5 and a defense buff of 1.5
While Kraberuncheon has a damage multiplier of 1.5 and a defense buff of 1
 Kani 034 attacks first
Kani 034 attacks for 10
Kraberuncheon has blocked 17 damage
Kraberuncheon attacks for 8
Kani 034 has blocked 15.0 damage
Kani 034 attacks for 16
Kraberuncheon has blocked 12 damage
Kraberuncheon has taken 4. He has 7 health left.
Kraberuncheon attacks for 11
Kani 034 has blocked 18.0 damage
Kani 034 attacks for 8
Kraberuncheon has blocked 15 damage
Kraberuncheon attacks for 8
Kani 034 has blocked 13.5 damage
Kani 034 attacks for 16
Kraberuncheon has blocked 12 damage
Kraberuncheon has taken 4. He has 3 health left.
Kraberuncheon attacks for 14
Kani 034 has blocked 13.5 damage
Kani 034 has taken 0.5. He has 12.5 health left.
Kani 034 attacks for 8
Kraberuncheon has blocked 13 damage
Kraberuncheon attacks for 11
Kani 034 has blocked 21.0 damage
Kani 034 attacks for 8
Kraberuncheon has blocked 14 damage
Kraberuncheon has used his spcieal move and attacks for 8
Kani 034 has blocked 16.5 damage
Kani 034 has used his spcieal move and attacks for 19
Kraberuncheon has blocked 16 damage
Kraberuncheon has taken 3. He has 0 health left.
*** The battle has ended ***
** The winner is Kani 034 **
****************************
------- A NEW BATTLE BEGINS ------
--- Kani 035 vs. Kani 029 ---
----------------------------------
In this battle Kani 035 has a damage multiplier of 1 and a defense buff of 1
While Kani 029 has a damage multiplier of 1 and a defense buff of 1
Kani 029 attacks first
Kani 029 attacks for 14
Kani 035 has blocked 8 damage
Kani 035 has taken 6. He has 3 health left.
Kani 035 attacks for 10
Kani 029 has blocked 12 damage
Kani 029 attacks for 12
Kani 035 has blocked 10 damage
Kani 035 has taken 2. He has 1 health left.
Kani 035 attacks for 13
Kani 029 has blocked 13 damage
Kani 029 attacks for 11
Kani 035 has blocked 12 damage
Kani 035 attacks for 11
Kani 029 has blocked 10 damage
Kani 029 has taken 1. He has 0 health left.
Kani 029 attacks for 14
Kani 035 has blocked 12 damage
Kani 035 has taken 2. He has 0 health left.
*** The battle has ended ***
** The winner is Kani 029 **
****************************
------- A NEW BATTLE BEGINS ------
--- Kani 025 vs. Kani 013 ---
----------------------------------
In this battle Kani 025 has a damage multiplier of 1 and a defense buff of 1
While Kani 013 has a damage multiplier of 1 and a defense buff of 1
Kani 013 attacks first
Kani 013 attacks for 26
Kani 025 has blocked 10 damage
Kani 025 has taken 16. He has 0 health left.
*** The battle has ended ***
** The winner is Kani 013 **
****************************
------- A NEW BATTLE BEGINS ------
--- James Bond vs. Kani 030 ---
----------------------------------
In this battle James Bond has a damage multiplier of 1 and a defense buff of 1.5
While Kani 030 has a damage multiplier of 1 and a defense buff of 1
 James Bond attacks first
James Bond attacks for 12
Kani 030 has blocked 7 damage
Kani 030 has taken 5. He has 6 health left.
Kani 030 attacks for 13
James Bond has blocked 18.5 damage
James Bond attacks for 10
Kani 030 has blocked 7 damage
Kani 030 has taken 3. He has 3 health left.
Kani 030 attacks for 13
James Bond has blocked 15.5 damage
James Bond attacks for 15
Kani 030 has blocked 7 damage
Kani 030 has taken 8. He has 0 health left.
*** The battle has ended ***
** The winner is James Bond **
****************************
------- A NEW BATTLE BEGINS ------
--- Kani 037 vs. James Bond ---
----------------------------------
In this battle Kani 037 has a damage multiplier of 1 and a defense buff of 1
While James Bond has a damage multiplier of 1 and a defense buff of 1
James Bond attacks first
James Bond attacks for 14
Kani 037 has blocked 20 damage
Kani 037 attacks for 5
James Bond has blocked 16 damage
James Bond attacks for 10
Kani 037 has blocked 14 damage
Kani 037 attacks for 11
James Bond has blocked 15 damage
James Bond attacks for 15
Kani 037 has blocked 17 damage
Kani 037 attacks for 6
James Bond has blocked 20 damage
James Bond attacks for 13
Kani 037 has blocked 18 damage
Kani 037 attacks for 9
James Bond has blocked 15 damage
James Bond attacks for 13
Kani 037 has blocked 15 damage
Kani 037 attacks for 8
James Bond has blocked 19 damage
James Bond attacks for 13
Kani 037 has blocked 16 damage
Kani 037 attacks for 8
James Bond has blocked 17 damage
James Bond attacks for 12
Kani 037 has blocked 15 damage
Kani 037 has used his spcieal move and attacks for 20
James Bond has blocked 14 damage
James Bond has taken 6. He has 0 health left.
*** The battle has ended ***
** The winner is Kani 037 **
****************************
------- A NEW BATTLE BEGINS ------
--- Kani 013 vs. Kani 037 ---
----------------------------------
In this battle Kani 013 has a damage multiplier of 1 and a defense buff of 1.5
While Kani 037 has a damage multiplier of 1 and a defense buff of 1.5
 Kani 013 attacks first
Kani 013 attacks for 25
Kani 037 has blocked 18.5 damage
Kani 037 has taken 6.5. He has 1.5 health left.
Kani 037 attacks for 9
Kani 013 has blocked 28.0 damage
Kani 013 attacks for 27
Kani 037 has blocked 17.0 damage
Kani 037 has taken 10.0. He has 0 health left.
*** The battle has ended ***
** The winner is Kani 013 **
****************************
------- A NEW BATTLE BEGINS ------
--- Kani 011 vs. Kani 034 ---
----------------------------------
In this battle Kani 011 has a damage multiplier of 1 and a defense buff of 1
While Kani 034 has a damage multiplier of 1.5 and a defense buff of 1.5
Kani 034 attacks first
Kani 034 attacks for 11
Kani 011 has blocked 13 damage
Kani 011 attacks for 10
Kani 034 has blocked 21.0 damage
Kani 034 attacks for 7
Kani 011 has blocked 14 damage
Kani 011 attacks for 14
Kani 034 has blocked 19.5 damage
Kani 034 attacks for 14
Kani 011 has blocked 17 damage
Kani 011 attacks for 11
Kani 034 has blocked 13.5 damage
Kani 034 attacks for 10
Kani 011 has blocked 12 damage
Kani 011 attacks for 13
Kani 034 has blocked 12.0 damage
Kani 034 has taken 1.0. He has 0 health left.
Kani 034 attacks for 10
Kani 011 has blocked 15 damage
Kani 011 attacks for 8
Kani 034 has blocked 21.0 damage
Kani 034 attacks for 7
Kani 011 has blocked 11 damage
Kani 011 attacks for 9
Kani 034 has blocked 15.0 damage
Kani 034 has used his spcieal move and attacks for 26
Kani 011 has blocked 13 damage
Kani 011 has taken 13. He has 0 health left.
*** The battle has ended ***
** The winner is Kani 034 **
****************************
------- A NEW BATTLE BEGINS ------
--- Kani 022 vs. Green Machine ---
----------------------------------
In this battle Kani 022 has a damage multiplier of 1 and a defense buff of 1
While Green Machine has a damage multiplier of 1.5 and a defense buff of 1
 Kani 022 attacks first
Kani 022 attacks for 21
Green Machine has blocked 17 damage
Green Machine has taken 4. He has 4 health left.
Green Machine attacks for 16
Kani 022 has blocked 12 damage
Kani 022 has taken 4. He has 6 health left.
Kani 022 attacks for 16
Green Machine has blocked 18 damage
Green Machine attacks for 13
Kani 022 has blocked 14 damage
Kani 022 attacks for 15
Green Machine has blocked 19 damage
Green Machine attacks for 12
Kani 022 has blocked 12 damage
Kani 022 attacks for 16
Green Machine has blocked 15 damage
Green Machine has taken 1. He has 3 health left.
Green Machine attacks for 21
Kani 022 has blocked 12 damage
Kani 022 has taken 9. He has 0 health left.
*** The battle has ended ***
** The winner is Green Machine **
****************************
------- A NEW BATTLE BEGINS ------
--- Kani 026 vs. The Terminator ---
----------------------------------
In this battle Kani 026 has a damage multiplier of 1.5 and a defense buff of 1
While The Terminator has a damage multiplier of 1 and a defense buff of 1
The Terminator attacks first
The Terminator attacks for 37
Kani 026 has blocked 13 damage
Kani 026 has taken 24. He has 0 health left.
*** The battle has ended ***
** The winner is The Terminator **
****************************
------- A NEW BATTLE BEGINS ------
--- The Terminator vs. Kani 029 ---
----------------------------------
In this battle The Terminator has a damage multiplier of 1 and a defense buff of 1
While Kani 029 has a damage multiplier of 1.5 and a defense buff of 1
 The Terminator attacks first
The Terminator attacks for 35
Kani 029 has blocked 13 damage
Kani 029 has taken 22. He has 0 health left.
*** The battle has ended ***
** The winner is The Terminator **
****************************
------- A NEW BATTLE BEGINS ------
--- Kani 017 vs. Kani 034 ---
----------------------------------
In this battle Kani 017 has a damage multiplier of 1 and a defense buff of 1
While Kani 034 has a damage multiplier of 1.5 and a defense buff of 1.5
Kani 034 attacks first
Kani 034 attacks for 14
Kani 017 has blocked 17 damage
Kani 017 attacks for 17
Kani 034 has blocked 19.5 damage
Kani 034 attacks for 8
Kani 017 has blocked 11 damage
Kani 017 attacks for 15
Kani 034 has blocked 12.0 damage
Kani 034 has taken 3.0. He has 0 health left.
Kani 034 attacks for 10
Kani 017 has blocked 15 damage
Kani 017 attacks for 21
Kani 034 has blocked 19.5 damage
Kani 034 has taken 1.5. He has 0 health left.
Kani 034 attacks for 11
Kani 017 has blocked 11 damage
Kani 017 attacks for 16
Kani 034 has blocked 18.0 damage
Kani 034 attacks for 7
Kani 017 has blocked 14 damage
Kani 017 attacks for 20
Kani 034 has blocked 18.0 damage
Kani 034 has taken 2.0. He has 0 health left.
Kani 034 attacks for 8
Kani 017 has blocked 11 damage
Kani 017 attacks for 15
Kani 034 has blocked 13.5 damage
Kani 034 has taken 1.5. He has 0 health left.
Kani 034 has used his spcieal move and attacks for 25
Kani 017 has blocked 15 damage
Kani 017 has taken 10. He has 0 health left.
*** The battle has ended ***
** The winner is Kani 034 **
****************************
------- A NEW BATTLE BEGINS ------
--- Green Machine vs. Pinky ---
----------------------------------
In this battle Green Machine has a damage multiplier of 1.5 and a defense buff of 1
While Pinky has a damage multiplier of 1 and a defense buff of 1
 Green Machine attacks first
Green Machine attacks for 12
Pinky has blocked 17 damage
Pinky attacks for 13
Green Machine has blocked 15 damage
Green Machine attacks for 18
Pinky has blocked 13 damage
Pinky has taken 5. He has 3 health left.
Pinky attacks for 17
Green Machine has blocked 17 damage
Green Machine attacks for 16
Pinky has blocked 13 damage
Pinky has taken 3. He has 0 health left.
*** The battle has ended ***
** The winner is Green Machine **
****************************
------- A NEW BATTLE BEGINS ------
--- River vs. Kani 034 ---
----------------------------------
In this battle River has a damage multiplier of 1 and a defense buff of 1
While Kani 034 has a damage multiplier of 1.5 and a defense buff of 1.5
Kani 034 attacks first
Kani 034 attacks for 11
River has blocked 35 damage
River attacks for 31
Kani 034 has blocked 19.5 damage
Kani 034 has taken 11.5. He has 0 health left.
Kani 034 attacks for 16
River has blocked 30 damage
River attacks for 26
Kani 034 has blocked 13.5 damage
Kani 034 has taken 12.5. He has 0 health left.
*** The battle has ended ***
** The winner is River **
****************************
------- A NEW BATTLE BEGINS ------
--- Kani 013 vs. River ---
----------------------------------
In this battle Kani 013 has a damage multiplier of 1 and a defense buff of 1
While River has a damage multiplier of 1.5 and a defense buff of 1
River attacks first
River attacks for 33
Kani 013 has blocked 23 damage
Kani 013 has taken 10. He has 3 health left.
Kani 013 attacks for 29
River has blocked 34 damage
River attacks for 30
Kani 013 has blocked 24 damage
Kani 013 has taken 6. He has 0 health left.
*** The battle has ended ***
** The winner is River **
****************************
------- A NEW BATTLE BEGINS ------
--- Green Machine vs. Kani 038 ---
----------------------------------
In this battle Green Machine has a damage multiplier of 1 and a defense buff of 1
While Kani 038 has a damage multiplier of 1.5 and a defense buff of 1
Kani 038 attacks first
Kani 038 attacks for 15
Green Machine has blocked 14 damage
Green Machine has taken 1. He has 7 health left.
Green Machine attacks for 15
Kani 038 has blocked 13 damage
Kani 038 has taken 2. He has 0 health left.
Kani 038 attacks for 18
Green Machine has blocked 15 damage
Green Machine has taken 3. He has 4 health left.
Green Machine attacks for 12
Kani 038 has blocked 18 damage
Kani 038 attacks for 18
Green Machine has blocked 19 damage
Green Machine attacks for 12
Kani 038 has blocked 13 damage
Kani 038 attacks for 9
Green Machine has blocked 14 damage
Green Machine attacks for 14
Kani 038 has blocked 13 damage
Kani 038 has taken 1. He has 0 health left.
Kani 038 attacks for 9
Green Machine has blocked 15 damage
Green Machine attacks for 15
Kani 038 has blocked 17 damage
Kani 038 attacks for 9
Green Machine has blocked 18 damage
Green Machine attacks for 12
Kani 038 has blocked 15 damage
Kani 038 attacks for 16
Green Machine has blocked 18 damage
Green Machine attacks for 18
Kani 038 has blocked 15 damage
Kani 038 has taken 3. He has 0 health left.
Kani 038 has used his spcieal move and attacks for 22
Green Machine has blocked 15 damage
Green Machine has taken 7. He has 0 health left.
*** The battle has ended ***
** The winner is Kani 038 **
****************************
------- A NEW BATTLE BEGINS ------
--- Decipher These Claws vs. Snappy ---
----------------------------------
In this battle Decipher These Claws has a damage multiplier of 1.5 and a defense buff of 1
While Snappy has a damage multiplier of 1 and a defense buff of 1
 Decipher These Claws attacks first
Decipher These Claws attacks for 17
Snappy has blocked 6 damage
Snappy has taken 11. He has 0 health left.
*** The battle has ended ***
** The winner is Decipher These Claws **
****************************
------- A NEW BATTLE BEGINS ------
--- Decipher These Claws vs. Kani 038 ---
----------------------------------
In this battle Decipher These Claws has a damage multiplier of 1 and a defense buff of 1
While Kani 038 has a damage multiplier of 1 and a defense buff of 1
 Decipher These Claws attacks first
Decipher These Claws attacks for 13
Kani 038 has blocked 12 damage
Kani 038 has taken 1. He has 10 health left.
Kani 038 attacks for 13
Decipher These Claws has blocked 13 damage
Decipher These Claws attacks for 13
Kani 038 has blocked 16 damage
Kani 038 attacks for 9
Decipher These Claws has blocked 16 damage
Decipher These Claws attacks for 15
Kani 038 has blocked 16 damage
Kani 038 attacks for 15
Decipher These Claws has blocked 15 damage
Decipher These Claws attacks for 15
Kani 038 has blocked 18 damage
Kani 038 attacks for 13
Decipher These Claws has blocked 17 damage
Decipher These Claws attacks for 11
Kani 038 has blocked 16 damage
Kani 038 attacks for 12
Decipher These Claws has blocked 17 damage
Decipher These Claws attacks for 16
Kani 038 has blocked 13 damage
Kani 038 has taken 3. He has 7 health left.
Kani 038 attacks for 15
Decipher These Claws has blocked 14 damage
Decipher These Claws has taken 1. He has 4 health left.
Decipher These Claws attacks for 17
Kani 038 has blocked 13 damage
Kani 038 has taken 4. He has 3 health left.
Kani 038 attacks for 13
Decipher These Claws has blocked 15 damage
Decipher These Claws attacks for 11
Kani 038 has blocked 18 damage
Kani 038 has used his spcieal move and attacks for 21
Decipher These Claws has blocked 19 damage
Decipher These Claws has taken 2. He has 2 health left.
Decipher These Claws attacks for 15
Kani 038 has blocked 16 damage
Kani 038 attacks for 15
Decipher These Claws has blocked 18 damage
Decipher These Claws attacks for 16
Kani 038 has blocked 16 damage
Kani 038 attacks for 9
Decipher These Claws has blocked 14 damage
Decipher These Claws has used his spcieal move and attacks for 27
Kani 038 has blocked 15 damage
Kani 038 has taken 12. He has 0 health left.
*** The battle has ended ***
** The winner is Decipher These Claws **
****************************
------- A NEW BATTLE BEGINS ------
--- The Terminator vs. Decipher These Claws ---
----------------------------------
In this battle The Terminator has a damage multiplier of 1 and a defense buff of 1
While Decipher These Claws has a damage multiplier of 1.5 and a defense buff of 1
Decipher These Claws attacks first
Decipher These Claws attacks for 12
The Terminator has blocked 33 damage
The Terminator attacks for 32
Decipher These Claws has blocked 16 damage
Decipher These Claws has taken 16. He has 0 health left.
*** The battle has ended ***
** The winner is The Terminator **
****************************
------- A NEW BATTLE BEGINS ------
--- Kani 036 vs. River ---
----------------------------------
In this battle Kani 036 has a damage multiplier of 1.5 and a defense buff of 1
While River has a damage multiplier of 1 and a defense buff of 1
River attacks first
River attacks for 30
Kani 036 has blocked 10 damage
Kani 036 has taken 20. He has 0 health left.
*** The battle has ended ***
** The winner is River **
****************************
------- A NEW BATTLE BEGINS ------
--- The Terminator vs. River ---
----------------------------------
In this battle The Terminator has a damage multiplier of 1 and a defense buff of 1
While River has a damage multiplier of 1 and a defense buff of 1
River attacks first
River attacks for 28
The Terminator has blocked 32 damage
The Terminator attacks for 31
River has blocked 29 damage
River has taken 2. He has 0 health left.
River attacks for 31
The Terminator has blocked 33 damage
The Terminator attacks for 36
River has blocked 34 damage
River has taken 2. He has 0 health left.
River attacks for 26
The Terminator has blocked 38 damage
The Terminator attacks for 35
River has blocked 31 damage
River has taken 4. He has 0 health left.
*** The battle has ended ***
** The winner is The Terminator **
****************************
The battles have been fought and only 2 kani remain undefeated
Kani 003(394243491) and Mr. Deep(437793433) are the parents of 2 new Kani.
Mr. Deep has won a new Kani, Kani number 2. Congratualtions.
Kani 001(394248226) and The Terminator(437786871) are the parents of 1 new Kani.
Kani 001 has claimed all the new Kani, Kani number 3. Will be added to the community prize pool.
**The Kani Generating Event has ended**
3 new Kani have been created.
New Kani 1, Power:10, Wrestle: 15, Stamina: 8, Appeal: 7, Speed: 10, Mutation: False
New Kani 2, Power:6, Wrestle: 11, Stamina: 8, Appeal: 15, Speed: 18, Mutation: False
New Kani 3, Power:6, Wrestle: 12, Stamina: 11, Appeal: 11, Speed: 17, Mutation: False

print file screen dump 
--- Kani 437786871 vs. Kani 403301813 ---
----------------------------------
31
26
Kani 403301813 attacks first.
Kani 403301813 attacks for 28
Kani 437786871 defends with 35
Kani 437786871 attacks for 34
Kani 403301813 defends with 35
Kani 403301813 attacks for 30
Kani 437786871 defends with 36
Kani 437786871 attacks for 36
Kani 403301813 defends with 30
Kani 437786871 hit Kani 403301813 for 6 damage. Kani 403301813 has 1 hp
Kani 403301813 attacks for 26
Kani 437786871 defends with 35
Kani 437786871 attacks for 35
Kani 403301813 defends with 34
*** The battle has ended ***
** The winner is 437786871 **
****************************
------- A NEW BATTLE BEGINS ------
--- Kani 437793433 vs. Kani 465057526 ---
----------------------------------
14
14
Kani 437793433 attacks first
Kani 437793433 attacks for 40
Kani 465057526 defends with 15
Kani 437793433 hit Kani 465057526 for 25 damage. Kani 465057526 has -20 hp
*** The battle has ended ***
** The winner is 437793433 **
****************************
------- A NEW BATTLE BEGINS ------
--- Kani 465056881 vs. Kani 484937998 ---
----------------------------------
14
14
Kani 484937998 attacks first.
Kani 484937998 attacks for 11
Kani 465056881 defends with 9
Kani 484937998 hit Kani 465056881 for 2 damage. Kani 465056881 has 12 hp
Kani 465056881 attacks for 18
Kani 484937998 defends with 15
Kani 465056881 hit Kani 484937998 for 3 damage. Kani 484937998 has 5 hp
Kani 484937998 attacks for 9
Kani 465056881 defends with 7
Kani 484937998 hit Kani 465056881 for 2 damage. Kani 465056881 has 10 hp
Kani 465056881 attacks for 13
Kani 484937998 defends with 16
Kani 484937998 attacks for 6
Kani 465056881 defends with 9
Kani 465056881 attacks for 9
Kani 484937998 defends with 20
Kani 484937998 attacks for 12
Kani 465056881 defends with 9
Kani 484937998 hit Kani 465056881 for 3 damage. Kani 465056881 has 7 hp
Kani 465056881 attacks for 9
Kani 484937998 defends with 18
Kani 484937998 attacks for 11
Kani 465056881 defends with 8
Kani 484937998 hit Kani 465056881 for 3 damage. Kani 465056881 has 4 hp
Kani 465056881 attacks for 10
Kani 484937998 defends with 16
Kani 484937998 attacks for 9
Kani 465056881 defends with 13
Kani 465056881 speed boost, double attack for 16
Kani 484937998 defends with 20
Kani 484937998 speed boost, double attack for 25
Kani 465056881 defends with 11
*** The battle has ended ***
*** The winner is 484937998
****************************
------- A NEW BATTLE BEGINS ------
--- Kani 457469516 vs. Kani 457471060 ---
----------------------------------
15
13
Kani 457471060 attacks first.
Kani 457471060 attacks for 14
Kani 457469516 defends with 9
Kani 457471060 hit Kani 457469516 for 5 damage. Kani 457469516 has 9 hp
Kani 457469516 attacks for 16
Kani 457471060 defends with 13
Kani 457469516 hit Kani 457471060 for 3 damage. Kani 457471060 has 7 hp
Kani 457471060 attacks for 12
Kani 457469516 defends with 5
Kani 457471060 hit Kani 457469516 for 7 damage. Kani 457469516 has 2 hp
Kani 457469516 attacks for 24
Kani 457471060 defends with 15
*** The battle has ended ***
** The winner is 457469516 **
****************************
------- A NEW BATTLE BEGINS ------
--- Kani 437792352 vs. Kani 484937998 ---
----------------------------------
15
14
Kani 484937998 attacks first.
Kani 484937998 attacks for 5
Kani 437792352 defends with 14
Kani 437792352 attacks for 24
Kani 484937998 defends with 15
*** The battle has ended ***
** The winner is 437792352 **
****************************
------- A NEW BATTLE BEGINS ------
--- Kani 403311881 vs. Kani 484934202 ---
----------------------------------
23
12
Kani 403311881 attacks first
Kani 403311881 attacks for 27
Kani 484934202 defends with 12
Kani 403311881 hit Kani 484934202 for 15 damage. Kani 484934202 has -2 hp
*** The battle has ended ***
** The winner is 403311881 **
****************************
------- A NEW BATTLE BEGINS ------
--- Kani 457473971 vs. Kani 437793433 ---
----------------------------------
8
14
Kani 457473971 attacks first
Kani 457473971 attacks for 13
Kani 437793433 defends with 20
Kani 437793433 attacks for 41
Kani 457473971 defends with 17
*** The battle has ended ***
*** The winner is 437793433
****************************
------- A NEW BATTLE BEGINS ------
--- Kani 403316019 vs. Kani 437793433 ---
----------------------------------
12
14
Kani 403316019 attacks first
Kani 403316019 attacks for 14
Kani 437793433 defends with 14
Kani 437793433 attacks for 43
Kani 403316019 defends with 18.5
*** The battle has ended ***
*** The winner is 437793433
****************************
------- A NEW BATTLE BEGINS ------
--- Kani 394253246 vs. Kani 437793433 ---
----------------------------------
15
14
Kani 437793433 attacks first.
Kani 437793433 attacks for 41
Kani 394253246 defends with 7
*** The battle has ended ***
*** The winner is 437793433
****************************
------- A NEW BATTLE BEGINS ------
--- Kani 437792352 vs. Kani 394252318 ---
----------------------------------
15
6
Kani 394252318 attacks first.
Kani 394252318 attacks for 19
Kani 437792352 defends with 13
*** The battle has ended ***
*** The winner is 394252318
****************************
------- A NEW BATTLE BEGINS ------
--- Kani 394252318 vs. Kani 437793433 ---
----------------------------------
We have logged in as Poseidon#6630
csv reader
Kani data imported successfully.
------- A NEW BATTLE BEGINS ------
--- Kani 394252318 vs. Kani 484932091 ---
----------------------------------
6
5
Kani 394252318 attacks first
Kani 394252318 attacks for 16
Kani 484932091 defends with 12
Kani 394252318 hit Kani 484932091 for 4 damage. Kani 484932091 has 1 hp
Kani 484932091 attacks for 17
Kani 394252318 defends with 11
Kani 484932091 hit Kani 394252318 for 6 damage. Kani 394252318 has 7 hp
Kani 394252318 attacks for 19
Kani 484932091 defends with 12
Kani 394252318 hit Kani 484932091 for 7 damage. Kani 484932091 has -6 hp
*** The battle has ended ***
** The winner is 394252318 **
****************************
------- A NEW BATTLE BEGINS ------
--- Kani 445837258 vs. Kani 437792352 ---
----------------------------------
8
15
Kani 437792352 attacks first.
Kani 437792352 attacks for 19
Kani 445837258 defends with 9
*** The battle has ended ***
*** The winner is 437792352
****************************
------- A NEW BATTLE BEGINS ------
--- Kani 465057526 vs. Kani 394252318 ---
----------------------------------
14
6
Kani 465057526 attacks first
Kani 465057526 attacks for 20
Kani 394252318 defends with 11
Kani 465057526 hit Kani 394252318 for 9 damage. Kani 394252318 has 4 hp
Kani 394252318 attacks for 18
Kani 465057526 defends with 15
Kani 394252318 hit Kani 465057526 for 3 damage. Kani 465057526 has 2 hp
Kani 465057526 attacks for 18
Kani 394252318 defends with 10
Kani 465057526 hit Kani 394252318 for 8 damage. Kani 394252318 has -4 hp
*** The battle has ended ***
** The winner is 465057526 **
****************************
------- A NEW BATTLE BEGINS ------
--- Kani 457467584 vs. Kani 403303202 ---
----------------------------------
11
12
Kani 457467584 attacks first
Kani 457467584 attacks for 10
Kani 403303202 defends with 15
Kani 403303202 attacks for 12
Kani 457467584 defends with 20.0
Kani 457467584 attacks for 9
Kani 403303202 defends with 13
Kani 403303202 attacks for 8
Kani 457467584 defends with 15.5
Kani 457467584 attacks for 8
Kani 403303202 defends with 13
Kani 403303202 attacks for 8
Kani 457467584 defends with 17.0
Kani 457467584 attacks for 9
Kani 403303202 defends with 12
Kani 403303202 attacks for 8
Kani 457467584 defends with 20.0
Kani 457467584 attacks for 10
Kani 403303202 defends with 14
Kani 403303202 attacks for 12
Kani 457467584 defends with 11.0
Kani 403303202 hit Kani 457467584 for 1.0 damage. Kani 457467584 has 10.0 hp
Kani 457467584 speed boost, double attack for 21.0
Kani 403303202 defends with 12
Kani 457467584 hit Kani 403303202 for 9.0 damage. Kani 403303202 has 3.0 hp
Kani 403303202 attacks for 10
Kani 457467584 defends with 18.5
Kani 457467584 attacks for 7
Kani 403303202 defends with 13
Kani 403303202 speed boost, double attack for 16.0
Kani 457467584 defends with 17.0
Kani 457467584 attacks for 7
Kani 403303202 defends with 11
Kani 403303202 attacks for 11
Kani 457467584 defends with 20.0
Kani 457467584 attacks for 11
Kani 403303202 defends with 13
Kani 403303202 attacks for 10
Kani 457467584 defends with 15.5
Kani 457467584 attacks for 7
Kani 403303202 defends with 11
Kani 403303202 attacks for 14
Kani 457467584 defends with 17.0
Kani 457467584 attacks for 11
Kani 403303202 defends with 14
Kani 403303202 attacks for 8
Kani 457467584 defends with 20.0
Kani 457467584 speed boost, double attack for 19.0
Kani 403303202 defends with 11
Kani 457467584 hit Kani 403303202 for 8.0 damage. Kani 403303202 has -5.0 hp
*** The battle has ended ***
** The winner is 457467584 **
****************************
------- A NEW BATTLE BEGINS ------
--- Kani 465056881 vs. Kani 445835981 ---
----------------------------------
14
6
Kani 465056881 attacks first
Kani 465056881 attacks for 13
Kani 445835981 defends with 14
Kani 445835981 attacks for 21
Kani 465056881 defends with 13
Kani 445835981 hit Kani 465056881 for 8 damage. Kani 465056881 has 6 hp
Kani 465056881 attacks for 11
Kani 445835981 defends with 13
Kani 445835981 attacks for 20
Kani 465056881 defends with 9
*** The battle has ended ***
*** The winner is 445835981
****************************
------- A NEW BATTLE BEGINS ------
--- Kani 465057526 vs. Kani 403301813 ---
----------------------------------
14
26
Kani 465057526 attacks first
Kani 465057526 attacks for 19
Kani 403301813 defends with 32.0
Kani 403301813 attacks for 27
Kani 465057526 defends with 16.5
*** The battle has ended ***
*** The winner is 403301813
****************************
------- A NEW BATTLE BEGINS ------
--- Kani 403311881 vs. Kani 445834410 ---
----------------------------------
23
10
Kani 445834410 attacks first.
Kani 445834410 attacks for 12
Kani 403311881 defends with 22
Kani 403311881 attacks for 23
Kani 445834410 defends with 19
Kani 403311881 hit Kani 445834410 for 4 damage. Kani 445834410 has 4 hp
Kani 445834410 attacks for 8
Kani 403311881 defends with 26
Kani 403311881 attacks for 27
Kani 445834410 defends with 15
*** The battle has ended ***
** The winner is 403311881 **
****************************
------- A NEW BATTLE BEGINS ------
--- Kani 394256009 vs. Kani 457471060 ---
----------------------------------
9
13
Kani 457471060 attacks first.
Kani 457471060 attacks for 15
Kani 394256009 defends with 11
Kani 457471060 hit Kani 394256009 for 4 damage. Kani 394256009 has 7 hp
Kani 394256009 attacks for 10
Kani 457471060 defends with 15
Kani 457471060 attacks for 12
Kani 394256009 defends with 15
Kani 394256009 attacks for 12
Kani 457471060 defends with 19
Kani 457471060 attacks for 17
Kani 394256009 defends with 9
*** The battle has ended ***
*** The winner is 457471060
****************************
------- A NEW BATTLE BEGINS ------
--- Kani 403308881 vs. Kani 437795006 ---
----------------------------------
5
12
Kani 437795006 attacks first.
Kani 437795006 attacks for 20
Kani 403308881 defends with 5.0
*** The battle has ended ***
*** The winner is 437795006
****************************
------- A NEW BATTLE BEGINS ------
--- Kani 484934202 vs. Kani 457472467 ---
----------------------------------
12
8
Kani 484934202 attacks first
Kani 484934202 attacks for 10
Kani 457472467 defends with 18.0
Kani 457472467 attacks for 10
Kani 484934202 defends with 13
Kani 484934202 attacks for 8
Kani 457472467 defends with 12.0
Kani 457472467 attacks for 7
Kani 484934202 defends with 18
Kani 484934202 attacks for 8
Kani 457472467 defends with 16.5
Kani 457472467 attacks for 6
Kani 484934202 defends with 12
Kani 484934202 attacks for 9
Kani 457472467 defends with 12.0
Kani 457472467 attacks for 8
Kani 484934202 defends with 17
Kani 484934202 attacks for 11
Kani 457472467 defends with 15.0
Kani 457472467 attacks for 11
Kani 484934202 defends with 15
Kani 484934202 attacks for 7
Kani 457472467 defends with 13.5
Kani 457472467 attacks for 11
Kani 484934202 defends with 17
Kani 484934202 speed boost, double attack for 20
Kani 457472467 defends with 18.0
Kani 484934202 hit Kani 457472467 for 2.0 damage. Kani 457472467 has 6.0 hp
Kani 457472467 speed boost, double attack for 16.0
Kani 484934202 defends with 15
Kani 457472467 hit Kani 484934202 for 1.0 damage. Kani 484934202 has 12.0 hp
Kani 484934202 attacks for 12
Kani 457472467 defends with 12.0
Kani 457472467 attacks for 9
Kani 484934202 defends with 14
Kani 484934202 attacks for 7
Kani 457472467 defends with 19.5
Kani 457472467 attacks for 7
Kani 484934202 defends with 15
Kani 484934202 attacks for 11
Kani 457472467 defends with 16.5
Kani 457472467 attacks for 6
Kani 484934202 defends with 15
Kani 484934202 attacks for 11
Kani 457472467 defends with 19.5
Kani 457472467 attacks for 8
Kani 484934202 defends with 12
Kani 484934202 attacks for 8
Kani 457472467 defends with 19.5
Kani 457472467 attacks for 7
Kani 484934202 defends with 16
Kani 484934202 attacks for 11
Kani 457472467 defends with 16.5
Kani 457472467 attacks for 7
Kani 484934202 defends with 13
Kani 484934202 speed boost, double attack for 23
Kani 457472467 defends with 12.0
Kani 484934202 hit Kani 457472467 for 11.0 damage. Kani 457472467 has -5.0 hp
*** The battle has ended ***
** The winner is 484934202 **
****************************
------- A NEW BATTLE BEGINS ------
--- Kani 394255006 vs. Kani 394253246 ---
----------------------------------
14
15
Kani 394253246 attacks first.
Kani 394253246 attacks for 12
Kani 394255006 defends with 19
Kani 394255006 attacks for 11
Kani 394253246 defends with 11.5
Kani 394253246 attacks for 13
Kani 394255006 defends with 15
Kani 394255006 attacks for 16
Kani 394253246 defends with 11.5
Kani 394255006 hit Kani 394253246 for 4.5 damage. Kani 394253246 has 10.5 hp
Kani 394253246 attacks for 11
Kani 394255006 defends with 15
Kani 394255006 attacks for 11
Kani 394253246 defends with 7.0
Kani 394255006 hit Kani 394253246 for 4.0 damage. Kani 394253246 has 6.5 hp
Kani 394253246 attacks for 11
Kani 394255006 defends with 18
Kani 394255006 attacks for 12
Kani 394253246 defends with 13.0
Kani 394253246 speed boost, double attack for 15.5
Kani 394255006 defends with 19
Kani 394255006 attacks for 11
Kani 394253246 defends with 10.0
Kani 394255006 hit Kani 394253246 for 1.0 damage. Kani 394253246 has 5.5 hp
Kani 394253246 attacks for 12
Kani 394255006 defends with 18
Kani 394255006 attacks for 15
Kani 394253246 defends with 4.0
*** The battle has ended ***
** The winner is 394255006 **
****************************
------- A NEW BATTLE BEGINS ------
--- Kani 403301813 vs. Kani 437795006 ---
----------------------------------
26
12
Kani 403301813 attacks first
Kani 403301813 attacks for 26
Kani 437795006 defends with 13
Kani 403301813 hit Kani 437795006 for 13 damage. Kani 437795006 has -7 hp
*** The battle has ended ***
** The winner is 403301813 **
****************************
------- A NEW BATTLE BEGINS ------
--- Kani 484934202 vs. Kani 457467584 ---
----------------------------------
12
11
Kani 484934202 attacks first
Kani 484934202 attacks for 10
Kani 457467584 defends with 17
Kani 457467584 attacks for 8
Kani 484934202 defends with 15.0
Kani 484934202 attacks for 16
Kani 457467584 defends with 12
Kani 484934202 hit Kani 457467584 for 4 damage. Kani 457467584 has 7 hp
Kani 457467584 attacks for 11
Kani 484934202 defends with 18.0
Kani 484934202 attacks for 8
Kani 457467584 defends with 15
Kani 457467584 attacks for 8
Kani 484934202 defends with 13.5
Kani 484934202 attacks for 16
Kani 457467584 defends with 12
Kani 484934202 hit Kani 457467584 for 4 damage. Kani 457467584 has 3 hp
Kani 457467584 attacks for 14
Kani 484934202 defends with 13.5
Kani 457467584 hit Kani 484934202 for 0.5 damage. Kani 484934202 has 12.5 hp
Kani 484934202 attacks for 8
Kani 457467584 defends with 13
Kani 457467584 attacks for 11
Kani 484934202 defends with 21.0
Kani 484934202 attacks for 8
Kani 457467584 defends with 14
Kani 457467584 speed boost, double attack for 8
Kani 484934202 defends with 16.5
Kani 484934202 speed boost, double attack for 19
Kani 457467584 defends with 16
Kani 484934202 hit Kani 457467584 for 3 damage. Kani 457467584 has 0 hp
*** The battle has ended ***
** The winner is 484934202 **
****************************
------- A NEW BATTLE BEGINS ------
--- Kani 489142355 vs. Kani 465055424 ---
----------------------------------
8
7
Kani 465055424 attacks first.
Kani 465055424 attacks for 14
Kani 489142355 defends with 8
Kani 465055424 hit Kani 489142355 for 6 damage. Kani 489142355 has 3 hp
Kani 489142355 attacks for 10
Kani 465055424 defends with 12
Kani 465055424 attacks for 12
Kani 489142355 defends with 10
Kani 465055424 hit Kani 489142355 for 2 damage. Kani 489142355 has 1 hp
Kani 489142355 attacks for 13
Kani 465055424 defends with 13
Kani 465055424 attacks for 11
Kani 489142355 defends with 12
Kani 489142355 attacks for 11
Kani 465055424 defends with 10
Kani 489142355 hit Kani 465055424 for 1 damage. Kani 465055424 has 8 hp
Kani 465055424 attacks for 14
Kani 489142355 defends with 12
*** The battle has ended ***
*** The winner is 465055424
****************************
------- A NEW BATTLE BEGINS ------
--- Kani 457469516 vs. Kani 403311881 ---
----------------------------------
15
23
Kani 403311881 attacks first.
Kani 403311881 attacks for 26
Kani 457469516 defends with 10
*** The battle has ended ***
*** The winner is 403311881
****************************
------- A NEW BATTLE BEGINS ------
--- Kani 394255006 vs. Kani 465056341 ---
----------------------------------
14
8
Kani 394255006 attacks first
Kani 394255006 attacks for 12
Kani 465056341 defends with 7
Kani 394255006 hit Kani 465056341 for 5 damage. Kani 465056341 has 6 hp
Kani 465056341 attacks for 13
Kani 394255006 defends with 18.5
Kani 394255006 attacks for 10
Kani 465056341 defends with 7
Kani 394255006 hit Kani 465056341 for 3 damage. Kani 465056341 has 3 hp
Kani 465056341 attacks for 13
Kani 394255006 defends with 15.5
Kani 394255006 attacks for 15
Kani 465056341 defends with 7
Kani 394255006 hit Kani 465056341 for 8 damage. Kani 465056341 has -5 hp
*** The battle has ended ***
** The winner is 394255006 **
****************************
------- A NEW BATTLE BEGINS ------
--- Kani 484937998 vs. Kani 394255006 ---
----------------------------------
14
14
Kani 394255006 attacks first.
Kani 394255006 attacks for 14
Kani 484937998 defends with 20
Kani 484937998 attacks for 5
Kani 394255006 defends with 16
Kani 394255006 attacks for 10
Kani 484937998 defends with 14
Kani 484937998 attacks for 11
Kani 394255006 defends with 15
Kani 394255006 attacks for 15
Kani 484937998 defends with 17
Kani 484937998 attacks for 6
Kani 394255006 defends with 20
Kani 394255006 attacks for 13
Kani 484937998 defends with 18
Kani 484937998 attacks for 9
Kani 394255006 defends with 15
Kani 394255006 attacks for 13
Kani 484937998 defends with 15
Kani 484937998 attacks for 8
Kani 394255006 defends with 19
Kani 394255006 attacks for 13
Kani 484937998 defends with 16
Kani 484937998 attacks for 8
Kani 394255006 defends with 17
Kani 394255006 attacks for 12
Kani 484937998 defends with 15
Kani 484937998 speed boost, double attack for 20
Kani 394255006 defends with 14
*** The battle has ended ***
** The winner is 484937998 **
****************************
------- A NEW BATTLE BEGINS ------
--- Kani 403311881 vs. Kani 484937998 ---
----------------------------------
23
14
Kani 403311881 attacks first
Kani 403311881 attacks for 25
Kani 484937998 defends with 18.5
Kani 403311881 hit Kani 484937998 for 6.5 damage. Kani 484937998 has 1.5 hp
Kani 484937998 attacks for 9
Kani 403311881 defends with 28.0
Kani 403311881 attacks for 27
Kani 484937998 defends with 17.0
Kani 403311881 hit Kani 484937998 for 10.0 damage. Kani 484937998 has -8.5 hp
*** The battle has ended ***
** The winner is 403311881 **
****************************
------- A NEW BATTLE BEGINS ------
--- Kani 403304997 vs. Kani 484934202 ---
----------------------------------
11
12
Kani 484934202 attacks first.
Kani 484934202 attacks for 11
Kani 403304997 defends with 13
Kani 403304997 attacks for 10
Kani 484934202 defends with 21.0
Kani 484934202 attacks for 7
Kani 403304997 defends with 14
Kani 403304997 attacks for 14
Kani 484934202 defends with 19.5
Kani 484934202 attacks for 14
Kani 403304997 defends with 17
Kani 403304997 attacks for 11
Kani 484934202 defends with 13.5
Kani 484934202 attacks for 10
Kani 403304997 defends with 12
Kani 403304997 attacks for 13
Kani 484934202 defends with 12.0
Kani 403304997 hit Kani 484934202 for 1.0 damage. Kani 484934202 has 12.0 hp
Kani 484934202 attacks for 10
Kani 403304997 defends with 15
Kani 403304997 attacks for 8
Kani 484934202 defends with 21.0
Kani 484934202 attacks for 7
Kani 403304997 defends with 11
Kani 403304997 attacks for 9
Kani 484934202 defends with 15.0
Kani 484934202 speed boost, double attack for 26
Kani 403304997 defends with 13
*** The battle has ended ***
*** The winner is 484934202
****************************
------- A NEW BATTLE BEGINS ------
--- Kani 445835981 vs. Kani 457473971 ---
----------------------------------
6
8
Kani 445835981 attacks first
Kani 445835981 attacks for 21
Kani 457473971 defends with 17
Kani 445835981 hit Kani 457473971 for 4 damage. Kani 457473971 has 4 hp
Kani 457473971 attacks for 16
Kani 445835981 defends with 12
Kani 457473971 hit Kani 445835981 for 4 damage. Kani 445835981 has 6 hp
Kani 445835981 attacks for 16
Kani 457473971 defends with 18
Kani 457473971 attacks for 13
Kani 445835981 defends with 14
Kani 445835981 attacks for 15
Kani 457473971 defends with 19
Kani 457473971 attacks for 12
Kani 445835981 defends with 12
Kani 445835981 attacks for 16
Kani 457473971 defends with 15
Kani 445835981 hit Kani 457473971 for 1 damage. Kani 457473971 has 3 hp
Kani 457473971 attacks for 21
Kani 445835981 defends with 12
*** The battle has ended ***
*** The winner is 457473971
****************************
------- A NEW BATTLE BEGINS ------
--- Kani 457471060 vs. Kani 437786871 ---
----------------------------------
13
31
Kani 437786871 attacks first.
Kani 437786871 attacks for 37
Kani 457471060 defends with 13
*** The battle has ended ***
*** The winner is 437786871
****************************
------- A NEW BATTLE BEGINS ------
--- Kani 437786871 vs. Kani 465055424 ---
----------------------------------
31
7
Kani 437786871 attacks first
Kani 437786871 attacks for 35
Kani 465055424 defends with 13
Kani 437786871 hit Kani 465055424 for 22 damage. Kani 465055424 has -13 hp
*** The battle has ended ***
** The winner is 437786871 **
****************************
------- A NEW BATTLE BEGINS ------
--- Kani 437792352 vs. Kani 484934202 ---
----------------------------------
15
12
Kani 484934202 attacks first.
Kani 484934202 attacks for 14
Kani 437792352 defends with 17
Kani 437792352 attacks for 17
Kani 484934202 defends with 19.5
Kani 484934202 attacks for 8
Kani 437792352 defends with 11
Kani 437792352 attacks for 15
Kani 484934202 defends with 12.0
Kani 437792352 hit Kani 484934202 for 3.0 damage. Kani 484934202 has 10.0 hp
Kani 484934202 attacks for 10
Kani 437792352 defends with 15
Kani 437792352 attacks for 21
Kani 484934202 defends with 19.5
Kani 437792352 hit Kani 484934202 for 1.5 damage. Kani 484934202 has 8.5 hp
Kani 484934202 attacks for 11
Kani 437792352 defends with 11
Kani 437792352 attacks for 16
Kani 484934202 defends with 18.0
Kani 484934202 attacks for 7
Kani 437792352 defends with 14
Kani 437792352 attacks for 20
Kani 484934202 defends with 18.0
Kani 437792352 hit Kani 484934202 for 2.0 damage. Kani 484934202 has 6.5 hp
Kani 484934202 attacks for 8
Kani 437792352 defends with 11
Kani 437792352 attacks for 15
Kani 484934202 defends with 13.5
Kani 437792352 hit Kani 484934202 for 1.5 damage. Kani 484934202 has 5.0 hp
Kani 484934202 speed boost, double attack for 25
Kani 437792352 defends with 15
*** The battle has ended ***
*** The winner is 484934202
****************************
------- A NEW BATTLE BEGINS ------
--- Kani 457473971 vs. Kani 403316019 ---
----------------------------------
8
12
Kani 457473971 attacks first
Kani 457473971 attacks for 12
Kani 403316019 defends with 17
Kani 403316019 attacks for 13
Kani 457473971 defends with 15
Kani 457473971 attacks for 18
Kani 403316019 defends with 13
Kani 457473971 hit Kani 403316019 for 5 damage. Kani 403316019 has 3 hp
Kani 403316019 attacks for 17
Kani 457473971 defends with 17
Kani 457473971 attacks for 16
Kani 403316019 defends with 13
Kani 457473971 hit Kani 403316019 for 3 damage. Kani 403316019 has 0 hp
*** The battle has ended ***
** The winner is 457473971 **
****************************
------- A NEW BATTLE BEGINS ------
--- Kani 403301813 vs. Kani 484934202 ---
----------------------------------
26
12
Kani 484934202 attacks first.
Kani 484934202 attacks for 11
Kani 403301813 defends with 35
Kani 403301813 attacks for 31
Kani 484934202 defends with 19.5
Kani 403301813 hit Kani 484934202 for 11.5 damage. Kani 484934202 has 1.5 hp
Kani 484934202 attacks for 16
Kani 403301813 defends with 30
Kani 403301813 attacks for 26
Kani 484934202 defends with 13.5
*** The battle has ended ***
** The winner is 403301813 **
****************************
------- A NEW BATTLE BEGINS ------
--- Kani 403311881 vs. Kani 403301813 ---
----------------------------------
23
26
Kani 403301813 attacks first.
Kani 403301813 attacks for 33
Kani 403311881 defends with 23
Kani 403301813 hit Kani 403311881 for 10 damage. Kani 403311881 has 3 hp
Kani 403311881 attacks for 29
Kani 403301813 defends with 34
Kani 403301813 attacks for 30
Kani 403311881 defends with 24
*** The battle has ended ***
*** The winner is 403301813
****************************
------- A NEW BATTLE BEGINS ------
--- Kani 457473971 vs. Kani 484938774 ---
----------------------------------
8
12
Kani 484938774 attacks first.
Kani 484938774 attacks for 15
Kani 457473971 defends with 14
Kani 484938774 hit Kani 457473971 for 1 damage. Kani 457473971 has 7 hp
Kani 457473971 attacks for 15
Kani 484938774 defends with 13
Kani 457473971 hit Kani 484938774 for 2 damage. Kani 484938774 has 9 hp
Kani 484938774 attacks for 18
Kani 457473971 defends with 15
Kani 484938774 hit Kani 457473971 for 3 damage. Kani 457473971 has 4 hp
Kani 457473971 attacks for 12
Kani 484938774 defends with 18
Kani 484938774 attacks for 18
Kani 457473971 defends with 19
Kani 457473971 attacks for 12
Kani 484938774 defends with 13
Kani 484938774 attacks for 9
Kani 457473971 defends with 14
Kani 457473971 attacks for 14
Kani 484938774 defends with 13
Kani 457473971 hit Kani 484938774 for 1 damage. Kani 484938774 has 8 hp
Kani 484938774 attacks for 9
Kani 457473971 defends with 15
Kani 457473971 attacks for 15
Kani 484938774 defends with 17
Kani 484938774 attacks for 9
Kani 457473971 defends with 18
Kani 457473971 attacks for 12
Kani 484938774 defends with 15
Kani 484938774 attacks for 16
Kani 457473971 defends with 18
Kani 457473971 attacks for 18
Kani 484938774 defends with 15
Kani 457473971 hit Kani 484938774 for 3 damage. Kani 484938774 has 5 hp
Kani 484938774 speed boost, double attack for 22
Kani 457473971 defends with 15
*** The battle has ended ***
*** The winner is 484938774
****************************
------- A NEW BATTLE BEGINS ------
--- Kani 445833728 vs. Kani 437790046 ---
----------------------------------
11
12
Kani 445833728 attacks first
Kani 445833728 attacks for 17
Kani 437790046 defends with 6
Kani 445833728 hit Kani 437790046 for 11 damage. Kani 437790046 has -2 hp
*** The battle has ended ***
** The winner is 445833728 **
****************************
------- A NEW BATTLE BEGINS ------
--- Kani 445833728 vs. Kani 484938774 ---
----------------------------------
11
12
Kani 445833728 attacks first
Kani 445833728 attacks for 13
Kani 484938774 defends with 12
Kani 445833728 hit Kani 484938774 for 1 damage. Kani 484938774 has 10 hp
Kani 484938774 attacks for 13
Kani 445833728 defends with 13
Kani 445833728 attacks for 13
Kani 484938774 defends with 16
Kani 484938774 attacks for 9
Kani 445833728 defends with 16
Kani 445833728 attacks for 15
Kani 484938774 defends with 16
Kani 484938774 attacks for 15
Kani 445833728 defends with 15
Kani 445833728 attacks for 15
Kani 484938774 defends with 18
Kani 484938774 attacks for 13
Kani 445833728 defends with 17
Kani 445833728 attacks for 11
Kani 484938774 defends with 16
Kani 484938774 attacks for 12
Kani 445833728 defends with 17
Kani 445833728 attacks for 16
Kani 484938774 defends with 13
Kani 445833728 hit Kani 484938774 for 3 damage. Kani 484938774 has 7 hp
Kani 484938774 attacks for 15
Kani 445833728 defends with 14
Kani 484938774 hit Kani 445833728 for 1 damage. Kani 445833728 has 4 hp
Kani 445833728 attacks for 17
Kani 484938774 defends with 13
Kani 445833728 hit Kani 484938774 for 4 damage. Kani 484938774 has 3 hp
Kani 484938774 attacks for 13
Kani 445833728 defends with 15
Kani 445833728 attacks for 11
Kani 484938774 defends with 18
Kani 484938774 speed boost, double attack for 21
Kani 445833728 defends with 19
Kani 484938774 hit Kani 445833728 for 2 damage. Kani 445833728 has 2 hp
Kani 445833728 attacks for 15
Kani 484938774 defends with 16
Kani 484938774 attacks for 15
Kani 445833728 defends with 18
Kani 445833728 attacks for 16
Kani 484938774 defends with 16
Kani 484938774 attacks for 9
Kani 445833728 defends with 14
Kani 445833728 speed boost, double attack for 27
Kani 484938774 defends with 15
Kani 445833728 hit Kani 484938774 for 12 damage. Kani 484938774 has -9 hp
*** The battle has ended ***
** The winner is 445833728 **
****************************
------- A NEW BATTLE BEGINS ------
--- Kani 437786871 vs. Kani 445833728 ---
----------------------------------
31
11
Kani 445833728 attacks first.
Kani 445833728 attacks for 12
Kani 437786871 defends with 33
Kani 437786871 attacks for 32
Kani 445833728 defends with 16
*** The battle has ended ***
** The winner is 437786871 **
****************************
------- A NEW BATTLE BEGINS ------
--- Kani 484937021 vs. Kani 403301813 ---
----------------------------------
9
26
Kani 403301813 attacks first.
Kani 403301813 attacks for 30
Kani 484937021 defends with 10
*** The battle has ended ***
*** The winner is 403301813
****************************
------- A NEW BATTLE BEGINS ------
--- Kani 437786871 vs. Kani 403301813 ---
----------------------------------
31
26
Kani 403301813 attacks first.
Kani 403301813 attacks for 28
Kani 437786871 defends with 32
Kani 437786871 attacks for 31
Kani 403301813 defends with 29
Kani 437786871 hit Kani 403301813 for 2 damage. Kani 403301813 has 5 hp
Kani 403301813 attacks for 31
Kani 437786871 defends with 33
Kani 437786871 attacks for 36
Kani 403301813 defends with 34
Kani 437786871 hit Kani 403301813 for 2 damage. Kani 403301813 has 3 hp
Kani 403301813 attacks for 26
Kani 437786871 defends with 38
Kani 437786871 attacks for 35
Kani 403301813 defends with 31
*** The battle has ended ***
** The winner is 437786871 **
****************************
The number of offspring is 2
394243491 and 437793433 are the parents of 2
The number of offspring is 1
394248226 and 437786871 are the parents of 3
---The new kani are born---
1 M 10 15 8 7 10 3 271 47 72 False 437793433 394243491 East South
2 M 6 11 8 15 18 2 345 53 54 False 437793433 394243491 East South
3 M 6 12 11 11 17 2 91 55 64 False 437786871 394248226 North North
**** Simulation Finished ****
 