37 Kani have been released into the battlefield.
The Queen Kani for this KGE are Queen fo the West & Queen of the East
------- A NEW BATTLE BEGINS ------
--- James Bond vs. The Terminator ---
----------------------------------
In this battle James Bond has a damage multiplier of 1, a defense buff of 1 , and 4 health.
While The Terminator has a damage multiplier of 1, a defense buff of 1.5, and 4 health.
The Terminator attacks first
The Terminator attacks for 30
James Bond has blocked 17 damage
James Bond has taken 13. He has 0 health left.
*** The battle has ended ***
** The winner is The Terminator **
****************************
------- A NEW BATTLE BEGINS ------
--- Kani 019 vs. Kani 029 ---
----------------------------------
In this battle Kani 019 has a damage multiplier of 1, a defense buff of 1 , and 5 health.
While Kani 029 has a damage multiplier of 1, a defense buff of 1, and 18 health.
Kani 029 attacks first
Kani 029 attacks for 39
Kani 019 has blocked 14 damage
Kani 019 has taken 25. He has 0 health left.
*** The battle has ended ***
** The winner is Kani 029 **
****************************
------- A NEW BATTLE BEGINS ------
--- Kani 021 vs. River ---
----------------------------------
In this battle Kani 021 has a damage multiplier of 1, a defense buff of 1 , and 7 health.
While River has a damage multiplier of 1, a defense buff of 1.5, and 6 health.
River attacks first
River attacks for 18
Kani 021 has blocked 17 damage
Kani 021 has taken 1. He has 6 health left.
Kani 021 attacks for 12
River has blocked 43.5 damage
River attacks for 22
Kani 021 has blocked 21 damage
Kani 021 has taken 1. He has 5 health left.
Kani 021 attacks for 11
River has blocked 51.0 damage
River attacks for 18
Kani 021 has blocked 16 damage
Kani 021 has taken 2. He has 3 health left.
Kani 021 attacks for 7
River has blocked 51.0 damage
River attacks for 23
Kani 021 has blocked 20 damage
Kani 021 has taken 3. He has 0 health left.
*** The battle has ended ***
** The winner is River **
****************************
------- A NEW BATTLE BEGINS ------
--- River vs. Eugene ---
----------------------------------
In this battle River has a damage multiplier of 1.5, a defense buff of 1 , and 6 health.
While Eugene has a damage multiplier of 1.5, a defense buff of 1, and 12 health.
River attacks first
River attacks for 23
Eugene has blocked 10 damage
Eugene has taken 13. He has -1 health left.
*** The battle has ended ***
** The winner is River **
****************************
------- A NEW BATTLE BEGINS ------
--- Kani 006 vs. Kraberuncheon ---
----------------------------------
In this battle Kani 006 has a damage multiplier of 1.5, a defense buff of 1 , and 14 health.
While Kraberuncheon has a damage multiplier of 1.5, a defense buff of 1, and 10 health.
Kani 006 attacks first
Kani 006 attacks for 6
Kraberuncheon has blocked 13 damage
Kraberuncheon attacks for 5
Kani 006 has blocked 11 damage
Kani 006 attacks for 9
Kraberuncheon has blocked 17 damage
Kraberuncheon attacks for 4
Kani 006 has blocked 6 damage
Kani 006 attacks for 12
Kraberuncheon has blocked 17 damage
Kraberuncheon attacks for 4
Kani 006 has blocked 9 damage
Kani 006 attacks for 9
Kraberuncheon has blocked 16 damage
Kraberuncheon attacks for 5
Kani 006 has blocked 9 damage
Kani 006 has used his spcieal move and attacks for 20
Kraberuncheon has blocked 16 damage
Kraberuncheon has taken 4. He has 6 health left.
Kraberuncheon attacks for 7
Kani 006 has blocked 5 damage
Kani 006 has taken 2. He has 12 health left.
Kani 006 attacks for 10
Kraberuncheon has blocked 13 damage
Kraberuncheon has used his spcieal move and attacks for 17
Kani 006 has blocked 11 damage
Kani 006 has taken 6. He has 6 health left.
Kani 006 attacks for 6
Kraberuncheon has blocked 14 damage
Kraberuncheon attacks for 4
Kani 006 has blocked 6 damage
Kani 006 attacks for 7
Kraberuncheon has blocked 18 damage
Kraberuncheon attacks for 13
Kani 006 has blocked 11 damage
Kani 006 has taken 2. He has 4 health left.
Kani 006 attacks for 13
Kraberuncheon has blocked 18 damage
Kraberuncheon attacks for 4
Kani 006 has blocked 7 damage
Kani 006 has used his spcieal move and attacks for 13
Kraberuncheon has blocked 14 damage
Kraberuncheon attacks for 7
Kani 006 has blocked 7 damage
Kani 006 attacks for 7
Kraberuncheon has blocked 14 damage
Kraberuncheon attacks for 8
Kani 006 has blocked 6 damage
Kani 006 has taken 2. He has 2 health left.
Kani 006 attacks for 15
Kraberuncheon has blocked 13 damage
Kraberuncheon has taken 2. He has 4 health left.
Kraberuncheon has used his spcieal move and attacks for 11
Kani 006 has blocked 5 damage
Kani 006 has taken 6. He has 0 health left.
*** The battle has ended ***
** The winner is Kraberuncheon **
****************************
------- A NEW BATTLE BEGINS ------
--- Kani 025 vs. River ---
----------------------------------
In this battle Kani 025 has a damage multiplier of 1.5, a defense buff of 1 , and 13 health.
While River has a damage multiplier of 1, a defense buff of 1, and 6 health.
River attacks first
River attacks for 20
Kani 025 has blocked 10 damage
Kani 025 has taken 10. He has 3 health left.
Kani 025 attacks for 23
River has blocked 45 damage
River attacks for 22
Kani 025 has blocked 13 damage
Kani 025 has taken 9. He has 0 health left.
*** The battle has ended ***
** The winner is River **
****************************
------- A NEW BATTLE BEGINS ------
--- Number 10 vs. Kani 037 ---
----------------------------------
In this battle Number 10 has a damage multiplier of 1.5, a defense buff of 1 , and 11 health.
While Kani 037 has a damage multiplier of 1, a defense buff of 1, and 7 health.
Kani 037 attacks first
Kani 037 attacks for 6
Number 10 has blocked 14 damage
Number 10 attacks for 16
Kani 037 has blocked 15 damage
Kani 037 has taken 1. He has 6 health left.
Kani 037 attacks for 10
Number 10 has blocked 14 damage
Number 10 attacks for 11
Kani 037 has blocked 19 damage
Kani 037 attacks for 8
Number 10 has blocked 13 damage
Number 10 attacks for 11
Kani 037 has blocked 20 damage
Kani 037 attacks for 10
Number 10 has blocked 17 damage
Number 10 attacks for 7
Kani 037 has blocked 20 damage
Kani 037 attacks for 6
Number 10 has blocked 12 damage
Number 10 attacks for 8
Kani 037 has blocked 15 damage
Kani 037 attacks for 4
Number 10 has blocked 13 damage
Number 10 attacks for 14
Kani 037 has blocked 18 damage
Kani 037 has used his spcieal move and attacks for 21
Number 10 has blocked 18 damage
Number 10 has taken 3. He has 8 health left.
Number 10 has used his spcieal move and attacks for 18
Kani 037 has blocked 17 damage
Kani 037 has taken 1. He has 5 health left.
Kani 037 attacks for 8
Number 10 has blocked 16 damage
Number 10 attacks for 10
Kani 037 has blocked 16 damage
Kani 037 attacks for 8
Number 10 has blocked 14 damage
Number 10 attacks for 13
Kani 037 has blocked 15 damage
Kani 037 attacks for 9
Number 10 has blocked 15 damage
Number 10 attacks for 8
Kani 037 has blocked 19 damage
Kani 037 attacks for 5
Number 10 has blocked 13 damage
Number 10 attacks for 7
Kani 037 has blocked 19 damage
Kani 037 attacks for 6
Number 10 has blocked 15 damage
Number 10 attacks for 10
Kani 037 has blocked 20 damage
Kani 037 attacks for 10
Number 10 has blocked 18 damage
Number 10 attacks for 14
Kani 037 has blocked 17 damage
Kani 037 has used his spcieal move and attacks for 22
Number 10 has blocked 15 damage
Number 10 has taken 7. He has 1 health left.
Number 10 has used his spcieal move and attacks for 8
Kani 037 has blocked 21 damage
Kani 037 attacks for 5
Number 10 has blocked 15 damage
Number 10 attacks for 7
Kani 037 has blocked 21 damage
Kani 037 attacks for 9
Number 10 has blocked 14 damage
Number 10 attacks for 8
Kani 037 has blocked 17 damage
Kani 037 attacks for 6
Number 10 has blocked 16 damage
Number 10 attacks for 14
Kani 037 has blocked 19 damage
Kani 037 attacks for 9
Number 10 has blocked 17 damage
Number 10 attacks for 13
Kani 037 has blocked 21 damage
Kani 037 attacks for 6
Number 10 has blocked 12 damage
Number 10 attacks for 8
Kani 037 has blocked 20 damage
Kani 037 attacks for 7
Number 10 has blocked 18 damage
Number 10 attacks for 16
Kani 037 has blocked 17 damage
Kani 037 has used his spcieal move and attacks for 24
Number 10 has blocked 18 damage
Number 10 has taken 6. He has 0 health left.
*** The battle has ended ***
** The winner is Kani 037 **
****************************
------- A NEW BATTLE BEGINS ------
--- Kani 031 vs. Kani 035 ---
----------------------------------
In this battle Kani 031 has a damage multiplier of 1.5, a defense buff of 1 , and 13 health.
While Kani 035 has a damage multiplier of 1.5, a defense buff of 1, and 8 health.
Kani 035 attacks first
Kani 035 attacks for 10
Kani 031 has blocked 14 damage
Kani 031 attacks for 8
Kani 035 has blocked 11 damage
Kani 035 attacks for 7
Kani 031 has blocked 9 damage
Kani 031 attacks for 9
Kani 035 has blocked 9 damage
Kani 035 attacks for 7
Kani 031 has blocked 14 damage
Kani 031 attacks for 8
Kani 035 has blocked 9 damage
Kani 035 attacks for 7
Kani 031 has blocked 9 damage
Kani 031 attacks for 17
Kani 035 has blocked 15 damage
Kani 035 has taken 2. He has 6 health left.
Kani 035 attacks for 13
Kani 031 has blocked 8 damage
Kani 031 has taken 5. He has 8 health left.
Kani 031 attacks for 12
Kani 035 has blocked 12 damage
Kani 035 has used his spcieal move and attacks for 15
Kani 031 has blocked 9 damage
Kani 031 has taken 6. He has 2 health left.
Kani 031 has used his spcieal move and attacks for 10
Kani 035 has blocked 9 damage
Kani 035 has taken 1. He has 5 health left.
Kani 035 attacks for 14
Kani 031 has blocked 11 damage
Kani 031 has taken 3. He has 0 health left.
*** The battle has ended ***
** The winner is Kani 035 **
****************************
------- A NEW BATTLE BEGINS ------
--- Kani 008 vs. Kani 022 ---
----------------------------------
In this battle Kani 008 has a damage multiplier of 1.5, a defense buff of 1 , and 10 health.
While Kani 022 has a damage multiplier of 1.5, a defense buff of 1, and 9 health.
Kani 008 attacks first
Kani 008 attacks for 5
Kani 022 has blocked 12 damage
Kani 022 attacks for 14
Kani 008 has blocked 14 damage
Kani 008 attacks for 9
Kani 022 has blocked 9 damage
Kani 022 attacks for 14
Kani 008 has blocked 10 damage
Kani 008 has taken 4. He has 6 health left.
Kani 008 attacks for 14
Kani 022 has blocked 14 damage
Kani 022 attacks for 15
Kani 008 has blocked 10 damage
Kani 008 has taken 5. He has 1 health left.
Kani 008 attacks for 12
Kani 022 has blocked 12 damage
Kani 022 attacks for 18
Kani 008 has blocked 14 damage
Kani 008 has taken 4. He has 0 health left.
*** The battle has ended ***
** The winner is Kani 022 **
****************************
------- A NEW BATTLE BEGINS ------
--- Mr. Deep vs. Kani 012 ---
----------------------------------
In this battle Mr. Deep has a damage multiplier of 1, a defense buff of 1 , and 14 health.
While Kani 012 has a damage multiplier of 1, a defense buff of 1.5, and 11 health.
Mr. Deep attacks first
Mr. Deep attacks for 15
Kani 012 has blocked 13.5 damage
Kani 012 has taken 1.5. He has 9.5 health left.
Kani 012 attacks for 7
Mr. Deep has blocked 41 damage
Mr. Deep attacks for 18
Kani 012 has blocked 10.5 damage
Kani 012 has taken 7.5. He has 2.0 health left.
Kani 012 attacks for 9
Mr. Deep has blocked 41 damage
Mr. Deep attacks for 15
Kani 012 has blocked 6.0 damage
Kani 012 has taken 9.0. He has -7.0 health left.
*** The battle has ended ***
** The winner is Mr. Deep **
****************************
------- A NEW BATTLE BEGINS ------
--- Kani 017 vs. Mr Flush ---
----------------------------------
In this battle Kani 017 has a damage multiplier of 1.5, a defense buff of 1 , and 4 health.
While Mr Flush has a damage multiplier of 1, a defense buff of 1, and 7 health.
Mr Flush attacks first
Mr Flush attacks for 9
Kani 017 has blocked 18 damage
Kani 017 attacks for 18
Mr Flush has blocked 12 damage
Mr Flush has taken 6. He has 1 health left.
Mr Flush attacks for 11
Kani 017 has blocked 16 damage
Kani 017 attacks for 18
Mr Flush has blocked 15 damage
Mr Flush has taken 3. He has 0 health left.
*** The battle has ended ***
** The winner is Kani 017 **
****************************
------- A NEW BATTLE BEGINS ------
--- Mr. Deep vs. Kani 023 ---
----------------------------------
In this battle Mr. Deep has a damage multiplier of 1, a defense buff of 1 , and 14 health.
While Kani 023 has a damage multiplier of 1, a defense buff of 1, and 7 health.
Mr. Deep attacks first
Mr. Deep attacks for 19
Kani 023 has blocked 12 damage
Kani 023 has taken 7. He has 0 health left.
*** The battle has ended ***
** The winner is Mr. Deep **
****************************
------- A NEW BATTLE BEGINS ------
--- Kani 017 vs. Kani 036 ---
----------------------------------
In this battle Kani 017 has a damage multiplier of 1, a defense buff of 1 , and 4 health.
While Kani 036 has a damage multiplier of 1.5, a defense buff of 1, and 12 health.
Kani 017 attacks first
Kani 017 attacks for 15
Kani 036 has blocked 11 damage
Kani 036 has taken 4. He has 8 health left.
Kani 036 attacks for 17
Kani 017 has blocked 15 damage
Kani 017 has taken 2. He has 2 health left.
Kani 017 attacks for 15
Kani 036 has blocked 7 damage
Kani 036 has taken 8. He has 0 health left.
*** The battle has ended ***
** The winner is Kani 017 **
****************************
------- A NEW BATTLE BEGINS ------
--- River vs. Kani 039 ---
----------------------------------
In this battle River has a damage multiplier of 1, a defense buff of 1 , and 6 health.
While Kani 039 has a damage multiplier of 1, a defense buff of 1, and 7 health.
River attacks first
River attacks for 22
Kani 039 has blocked 19 damage
Kani 039 has taken 3. He has 4 health left.
Kani 039 attacks for 13
River has blocked 43 damage
River attacks for 18
Kani 039 has blocked 19 damage
Kani 039 attacks for 12
River has blocked 46 damage
River attacks for 18
Kani 039 has blocked 16 damage
Kani 039 has taken 2. He has 2 health left.
Kani 039 attacks for 11
River has blocked 47 damage
River attacks for 21
Kani 039 has blocked 18 damage
Kani 039 has taken 3. He has -1 health left.
*** The battle has ended ***
** The winner is River **
****************************
------- A NEW BATTLE BEGINS ------
--- Kani 035 vs. Kani 011 ---
----------------------------------
In this battle Kani 035 has a damage multiplier of 1.5, a defense buff of 1 , and 8 health.
While Kani 011 has a damage multiplier of 1.5, a defense buff of 1, and 10 health.
Kani 035 attacks first
Kani 035 attacks for 14
Kani 011 has blocked 17 damage
Kani 011 attacks for 11
Kani 035 has blocked 13 damage
Kani 035 attacks for 11
Kani 011 has blocked 16 damage
Kani 011 attacks for 11
Kani 035 has blocked 11 damage
Kani 035 attacks for 7
Kani 011 has blocked 18 damage
Kani 011 attacks for 16
Kani 035 has blocked 10 damage
Kani 035 has taken 6. He has 2 health left.
Kani 035 attacks for 11
Kani 011 has blocked 13 damage
Kani 011 attacks for 11
Kani 035 has blocked 15 damage
Kani 035 attacks for 13
Kani 011 has blocked 17 damage
Kani 011 attacks for 10
Kani 035 has blocked 14 damage
Kani 035 has used his spcieal move and attacks for 21
Kani 011 has blocked 13 damage
Kani 011 has taken 8. He has 2 health left.
Kani 011 attacks for 14
Kani 035 has blocked 10 damage
Kani 035 has taken 4. He has 0 health left.
*** The battle has ended ***
** The winner is Kani 011 **
****************************
------- A NEW BATTLE BEGINS ------
--- Kani 026 vs. Kani 022 ---
----------------------------------
In this battle Kani 026 has a damage multiplier of 1, a defense buff of 1 , and 9 health.
While Kani 022 has a damage multiplier of 1, a defense buff of 1, and 9 health.
Kani 022 attacks first
Kani 022 attacks for 18
Kani 026 has blocked 20 damage
Kani 026 attacks for 16
Kani 022 has blocked 15 damage
Kani 022 has taken 1. He has 8 health left.
Kani 022 attacks for 14
Kani 026 has blocked 20 damage
Kani 026 attacks for 16
Kani 022 has blocked 12 damage
Kani 022 has taken 4. He has 4 health left.
Kani 022 attacks for 19
Kani 026 has blocked 18 damage
Kani 026 has taken 1. He has 8 health left.
Kani 026 attacks for 16
Kani 022 has blocked 13 damage
Kani 022 has taken 3. He has 1 health left.
Kani 022 attacks for 16
Kani 026 has blocked 20 damage
Kani 026 attacks for 14
Kani 022 has blocked 10 damage
Kani 022 has taken 4. He has 0 health left.
*** The battle has ended ***
** The winner is Kani 026 **
****************************
------- A NEW BATTLE BEGINS ------
--- Kani 038 vs. Kani 041 ---
----------------------------------
In this battle Kani 038 has a damage multiplier of 1.5, a defense buff of 1 , and 10 health.
While Kani 041 has a damage multiplier of 1, a defense buff of 1, and 10 health.
Kani 038 attacks first
Kani 038 attacks for 15
Kani 041 has blocked 14 damage
Kani 041 has taken 1. He has 9 health left.
Kani 041 attacks for 8
Kani 038 has blocked 14 damage
Kani 038 attacks for 8
Kani 041 has blocked 13 damage
Kani 041 attacks for 7
Kani 038 has blocked 16 damage
Kani 038 attacks for 14
Kani 041 has blocked 12 damage
Kani 041 has taken 2. He has 7 health left.
Kani 041 attacks for 9
Kani 038 has blocked 18 damage
Kani 038 attacks for 12
Kani 041 has blocked 13 damage
Kani 041 attacks for 9
Kani 038 has blocked 15 damage
Kani 038 attacks for 11
Kani 041 has blocked 15 damage
Kani 041 attacks for 10
Kani 038 has blocked 13 damage
Kani 038 attacks for 14
Kani 041 has blocked 18 damage
Kani 041 has used his spcieal move and attacks for 21
Kani 038 has blocked 15 damage
Kani 038 has taken 6. He has 4 health left.
Kani 038 attacks for 14
Kani 041 has blocked 15 damage
Kani 041 attacks for 8
Kani 038 has blocked 18 damage
Kani 038 has used his spcieal move and attacks for 27
Kani 041 has blocked 14 damage
Kani 041 has taken 13. He has -6 health left.
*** The battle has ended ***
** The winner is Kani 038 **
****************************
------- A NEW BATTLE BEGINS ------
--- The Terminator vs. Kani 034 ---
----------------------------------
In this battle The Terminator has a damage multiplier of 1, a defense buff of 1 , and 4 health.
While Kani 034 has a damage multiplier of 1.5, a defense buff of 1.5, and 12 health.
Kani 034 attacks first
Kani 034 attacks for 13
The Terminator has blocked 40 damage
The Terminator attacks for 32
Kani 034 has blocked 14.5 damage
Kani 034 has taken 17.5. He has 0 health left.
*** The battle has ended ***
** The winner is The Terminator **
****************************
------- A NEW BATTLE BEGINS ------
--- Kani 029 vs. Mr. Deep ---
----------------------------------
In this battle Kani 029 has a damage multiplier of 1, a defense buff of 1 , and 18 health.
While Mr. Deep has a damage multiplier of 1, a defense buff of 1, and 14 health.
Mr. Deep attacks first
Mr. Deep attacks for 21
Kani 029 has blocked 24 damage
Kani 029 attacks for 40
Mr. Deep has blocked 38 damage
Mr. Deep has taken 2. He has 12 health left.
Mr. Deep attacks for 16
Kani 029 has blocked 21 damage
Kani 029 attacks for 37
Mr. Deep has blocked 42 damage
Mr. Deep attacks for 21
Kani 029 has blocked 23 damage
Kani 029 attacks for 40
Mr. Deep has blocked 39 damage
Mr. Deep has taken 1. He has 11 health left.
Mr. Deep attacks for 17
Kani 029 has blocked 25 damage
Kani 029 attacks for 40
Mr. Deep has blocked 42 damage
Mr. Deep attacks for 18
Kani 029 has blocked 23 damage
Kani 029 attacks for 39
Mr. Deep has blocked 37 damage
Mr. Deep has taken 2. He has 9 health left.
Mr. Deep attacks for 15
Kani 029 has blocked 21 damage
Kani 029 has used his spcieal move and attacks for 54
Mr. Deep has blocked 42 damage
Mr. Deep has taken 12. He has 0 health left.
*** The battle has ended ***
** The winner is Kani 029 **
****************************
------- A NEW BATTLE BEGINS ------
--- Kani 029 vs. The Terminator ---
----------------------------------
In this battle Kani 029 has a damage multiplier of 1.5, a defense buff of 1 , and 18 health.
While The Terminator has a damage multiplier of 1, a defense buff of 1, and 4 health.
Kani 029 attacks first
Kani 029 attacks for 34
The Terminator has blocked 42 damage
The Terminator attacks for 35
Kani 029 has blocked 21 damage
Kani 029 has taken 14. He has 4 health left.
Kani 029 attacks for 35
The Terminator has blocked 39 damage
The Terminator attacks for 34
Kani 029 has blocked 26 damage
Kani 029 has taken 8. He has 0 health left.
*** The battle has ended ***
** The winner is The Terminator **
****************************
------- A NEW BATTLE BEGINS ------
--- Kani 038 vs. Kraberuncheon ---
----------------------------------
In this battle Kani 038 has a damage multiplier of 1.5, a defense buff of 1 , and 10 health.
While Kraberuncheon has a damage multiplier of 1, a defense buff of 1.5, and 10 health.
Kraberuncheon attacks first
Kraberuncheon attacks for 8
Kani 038 has blocked 17 damage
Kani 038 attacks for 14
Kraberuncheon has blocked 21.0 damage
Kraberuncheon attacks for 9
Kani 038 has blocked 15 damage
Kani 038 attacks for 12
Kraberuncheon has blocked 18.0 damage
Kraberuncheon attacks for 10
Kani 038 has blocked 15 damage
Kani 038 attacks for 12
Kraberuncheon has blocked 19.5 damage
Kraberuncheon attacks for 6
Kani 038 has blocked 19 damage
Kani 038 attacks for 8
Kraberuncheon has blocked 15.0 damage
Kraberuncheon attacks for 4
Kani 038 has blocked 17 damage
Kani 038 attacks for 11
Kraberuncheon has blocked 21.0 damage
Kraberuncheon has used his spcieal move and attacks for 16
Kani 038 has blocked 19 damage
Kani 038 attacks for 12
Kraberuncheon has blocked 13.5 damage
Kraberuncheon attacks for 7
Kani 038 has blocked 15 damage
Kani 038 attacks for 17
Kraberuncheon has blocked 13.5 damage
Kraberuncheon has taken 3.5. He has 6.5 health left.
Kraberuncheon attacks for 6
Kani 038 has blocked 19 damage
Kani 038 has used his spcieal move and attacks for 24
Kraberuncheon has blocked 18.0 damage
Kraberuncheon has taken 6.0. He has 0.5 health left.
Kraberuncheon attacks for 7
Kani 038 has blocked 16 damage
Kani 038 attacks for 15
Kraberuncheon has blocked 21.0 damage
Kraberuncheon attacks for 5
Kani 038 has blocked 13 damage
Kani 038 attacks for 14
Kraberuncheon has blocked 18.0 damage
Kraberuncheon attacks for 4
Kani 038 has blocked 13 damage
Kani 038 attacks for 8
Kraberuncheon has blocked 12.0 damage
Kraberuncheon has used his spcieal move and attacks for 5.5
Kani 038 has blocked 15 damage
Kani 038 attacks for 14
Kraberuncheon has blocked 19.5 damage
Kraberuncheon attacks for 4
Kani 038 has blocked 17 damage
Kani 038 attacks for 12
Kraberuncheon has blocked 18.0 damage
Kraberuncheon attacks for 5
Kani 038 has blocked 19 damage
Kani 038 attacks for 12
Kraberuncheon has blocked 12.0 damage
Kraberuncheon attacks for 10
Kani 038 has blocked 18 damage
Kani 038 attacks for 8
Kraberuncheon has blocked 15.0 damage
Kraberuncheon attacks for 9
Kani 038 has blocked 16 damage
Kani 038 has used his spcieal move and attacks for 22
Kraberuncheon has blocked 16.5 damage
Kraberuncheon has taken 5.5. He has 0 health left.
*** The battle has ended ***
** The winner is Kani 038 **
****************************
------- A NEW BATTLE BEGINS ------
--- Kani 037 vs. River ---
----------------------------------
In this battle Kani 037 has a damage multiplier of 1.5, a defense buff of 1 , and 7 health.
While River has a damage multiplier of 1.5, a defense buff of 1, and 6 health.
Kani 037 attacks first
Kani 037 attacks for 11
River has blocked 44 damage
River attacks for 18
Kani 037 has blocked 21 damage
Kani 037 attacks for 7
River has blocked 43 damage
River attacks for 21
Kani 037 has blocked 16 damage
Kani 037 has taken 5. He has 2 health left.
Kani 037 attacks for 5
River has blocked 43 damage
River attacks for 23
Kani 037 has blocked 21 damage
Kani 037 has taken 2. He has 0 health left.
*** The battle has ended ***
** The winner is River **
****************************
------- A NEW BATTLE BEGINS ------
--- Snappy vs. Kani 011 ---
----------------------------------
In this battle Snappy has a damage multiplier of 1, a defense buff of 1 , and 8 health.
While Kani 011 has a damage multiplier of 1, a defense buff of 1, and 10 health.
Kani 011 attacks first
Kani 011 attacks for 9
Snappy has blocked 5 damage
Snappy has taken 4. He has 4 health left.
Snappy attacks for 13
Kani 011 has blocked 17 damage
Kani 011 attacks for 8
Snappy has blocked 11 damage
Snappy attacks for 17
Kani 011 has blocked 15 damage
Kani 011 has taken 2. He has 8 health left.
Kani 011 attacks for 9
Snappy has blocked 9 damage
Snappy attacks for 17
Kani 011 has blocked 17 damage
Kani 011 attacks for 9
Snappy has blocked 7 damage
Snappy has taken 2. He has 2 health left.
Snappy attacks for 16
Kani 011 has blocked 17 damage
Kani 011 attacks for 12
Snappy has blocked 11 damage
Snappy has taken 1. He has 1 health left.
Snappy attacks for 13
Kani 011 has blocked 15 damage
Kani 011 attacks for 12
Snappy has blocked 7 damage
Snappy has taken 5. He has 0 health left.
*** The battle has ended ***
** The winner is Kani 011 **
****************************
------- A NEW BATTLE BEGINS ------
--- River vs. Kani 026 ---
----------------------------------
In this battle River has a damage multiplier of 1, a defense buff of 1 , and 6 health.
While Kani 026 has a damage multiplier of 1.5, a defense buff of 1, and 9 health.
River attacks first
River attacks for 20
Kani 026 has blocked 19 damage
Kani 026 has taken 1. He has 8 health left.
Kani 026 attacks for 14
River has blocked 42 damage
River attacks for 17
Kani 026 has blocked 17 damage
Kani 026 attacks for 17
River has blocked 48 damage
River attacks for 20
Kani 026 has blocked 18 damage
Kani 026 has taken 2. He has 6 health left.
Kani 026 attacks for 14
River has blocked 48 damage
River attacks for 22
Kani 026 has blocked 14 damage
Kani 026 has taken 8. He has -2 health left.
*** The battle has ended ***
** The winner is River **
****************************
------- A NEW BATTLE BEGINS ------
--- Kani 038 vs. The Terminator ---
----------------------------------
In this battle Kani 038 has a damage multiplier of 1.5, a defense buff of 1 , and 10 health.
While The Terminator has a damage multiplier of 1, a defense buff of 1.5, and 4 health.
Kani 038 attacks first
Kani 038 attacks for 15
The Terminator has blocked 46.5 damage
The Terminator attacks for 33
Kani 038 has blocked 16 damage
Kani 038 has taken 17. He has 0 health left.
*** The battle has ended ***
** The winner is The Terminator **
****************************
------- A NEW BATTLE BEGINS ------
--- Sathington Willoughby vs. Ichie ---
----------------------------------
In this battle Sathington Willoughby has a damage multiplier of 1, a defense buff of 1 , and 12 health.
While Ichie has a damage multiplier of 1, a defense buff of 1, and 12 health.
Ichie attacks first
Ichie attacks for 34
Sathington Willoughby has blocked 19 damage
Sathington Willoughby has taken 15. He has 0 health left.
*** The battle has ended ***
** The winner is Ichie **
****************************
------- A NEW BATTLE BEGINS ------
--- Decipher These Claws vs. Mr Puddle ---
----------------------------------
In this battle Decipher These Claws has a damage multiplier of 1, a defense buff of 1 , and 4 health.
While Mr Puddle has a damage multiplier of 1, a defense buff of 1, and 4 health.
Mr Puddle attacks first
Mr Puddle attacks for 17
Decipher These Claws has blocked 20 damage
Decipher These Claws attacks for 12
Mr Puddle has blocked 10 damage
Mr Puddle has taken 2. He has 2 health left.
Mr Puddle attacks for 16
Decipher These Claws has blocked 19 damage
Decipher These Claws attacks for 12
Mr Puddle has blocked 10 damage
Mr Puddle has taken 2. He has 0 health left.
*** The battle has ended ***
** The winner is Decipher These Claws **
****************************
------- A NEW BATTLE BEGINS ------
--- Kani 011 vs. Kani 017 ---
----------------------------------
In this battle Kani 011 has a damage multiplier of 1, a defense buff of 1 , and 10 health.
While Kani 017 has a damage multiplier of 1, a defense buff of 1, and 4 health.
Kani 011 attacks first
Kani 011 attacks for 9
Kani 017 has blocked 14 damage
Kani 017 attacks for 19
Kani 011 has blocked 16 damage
Kani 011 has taken 3. He has 7 health left.
Kani 011 attacks for 13
Kani 017 has blocked 18 damage
Kani 017 attacks for 17
Kani 011 has blocked 13 damage
Kani 011 has taken 4. He has 3 health left.
Kani 011 attacks for 8
Kani 017 has blocked 16 damage
Kani 017 attacks for 15
Kani 011 has blocked 12 damage
Kani 011 has taken 3. He has 0 health left.
*** The battle has ended ***
** The winner is Kani 017 **
****************************
------- A NEW BATTLE BEGINS ------
--- Decipher These Claws vs. Ichie ---
----------------------------------
In this battle Decipher These Claws has a damage multiplier of 1, a defense buff of 1 , and 4 health.
While Ichie has a damage multiplier of 1, a defense buff of 1, and 12 health.
Ichie attacks first
Ichie attacks for 28
Decipher These Claws has blocked 14 damage
Decipher These Claws has taken 14. He has 0 health left.
*** The battle has ended ***
** The winner is Ichie **
****************************
------- A NEW BATTLE BEGINS ------
--- Snips vs. Pinky ---
----------------------------------
In this battle Snips has a damage multiplier of 1.5, a defense buff of 1 , and 7 health.
While Pinky has a damage multiplier of 1, a defense buff of 1, and 7 health.
Pinky attacks first
Pinky attacks for 14
Snips has blocked 15 damage
Snips attacks for 8
Pinky has blocked 13 damage
Pinky attacks for 11
Snips has blocked 15 damage
Snips attacks for 5
Pinky has blocked 18 damage
Pinky attacks for 11
Snips has blocked 16 damage
Snips attacks for 14
Pinky has blocked 14 damage
Pinky attacks for 11
Snips has blocked 19 damage
Snips attacks for 5
Pinky has blocked 15 damage
Pinky attacks for 16
Snips has blocked 15 damage
Snips has taken 1. He has 6 health left.
Snips attacks for 12
Pinky has blocked 17 damage
Pinky attacks for 16
Snips has blocked 15 damage
Snips has taken 1. He has 5 health left.
Snips attacks for 11
Pinky has blocked 18 damage
Pinky attacks for 14
Snips has blocked 15 damage
Snips has used his spcieal move and attacks for 13
Pinky has blocked 14 damage
Pinky attacks for 11
Snips has blocked 17 damage
Snips attacks for 11
Pinky has blocked 16 damage
Pinky attacks for 17
Snips has blocked 17 damage
Snips attacks for 14
Pinky has blocked 15 damage
Pinky has used his spcieal move and attacks for 24
Snips has blocked 14 damage
Snips has taken 10. He has 0 health left.
*** The battle has ended ***
** The winner is Pinky **
****************************
------- A NEW BATTLE BEGINS ------
--- Pinky vs. Kani 017 ---
----------------------------------
In this battle Pinky has a damage multiplier of 1, a defense buff of 1 , and 7 health.
While Kani 017 has a damage multiplier of 1, a defense buff of 1, and 4 health.
Pinky attacks first
Pinky attacks for 12
Kani 017 has blocked 12 damage
Kani 017 attacks for 19
Pinky has blocked 13 damage
Pinky has taken 6. He has 1 health left.
Pinky attacks for 11
Kani 017 has blocked 12 damage
Kani 017 attacks for 19
Pinky has blocked 17 damage
Pinky has taken 2. He has 0 health left.
*** The battle has ended ***
** The winner is Kani 017 **
****************************
------- A NEW BATTLE BEGINS ------
--- River vs. Kani 017 ---
----------------------------------
In this battle River has a damage multiplier of 1, a defense buff of 1 , and 6 health.
While Kani 017 has a damage multiplier of 1, a defense buff of 1, and 4 health.
River attacks first
River attacks for 22
Kani 017 has blocked 15 damage
Kani 017 has taken 7. He has -3 health left.
*** The battle has ended ***
** The winner is River **
****************************
------- A NEW BATTLE BEGINS ------
--- Green Machine vs. Ichie ---
----------------------------------
In this battle Green Machine has a damage multiplier of 1, a defense buff of 1 , and 7 health.
While Ichie has a damage multiplier of 1, a defense buff of 1, and 12 health.
Ichie attacks first
Ichie attacks for 30
Green Machine has blocked 18 damage
Green Machine has taken 12. He has 0 health left.
*** The battle has ended ***
** The winner is Ichie **
****************************
------- A NEW BATTLE BEGINS ------
--- The Terminator vs. River ---
----------------------------------
In this battle The Terminator has a damage multiplier of 1, a defense buff of 1 , and 4 health.
While River has a damage multiplier of 1, a defense buff of 1, and 6 health.
River attacks first
River attacks for 19
The Terminator has blocked 43 damage
The Terminator attacks for 34
River has blocked 42 damage
River attacks for 20
The Terminator has blocked 44 damage
The Terminator attacks for 32
River has blocked 45 damage
River attacks for 23
The Terminator has blocked 44 damage
The Terminator attacks for 31
River has blocked 44 damage
River attacks for 20
The Terminator has blocked 43 damage
The Terminator attacks for 35
River has blocked 43 damage
River attacks for 17
The Terminator has blocked 39 damage
The Terminator attacks for 31
River has blocked 48 damage
River attacks for 22
The Terminator has blocked 42 damage
The Terminator attacks for 34
River has blocked 45 damage
River attacks for 18
The Terminator has blocked 44 damage
The Terminator attacks for 35
River has blocked 45 damage
River has used his spcieal move and attacks for 38
The Terminator has blocked 42 damage
The Terminator attacks for 30
River has blocked 46 damage
River attacks for 19
The Terminator has blocked 43 damage
The Terminator attacks for 30
River has blocked 43 damage
River attacks for 19
The Terminator has blocked 43 damage
The Terminator attacks for 31
River has blocked 45 damage
River attacks for 22
The Terminator has blocked 43 damage
The Terminator attacks for 36
River has blocked 45 damage
River attacks for 23
The Terminator has blocked 40 damage
The Terminator has used his spcieal move and attacks for 60
River has blocked 48 damage
River has taken 12. He has 0 health left.
*** The battle has ended ***
** The winner is The Terminator **
****************************
------- A NEW BATTLE BEGINS ------
--- Kani 030 vs. The Terminator ---
----------------------------------
In this battle Kani 030 has a damage multiplier of 1, a defense buff of 1.5 , and 10 health.
While The Terminator has a damage multiplier of 1, a defense buff of 1.5, and 4 health.
The Terminator attacks first
The Terminator attacks for 31
Kani 030 has blocked 13.0 damage
Kani 030 has taken 18.0. He has 0 health left.
*** The battle has ended ***
** The winner is The Terminator **
****************************
The battles have been fought and only 2 Kani remain undefeated
Kani 1 is a colourful Kani, highlights are 360.
Queen of the East(394251425) and Ichie(403311881) are the parents of 3 new Kani.
Number of Offspring: 3, Mother Appeal: 5 Father Appeal: 9 - Ichie has a 70% chance to win a Kani. Need a roll greater than 30 Roll:29
Ichie has rolled a 29 but unfortuantely Queen of the East has claimed all the new Kani, Kani number 1. Will be added to the community prize pool.
Queen fo the West(394250676) and The Terminator(437786871) are the parents of 2 new Kani.
Number of Offspring: 2, Mother Appeal: 11 Father Appeal: 9 - The Terminator has a 20% chance to win a Kani. Need a roll greater than 80 Roll:34
The Terminator has rolled a 34 but unfortuantely Queen fo the West has claimed all the new Kani, Kani number 5. Will be added to the community prize pool.
**The Kani Generating Event has ended**
5 new Kani have been created.
New Kani 1, Power:11, Wrestle: 11, Stamina: 13, Appeal: 5, Speed: 13, Mutation: False
New Kani 2, Power:14, Wrestle: 7, Stamina: 13, Appeal: 6, Speed: 14, Mutation: False
New Kani 3, Power:8, Wrestle: 12, Stamina: 13, Appeal: 7, Speed: 15, Mutation: False
New Kani 4, Power:11, Wrestle: 10, Stamina: 9, Appeal: 10, Speed: 14, Mutation: False
New Kani 5, Power:7, Wrestle: 9, Stamina: 12, Appeal: 12, Speed: 19, Mutation: False
