42 Kani have been released into the battlefield.
The Queen Kani for this KGE are Queen of the North & Queen of the South
------- A NEW BATTLE BEGINS ------
--- Kani 012 vs. River ---
----------------------------------
In this battle Kani 012 has a damage multiplier of 1, a defense buff of 1 , and 12 health.
While River has a damage multiplier of 1, a defense buff of 1, and 7 health.
Kani 012 attacks first
Kani 012 attacks for 7
River has blocked 11 damage
River attacks for 13
Kani 012 has blocked 9 damage
Kani 012 has taken 4. He has 8 health left.
Kani 012 attacks for 10
River has blocked 12 damage
River attacks for 13
Kani 012 has blocked 5 damage
Kani 012 has taken 8. He has 0 health left.
*** The battle has ended ***
** The winner is River **
****************************
------- A NEW BATTLE BEGINS ------
--- Eugene vs. James Bond ---
----------------------------------
In this battle Eugene has a damage multiplier of 1, a defense buff of 1 , and 13 health.
While James Bond has a damage multiplier of 1, a defense buff of 1, and 5 health.
James Bond attacks first
James Bond attacks for 15
Eugene has blocked 11 damage
Eugene has taken 4. He has 9 health left.
Eugene attacks for 16
James Bond has blocked 18 damage
James Bond attacks for 12
Eugene has blocked 9 damage
Eugene has taken 3. He has 6 health left.
Eugene attacks for 15
James Bond has blocked 14 damage
James Bond has taken 1. He has 4 health left.
James Bond attacks for 12
Eugene has blocked 9 damage
Eugene has taken 3. He has 3 health left.
Eugene attacks for 15
James Bond has blocked 16 damage
James Bond attacks for 10
Eugene has blocked 8 damage
Eugene has taken 2. He has 1 health left.
Eugene attacks for 15
James Bond has blocked 18 damage
James Bond attacks for 11
Eugene has blocked 11 damage
Eugene attacks for 16
James Bond has blocked 17 damage
James Bond attacks for 12
Eugene has blocked 8 damage
Eugene has taken 4. He has 0 health left.
*** The battle has ended ***
** The winner is James Bond **
****************************
------- A NEW BATTLE BEGINS ------
--- Kani 036 vs. Kani 037 ---
----------------------------------
In this battle Kani 036 has a damage multiplier of 1, a defense buff of 1.5 , and 13 health.
While Kani 037 has a damage multiplier of 1, a defense buff of 1, and 8 health.
Kani 036 attacks first
Kani 036 attacks for 14
Kani 037 has blocked 16 damage
Kani 037 attacks for 11
Kani 036 has blocked 8.0 damage
Kani 036 has taken 3.0. He has 10.0 health left.
Kani 036 attacks for 9
Kani 037 has blocked 16 damage
Kani 037 attacks for 6
Kani 036 has blocked 5.0 damage
Kani 036 has taken 1.0. He has 9.0 health left.
Kani 036 attacks for 10
Kani 037 has blocked 17 damage
Kani 037 attacks for 9
Kani 036 has blocked 5.0 damage
Kani 036 has taken 4.0. He has 5.0 health left.
Kani 036 attacks for 14
Kani 037 has blocked 14 damage
Kani 037 attacks for 11
Kani 036 has blocked 8.0 damage
Kani 036 has taken 3.0. He has 2.0 health left.
Kani 036 attacks for 12
Kani 037 has blocked 14 damage
Kani 037 attacks for 7
Kani 036 has blocked 14.0 damage
Kani 036 has used his spcieal move and attacks for 24
Kani 037 has blocked 16 damage
Kani 037 has taken 8. He has 0 health left.
*** The battle has ended ***
** The winner is Kani 036 **
****************************
------- A NEW BATTLE BEGINS ------
--- Kani 023 vs. Kani 036 ---
----------------------------------
In this battle Kani 023 has a damage multiplier of 1.5, a defense buff of 1 , and 8 health.
While Kani 036 has a damage multiplier of 1, a defense buff of 1, and 13 health.
Kani 036 attacks first
Kani 036 attacks for 12
Kani 023 has blocked 14 damage
Kani 023 attacks for 16
Kani 036 has blocked 7 damage
Kani 036 has taken 9. He has 4 health left.
Kani 036 attacks for 15
Kani 023 has blocked 11 damage
Kani 023 has taken 4. He has 4 health left.
Kani 023 attacks for 19
Kani 036 has blocked 5 damage
Kani 036 has taken 14. He has 0 health left.
*** The battle has ended ***
** The winner is Kani 023 **
****************************
------- A NEW BATTLE BEGINS ------
--- Kani 019 vs. Kani 008 ---
----------------------------------
In this battle Kani 019 has a damage multiplier of 1, a defense buff of 1 , and 6 health.
While Kani 008 has a damage multiplier of 1, a defense buff of 1.5, and 11 health.
Kani 008 attacks first
Kani 008 attacks for 12
Kani 019 has blocked 10 damage
Kani 019 has taken 2. He has 4 health left.
Kani 019 attacks for 20
Kani 008 has blocked 15.5 damage
Kani 008 has taken 4.5. He has 6.5 health left.
Kani 008 attacks for 6
Kani 019 has blocked 11 damage
Kani 019 attacks for 14
Kani 008 has blocked 17.0 damage
Kani 008 attacks for 9
Kani 019 has blocked 6 damage
Kani 019 has taken 3. He has 1 health left.
Kani 019 attacks for 20
Kani 008 has blocked 15.5 damage
Kani 008 has taken 4.5. He has 2.0 health left.
Kani 008 attacks for 8
Kani 019 has blocked 7 damage
Kani 019 has taken 1. He has 0 health left.
*** The battle has ended ***
** The winner is Kani 008 **
****************************
------- A NEW BATTLE BEGINS ------
--- Kani 023 vs. Omekannaya ---
----------------------------------
In this battle Kani 023 has a damage multiplier of 1, a defense buff of 1 , and 8 health.
While Omekannaya has a damage multiplier of 1, a defense buff of 1, and 13 health.
Omekannaya attacks first
Omekannaya attacks for 14
Kani 023 has blocked 11 damage
Kani 023 has taken 3. He has 5 health left.
Kani 023 attacks for 12
Omekannaya has blocked 12 damage
Omekannaya attacks for 10
Kani 023 has blocked 11 damage
Kani 023 attacks for 12
Omekannaya has blocked 11 damage
Omekannaya has taken 1. He has 12 health left.
Omekannaya attacks for 13
Kani 023 has blocked 8 damage
Kani 023 has taken 5. He has 0 health left.
*** The battle has ended ***
** The winner is Omekannaya **
****************************
------- A NEW BATTLE BEGINS ------
--- Kani 046 vs. Kani 026 ---
----------------------------------
In this battle Kani 046 has a damage multiplier of 1.5, a defense buff of 1 , and 12 health.
While Kani 026 has a damage multiplier of 1, a defense buff of 1.5, and 10 health.
Kani 046 attacks first
Kani 046 attacks for 11
Kani 026 has blocked 12.0 damage
Kani 026 attacks for 15
Kani 046 has blocked 14 damage
Kani 046 has taken 1. He has 11 health left.
Kani 046 attacks for 16
Kani 026 has blocked 19.5 damage
Kani 026 attacks for 11
Kani 046 has blocked 8 damage
Kani 046 has taken 3. He has 8 health left.
Kani 046 attacks for 8
Kani 026 has blocked 16.5 damage
Kani 026 attacks for 15
Kani 046 has blocked 13 damage
Kani 046 has taken 2. He has 6 health left.
Kani 046 attacks for 16
Kani 026 has blocked 19.5 damage
Kani 026 attacks for 13
Kani 046 has blocked 10 damage
Kani 046 has taken 3. He has 3 health left.
Kani 046 attacks for 8
Kani 026 has blocked 13.5 damage
Kani 026 attacks for 16
Kani 046 has blocked 9 damage
Kani 046 has taken 7. He has 0 health left.
*** The battle has ended ***
** The winner is Kani 026 **
****************************
------- A NEW BATTLE BEGINS ------
--- Kani 035 vs. James Bond ---
----------------------------------
In this battle Kani 035 has a damage multiplier of 1, a defense buff of 1 , and 13 health.
While James Bond has a damage multiplier of 1, a defense buff of 1, and 5 health.
Kani 035 attacks first
Kani 035 attacks for 20
James Bond has blocked 17 damage
James Bond has taken 3. He has 2 health left.
James Bond attacks for 13
Kani 035 has blocked 18 damage
Kani 035 attacks for 24
James Bond has blocked 15 damage
James Bond has taken 9. He has 0 health left.
*** The battle has ended ***
** The winner is Kani 035 **
****************************
------- A NEW BATTLE BEGINS ------
--- Kani 035 vs. Kani 039 ---
----------------------------------
In this battle Kani 035 has a damage multiplier of 1, a defense buff of 1 , and 13 health.
While Kani 039 has a damage multiplier of 1.5, a defense buff of 1, and 8 health.
Kani 035 attacks first
Kani 035 attacks for 26
Kani 039 has blocked 15 damage
Kani 039 has taken 11. He has 0 health left.
*** The battle has ended ***
** The winner is Kani 035 **
****************************
------- A NEW BATTLE BEGINS ------
--- Number 10 vs. Kani 041 ---
----------------------------------
In this battle Number 10 has a damage multiplier of 1, a defense buff of 1 , and 12 health.
While Kani 041 has a damage multiplier of 1, a defense buff of 1, and 11 health.
Kani 041 attacks first
Kani 041 attacks for 10
Number 10 has blocked 15 damage
Number 10 attacks for 14
Kani 041 has blocked 14 damage
Kani 041 attacks for 12
Number 10 has blocked 12 damage
Number 10 attacks for 8
Kani 041 has blocked 15 damage
Kani 041 attacks for 8
Number 10 has blocked 11 damage
Number 10 attacks for 12
Kani 041 has blocked 11 damage
Kani 041 has taken 1. He has 10 health left.
Kani 041 attacks for 6
Number 10 has blocked 15 damage
Number 10 attacks for 11
Kani 041 has blocked 11 damage
Kani 041 attacks for 6
Number 10 has blocked 14 damage
Number 10 attacks for 11
Kani 041 has blocked 11 damage
Kani 041 has used his spcieal move and attacks for 21
Number 10 has blocked 10 damage
Number 10 has taken 11. He has 1 health left.
Number 10 attacks for 12
Kani 041 has blocked 16 damage
Kani 041 attacks for 6
Number 10 has blocked 14 damage
Number 10 has used his spcieal move and attacks for 9
Kani 041 has blocked 12 damage
Kani 041 attacks for 10
Number 10 has blocked 10 damage
Number 10 attacks for 14
Kani 041 has blocked 14 damage
Kani 041 attacks for 9
Number 10 has blocked 14 damage
Number 10 attacks for 10
Kani 041 has blocked 14 damage
Kani 041 attacks for 12
Number 10 has blocked 11 damage
Number 10 has taken 1. He has 0 health left.
*** The battle has ended ***
** The winner is Kani 041 **
****************************
------- A NEW BATTLE BEGINS ------
--- Kani 008 vs. Omekannaya ---
----------------------------------
In this battle Kani 008 has a damage multiplier of 1, a defense buff of 1.5 , and 11 health.
While Omekannaya has a damage multiplier of 1, a defense buff of 1, and 13 health.
Omekannaya attacks first
Omekannaya attacks for 9
Kani 008 has blocked 12.5 damage
Kani 008 attacks for 6
Omekannaya has blocked 11 damage
Omekannaya attacks for 8
Kani 008 has blocked 12.5 damage
Kani 008 attacks for 6
Omekannaya has blocked 16 damage
Omekannaya attacks for 12
Kani 008 has blocked 8.0 damage
Kani 008 has taken 4.0. He has 7.0 health left.
Kani 008 attacks for 8
Omekannaya has blocked 10 damage
Omekannaya attacks for 12
Kani 008 has blocked 14.0 damage
Kani 008 attacks for 10
Omekannaya has blocked 13 damage
Omekannaya attacks for 13
Kani 008 has blocked 11.0 damage
Kani 008 has taken 2.0. He has 5.0 health left.
Kani 008 attacks for 9
Omekannaya has blocked 14 damage
Omekannaya attacks for 9
Kani 008 has blocked 17.0 damage
Kani 008 has used his spcieal move and attacks for 14
Omekannaya has blocked 14 damage
Omekannaya has used his spcieal move and attacks for 22
Kani 008 has blocked 8.0 damage
Kani 008 has taken 14.0. He has 0 health left.
*** The battle has ended ***
** The winner is Omekannaya **
****************************
------- A NEW BATTLE BEGINS ------
--- Mr Puddle vs. Kani 022 ---
----------------------------------
In this battle Mr Puddle has a damage multiplier of 1, a defense buff of 1 , and 5 health.
While Kani 022 has a damage multiplier of 1, a defense buff of 1.5, and 10 health.
Mr Puddle attacks first
Mr Puddle attacks for 17
Kani 022 has blocked 10.0 damage
Kani 022 has taken 7.0. He has 3.0 health left.
Kani 022 attacks for 15
Mr Puddle has blocked 10 damage
Mr Puddle has taken 5. He has 0 health left.
*** The battle has ended ***
** The winner is Kani 022 **
****************************
------- A NEW BATTLE BEGINS ------
--- Kani 034 vs. Pinky ---
----------------------------------
In this battle Kani 034 has a damage multiplier of 1, a defense buff of 1 , and 13 health.
While Pinky has a damage multiplier of 1, a defense buff of 1, and 8 health.
Pinky attacks first
Pinky attacks for 13
Kani 034 has blocked 8 damage
Kani 034 has taken 5. He has 8 health left.
Kani 034 attacks for 8
Pinky has blocked 15 damage
Pinky attacks for 15
Kani 034 has blocked 8 damage
Kani 034 has taken 7. He has 1 health left.
Kani 034 attacks for 13
Pinky has blocked 10 damage
Pinky has taken 3. He has 5 health left.
Pinky attacks for 12
Kani 034 has blocked 12 damage
Kani 034 attacks for 13
Pinky has blocked 11 damage
Pinky has taken 2. He has 3 health left.
Pinky attacks for 16
Kani 034 has blocked 14 damage
Kani 034 has taken 2. He has 0 health left.
*** The battle has ended ***
** The winner is Pinky **
****************************
------- A NEW BATTLE BEGINS ------
--- Kani 021 vs. Pinky ---
----------------------------------
In this battle Kani 021 has a damage multiplier of 1.5, a defense buff of 1 , and 8 health.
While Pinky has a damage multiplier of 1.5, a defense buff of 1, and 8 health.
Kani 021 attacks first
Kani 021 attacks for 13
Pinky has blocked 10 damage
Pinky has taken 3. He has 5 health left.
Pinky attacks for 12
Kani 021 has blocked 14 damage
Kani 021 attacks for 16
Pinky has blocked 11 damage
Pinky has taken 5. He has 0 health left.
*** The battle has ended ***
** The winner is Kani 021 **
****************************
------- A NEW BATTLE BEGINS ------
--- Kani 041 vs. Kani 035 ---
----------------------------------
In this battle Kani 041 has a damage multiplier of 1, a defense buff of 1 , and 11 health.
While Kani 035 has a damage multiplier of 1.5, a defense buff of 1, and 13 health.
Kani 035 attacks first
Kani 035 attacks for 29
Kani 041 has blocked 12 damage
Kani 041 has taken 17. He has 0 health left.
*** The battle has ended ***
** The winner is Kani 035 **
****************************
------- A NEW BATTLE BEGINS ------
--- Green Machine vs. Mr Flush ---
----------------------------------
In this battle Green Machine has a damage multiplier of 1, a defense buff of 1 , and 8 health.
While Mr Flush has a damage multiplier of 1, a defense buff of 1, and 8 health.
Mr Flush attacks first
Mr Flush attacks for 8
Green Machine has blocked 26 damage
Green Machine attacks for 48
Mr Flush has blocked 10 damage
Mr Flush has taken 38. He has 0 health left.
*** The battle has ended ***
** The winner is Green Machine **
****************************
------- A NEW BATTLE BEGINS ------
--- Sathington Willoughby vs. Kani 006 ---
----------------------------------
In this battle Sathington Willoughby has a damage multiplier of 1.5, a defense buff of 1.5 , and 19 health.
While Kani 006 has a damage multiplier of 1.5, a defense buff of 1, and 15 health.
Kani 006 attacks first
Kani 006 attacks for 7
Sathington Willoughby has blocked 18.5 damage
Sathington Willoughby attacks for 42
Kani 006 has blocked 8 damage
Kani 006 has taken 34. He has 0 health left.
*** The battle has ended ***
** The winner is Sathington Willoughby **
****************************
------- A NEW BATTLE BEGINS ------
--- Kani 017 vs. Jason Voorhees ---
----------------------------------
In this battle Kani 017 has a damage multiplier of 1, a defense buff of 1 , and 5 health.
While Jason Voorhees has a damage multiplier of 1.5, a defense buff of 1, and 9 health.
Kani 017 attacks first
Kani 017 attacks for 16
Jason Voorhees has blocked 27 damage
Jason Voorhees attacks for 30
Kani 017 has blocked 11 damage
Kani 017 has taken 19. He has 0 health left.
*** The battle has ended ***
** The winner is Jason Voorhees **
****************************
------- A NEW BATTLE BEGINS ------
--- Kani 042 vs. The Terminator ---
----------------------------------
In this battle Kani 042 has a damage multiplier of 1, a defense buff of 1 , and 13 health.
While The Terminator has a damage multiplier of 1.5, a defense buff of 1, and 5 health.
Kani 042 attacks first
Kani 042 attacks for 12
The Terminator has blocked 33 damage
The Terminator attacks for 40
Kani 042 has blocked 15 damage
Kani 042 has taken 25. He has 0 health left.
*** The battle has ended ***
** The winner is The Terminator **
****************************
------- A NEW BATTLE BEGINS ------
--- Sathington Willoughby vs. Kani 026 ---
----------------------------------
In this battle Sathington Willoughby has a damage multiplier of 1.5, a defense buff of 1.5 , and 19 health.
While Kani 026 has a damage multiplier of 1.5, a defense buff of 1, and 10 health.
Kani 026 attacks first
Kani 026 attacks for 12
Sathington Willoughby has blocked 21.5 damage
Sathington Willoughby attacks for 42
Kani 026 has blocked 13 damage
Kani 026 has taken 29. He has 0 health left.
*** The battle has ended ***
** The winner is Sathington Willoughby **
****************************
------- A NEW BATTLE BEGINS ------
--- Sathington Willoughby vs. Kani 038 ---
----------------------------------
In this battle Sathington Willoughby has a damage multiplier of 1, a defense buff of 1 , and 19 health.
While Kani 038 has a damage multiplier of 1.5, a defense buff of 1, and 11 health.
Sathington Willoughby attacks first
Sathington Willoughby attacks for 35
Kani 038 has blocked 17 damage
Kani 038 has taken 18. He has 0 health left.
*** The battle has ended ***
** The winner is Sathington Willoughby **
****************************
------- A NEW BATTLE BEGINS ------
--- Ebubedike vs. Kani 011 ---
----------------------------------
In this battle Ebubedike has a damage multiplier of 1, a defense buff of 1 , and 11 health.
While Kani 011 has a damage multiplier of 1.5, a defense buff of 1, and 11 health.
Kani 011 attacks first
Kani 011 attacks for 8
Ebubedike has blocked 29 damage
Ebubedike attacks for 40
Kani 011 has blocked 10 damage
Kani 011 has taken 30. He has 0 health left.
*** The battle has ended ***
** The winner is Ebubedike **
****************************
------- A NEW BATTLE BEGINS ------
--- Snappy vs. Ebubedike ---
----------------------------------
In this battle Snappy has a damage multiplier of 1.5, a defense buff of 1 , and 9 health.
While Ebubedike has a damage multiplier of 1, a defense buff of 1, and 11 health.
Snappy attacks first
Snappy attacks for 23
Ebubedike has blocked 28 damage
Ebubedike attacks for 42
Snappy has blocked 5 damage
Snappy has taken 37. He has 0 health left.
*** The battle has ended ***
** The winner is Ebubedike **
****************************
------- A NEW BATTLE BEGINS ------
--- Kani 043 vs. The Terminator ---
----------------------------------
In this battle Kani 043 has a damage multiplier of 1, a defense buff of 1 , and 13 health.
While The Terminator has a damage multiplier of 1.5, a defense buff of 1, and 5 health.
Kani 043 attacks first
Kani 043 attacks for 18
The Terminator has blocked 31 damage
The Terminator attacks for 32
Kani 043 has blocked 8 damage
Kani 043 has taken 24. He has 0 health left.
*** The battle has ended ***
** The winner is The Terminator **
****************************
------- A NEW BATTLE BEGINS ------
--- Kani 031 vs. The Terminator ---
----------------------------------
In this battle Kani 031 has a damage multiplier of 1, a defense buff of 1.5 , and 14 health.
While The Terminator has a damage multiplier of 1, a defense buff of 1, and 5 health.
The Terminator attacks first
The Terminator attacks for 33
Kani 031 has blocked 13.5 damage
Kani 031 has taken 19.5. He has 0 health left.
*** The battle has ended ***
** The winner is The Terminator **
****************************
------- A NEW BATTLE BEGINS ------
--- Green Machine vs. Don't touch Terminators stash ---
----------------------------------
In this battle Green Machine has a damage multiplier of 1, a defense buff of 1 , and 8 health.
While Don't touch Terminators stash has a damage multiplier of 1.5, a defense buff of 1, and 9 health.
Green Machine attacks first
Green Machine attacks for 49
Don't touch Terminators stash has blocked 12 damage
Don't touch Terminators stash has taken 37. He has 0 health left.
*** The battle has ended ***
** The winner is Green Machine **
****************************
------- A NEW BATTLE BEGINS ------
--- Kani 022 vs. Decipher These Claws ---
----------------------------------
In this battle Kani 022 has a damage multiplier of 1.5, a defense buff of 1 , and 10 health.
While Decipher These Claws has a damage multiplier of 1, a defense buff of 1.5, and 5 health.
Kani 022 attacks first
Kani 022 attacks for 19
Decipher These Claws has blocked 18.0 damage
Decipher These Claws has taken 1.0. He has 4.0 health left.
Decipher These Claws attacks for 15
Kani 022 has blocked 12 damage
Kani 022 has taken 3. He has 7 health left.
Kani 022 attacks for 15
Decipher These Claws has blocked 15.0 damage
Decipher These Claws attacks for 13
Kani 022 has blocked 11 damage
Kani 022 has taken 2. He has 5 health left.
Kani 022 attacks for 24
Decipher These Claws has blocked 13.5 damage
Decipher These Claws has taken 10.5. He has 0 health left.
*** The battle has ended ***
** The winner is Kani 022 **
****************************
------- A NEW BATTLE BEGINS ------
--- Kani 030 vs. The Terminator ---
----------------------------------
In this battle Kani 030 has a damage multiplier of 1, a defense buff of 1.5 , and 11 health.
While The Terminator has a damage multiplier of 1, a defense buff of 1.5, and 5 health.
Kani 030 attacks first
Kani 030 attacks for 9
The Terminator has blocked 37.0 damage
The Terminator attacks for 36
Kani 030 has blocked 14.0 damage
Kani 030 has taken 22.0. He has 0 health left.
*** The battle has ended ***
** The winner is The Terminator **
****************************
------- A NEW BATTLE BEGINS ------
--- Green Machine vs. Kani 021 ---
----------------------------------
In this battle Green Machine has a damage multiplier of 1, a defense buff of 1 , and 8 health.
While Kani 021 has a damage multiplier of 1, a defense buff of 1, and 8 health.
Kani 021 attacks first
Kani 021 attacks for 9
Green Machine has blocked 28 damage
Green Machine attacks for 48
Kani 021 has blocked 17 damage
Kani 021 has taken 31. He has 0 health left.
*** The battle has ended ***
** The winner is Green Machine **
****************************
------- A NEW BATTLE BEGINS ------
--- Omekannaya vs. Jason Voorhees ---
----------------------------------
In this battle Omekannaya has a damage multiplier of 1, a defense buff of 1 , and 13 health.
While Jason Voorhees has a damage multiplier of 1, a defense buff of 1, and 9 health.
Jason Voorhees attacks first
Jason Voorhees attacks for 28
Omekannaya has blocked 10 damage
Omekannaya has taken 18. He has 0 health left.
*** The battle has ended ***
** The winner is Jason Voorhees **
****************************
------- A NEW BATTLE BEGINS ------
--- Green Machine vs. Snips ---
----------------------------------
In this battle Green Machine has a damage multiplier of 1.5, a defense buff of 1 , and 8 health.
While Snips has a damage multiplier of 1, a defense buff of 1.5, and 8 health.
Snips attacks first
Snips attacks for 10
Green Machine has blocked 24 damage
Green Machine attacks for 48
Snips has blocked 12.5 damage
Snips has taken 35.5. He has 0 health left.
*** The battle has ended ***
** The winner is Green Machine **
****************************
------- A NEW BATTLE BEGINS ------
--- River vs. Kani 025 ---
----------------------------------
In this battle River has a damage multiplier of 1, a defense buff of 1 , and 7 health.
While Kani 025 has a damage multiplier of 1.5, a defense buff of 1, and 14 health.
Kani 025 attacks first
Kani 025 attacks for 19
River has blocked 12 damage
River has taken 7. He has 0 health left.
*** The battle has ended ***
** The winner is Kani 025 **
****************************
------- A NEW BATTLE BEGINS ------
--- Sathington Willoughby vs. Kani 025 ---
----------------------------------
In this battle Sathington Willoughby has a damage multiplier of 1.5, a defense buff of 1.5 , and 19 health.
While Kani 025 has a damage multiplier of 1.5, a defense buff of 1, and 14 health.
Kani 025 attacks first
Kani 025 attacks for 23
Sathington Willoughby has blocked 14.0 damage
Sathington Willoughby has taken 9.0. He has 10.0 health left.
Sathington Willoughby attacks for 40
Kani 025 has blocked 18 damage
Kani 025 has taken 22. He has 0 health left.
*** The battle has ended ***
** The winner is Sathington Willoughby **
****************************
------- A NEW BATTLE BEGINS ------
--- Ebubedike vs. Sathington Willoughby ---
----------------------------------
In this battle Ebubedike has a damage multiplier of 1, a defense buff of 1 , and 11 health.
While Sathington Willoughby has a damage multiplier of 1, a defense buff of 1, and 19 health.
Sathington Willoughby attacks first
Sathington Willoughby attacks for 36
Ebubedike has blocked 23 damage
Ebubedike has taken 13. He has 0 health left.
*** The battle has ended ***
** The winner is Sathington Willoughby **
****************************
------- A NEW BATTLE BEGINS ------
--- Mr. Deep vs. The Terminator ---
----------------------------------
In this battle Mr. Deep has a damage multiplier of 1, a defense buff of 1 , and 15 health.
While The Terminator has a damage multiplier of 1.5, a defense buff of 1, and 5 health.
The Terminator attacks first
The Terminator attacks for 34
Mr. Deep has blocked 15 damage
Mr. Deep has taken 19. He has 0 health left.
*** The battle has ended ***
** The winner is The Terminator **
****************************
------- A NEW BATTLE BEGINS ------
--- The Terminator vs. Sathington Willoughby ---
----------------------------------
In this battle The Terminator has a damage multiplier of 1, a defense buff of 1 , and 5 health.
While Sathington Willoughby has a damage multiplier of 1.5, a defense buff of 1.5, and 19 health.
The Terminator attacks first
The Terminator attacks for 37
Sathington Willoughby has blocked 17.0 damage
Sathington Willoughby has taken 20.0. He has 0 health left.
*** The battle has ended ***
** The winner is The Terminator **
****************************
------- A NEW BATTLE BEGINS ------
--- Green Machine vs. Kani 022 ---
----------------------------------
In this battle Green Machine has a damage multiplier of 1.5, a defense buff of 1 , and 8 health.
While Kani 022 has a damage multiplier of 1, a defense buff of 1, and 10 health.
Green Machine attacks first
Green Machine attacks for 50
Kani 022 has blocked 10 damage
Kani 022 has taken 40. He has 0 health left.
*** The battle has ended ***
** The winner is Green Machine **
****************************
------- A NEW BATTLE BEGINS ------
--- The Terminator vs. Kraberuncheon ---
----------------------------------
In this battle The Terminator has a damage multiplier of 1, a defense buff of 1 , and 5 health.
While Kraberuncheon has a damage multiplier of 1.5, a defense buff of 1, and 11 health.
Kraberuncheon attacks first
Kraberuncheon attacks for 12
The Terminator has blocked 32 damage
The Terminator attacks for 35
Kraberuncheon has blocked 16 damage
Kraberuncheon has taken 19. He has 0 health left.
*** The battle has ended ***
** The winner is The Terminator **
****************************
------- A NEW BATTLE BEGINS ------
--- Green Machine vs. Jason Voorhees ---
----------------------------------
In this battle Green Machine has a damage multiplier of 1.5, a defense buff of 1 , and 8 health.
While Jason Voorhees has a damage multiplier of 1.5, a defense buff of 1, and 9 health.
Jason Voorhees attacks first
Jason Voorhees attacks for 27
Green Machine has blocked 30 damage
Green Machine attacks for 47
Jason Voorhees has blocked 27 damage
Jason Voorhees has taken 20. He has 0 health left.
*** The battle has ended ***
** The winner is Green Machine **
****************************
------- A NEW BATTLE BEGINS ------
--- Green Machine vs. Kani 035 ---
----------------------------------
In this battle Green Machine has a damage multiplier of 1, a defense buff of 1 , and 8 health.
While Kani 035 has a damage multiplier of 1.5, a defense buff of 1, and 13 health.
Green Machine attacks first
Green Machine attacks for 49
Kani 035 has blocked 14 damage
Kani 035 has taken 35. He has 0 health left.
*** The battle has ended ***
** The winner is Green Machine **
****************************
The battles have been fought and only 2 Kani remain undefeated
Kani 2 is a colourful Kani, highlights are 90.
Queen of the North(394248226) and Green Machine(457473971) are the parents of 2 new Kani.
Number of Offspring: 2, Mother Appeal: 13 Father Appeal: 4 - Green Machine has a 20% chance to win a Kani. Need a roll greater than 80 Roll:61
Green Machine has rolled a 61 but unfortuantely Queen of the North has claimed all the new Kani, Kani number 1. Will be added to the community prize pool.
Queen of the South(394243491) and The Terminator(437786871) are the parents of 1 new Kani.
Number of Offspring: 1, Mother Appeal: 6 Father Appeal: 7 - The Terminator has a 40% chance to win a Kani. Need a roll greater than 60 Roll:40
The Terminator has rolled a 40 but unfortuantely Queen of the South has claimed all the new Kani, Kani number 3. Will be added to the community prize pool.
**The Kani Generating Event has ended**
3 new Kani have been created.
New Kani 1, Power:7, Wrestle: 6, Stamina: 14, Appeal: 13, Speed: 22, Mutation: False
New Kani 2, Power:11, Wrestle: 11, Stamina: 11, Appeal: 7, Speed: 13, Mutation: False
New Kani 3, Power:10, Wrestle: 7, Stamina: 13, Appeal: 10, Speed: 18, Mutation: False
